[2025-02-11T23:28:04.516+0000] {local_task_job_runner.py:123} INFO - ::group::Pre task execution logs
[2025-02-11T23:28:04.564+0000] {taskinstance.py:2613} INFO - Dependencies all met for dep_context=non-requeueable deps ti=<TaskInstance: weather_dag.extract_weather_data manual__2025-02-11T23:27:55.312343+00:00 [queued]>
[2025-02-11T23:28:04.580+0000] {taskinstance.py:2613} INFO - Dependencies all met for dep_context=requeueable deps ti=<TaskInstance: weather_dag.extract_weather_data manual__2025-02-11T23:27:55.312343+00:00 [queued]>
[2025-02-11T23:28:04.582+0000] {taskinstance.py:2866} INFO - Starting attempt 1 of 1
[2025-02-11T23:28:04.607+0000] {taskinstance.py:2889} INFO - Executing <Task(SimpleHttpOperator): extract_weather_data> on 2025-02-11 23:27:55.312343+00:00
[2025-02-11T23:28:04.621+0000] {warnings.py:112} WARNING - /home/***/.local/lib/python3.12/site-packages/***/task/task_runner/standard_task_runner.py:70: DeprecationWarning: This process (pid=1586) is multi-threaded, use of fork() may lead to deadlocks in the child.
  pid = os.fork()

[2025-02-11T23:28:04.625+0000] {standard_task_runner.py:72} INFO - Started process 1588 to run task
[2025-02-11T23:28:04.625+0000] {standard_task_runner.py:104} INFO - Running: ['***', 'tasks', 'run', 'weather_dag', 'extract_weather_data', 'manual__2025-02-11T23:27:55.312343+00:00', '--job-id', '83', '--raw', '--subdir', 'DAGS_FOLDER/weather_dag.py', '--cfg-path', '/tmp/tmpez52rdqd']
[2025-02-11T23:28:04.632+0000] {standard_task_runner.py:105} INFO - Job 83: Subtask extract_weather_data
[2025-02-11T23:28:04.721+0000] {task_command.py:467} INFO - Running <TaskInstance: weather_dag.extract_weather_data manual__2025-02-11T23:27:55.312343+00:00 [running]> on host dbef5e540f20
[2025-02-11T23:28:04.890+0000] {taskinstance.py:3132} INFO - Exporting env vars: AIRFLOW_CTX_DAG_OWNER='aida' AIRFLOW_CTX_DAG_ID='weather_dag' AIRFLOW_CTX_TASK_ID='extract_weather_data' AIRFLOW_CTX_EXECUTION_DATE='2025-02-11T23:27:55.312343+00:00' AIRFLOW_CTX_TRY_NUMBER='1' AIRFLOW_CTX_DAG_RUN_ID='manual__2025-02-11T23:27:55.312343+00:00'
[2025-02-11T23:28:04.893+0000] {taskinstance.py:731} INFO - ::endgroup::
[2025-02-11T23:28:04.933+0000] {http.py:175} INFO - Calling HTTP method
[2025-02-11T23:28:04.959+0000] {base.py:84} INFO - Retrieving connection 'weathermap_api'
[2025-02-11T23:28:04.980+0000] {base.py:84} INFO - Retrieving connection 'weathermap_api'
[2025-02-11T23:28:05.084+0000] {http.py:236} INFO - {"coord":{"lon":-122.6762,"lat":45.5234},"weather":[{"id":801,"main":"Clouds","description":"few clouds","icon":"02d"}],"base":"stations","main":{"temp":276.84,"feels_like":273.65,"temp_min":275.23,"temp_max":278.12,"pressure":1022,"humidity":44,"sea_level":1022,"grnd_level":1011},"visibility":10000,"wind":{"speed":3.6,"deg":80},"clouds":{"all":20},"dt":1739316481,"sys":{"type":2,"id":2008548,"country":"US","sunrise":1739287090,"sunset":1739323913},"timezone":-28800,"id":5746545,"name":"Portland","cod":200}
[2025-02-11T23:28:05.132+0000] {taskinstance.py:340} INFO - ::group::Post task execution logs
[2025-02-11T23:28:05.134+0000] {taskinstance.py:352} INFO - Marking task as SUCCESS. dag_id=weather_dag, task_id=extract_weather_data, run_id=manual__2025-02-11T23:27:55.312343+00:00, execution_date=20250211T232755, start_date=20250211T232804, end_date=20250211T232805
[2025-02-11T23:28:05.213+0000] {local_task_job_runner.py:266} INFO - Task exited with return code 0
[2025-02-11T23:28:05.268+0000] {taskinstance.py:3895} INFO - 1 downstream tasks scheduled from follow-on schedule check
[2025-02-11T23:28:05.273+0000] {local_task_job_runner.py:245} INFO - ::endgroup::
