[2025-02-12T21:07:11.713+0000] {local_task_job_runner.py:123} INFO - ::group::Pre task execution logs
[2025-02-12T21:07:11.754+0000] {taskinstance.py:2613} INFO - Dependencies all met for dep_context=non-requeueable deps ti=<TaskInstance: weather_pipeline.transform manual__2025-02-12T21:06:58.007749+00:00 [queued]>
[2025-02-12T21:07:11.781+0000] {taskinstance.py:2613} INFO - Dependencies all met for dep_context=requeueable deps ti=<TaskInstance: weather_pipeline.transform manual__2025-02-12T21:06:58.007749+00:00 [queued]>
[2025-02-12T21:07:11.785+0000] {taskinstance.py:2866} INFO - Starting attempt 1 of 1
[2025-02-12T21:07:11.817+0000] {taskinstance.py:2889} INFO - Executing <Task(_PythonDecoratedOperator): transform> on 2025-02-12 21:06:58.007749+00:00
[2025-02-12T21:07:11.831+0000] {warnings.py:112} WARNING - /home/***/.local/lib/python3.12/site-packages/***/task/task_runner/standard_task_runner.py:70: DeprecationWarning: This process (pid=276) is multi-threaded, use of fork() may lead to deadlocks in the child.
  pid = os.fork()

[2025-02-12T21:07:11.836+0000] {standard_task_runner.py:72} INFO - Started process 278 to run task
[2025-02-12T21:07:11.836+0000] {standard_task_runner.py:104} INFO - Running: ['***', 'tasks', 'run', 'weather_pipeline', 'transform', 'manual__2025-02-12T21:06:58.007749+00:00', '--job-id', '102', '--raw', '--subdir', 'DAGS_FOLDER/weather_dag.py', '--cfg-path', '/tmp/tmpaxvfr_5d']
[2025-02-12T21:07:11.843+0000] {standard_task_runner.py:105} INFO - Job 102: Subtask transform
[2025-02-12T21:07:11.952+0000] {task_command.py:467} INFO - Running <TaskInstance: weather_pipeline.transform manual__2025-02-12T21:06:58.007749+00:00 [running]> on host 46a30c5a81ce
[2025-02-12T21:07:12.160+0000] {taskinstance.py:3132} INFO - Exporting env vars: AIRFLOW_CTX_DAG_OWNER='***' AIRFLOW_CTX_DAG_ID='weather_pipeline' AIRFLOW_CTX_TASK_ID='transform' AIRFLOW_CTX_EXECUTION_DATE='2025-02-12T21:06:58.007749+00:00' AIRFLOW_CTX_TRY_NUMBER='1' AIRFLOW_CTX_DAG_RUN_ID='manual__2025-02-12T21:06:58.007749+00:00'
[2025-02-12T21:07:12.163+0000] {taskinstance.py:731} INFO - ::endgroup::
[2025-02-12T21:07:12.263+0000] {logging_mixin.py:190} INFO - transformed data:        City Description  ...  Sunrise (Local Time)  Sunset (Local Time)
0  Portland  few clouds  ...   2025-02-12 07:16:42  2025-02-12 17:33:21

[1 rows x 12 columns]
[2025-02-12T21:07:12.265+0000] {python.py:240} INFO - Done. Returned value was:        City Description  ...  Sunrise (Local Time)  Sunset (Local Time)
0  Portland  few clouds  ...   2025-02-12 07:16:42  2025-02-12 17:33:21

[1 rows x 12 columns]
[2025-02-12T21:07:12.428+0000] {taskinstance.py:340} INFO - ::group::Post task execution logs
[2025-02-12T21:07:12.430+0000] {taskinstance.py:352} INFO - Marking task as SUCCESS. dag_id=weather_pipeline, task_id=transform, run_id=manual__2025-02-12T21:06:58.007749+00:00, execution_date=20250212T210658, start_date=20250212T210711, end_date=20250212T210712
[2025-02-12T21:07:12.470+0000] {local_task_job_runner.py:266} INFO - Task exited with return code 0
[2025-02-12T21:07:12.502+0000] {taskinstance.py:3895} INFO - 1 downstream tasks scheduled from follow-on schedule check
[2025-02-12T21:07:12.507+0000] {local_task_job_runner.py:245} INFO - ::endgroup::
