[2025-04-17T15:22:48.441+0000] {local_task_job_runner.py:123} INFO - ::group::Pre task execution logs
[2025-04-17T15:22:48.469+0000] {taskinstance.py:2613} INFO - Dependencies all met for dep_context=non-requeueable deps ti=<TaskInstance: weather_api_to_snowflake.load_weather_raw_to_snowflake manual__2025-04-17T15:22:42.023173+00:00 [queued]>
[2025-04-17T15:22:48.484+0000] {taskinstance.py:2613} INFO - Dependencies all met for dep_context=requeueable deps ti=<TaskInstance: weather_api_to_snowflake.load_weather_raw_to_snowflake manual__2025-04-17T15:22:42.023173+00:00 [queued]>
[2025-04-17T15:22:48.486+0000] {taskinstance.py:2866} INFO - Starting attempt 1 of 2
[2025-04-17T15:22:48.509+0000] {taskinstance.py:2889} INFO - Executing <Task(SnowflakeOperator): load_weather_raw_to_snowflake> on 2025-04-17 15:22:42.023173+00:00
[2025-04-17T15:22:48.519+0000] {standard_task_runner.py:72} INFO - Started process 1982 to run task
[2025-04-17T15:22:48.525+0000] {standard_task_runner.py:104} INFO - Running: ['***', 'tasks', 'run', 'weather_api_to_snowflake', 'load_weather_raw_to_snowflake', 'manual__2025-04-17T15:22:42.023173+00:00', '--job-id', '39', '--raw', '--subdir', 'DAGS_FOLDER/dbt_snowflake_pipeline.py', '--cfg-path', '/tmp/tmplu_jz8ye']
[2025-04-17T15:22:48.535+0000] {standard_task_runner.py:105} INFO - Job 39: Subtask load_weather_raw_to_snowflake
[2025-04-17T15:22:48.612+0000] {task_command.py:467} INFO - Running <TaskInstance: weather_api_to_snowflake.load_weather_raw_to_snowflake manual__2025-04-17T15:22:42.023173+00:00 [running]> on host b322df8cb9fb
[2025-04-17T15:22:48.806+0000] {taskinstance.py:3132} INFO - Exporting env vars: AIRFLOW_CTX_DAG_OWNER='***' AIRFLOW_CTX_DAG_ID='weather_api_to_snowflake' AIRFLOW_CTX_TASK_ID='load_weather_raw_to_snowflake' AIRFLOW_CTX_EXECUTION_DATE='2025-04-17T15:22:42.023173+00:00' AIRFLOW_CTX_TRY_NUMBER='1' AIRFLOW_CTX_DAG_RUN_ID='manual__2025-04-17T15:22:42.023173+00:00'
[2025-04-17T15:22:48.810+0000] {taskinstance.py:731} INFO - ::endgroup::
[2025-04-17T15:22:48.832+0000] {sql.py:278} INFO - Executing: 
            CREATE TABLE IF NOT EXISTS STAGING.WEATHER_RAW (
                city STRING,
                timestamp TIMESTAMP,
                temperature FLOAT,
                humidity FLOAT,
                pressure FLOAT,
                description STRING
            );
            INSERT INTO STAGING.WEATHER_RAW (
                city, timestamp, temperature, humidity, pressure, description
            )
            VALUES (
                'Paris',
                CURRENT_TIMESTAMP,
                16.52,
                42,
                1012,
                'clear sky'
            );
        
[2025-04-17T15:22:48.847+0000] {base.py:84} INFO - Retrieving connection 'snowflake_conn'
[2025-04-17T15:22:48.865+0000] {base.py:84} INFO - Retrieving connection 'snowflake_conn'
[2025-04-17T15:22:48.869+0000] {connection.py:423} INFO - Snowflake Connector for Python Version: 3.14.0, Python Version: 3.11.11, Platform: Linux-5.10.76-linuxkit-x86_64-with-glibc2.36
[2025-04-17T15:22:48.872+0000] {connection.py:1226} INFO - Connecting to GLOBAL Snowflake domain
[2025-04-17T15:22:48.874+0000] {connection.py:1315} INFO - This connection is in OCSP Fail Open Mode. TLS Certificates would be checked for validity and revocation status. Any other Certificate Revocation related exceptions or OCSP Responder failures would be disregarded in favor of connectivity.
[2025-04-17T15:22:51.402+0000] {sql.py:553} INFO - Running statement: CREATE TABLE IF NOT EXISTS STAGING.WEATHER_RAW (
                city STRING,
                timestamp TIMESTAMP,
                temperature FLOAT,
                humidity FLOAT,
                pressure FLOAT,
                description STRING
            );, parameters: None
[2025-04-17T15:22:51.575+0000] {connection.py:810} INFO - closed
[2025-04-17T15:22:51.655+0000] {connection.py:816} INFO - No async queries seem to be running, deleting session
[2025-04-17T15:22:51.694+0000] {taskinstance.py:3311} ERROR - Task failed with exception
Traceback (most recent call last):
  File "/home/airflow/.local/lib/python3.11/site-packages/airflow/models/taskinstance.py", line 767, in _execute_task
    result = _execute_callable(context=context, **execute_callable_kwargs)
             ^^^^^^^^^^^^^^^^^^^^^^^^^^^^^^^^^^^^^^^^^^^^^^^^^^^^^^^^^^^^^
  File "/home/airflow/.local/lib/python3.11/site-packages/airflow/models/taskinstance.py", line 733, in _execute_callable
    return ExecutionCallableRunner(
           ^^^^^^^^^^^^^^^^^^^^^^^^
  File "/home/airflow/.local/lib/python3.11/site-packages/airflow/utils/operator_helpers.py", line 252, in run
    return self.func(*args, **kwargs)
           ^^^^^^^^^^^^^^^^^^^^^^^^^^
  File "/home/airflow/.local/lib/python3.11/site-packages/airflow/models/baseoperator.py", line 422, in wrapper
    return func(self, *args, **kwargs)
           ^^^^^^^^^^^^^^^^^^^^^^^^^^^
  File "/home/airflow/.local/lib/python3.11/site-packages/airflow/providers/common/sql/operators/sql.py", line 284, in execute
    output = hook.run(
             ^^^^^^^^^
  File "/home/airflow/.local/lib/python3.11/site-packages/airflow/providers/snowflake/hooks/snowflake.py", line 435, in run
    self._run_command(cur, sql_statement, parameters)  # type: ignore[attr-defined]
    ^^^^^^^^^^^^^^^^^^^^^^^^^^^^^^^^^^^^^^^^^^^^^^^^^
  File "/home/airflow/.local/lib/python3.11/site-packages/airflow/providers/common/sql/hooks/sql.py", line 558, in _run_command
    cur.execute(sql_statement)
  File "/home/airflow/.local/lib/python3.11/site-packages/snowflake/connector/cursor.py", line 1104, in execute
    Error.errorhandler_wrapper(self.connection, self, error_class, errvalue)
  File "/home/airflow/.local/lib/python3.11/site-packages/snowflake/connector/errors.py", line 283, in errorhandler_wrapper
    handed_over = Error.hand_to_other_handler(
                  ^^^^^^^^^^^^^^^^^^^^^^^^^^^^
  File "/home/airflow/.local/lib/python3.11/site-packages/snowflake/connector/errors.py", line 338, in hand_to_other_handler
    cursor.errorhandler(connection, cursor, error_class, error_value)
  File "/home/airflow/.local/lib/python3.11/site-packages/snowflake/connector/errors.py", line 214, in default_errorhandler
    raise error_class(
snowflake.connector.errors.ProgrammingError: 002003 (02000): 01bbc07a-0001-532c-0000-00012aeefacd: SQL compilation error:
Schema 'DBT_DOCKER_DEMO.STAGING' does not exist or not authorized.
[2025-04-17T15:22:51.718+0000] {taskinstance.py:1225} INFO - Marking task as UP_FOR_RETRY. dag_id=weather_api_to_snowflake, task_id=load_weather_raw_to_snowflake, run_id=manual__2025-04-17T15:22:42.023173+00:00, execution_date=20250417T152242, start_date=20250417T152248, end_date=20250417T152251
[2025-04-17T15:22:51.745+0000] {taskinstance.py:340} INFO - ::group::Post task execution logs
[2025-04-17T15:22:51.747+0000] {standard_task_runner.py:124} ERROR - Failed to execute job 39 for task load_weather_raw_to_snowflake (002003 (02000): 01bbc07a-0001-532c-0000-00012aeefacd: SQL compilation error:
Schema 'DBT_DOCKER_DEMO.STAGING' does not exist or not authorized.; 1982)
Traceback (most recent call last):
  File "/home/airflow/.local/lib/python3.11/site-packages/airflow/task/task_runner/standard_task_runner.py", line 117, in _start_by_fork
    ret = args.func(args, dag=self.dag)
          ^^^^^^^^^^^^^^^^^^^^^^^^^^^^^
  File "/home/airflow/.local/lib/python3.11/site-packages/airflow/cli/cli_config.py", line 49, in command
    return func(*args, **kwargs)
           ^^^^^^^^^^^^^^^^^^^^^
  File "/home/airflow/.local/lib/python3.11/site-packages/airflow/utils/cli.py", line 116, in wrapper
    return f(*args, **kwargs)
           ^^^^^^^^^^^^^^^^^^
  File "/home/airflow/.local/lib/python3.11/site-packages/airflow/cli/commands/task_command.py", line 483, in task_run
    task_return_code = _run_task_by_selected_method(args, _dag, ti)
                       ^^^^^^^^^^^^^^^^^^^^^^^^^^^^^^^^^^^^^^^^^^^^
  File "/home/airflow/.local/lib/python3.11/site-packages/airflow/cli/commands/task_command.py", line 256, in _run_task_by_selected_method
    return _run_raw_task(args, ti)
           ^^^^^^^^^^^^^^^^^^^^^^^
  File "/home/airflow/.local/lib/python3.11/site-packages/airflow/cli/commands/task_command.py", line 341, in _run_raw_task
    return ti._run_raw_task(
           ^^^^^^^^^^^^^^^^^
  File "/home/airflow/.local/lib/python3.11/site-packages/airflow/utils/session.py", line 97, in wrapper
    return func(*args, session=session, **kwargs)
           ^^^^^^^^^^^^^^^^^^^^^^^^^^^^^^^^^^^^^^
  File "/home/airflow/.local/lib/python3.11/site-packages/airflow/models/taskinstance.py", line 3005, in _run_raw_task
    return _run_raw_task(
           ^^^^^^^^^^^^^^
  File "/home/airflow/.local/lib/python3.11/site-packages/airflow/models/taskinstance.py", line 273, in _run_raw_task
    TaskInstance._execute_task_with_callbacks(
  File "/home/airflow/.local/lib/python3.11/site-packages/airflow/models/taskinstance.py", line 3159, in _execute_task_with_callbacks
    result = self._execute_task(context, task_orig)
             ^^^^^^^^^^^^^^^^^^^^^^^^^^^^^^^^^^^^^^
  File "/home/airflow/.local/lib/python3.11/site-packages/airflow/models/taskinstance.py", line 3183, in _execute_task
    return _execute_task(self, context, task_orig)
           ^^^^^^^^^^^^^^^^^^^^^^^^^^^^^^^^^^^^^^^
  File "/home/airflow/.local/lib/python3.11/site-packages/airflow/models/taskinstance.py", line 767, in _execute_task
    result = _execute_callable(context=context, **execute_callable_kwargs)
             ^^^^^^^^^^^^^^^^^^^^^^^^^^^^^^^^^^^^^^^^^^^^^^^^^^^^^^^^^^^^^
  File "/home/airflow/.local/lib/python3.11/site-packages/airflow/models/taskinstance.py", line 733, in _execute_callable
    return ExecutionCallableRunner(
           ^^^^^^^^^^^^^^^^^^^^^^^^
  File "/home/airflow/.local/lib/python3.11/site-packages/airflow/utils/operator_helpers.py", line 252, in run
    return self.func(*args, **kwargs)
           ^^^^^^^^^^^^^^^^^^^^^^^^^^
  File "/home/airflow/.local/lib/python3.11/site-packages/airflow/models/baseoperator.py", line 422, in wrapper
    return func(self, *args, **kwargs)
           ^^^^^^^^^^^^^^^^^^^^^^^^^^^
  File "/home/airflow/.local/lib/python3.11/site-packages/airflow/providers/common/sql/operators/sql.py", line 284, in execute
    output = hook.run(
             ^^^^^^^^^
  File "/home/airflow/.local/lib/python3.11/site-packages/airflow/providers/snowflake/hooks/snowflake.py", line 435, in run
    self._run_command(cur, sql_statement, parameters)  # type: ignore[attr-defined]
    ^^^^^^^^^^^^^^^^^^^^^^^^^^^^^^^^^^^^^^^^^^^^^^^^^
  File "/home/airflow/.local/lib/python3.11/site-packages/airflow/providers/common/sql/hooks/sql.py", line 558, in _run_command
    cur.execute(sql_statement)
  File "/home/airflow/.local/lib/python3.11/site-packages/snowflake/connector/cursor.py", line 1104, in execute
    Error.errorhandler_wrapper(self.connection, self, error_class, errvalue)
  File "/home/airflow/.local/lib/python3.11/site-packages/snowflake/connector/errors.py", line 283, in errorhandler_wrapper
    handed_over = Error.hand_to_other_handler(
                  ^^^^^^^^^^^^^^^^^^^^^^^^^^^^
  File "/home/airflow/.local/lib/python3.11/site-packages/snowflake/connector/errors.py", line 338, in hand_to_other_handler
    cursor.errorhandler(connection, cursor, error_class, error_value)
  File "/home/airflow/.local/lib/python3.11/site-packages/snowflake/connector/errors.py", line 214, in default_errorhandler
    raise error_class(
snowflake.connector.errors.ProgrammingError: 002003 (02000): 01bbc07a-0001-532c-0000-00012aeefacd: SQL compilation error:
Schema 'DBT_DOCKER_DEMO.STAGING' does not exist or not authorized.
[2025-04-17T15:22:51.774+0000] {local_task_job_runner.py:266} INFO - Task exited with return code 1
[2025-04-17T15:22:51.802+0000] {taskinstance.py:3895} INFO - 0 downstream tasks scheduled from follow-on schedule check
[2025-04-17T15:22:51.805+0000] {local_task_job_runner.py:245} INFO - ::endgroup::
