[2025-02-11T14:58:23.034+0000] {processor.py:186} INFO - Started process (PID=69) to work on /home/airflow/.local/lib/python3.12/site-packages/airflow/example_dags/example_xcom.py
[2025-02-11T14:58:23.037+0000] {processor.py:914} INFO - Processing file /home/airflow/.local/lib/python3.12/site-packages/airflow/example_dags/example_xcom.py for tasks to queue
[2025-02-11T14:58:23.045+0000] {logging_mixin.py:190} INFO - [2025-02-11T14:58:23.045+0000] {dagbag.py:588} INFO - Filling up the DagBag from /home/airflow/.local/lib/python3.12/site-packages/airflow/example_dags/example_xcom.py
[2025-02-11T14:58:23.095+0000] {processor.py:925} INFO - DAG(s) 'example_xcom' retrieved from /home/airflow/.local/lib/python3.12/site-packages/airflow/example_dags/example_xcom.py
[2025-02-11T14:58:23.799+0000] {logging_mixin.py:190} INFO - [2025-02-11T14:58:23.794+0000] {override.py:1911} INFO - Created Permission View: can edit on DAG:example_xcom
[2025-02-11T14:58:23.831+0000] {logging_mixin.py:190} INFO - [2025-02-11T14:58:23.830+0000] {override.py:1911} INFO - Created Permission View: can read on DAG:example_xcom
[2025-02-11T14:58:23.862+0000] {logging_mixin.py:190} INFO - [2025-02-11T14:58:23.861+0000] {override.py:1911} INFO - Created Permission View: can delete on DAG:example_xcom
[2025-02-11T14:58:23.887+0000] {logging_mixin.py:190} INFO - [2025-02-11T14:58:23.887+0000] {override.py:1911} INFO - Created Permission View: can create on DAG Run:example_xcom
[2025-02-11T14:58:23.919+0000] {logging_mixin.py:190} INFO - [2025-02-11T14:58:23.917+0000] {override.py:1911} INFO - Created Permission View: menu access on DAG Run:example_xcom
[2025-02-11T14:58:23.943+0000] {logging_mixin.py:190} INFO - [2025-02-11T14:58:23.943+0000] {override.py:1911} INFO - Created Permission View: can read on DAG Run:example_xcom
[2025-02-11T14:58:23.987+0000] {logging_mixin.py:190} INFO - [2025-02-11T14:58:23.986+0000] {override.py:1911} INFO - Created Permission View: can delete on DAG Run:example_xcom
[2025-02-11T14:58:23.990+0000] {logging_mixin.py:190} INFO - [2025-02-11T14:58:23.989+0000] {dag.py:3239} INFO - Sync 1 DAGs
[2025-02-11T14:58:24.046+0000] {logging_mixin.py:190} INFO - [2025-02-11T14:58:24.045+0000] {dag.py:3262} INFO - Creating ORM DAG for example_xcom
[2025-02-11T14:58:24.082+0000] {logging_mixin.py:190} INFO - [2025-02-11T14:58:24.081+0000] {dag.py:4180} INFO - Setting next_dagrun for example_xcom to 2021-01-01 00:00:00+00:00, run_after=2021-01-01 00:00:00+00:00
[2025-02-11T14:58:24.179+0000] {processor.py:208} INFO - Processing /home/airflow/.local/lib/python3.12/site-packages/airflow/example_dags/example_xcom.py took 1.163 seconds
[2025-02-11T14:59:03.445+0000] {processor.py:186} INFO - Started process (PID=133) to work on /home/airflow/.local/lib/python3.12/site-packages/airflow/example_dags/example_xcom.py
[2025-02-11T14:59:03.450+0000] {processor.py:914} INFO - Processing file /home/airflow/.local/lib/python3.12/site-packages/airflow/example_dags/example_xcom.py for tasks to queue
[2025-02-11T14:59:03.462+0000] {logging_mixin.py:190} INFO - [2025-02-11T14:59:03.461+0000] {dagbag.py:588} INFO - Filling up the DagBag from /home/airflow/.local/lib/python3.12/site-packages/airflow/example_dags/example_xcom.py
[2025-02-11T14:59:03.503+0000] {processor.py:925} INFO - DAG(s) 'example_xcom' retrieved from /home/airflow/.local/lib/python3.12/site-packages/airflow/example_dags/example_xcom.py
[2025-02-11T14:59:03.574+0000] {logging_mixin.py:190} INFO - [2025-02-11T14:59:03.573+0000] {dag.py:3239} INFO - Sync 1 DAGs
[2025-02-11T14:59:03.643+0000] {logging_mixin.py:190} INFO - [2025-02-11T14:59:03.642+0000] {dag.py:4180} INFO - Setting next_dagrun for example_xcom to 2021-01-01 00:00:00+00:00, run_after=2021-01-01 00:00:00+00:00
[2025-02-11T14:59:03.726+0000] {processor.py:208} INFO - Processing /home/airflow/.local/lib/python3.12/site-packages/airflow/example_dags/example_xcom.py took 0.309 seconds
[2025-02-11T14:59:35.785+0000] {processor.py:186} INFO - Started process (PID=196) to work on /home/airflow/.local/lib/python3.12/site-packages/airflow/example_dags/example_xcom.py
[2025-02-11T14:59:35.790+0000] {processor.py:914} INFO - Processing file /home/airflow/.local/lib/python3.12/site-packages/airflow/example_dags/example_xcom.py for tasks to queue
[2025-02-11T14:59:35.798+0000] {logging_mixin.py:190} INFO - [2025-02-11T14:59:35.797+0000] {dagbag.py:588} INFO - Filling up the DagBag from /home/airflow/.local/lib/python3.12/site-packages/airflow/example_dags/example_xcom.py
[2025-02-11T14:59:35.828+0000] {processor.py:925} INFO - DAG(s) 'example_xcom' retrieved from /home/airflow/.local/lib/python3.12/site-packages/airflow/example_dags/example_xcom.py
[2025-02-11T14:59:35.887+0000] {logging_mixin.py:190} INFO - [2025-02-11T14:59:35.887+0000] {dag.py:3239} INFO - Sync 1 DAGs
[2025-02-11T14:59:35.970+0000] {logging_mixin.py:190} INFO - [2025-02-11T14:59:35.969+0000] {dag.py:4180} INFO - Setting next_dagrun for example_xcom to 2021-01-01 00:00:00+00:00, run_after=2021-01-01 00:00:00+00:00
[2025-02-11T14:59:36.042+0000] {processor.py:208} INFO - Processing /home/airflow/.local/lib/python3.12/site-packages/airflow/example_dags/example_xcom.py took 0.270 seconds
[2025-02-11T15:00:11.178+0000] {processor.py:186} INFO - Started process (PID=260) to work on /home/airflow/.local/lib/python3.12/site-packages/airflow/example_dags/example_xcom.py
[2025-02-11T15:00:11.182+0000] {processor.py:914} INFO - Processing file /home/airflow/.local/lib/python3.12/site-packages/airflow/example_dags/example_xcom.py for tasks to queue
[2025-02-11T15:00:11.195+0000] {logging_mixin.py:190} INFO - [2025-02-11T15:00:11.193+0000] {dagbag.py:588} INFO - Filling up the DagBag from /home/airflow/.local/lib/python3.12/site-packages/airflow/example_dags/example_xcom.py
[2025-02-11T15:00:11.247+0000] {processor.py:925} INFO - DAG(s) 'example_xcom' retrieved from /home/airflow/.local/lib/python3.12/site-packages/airflow/example_dags/example_xcom.py
[2025-02-11T15:00:11.363+0000] {logging_mixin.py:190} INFO - [2025-02-11T15:00:11.362+0000] {dag.py:3239} INFO - Sync 1 DAGs
[2025-02-11T15:00:11.466+0000] {logging_mixin.py:190} INFO - [2025-02-11T15:00:11.466+0000] {dag.py:4180} INFO - Setting next_dagrun for example_xcom to 2021-01-01 00:00:00+00:00, run_after=2021-01-01 00:00:00+00:00
[2025-02-11T15:00:11.533+0000] {processor.py:208} INFO - Processing /home/airflow/.local/lib/python3.12/site-packages/airflow/example_dags/example_xcom.py took 0.375 seconds
[2025-02-11T15:00:43.456+0000] {processor.py:186} INFO - Started process (PID=323) to work on /home/airflow/.local/lib/python3.12/site-packages/airflow/example_dags/example_xcom.py
[2025-02-11T15:00:43.460+0000] {processor.py:914} INFO - Processing file /home/airflow/.local/lib/python3.12/site-packages/airflow/example_dags/example_xcom.py for tasks to queue
[2025-02-11T15:00:43.467+0000] {logging_mixin.py:190} INFO - [2025-02-11T15:00:43.466+0000] {dagbag.py:588} INFO - Filling up the DagBag from /home/airflow/.local/lib/python3.12/site-packages/airflow/example_dags/example_xcom.py
[2025-02-11T15:00:43.497+0000] {processor.py:925} INFO - DAG(s) 'example_xcom' retrieved from /home/airflow/.local/lib/python3.12/site-packages/airflow/example_dags/example_xcom.py
[2025-02-11T15:00:43.561+0000] {logging_mixin.py:190} INFO - [2025-02-11T15:00:43.561+0000] {dag.py:3239} INFO - Sync 1 DAGs
[2025-02-11T15:00:43.676+0000] {logging_mixin.py:190} INFO - [2025-02-11T15:00:43.675+0000] {dag.py:4180} INFO - Setting next_dagrun for example_xcom to 2021-01-01 00:00:00+00:00, run_after=2021-01-01 00:00:00+00:00
[2025-02-11T15:00:43.727+0000] {processor.py:208} INFO - Processing /home/airflow/.local/lib/python3.12/site-packages/airflow/example_dags/example_xcom.py took 0.293 seconds
[2025-02-11T15:01:15.218+0000] {processor.py:186} INFO - Started process (PID=386) to work on /home/airflow/.local/lib/python3.12/site-packages/airflow/example_dags/example_xcom.py
[2025-02-11T15:01:15.223+0000] {processor.py:914} INFO - Processing file /home/airflow/.local/lib/python3.12/site-packages/airflow/example_dags/example_xcom.py for tasks to queue
[2025-02-11T15:01:15.245+0000] {logging_mixin.py:190} INFO - [2025-02-11T15:01:15.242+0000] {dagbag.py:588} INFO - Filling up the DagBag from /home/airflow/.local/lib/python3.12/site-packages/airflow/example_dags/example_xcom.py
[2025-02-11T15:01:15.284+0000] {processor.py:925} INFO - DAG(s) 'example_xcom' retrieved from /home/airflow/.local/lib/python3.12/site-packages/airflow/example_dags/example_xcom.py
[2025-02-11T15:01:15.344+0000] {logging_mixin.py:190} INFO - [2025-02-11T15:01:15.344+0000] {dag.py:3239} INFO - Sync 1 DAGs
[2025-02-11T15:01:15.417+0000] {logging_mixin.py:190} INFO - [2025-02-11T15:01:15.416+0000] {dag.py:4180} INFO - Setting next_dagrun for example_xcom to 2021-01-01 00:00:00+00:00, run_after=2021-01-01 00:00:00+00:00
[2025-02-11T15:01:15.499+0000] {processor.py:208} INFO - Processing /home/airflow/.local/lib/python3.12/site-packages/airflow/example_dags/example_xcom.py took 0.300 seconds
[2025-02-11T15:01:46.501+0000] {processor.py:186} INFO - Started process (PID=449) to work on /home/airflow/.local/lib/python3.12/site-packages/airflow/example_dags/example_xcom.py
[2025-02-11T15:01:46.531+0000] {processor.py:914} INFO - Processing file /home/airflow/.local/lib/python3.12/site-packages/airflow/example_dags/example_xcom.py for tasks to queue
[2025-02-11T15:01:46.556+0000] {logging_mixin.py:190} INFO - [2025-02-11T15:01:46.554+0000] {dagbag.py:588} INFO - Filling up the DagBag from /home/airflow/.local/lib/python3.12/site-packages/airflow/example_dags/example_xcom.py
[2025-02-11T15:01:46.624+0000] {processor.py:925} INFO - DAG(s) 'example_xcom' retrieved from /home/airflow/.local/lib/python3.12/site-packages/airflow/example_dags/example_xcom.py
[2025-02-11T15:01:46.695+0000] {logging_mixin.py:190} INFO - [2025-02-11T15:01:46.694+0000] {dag.py:3239} INFO - Sync 1 DAGs
[2025-02-11T15:01:46.811+0000] {logging_mixin.py:190} INFO - [2025-02-11T15:01:46.809+0000] {dag.py:4180} INFO - Setting next_dagrun for example_xcom to 2021-01-01 00:00:00+00:00, run_after=2021-01-01 00:00:00+00:00
[2025-02-11T15:01:46.886+0000] {processor.py:208} INFO - Processing /home/airflow/.local/lib/python3.12/site-packages/airflow/example_dags/example_xcom.py took 0.418 seconds
[2025-02-11T15:02:20.917+0000] {processor.py:186} INFO - Started process (PID=521) to work on /home/airflow/.local/lib/python3.12/site-packages/airflow/example_dags/example_xcom.py
[2025-02-11T15:02:20.922+0000] {processor.py:914} INFO - Processing file /home/airflow/.local/lib/python3.12/site-packages/airflow/example_dags/example_xcom.py for tasks to queue
[2025-02-11T15:02:20.929+0000] {logging_mixin.py:190} INFO - [2025-02-11T15:02:20.928+0000] {dagbag.py:588} INFO - Filling up the DagBag from /home/airflow/.local/lib/python3.12/site-packages/airflow/example_dags/example_xcom.py
[2025-02-11T15:02:21.006+0000] {processor.py:925} INFO - DAG(s) 'example_xcom' retrieved from /home/airflow/.local/lib/python3.12/site-packages/airflow/example_dags/example_xcom.py
[2025-02-11T15:02:21.287+0000] {logging_mixin.py:190} INFO - [2025-02-11T15:02:21.286+0000] {dag.py:3239} INFO - Sync 1 DAGs
[2025-02-11T15:02:21.386+0000] {logging_mixin.py:190} INFO - [2025-02-11T15:02:21.385+0000] {dag.py:4180} INFO - Setting next_dagrun for example_xcom to 2021-01-01 00:00:00+00:00, run_after=2021-01-01 00:00:00+00:00
[2025-02-11T15:02:21.439+0000] {processor.py:208} INFO - Processing /home/airflow/.local/lib/python3.12/site-packages/airflow/example_dags/example_xcom.py took 0.562 seconds
[2025-02-11T15:02:59.127+0000] {processor.py:186} INFO - Started process (PID=584) to work on /home/airflow/.local/lib/python3.12/site-packages/airflow/example_dags/example_xcom.py
[2025-02-11T15:02:59.131+0000] {processor.py:914} INFO - Processing file /home/airflow/.local/lib/python3.12/site-packages/airflow/example_dags/example_xcom.py for tasks to queue
[2025-02-11T15:02:59.134+0000] {logging_mixin.py:190} INFO - [2025-02-11T15:02:59.134+0000] {dagbag.py:588} INFO - Filling up the DagBag from /home/airflow/.local/lib/python3.12/site-packages/airflow/example_dags/example_xcom.py
[2025-02-11T15:02:59.162+0000] {processor.py:925} INFO - DAG(s) 'example_xcom' retrieved from /home/airflow/.local/lib/python3.12/site-packages/airflow/example_dags/example_xcom.py
[2025-02-11T15:02:59.323+0000] {logging_mixin.py:190} INFO - [2025-02-11T15:02:59.323+0000] {dag.py:3239} INFO - Sync 1 DAGs
[2025-02-11T15:02:59.535+0000] {logging_mixin.py:190} INFO - [2025-02-11T15:02:59.534+0000] {dag.py:4180} INFO - Setting next_dagrun for example_xcom to 2021-01-01 00:00:00+00:00, run_after=2021-01-01 00:00:00+00:00
[2025-02-11T15:02:59.601+0000] {processor.py:208} INFO - Processing /home/airflow/.local/lib/python3.12/site-packages/airflow/example_dags/example_xcom.py took 0.496 seconds
