[2025-02-11T14:58:30.670+0000] {processor.py:186} INFO - Started process (PID=81) to work on /home/airflow/.local/lib/python3.12/site-packages/airflow/example_dags/example_params_ui_tutorial.py
[2025-02-11T14:58:30.675+0000] {processor.py:914} INFO - Processing file /home/airflow/.local/lib/python3.12/site-packages/airflow/example_dags/example_params_ui_tutorial.py for tasks to queue
[2025-02-11T14:58:30.690+0000] {logging_mixin.py:190} INFO - [2025-02-11T14:58:30.687+0000] {dagbag.py:588} INFO - Filling up the DagBag from /home/airflow/.local/lib/python3.12/site-packages/airflow/example_dags/example_params_ui_tutorial.py
[2025-02-11T14:58:30.779+0000] {processor.py:925} INFO - DAG(s) 'example_params_ui_tutorial' retrieved from /home/airflow/.local/lib/python3.12/site-packages/airflow/example_dags/example_params_ui_tutorial.py
[2025-02-11T14:58:31.443+0000] {logging_mixin.py:190} INFO - [2025-02-11T14:58:31.439+0000] {override.py:1911} INFO - Created Permission View: can edit on DAG:example_params_ui_tutorial
[2025-02-11T14:58:31.497+0000] {logging_mixin.py:190} INFO - [2025-02-11T14:58:31.497+0000] {override.py:1911} INFO - Created Permission View: can read on DAG:example_params_ui_tutorial
[2025-02-11T14:58:31.524+0000] {logging_mixin.py:190} INFO - [2025-02-11T14:58:31.524+0000] {override.py:1911} INFO - Created Permission View: can delete on DAG:example_params_ui_tutorial
[2025-02-11T14:58:31.570+0000] {logging_mixin.py:190} INFO - [2025-02-11T14:58:31.569+0000] {override.py:1911} INFO - Created Permission View: can create on DAG Run:example_params_ui_tutorial
[2025-02-11T14:58:31.638+0000] {logging_mixin.py:190} INFO - [2025-02-11T14:58:31.637+0000] {override.py:1911} INFO - Created Permission View: menu access on DAG Run:example_params_ui_tutorial
[2025-02-11T14:58:31.680+0000] {logging_mixin.py:190} INFO - [2025-02-11T14:58:31.679+0000] {override.py:1911} INFO - Created Permission View: can read on DAG Run:example_params_ui_tutorial
[2025-02-11T14:58:31.712+0000] {logging_mixin.py:190} INFO - [2025-02-11T14:58:31.711+0000] {override.py:1911} INFO - Created Permission View: can delete on DAG Run:example_params_ui_tutorial
[2025-02-11T14:58:31.717+0000] {logging_mixin.py:190} INFO - [2025-02-11T14:58:31.717+0000] {dag.py:3239} INFO - Sync 1 DAGs
[2025-02-11T14:58:31.869+0000] {logging_mixin.py:190} INFO - [2025-02-11T14:58:31.868+0000] {dag.py:3262} INFO - Creating ORM DAG for example_params_ui_tutorial
[2025-02-11T14:58:31.873+0000] {logging_mixin.py:190} INFO - [2025-02-11T14:58:31.872+0000] {dag.py:4180} INFO - Setting next_dagrun for example_params_ui_tutorial to None, run_after=None
[2025-02-11T14:58:31.958+0000] {processor.py:208} INFO - Processing /home/airflow/.local/lib/python3.12/site-packages/airflow/example_dags/example_params_ui_tutorial.py took 1.307 seconds
[2025-02-11T14:59:06.537+0000] {processor.py:186} INFO - Started process (PID=145) to work on /home/airflow/.local/lib/python3.12/site-packages/airflow/example_dags/example_params_ui_tutorial.py
[2025-02-11T14:59:06.542+0000] {processor.py:914} INFO - Processing file /home/airflow/.local/lib/python3.12/site-packages/airflow/example_dags/example_params_ui_tutorial.py for tasks to queue
[2025-02-11T14:59:06.549+0000] {logging_mixin.py:190} INFO - [2025-02-11T14:59:06.549+0000] {dagbag.py:588} INFO - Filling up the DagBag from /home/airflow/.local/lib/python3.12/site-packages/airflow/example_dags/example_params_ui_tutorial.py
[2025-02-11T14:59:06.579+0000] {processor.py:925} INFO - DAG(s) 'example_params_ui_tutorial' retrieved from /home/airflow/.local/lib/python3.12/site-packages/airflow/example_dags/example_params_ui_tutorial.py
[2025-02-11T14:59:06.737+0000] {logging_mixin.py:190} INFO - [2025-02-11T14:59:06.737+0000] {dag.py:3239} INFO - Sync 1 DAGs
[2025-02-11T14:59:06.779+0000] {logging_mixin.py:190} INFO - [2025-02-11T14:59:06.778+0000] {dag.py:4180} INFO - Setting next_dagrun for example_params_ui_tutorial to None, run_after=None
[2025-02-11T14:59:06.845+0000] {processor.py:208} INFO - Processing /home/airflow/.local/lib/python3.12/site-packages/airflow/example_dags/example_params_ui_tutorial.py took 0.333 seconds
[2025-02-11T14:59:38.108+0000] {processor.py:186} INFO - Started process (PID=208) to work on /home/airflow/.local/lib/python3.12/site-packages/airflow/example_dags/example_params_ui_tutorial.py
[2025-02-11T14:59:38.114+0000] {processor.py:914} INFO - Processing file /home/airflow/.local/lib/python3.12/site-packages/airflow/example_dags/example_params_ui_tutorial.py for tasks to queue
[2025-02-11T14:59:38.127+0000] {logging_mixin.py:190} INFO - [2025-02-11T14:59:38.125+0000] {dagbag.py:588} INFO - Filling up the DagBag from /home/airflow/.local/lib/python3.12/site-packages/airflow/example_dags/example_params_ui_tutorial.py
[2025-02-11T14:59:38.161+0000] {processor.py:925} INFO - DAG(s) 'example_params_ui_tutorial' retrieved from /home/airflow/.local/lib/python3.12/site-packages/airflow/example_dags/example_params_ui_tutorial.py
[2025-02-11T14:59:38.305+0000] {logging_mixin.py:190} INFO - [2025-02-11T14:59:38.304+0000] {dag.py:3239} INFO - Sync 1 DAGs
[2025-02-11T14:59:38.346+0000] {logging_mixin.py:190} INFO - [2025-02-11T14:59:38.346+0000] {dag.py:4180} INFO - Setting next_dagrun for example_params_ui_tutorial to None, run_after=None
[2025-02-11T14:59:38.395+0000] {processor.py:208} INFO - Processing /home/airflow/.local/lib/python3.12/site-packages/airflow/example_dags/example_params_ui_tutorial.py took 0.309 seconds
[2025-02-11T15:00:14.215+0000] {processor.py:186} INFO - Started process (PID=272) to work on /home/airflow/.local/lib/python3.12/site-packages/airflow/example_dags/example_params_ui_tutorial.py
[2025-02-11T15:00:14.222+0000] {processor.py:914} INFO - Processing file /home/airflow/.local/lib/python3.12/site-packages/airflow/example_dags/example_params_ui_tutorial.py for tasks to queue
[2025-02-11T15:00:14.236+0000] {logging_mixin.py:190} INFO - [2025-02-11T15:00:14.234+0000] {dagbag.py:588} INFO - Filling up the DagBag from /home/airflow/.local/lib/python3.12/site-packages/airflow/example_dags/example_params_ui_tutorial.py
[2025-02-11T15:00:14.262+0000] {processor.py:925} INFO - DAG(s) 'example_params_ui_tutorial' retrieved from /home/airflow/.local/lib/python3.12/site-packages/airflow/example_dags/example_params_ui_tutorial.py
[2025-02-11T15:00:14.410+0000] {logging_mixin.py:190} INFO - [2025-02-11T15:00:14.408+0000] {dag.py:3239} INFO - Sync 1 DAGs
[2025-02-11T15:00:14.467+0000] {logging_mixin.py:190} INFO - [2025-02-11T15:00:14.465+0000] {dag.py:4180} INFO - Setting next_dagrun for example_params_ui_tutorial to None, run_after=None
[2025-02-11T15:00:14.526+0000] {processor.py:208} INFO - Processing /home/airflow/.local/lib/python3.12/site-packages/airflow/example_dags/example_params_ui_tutorial.py took 0.337 seconds
[2025-02-11T15:00:45.480+0000] {processor.py:186} INFO - Started process (PID=335) to work on /home/airflow/.local/lib/python3.12/site-packages/airflow/example_dags/example_params_ui_tutorial.py
[2025-02-11T15:00:45.483+0000] {processor.py:914} INFO - Processing file /home/airflow/.local/lib/python3.12/site-packages/airflow/example_dags/example_params_ui_tutorial.py for tasks to queue
[2025-02-11T15:00:45.492+0000] {logging_mixin.py:190} INFO - [2025-02-11T15:00:45.490+0000] {dagbag.py:588} INFO - Filling up the DagBag from /home/airflow/.local/lib/python3.12/site-packages/airflow/example_dags/example_params_ui_tutorial.py
[2025-02-11T15:00:45.519+0000] {processor.py:925} INFO - DAG(s) 'example_params_ui_tutorial' retrieved from /home/airflow/.local/lib/python3.12/site-packages/airflow/example_dags/example_params_ui_tutorial.py
[2025-02-11T15:00:45.940+0000] {logging_mixin.py:190} INFO - [2025-02-11T15:00:45.940+0000] {dag.py:3239} INFO - Sync 1 DAGs
[2025-02-11T15:00:45.997+0000] {logging_mixin.py:190} INFO - [2025-02-11T15:00:45.991+0000] {dag.py:4180} INFO - Setting next_dagrun for example_params_ui_tutorial to None, run_after=None
[2025-02-11T15:00:46.095+0000] {processor.py:208} INFO - Processing /home/airflow/.local/lib/python3.12/site-packages/airflow/example_dags/example_params_ui_tutorial.py took 0.629 seconds
[2025-02-11T15:01:18.372+0000] {processor.py:186} INFO - Started process (PID=398) to work on /home/airflow/.local/lib/python3.12/site-packages/airflow/example_dags/example_params_ui_tutorial.py
[2025-02-11T15:01:18.376+0000] {processor.py:914} INFO - Processing file /home/airflow/.local/lib/python3.12/site-packages/airflow/example_dags/example_params_ui_tutorial.py for tasks to queue
[2025-02-11T15:01:18.393+0000] {logging_mixin.py:190} INFO - [2025-02-11T15:01:18.389+0000] {dagbag.py:588} INFO - Filling up the DagBag from /home/airflow/.local/lib/python3.12/site-packages/airflow/example_dags/example_params_ui_tutorial.py
[2025-02-11T15:01:18.432+0000] {processor.py:925} INFO - DAG(s) 'example_params_ui_tutorial' retrieved from /home/airflow/.local/lib/python3.12/site-packages/airflow/example_dags/example_params_ui_tutorial.py
[2025-02-11T15:01:18.550+0000] {logging_mixin.py:190} INFO - [2025-02-11T15:01:18.548+0000] {dag.py:3239} INFO - Sync 1 DAGs
[2025-02-11T15:01:18.598+0000] {logging_mixin.py:190} INFO - [2025-02-11T15:01:18.597+0000] {dag.py:4180} INFO - Setting next_dagrun for example_params_ui_tutorial to None, run_after=None
[2025-02-11T15:01:18.656+0000] {processor.py:208} INFO - Processing /home/airflow/.local/lib/python3.12/site-packages/airflow/example_dags/example_params_ui_tutorial.py took 0.311 seconds
[2025-02-11T15:01:51.581+0000] {processor.py:186} INFO - Started process (PID=469) to work on /home/airflow/.local/lib/python3.12/site-packages/airflow/example_dags/example_params_ui_tutorial.py
[2025-02-11T15:01:51.586+0000] {processor.py:914} INFO - Processing file /home/airflow/.local/lib/python3.12/site-packages/airflow/example_dags/example_params_ui_tutorial.py for tasks to queue
[2025-02-11T15:01:51.597+0000] {logging_mixin.py:190} INFO - [2025-02-11T15:01:51.595+0000] {dagbag.py:588} INFO - Filling up the DagBag from /home/airflow/.local/lib/python3.12/site-packages/airflow/example_dags/example_params_ui_tutorial.py
[2025-02-11T15:01:51.627+0000] {processor.py:925} INFO - DAG(s) 'example_params_ui_tutorial' retrieved from /home/airflow/.local/lib/python3.12/site-packages/airflow/example_dags/example_params_ui_tutorial.py
[2025-02-11T15:01:52.047+0000] {logging_mixin.py:190} INFO - [2025-02-11T15:01:52.041+0000] {dag.py:3239} INFO - Sync 1 DAGs
[2025-02-11T15:01:52.150+0000] {logging_mixin.py:190} INFO - [2025-02-11T15:01:52.149+0000] {dag.py:4180} INFO - Setting next_dagrun for example_params_ui_tutorial to None, run_after=None
[2025-02-11T15:01:52.206+0000] {processor.py:208} INFO - Processing /home/airflow/.local/lib/python3.12/site-packages/airflow/example_dags/example_params_ui_tutorial.py took 0.651 seconds
[2025-02-11T15:02:34.174+0000] {processor.py:186} INFO - Started process (PID=534) to work on /home/airflow/.local/lib/python3.12/site-packages/airflow/example_dags/example_params_ui_tutorial.py
[2025-02-11T15:02:34.182+0000] {processor.py:914} INFO - Processing file /home/airflow/.local/lib/python3.12/site-packages/airflow/example_dags/example_params_ui_tutorial.py for tasks to queue
[2025-02-11T15:02:34.224+0000] {logging_mixin.py:190} INFO - [2025-02-11T15:02:34.222+0000] {dagbag.py:588} INFO - Filling up the DagBag from /home/airflow/.local/lib/python3.12/site-packages/airflow/example_dags/example_params_ui_tutorial.py
[2025-02-11T15:02:34.312+0000] {processor.py:925} INFO - DAG(s) 'example_params_ui_tutorial' retrieved from /home/airflow/.local/lib/python3.12/site-packages/airflow/example_dags/example_params_ui_tutorial.py
[2025-02-11T15:02:35.183+0000] {logging_mixin.py:190} INFO - [2025-02-11T15:02:35.183+0000] {dag.py:3239} INFO - Sync 1 DAGs
[2025-02-11T15:02:35.290+0000] {logging_mixin.py:190} INFO - [2025-02-11T15:02:35.289+0000] {dag.py:4180} INFO - Setting next_dagrun for example_params_ui_tutorial to None, run_after=None
[2025-02-11T15:02:35.426+0000] {processor.py:208} INFO - Processing /home/airflow/.local/lib/python3.12/site-packages/airflow/example_dags/example_params_ui_tutorial.py took 1.302 seconds
[2025-02-11T15:03:08.406+0000] {processor.py:186} INFO - Started process (PID=599) to work on /home/airflow/.local/lib/python3.12/site-packages/airflow/example_dags/example_params_ui_tutorial.py
[2025-02-11T15:03:08.413+0000] {processor.py:914} INFO - Processing file /home/airflow/.local/lib/python3.12/site-packages/airflow/example_dags/example_params_ui_tutorial.py for tasks to queue
[2025-02-11T15:03:08.423+0000] {logging_mixin.py:190} INFO - [2025-02-11T15:03:08.421+0000] {dagbag.py:588} INFO - Filling up the DagBag from /home/airflow/.local/lib/python3.12/site-packages/airflow/example_dags/example_params_ui_tutorial.py
[2025-02-11T15:03:08.460+0000] {processor.py:925} INFO - DAG(s) 'example_params_ui_tutorial' retrieved from /home/airflow/.local/lib/python3.12/site-packages/airflow/example_dags/example_params_ui_tutorial.py
[2025-02-11T15:03:08.703+0000] {logging_mixin.py:190} INFO - [2025-02-11T15:03:08.702+0000] {dag.py:3239} INFO - Sync 1 DAGs
[2025-02-11T15:03:08.779+0000] {logging_mixin.py:190} INFO - [2025-02-11T15:03:08.778+0000] {dag.py:4180} INFO - Setting next_dagrun for example_params_ui_tutorial to None, run_after=None
[2025-02-11T15:03:08.853+0000] {processor.py:208} INFO - Processing /home/airflow/.local/lib/python3.12/site-packages/airflow/example_dags/example_params_ui_tutorial.py took 0.462 seconds
