[2025-02-11T14:58:29.671+0000] {processor.py:186} INFO - Started process (PID=79) to work on /home/airflow/.local/lib/python3.12/site-packages/airflow/example_dags/example_nested_branch_dag.py
[2025-02-11T14:58:29.675+0000] {processor.py:914} INFO - Processing file /home/airflow/.local/lib/python3.12/site-packages/airflow/example_dags/example_nested_branch_dag.py for tasks to queue
[2025-02-11T14:58:29.682+0000] {logging_mixin.py:190} INFO - [2025-02-11T14:58:29.682+0000] {dagbag.py:588} INFO - Filling up the DagBag from /home/airflow/.local/lib/python3.12/site-packages/airflow/example_dags/example_nested_branch_dag.py
[2025-02-11T14:58:29.723+0000] {processor.py:925} INFO - DAG(s) 'example_nested_branch_dag' retrieved from /home/airflow/.local/lib/python3.12/site-packages/airflow/example_dags/example_nested_branch_dag.py
[2025-02-11T14:58:30.173+0000] {logging_mixin.py:190} INFO - [2025-02-11T14:58:30.172+0000] {override.py:1911} INFO - Created Permission View: can edit on DAG:example_nested_branch_dag
[2025-02-11T14:58:30.210+0000] {logging_mixin.py:190} INFO - [2025-02-11T14:58:30.209+0000] {override.py:1911} INFO - Created Permission View: can read on DAG:example_nested_branch_dag
[2025-02-11T14:58:30.237+0000] {logging_mixin.py:190} INFO - [2025-02-11T14:58:30.236+0000] {override.py:1911} INFO - Created Permission View: can delete on DAG:example_nested_branch_dag
[2025-02-11T14:58:30.257+0000] {logging_mixin.py:190} INFO - [2025-02-11T14:58:30.256+0000] {override.py:1911} INFO - Created Permission View: can create on DAG Run:example_nested_branch_dag
[2025-02-11T14:58:30.280+0000] {logging_mixin.py:190} INFO - [2025-02-11T14:58:30.279+0000] {override.py:1911} INFO - Created Permission View: menu access on DAG Run:example_nested_branch_dag
[2025-02-11T14:58:30.317+0000] {logging_mixin.py:190} INFO - [2025-02-11T14:58:30.315+0000] {override.py:1911} INFO - Created Permission View: can read on DAG Run:example_nested_branch_dag
[2025-02-11T14:58:30.343+0000] {logging_mixin.py:190} INFO - [2025-02-11T14:58:30.342+0000] {override.py:1911} INFO - Created Permission View: can delete on DAG Run:example_nested_branch_dag
[2025-02-11T14:58:30.347+0000] {logging_mixin.py:190} INFO - [2025-02-11T14:58:30.347+0000] {dag.py:3239} INFO - Sync 1 DAGs
[2025-02-11T14:58:30.398+0000] {logging_mixin.py:190} INFO - [2025-02-11T14:58:30.397+0000] {dag.py:3262} INFO - Creating ORM DAG for example_nested_branch_dag
[2025-02-11T14:58:30.431+0000] {logging_mixin.py:190} INFO - [2025-02-11T14:58:30.431+0000] {dag.py:4180} INFO - Setting next_dagrun for example_nested_branch_dag to 2025-02-10 00:00:00+00:00, run_after=2025-02-11 00:00:00+00:00
[2025-02-11T14:58:30.507+0000] {processor.py:208} INFO - Processing /home/airflow/.local/lib/python3.12/site-packages/airflow/example_dags/example_nested_branch_dag.py took 0.854 seconds
[2025-02-11T14:59:06.013+0000] {processor.py:186} INFO - Started process (PID=143) to work on /home/airflow/.local/lib/python3.12/site-packages/airflow/example_dags/example_nested_branch_dag.py
[2025-02-11T14:59:06.018+0000] {processor.py:914} INFO - Processing file /home/airflow/.local/lib/python3.12/site-packages/airflow/example_dags/example_nested_branch_dag.py for tasks to queue
[2025-02-11T14:59:06.026+0000] {logging_mixin.py:190} INFO - [2025-02-11T14:59:06.025+0000] {dagbag.py:588} INFO - Filling up the DagBag from /home/airflow/.local/lib/python3.12/site-packages/airflow/example_dags/example_nested_branch_dag.py
[2025-02-11T14:59:06.065+0000] {processor.py:925} INFO - DAG(s) 'example_nested_branch_dag' retrieved from /home/airflow/.local/lib/python3.12/site-packages/airflow/example_dags/example_nested_branch_dag.py
[2025-02-11T14:59:06.133+0000] {logging_mixin.py:190} INFO - [2025-02-11T14:59:06.133+0000] {dag.py:3239} INFO - Sync 1 DAGs
[2025-02-11T14:59:06.234+0000] {logging_mixin.py:190} INFO - [2025-02-11T14:59:06.233+0000] {dag.py:4180} INFO - Setting next_dagrun for example_nested_branch_dag to 2025-02-10 00:00:00+00:00, run_after=2025-02-11 00:00:00+00:00
[2025-02-11T14:59:06.313+0000] {processor.py:208} INFO - Processing /home/airflow/.local/lib/python3.12/site-packages/airflow/example_dags/example_nested_branch_dag.py took 0.317 seconds
[2025-02-11T14:59:37.817+0000] {processor.py:186} INFO - Started process (PID=206) to work on /home/airflow/.local/lib/python3.12/site-packages/airflow/example_dags/example_nested_branch_dag.py
[2025-02-11T14:59:37.821+0000] {processor.py:914} INFO - Processing file /home/airflow/.local/lib/python3.12/site-packages/airflow/example_dags/example_nested_branch_dag.py for tasks to queue
[2025-02-11T14:59:37.827+0000] {logging_mixin.py:190} INFO - [2025-02-11T14:59:37.827+0000] {dagbag.py:588} INFO - Filling up the DagBag from /home/airflow/.local/lib/python3.12/site-packages/airflow/example_dags/example_nested_branch_dag.py
[2025-02-11T14:59:37.857+0000] {processor.py:925} INFO - DAG(s) 'example_nested_branch_dag' retrieved from /home/airflow/.local/lib/python3.12/site-packages/airflow/example_dags/example_nested_branch_dag.py
[2025-02-11T14:59:37.911+0000] {logging_mixin.py:190} INFO - [2025-02-11T14:59:37.910+0000] {dag.py:3239} INFO - Sync 1 DAGs
[2025-02-11T14:59:37.963+0000] {logging_mixin.py:190} INFO - [2025-02-11T14:59:37.962+0000] {dag.py:4180} INFO - Setting next_dagrun for example_nested_branch_dag to 2025-02-10 00:00:00+00:00, run_after=2025-02-11 00:00:00+00:00
[2025-02-11T14:59:38.010+0000] {processor.py:208} INFO - Processing /home/airflow/.local/lib/python3.12/site-packages/airflow/example_dags/example_nested_branch_dag.py took 0.209 seconds
[2025-02-11T15:00:13.666+0000] {processor.py:186} INFO - Started process (PID=270) to work on /home/airflow/.local/lib/python3.12/site-packages/airflow/example_dags/example_nested_branch_dag.py
[2025-02-11T15:00:13.670+0000] {processor.py:914} INFO - Processing file /home/airflow/.local/lib/python3.12/site-packages/airflow/example_dags/example_nested_branch_dag.py for tasks to queue
[2025-02-11T15:00:13.677+0000] {logging_mixin.py:190} INFO - [2025-02-11T15:00:13.676+0000] {dagbag.py:588} INFO - Filling up the DagBag from /home/airflow/.local/lib/python3.12/site-packages/airflow/example_dags/example_nested_branch_dag.py
[2025-02-11T15:00:13.750+0000] {processor.py:925} INFO - DAG(s) 'example_nested_branch_dag' retrieved from /home/airflow/.local/lib/python3.12/site-packages/airflow/example_dags/example_nested_branch_dag.py
[2025-02-11T15:00:13.845+0000] {logging_mixin.py:190} INFO - [2025-02-11T15:00:13.845+0000] {dag.py:3239} INFO - Sync 1 DAGs
[2025-02-11T15:00:13.936+0000] {logging_mixin.py:190} INFO - [2025-02-11T15:00:13.935+0000] {dag.py:4180} INFO - Setting next_dagrun for example_nested_branch_dag to 2025-02-10 00:00:00+00:00, run_after=2025-02-11 00:00:00+00:00
[2025-02-11T15:00:14.061+0000] {processor.py:208} INFO - Processing /home/airflow/.local/lib/python3.12/site-packages/airflow/example_dags/example_nested_branch_dag.py took 0.418 seconds
[2025-02-11T15:00:45.189+0000] {processor.py:186} INFO - Started process (PID=333) to work on /home/airflow/.local/lib/python3.12/site-packages/airflow/example_dags/example_nested_branch_dag.py
[2025-02-11T15:00:45.193+0000] {processor.py:914} INFO - Processing file /home/airflow/.local/lib/python3.12/site-packages/airflow/example_dags/example_nested_branch_dag.py for tasks to queue
[2025-02-11T15:00:45.200+0000] {logging_mixin.py:190} INFO - [2025-02-11T15:00:45.199+0000] {dagbag.py:588} INFO - Filling up the DagBag from /home/airflow/.local/lib/python3.12/site-packages/airflow/example_dags/example_nested_branch_dag.py
[2025-02-11T15:00:45.228+0000] {processor.py:925} INFO - DAG(s) 'example_nested_branch_dag' retrieved from /home/airflow/.local/lib/python3.12/site-packages/airflow/example_dags/example_nested_branch_dag.py
[2025-02-11T15:00:45.283+0000] {logging_mixin.py:190} INFO - [2025-02-11T15:00:45.283+0000] {dag.py:3239} INFO - Sync 1 DAGs
[2025-02-11T15:00:45.349+0000] {logging_mixin.py:190} INFO - [2025-02-11T15:00:45.348+0000] {dag.py:4180} INFO - Setting next_dagrun for example_nested_branch_dag to 2025-02-10 00:00:00+00:00, run_after=2025-02-11 00:00:00+00:00
[2025-02-11T15:00:45.392+0000] {processor.py:208} INFO - Processing /home/airflow/.local/lib/python3.12/site-packages/airflow/example_dags/example_nested_branch_dag.py took 0.215 seconds
[2025-02-11T15:01:18.041+0000] {processor.py:186} INFO - Started process (PID=396) to work on /home/airflow/.local/lib/python3.12/site-packages/airflow/example_dags/example_nested_branch_dag.py
[2025-02-11T15:01:18.046+0000] {processor.py:914} INFO - Processing file /home/airflow/.local/lib/python3.12/site-packages/airflow/example_dags/example_nested_branch_dag.py for tasks to queue
[2025-02-11T15:01:18.062+0000] {logging_mixin.py:190} INFO - [2025-02-11T15:01:18.062+0000] {dagbag.py:588} INFO - Filling up the DagBag from /home/airflow/.local/lib/python3.12/site-packages/airflow/example_dags/example_nested_branch_dag.py
[2025-02-11T15:01:18.093+0000] {processor.py:925} INFO - DAG(s) 'example_nested_branch_dag' retrieved from /home/airflow/.local/lib/python3.12/site-packages/airflow/example_dags/example_nested_branch_dag.py
[2025-02-11T15:01:18.144+0000] {logging_mixin.py:190} INFO - [2025-02-11T15:01:18.144+0000] {dag.py:3239} INFO - Sync 1 DAGs
[2025-02-11T15:01:18.206+0000] {logging_mixin.py:190} INFO - [2025-02-11T15:01:18.205+0000] {dag.py:4180} INFO - Setting next_dagrun for example_nested_branch_dag to 2025-02-10 00:00:00+00:00, run_after=2025-02-11 00:00:00+00:00
[2025-02-11T15:01:18.256+0000] {processor.py:208} INFO - Processing /home/airflow/.local/lib/python3.12/site-packages/airflow/example_dags/example_nested_branch_dag.py took 0.241 seconds
[2025-02-11T15:01:51.076+0000] {processor.py:186} INFO - Started process (PID=467) to work on /home/airflow/.local/lib/python3.12/site-packages/airflow/example_dags/example_nested_branch_dag.py
[2025-02-11T15:01:51.079+0000] {processor.py:914} INFO - Processing file /home/airflow/.local/lib/python3.12/site-packages/airflow/example_dags/example_nested_branch_dag.py for tasks to queue
[2025-02-11T15:01:51.086+0000] {logging_mixin.py:190} INFO - [2025-02-11T15:01:51.086+0000] {dagbag.py:588} INFO - Filling up the DagBag from /home/airflow/.local/lib/python3.12/site-packages/airflow/example_dags/example_nested_branch_dag.py
[2025-02-11T15:01:51.123+0000] {processor.py:925} INFO - DAG(s) 'example_nested_branch_dag' retrieved from /home/airflow/.local/lib/python3.12/site-packages/airflow/example_dags/example_nested_branch_dag.py
[2025-02-11T15:01:51.277+0000] {logging_mixin.py:190} INFO - [2025-02-11T15:01:51.277+0000] {dag.py:3239} INFO - Sync 1 DAGs
[2025-02-11T15:01:51.351+0000] {logging_mixin.py:190} INFO - [2025-02-11T15:01:51.350+0000] {dag.py:4180} INFO - Setting next_dagrun for example_nested_branch_dag to 2025-02-10 00:00:00+00:00, run_after=2025-02-11 00:00:00+00:00
[2025-02-11T15:01:51.401+0000] {processor.py:208} INFO - Processing /home/airflow/.local/lib/python3.12/site-packages/airflow/example_dags/example_nested_branch_dag.py took 0.342 seconds
[2025-02-11T15:02:33.416+0000] {processor.py:186} INFO - Started process (PID=532) to work on /home/airflow/.local/lib/python3.12/site-packages/airflow/example_dags/example_nested_branch_dag.py
[2025-02-11T15:02:33.426+0000] {processor.py:914} INFO - Processing file /home/airflow/.local/lib/python3.12/site-packages/airflow/example_dags/example_nested_branch_dag.py for tasks to queue
[2025-02-11T15:02:33.442+0000] {logging_mixin.py:190} INFO - [2025-02-11T15:02:33.442+0000] {dagbag.py:588} INFO - Filling up the DagBag from /home/airflow/.local/lib/python3.12/site-packages/airflow/example_dags/example_nested_branch_dag.py
[2025-02-11T15:02:33.545+0000] {processor.py:925} INFO - DAG(s) 'example_nested_branch_dag' retrieved from /home/airflow/.local/lib/python3.12/site-packages/airflow/example_dags/example_nested_branch_dag.py
[2025-02-11T15:02:33.757+0000] {logging_mixin.py:190} INFO - [2025-02-11T15:02:33.757+0000] {dag.py:3239} INFO - Sync 1 DAGs
[2025-02-11T15:02:33.846+0000] {logging_mixin.py:190} INFO - [2025-02-11T15:02:33.844+0000] {dag.py:4180} INFO - Setting next_dagrun for example_nested_branch_dag to 2025-02-10 00:00:00+00:00, run_after=2025-02-11 00:00:00+00:00
[2025-02-11T15:02:34.029+0000] {processor.py:208} INFO - Processing /home/airflow/.local/lib/python3.12/site-packages/airflow/example_dags/example_nested_branch_dag.py took 0.654 seconds
[2025-02-11T15:03:07.369+0000] {processor.py:186} INFO - Started process (PID=597) to work on /home/airflow/.local/lib/python3.12/site-packages/airflow/example_dags/example_nested_branch_dag.py
[2025-02-11T15:03:07.372+0000] {processor.py:914} INFO - Processing file /home/airflow/.local/lib/python3.12/site-packages/airflow/example_dags/example_nested_branch_dag.py for tasks to queue
[2025-02-11T15:03:07.382+0000] {logging_mixin.py:190} INFO - [2025-02-11T15:03:07.380+0000] {dagbag.py:588} INFO - Filling up the DagBag from /home/airflow/.local/lib/python3.12/site-packages/airflow/example_dags/example_nested_branch_dag.py
[2025-02-11T15:03:07.432+0000] {processor.py:925} INFO - DAG(s) 'example_nested_branch_dag' retrieved from /home/airflow/.local/lib/python3.12/site-packages/airflow/example_dags/example_nested_branch_dag.py
[2025-02-11T15:03:07.517+0000] {logging_mixin.py:190} INFO - [2025-02-11T15:03:07.516+0000] {dag.py:3239} INFO - Sync 1 DAGs
[2025-02-11T15:03:07.616+0000] {logging_mixin.py:190} INFO - [2025-02-11T15:03:07.613+0000] {dag.py:4180} INFO - Setting next_dagrun for example_nested_branch_dag to 2025-02-10 00:00:00+00:00, run_after=2025-02-11 00:00:00+00:00
[2025-02-11T15:03:07.776+0000] {processor.py:208} INFO - Processing /home/airflow/.local/lib/python3.12/site-packages/airflow/example_dags/example_nested_branch_dag.py took 0.423 seconds
