[2025-02-11T14:58:42.137+0000] {processor.py:186} INFO - Started process (PID=91) to work on /home/airflow/.local/lib/python3.12/site-packages/airflow/example_dags/example_skip_dag.py
[2025-02-11T14:58:42.150+0000] {processor.py:914} INFO - Processing file /home/airflow/.local/lib/python3.12/site-packages/airflow/example_dags/example_skip_dag.py for tasks to queue
[2025-02-11T14:58:42.196+0000] {logging_mixin.py:190} INFO - [2025-02-11T14:58:42.194+0000] {dagbag.py:588} INFO - Filling up the DagBag from /home/airflow/.local/lib/python3.12/site-packages/airflow/example_dags/example_skip_dag.py
[2025-02-11T14:58:42.267+0000] {processor.py:925} INFO - DAG(s) 'example_skip_dag' retrieved from /home/airflow/.local/lib/python3.12/site-packages/airflow/example_dags/example_skip_dag.py
[2025-02-11T14:58:42.952+0000] {logging_mixin.py:190} INFO - [2025-02-11T14:58:42.950+0000] {override.py:1911} INFO - Created Permission View: can edit on DAG:example_skip_dag
[2025-02-11T14:58:43.014+0000] {logging_mixin.py:190} INFO - [2025-02-11T14:58:43.013+0000] {override.py:1911} INFO - Created Permission View: can read on DAG:example_skip_dag
[2025-02-11T14:58:43.053+0000] {logging_mixin.py:190} INFO - [2025-02-11T14:58:43.052+0000] {override.py:1911} INFO - Created Permission View: can delete on DAG:example_skip_dag
[2025-02-11T14:58:43.086+0000] {logging_mixin.py:190} INFO - [2025-02-11T14:58:43.085+0000] {override.py:1911} INFO - Created Permission View: can create on DAG Run:example_skip_dag
[2025-02-11T14:58:43.334+0000] {logging_mixin.py:190} INFO - [2025-02-11T14:58:43.323+0000] {override.py:1911} INFO - Created Permission View: menu access on DAG Run:example_skip_dag
[2025-02-11T14:58:43.435+0000] {logging_mixin.py:190} INFO - [2025-02-11T14:58:43.434+0000] {override.py:1911} INFO - Created Permission View: can read on DAG Run:example_skip_dag
[2025-02-11T14:58:43.574+0000] {logging_mixin.py:190} INFO - [2025-02-11T14:58:43.567+0000] {override.py:1911} INFO - Created Permission View: can delete on DAG Run:example_skip_dag
[2025-02-11T14:58:43.584+0000] {logging_mixin.py:190} INFO - [2025-02-11T14:58:43.584+0000] {dag.py:3239} INFO - Sync 1 DAGs
[2025-02-11T14:58:43.721+0000] {logging_mixin.py:190} INFO - [2025-02-11T14:58:43.720+0000] {dag.py:3262} INFO - Creating ORM DAG for example_skip_dag
[2025-02-11T14:58:43.761+0000] {logging_mixin.py:190} INFO - [2025-02-11T14:58:43.760+0000] {dag.py:4180} INFO - Setting next_dagrun for example_skip_dag to 2025-02-10 00:00:00+00:00, run_after=2025-02-11 00:00:00+00:00
[2025-02-11T14:58:43.910+0000] {processor.py:208} INFO - Processing /home/airflow/.local/lib/python3.12/site-packages/airflow/example_dags/example_skip_dag.py took 1.837 seconds
[2025-02-11T14:59:14.564+0000] {processor.py:186} INFO - Started process (PID=155) to work on /home/airflow/.local/lib/python3.12/site-packages/airflow/example_dags/example_skip_dag.py
[2025-02-11T14:59:14.568+0000] {processor.py:914} INFO - Processing file /home/airflow/.local/lib/python3.12/site-packages/airflow/example_dags/example_skip_dag.py for tasks to queue
[2025-02-11T14:59:14.577+0000] {logging_mixin.py:190} INFO - [2025-02-11T14:59:14.577+0000] {dagbag.py:588} INFO - Filling up the DagBag from /home/airflow/.local/lib/python3.12/site-packages/airflow/example_dags/example_skip_dag.py
[2025-02-11T14:59:14.611+0000] {processor.py:925} INFO - DAG(s) 'example_skip_dag' retrieved from /home/airflow/.local/lib/python3.12/site-packages/airflow/example_dags/example_skip_dag.py
[2025-02-11T14:59:14.707+0000] {logging_mixin.py:190} INFO - [2025-02-11T14:59:14.707+0000] {dag.py:3239} INFO - Sync 1 DAGs
[2025-02-11T14:59:14.864+0000] {logging_mixin.py:190} INFO - [2025-02-11T14:59:14.864+0000] {dag.py:4180} INFO - Setting next_dagrun for example_skip_dag to 2025-02-10 00:00:00+00:00, run_after=2025-02-11 00:00:00+00:00
[2025-02-11T14:59:15.029+0000] {processor.py:208} INFO - Processing /home/airflow/.local/lib/python3.12/site-packages/airflow/example_dags/example_skip_dag.py took 0.487 seconds
[2025-02-11T14:59:45.660+0000] {processor.py:186} INFO - Started process (PID=218) to work on /home/airflow/.local/lib/python3.12/site-packages/airflow/example_dags/example_skip_dag.py
[2025-02-11T14:59:45.664+0000] {processor.py:914} INFO - Processing file /home/airflow/.local/lib/python3.12/site-packages/airflow/example_dags/example_skip_dag.py for tasks to queue
[2025-02-11T14:59:45.669+0000] {logging_mixin.py:190} INFO - [2025-02-11T14:59:45.669+0000] {dagbag.py:588} INFO - Filling up the DagBag from /home/airflow/.local/lib/python3.12/site-packages/airflow/example_dags/example_skip_dag.py
[2025-02-11T14:59:45.693+0000] {processor.py:925} INFO - DAG(s) 'example_skip_dag' retrieved from /home/airflow/.local/lib/python3.12/site-packages/airflow/example_dags/example_skip_dag.py
[2025-02-11T14:59:45.745+0000] {logging_mixin.py:190} INFO - [2025-02-11T14:59:45.745+0000] {dag.py:3239} INFO - Sync 1 DAGs
[2025-02-11T14:59:45.801+0000] {logging_mixin.py:190} INFO - [2025-02-11T14:59:45.800+0000] {dag.py:4180} INFO - Setting next_dagrun for example_skip_dag to 2025-02-10 00:00:00+00:00, run_after=2025-02-11 00:00:00+00:00
[2025-02-11T14:59:45.850+0000] {processor.py:208} INFO - Processing /home/airflow/.local/lib/python3.12/site-packages/airflow/example_dags/example_skip_dag.py took 0.206 seconds
[2025-02-11T15:00:16.626+0000] {processor.py:186} INFO - Started process (PID=281) to work on /home/airflow/.local/lib/python3.12/site-packages/airflow/example_dags/example_skip_dag.py
[2025-02-11T15:00:16.631+0000] {processor.py:914} INFO - Processing file /home/airflow/.local/lib/python3.12/site-packages/airflow/example_dags/example_skip_dag.py for tasks to queue
[2025-02-11T15:00:16.642+0000] {logging_mixin.py:190} INFO - [2025-02-11T15:00:16.641+0000] {dagbag.py:588} INFO - Filling up the DagBag from /home/airflow/.local/lib/python3.12/site-packages/airflow/example_dags/example_skip_dag.py
[2025-02-11T15:00:16.675+0000] {processor.py:925} INFO - DAG(s) 'example_skip_dag' retrieved from /home/airflow/.local/lib/python3.12/site-packages/airflow/example_dags/example_skip_dag.py
[2025-02-11T15:00:16.819+0000] {logging_mixin.py:190} INFO - [2025-02-11T15:00:16.818+0000] {dag.py:3239} INFO - Sync 1 DAGs
[2025-02-11T15:00:17.023+0000] {logging_mixin.py:190} INFO - [2025-02-11T15:00:17.023+0000] {dag.py:4180} INFO - Setting next_dagrun for example_skip_dag to 2025-02-10 00:00:00+00:00, run_after=2025-02-11 00:00:00+00:00
[2025-02-11T15:00:17.202+0000] {processor.py:208} INFO - Processing /home/airflow/.local/lib/python3.12/site-packages/airflow/example_dags/example_skip_dag.py took 0.595 seconds
[2025-02-11T15:00:47.707+0000] {processor.py:186} INFO - Started process (PID=344) to work on /home/airflow/.local/lib/python3.12/site-packages/airflow/example_dags/example_skip_dag.py
[2025-02-11T15:00:47.711+0000] {processor.py:914} INFO - Processing file /home/airflow/.local/lib/python3.12/site-packages/airflow/example_dags/example_skip_dag.py for tasks to queue
[2025-02-11T15:00:47.720+0000] {logging_mixin.py:190} INFO - [2025-02-11T15:00:47.720+0000] {dagbag.py:588} INFO - Filling up the DagBag from /home/airflow/.local/lib/python3.12/site-packages/airflow/example_dags/example_skip_dag.py
[2025-02-11T15:00:47.749+0000] {processor.py:925} INFO - DAG(s) 'example_skip_dag' retrieved from /home/airflow/.local/lib/python3.12/site-packages/airflow/example_dags/example_skip_dag.py
[2025-02-11T15:00:47.821+0000] {logging_mixin.py:190} INFO - [2025-02-11T15:00:47.821+0000] {dag.py:3239} INFO - Sync 1 DAGs
[2025-02-11T15:00:47.887+0000] {logging_mixin.py:190} INFO - [2025-02-11T15:00:47.886+0000] {dag.py:4180} INFO - Setting next_dagrun for example_skip_dag to 2025-02-10 00:00:00+00:00, run_after=2025-02-11 00:00:00+00:00
[2025-02-11T15:00:47.932+0000] {processor.py:208} INFO - Processing /home/airflow/.local/lib/python3.12/site-packages/airflow/example_dags/example_skip_dag.py took 0.246 seconds
[2025-02-11T15:01:20.182+0000] {processor.py:186} INFO - Started process (PID=414) to work on /home/airflow/.local/lib/python3.12/site-packages/airflow/example_dags/example_skip_dag.py
[2025-02-11T15:01:20.185+0000] {processor.py:914} INFO - Processing file /home/airflow/.local/lib/python3.12/site-packages/airflow/example_dags/example_skip_dag.py for tasks to queue
[2025-02-11T15:01:20.191+0000] {logging_mixin.py:190} INFO - [2025-02-11T15:01:20.191+0000] {dagbag.py:588} INFO - Filling up the DagBag from /home/airflow/.local/lib/python3.12/site-packages/airflow/example_dags/example_skip_dag.py
[2025-02-11T15:01:20.212+0000] {processor.py:925} INFO - DAG(s) 'example_skip_dag' retrieved from /home/airflow/.local/lib/python3.12/site-packages/airflow/example_dags/example_skip_dag.py
[2025-02-11T15:01:20.260+0000] {logging_mixin.py:190} INFO - [2025-02-11T15:01:20.260+0000] {dag.py:3239} INFO - Sync 1 DAGs
[2025-02-11T15:01:20.306+0000] {logging_mixin.py:190} INFO - [2025-02-11T15:01:20.305+0000] {dag.py:4180} INFO - Setting next_dagrun for example_skip_dag to 2025-02-10 00:00:00+00:00, run_after=2025-02-11 00:00:00+00:00
[2025-02-11T15:01:20.352+0000] {processor.py:208} INFO - Processing /home/airflow/.local/lib/python3.12/site-packages/airflow/example_dags/example_skip_dag.py took 0.187 seconds
[2025-02-11T15:01:55.957+0000] {processor.py:186} INFO - Started process (PID=478) to work on /home/airflow/.local/lib/python3.12/site-packages/airflow/example_dags/example_skip_dag.py
[2025-02-11T15:01:55.974+0000] {processor.py:914} INFO - Processing file /home/airflow/.local/lib/python3.12/site-packages/airflow/example_dags/example_skip_dag.py for tasks to queue
[2025-02-11T15:01:55.980+0000] {logging_mixin.py:190} INFO - [2025-02-11T15:01:55.979+0000] {dagbag.py:588} INFO - Filling up the DagBag from /home/airflow/.local/lib/python3.12/site-packages/airflow/example_dags/example_skip_dag.py
[2025-02-11T15:01:56.022+0000] {processor.py:925} INFO - DAG(s) 'example_skip_dag' retrieved from /home/airflow/.local/lib/python3.12/site-packages/airflow/example_dags/example_skip_dag.py
[2025-02-11T15:01:56.089+0000] {logging_mixin.py:190} INFO - [2025-02-11T15:01:56.088+0000] {dag.py:3239} INFO - Sync 1 DAGs
[2025-02-11T15:01:56.159+0000] {logging_mixin.py:190} INFO - [2025-02-11T15:01:56.158+0000] {dag.py:4180} INFO - Setting next_dagrun for example_skip_dag to 2025-02-10 00:00:00+00:00, run_after=2025-02-11 00:00:00+00:00
[2025-02-11T15:01:56.208+0000] {processor.py:208} INFO - Processing /home/airflow/.local/lib/python3.12/site-packages/airflow/example_dags/example_skip_dag.py took 0.287 seconds
[2025-02-11T15:02:41.162+0000] {processor.py:186} INFO - Started process (PID=543) to work on /home/airflow/.local/lib/python3.12/site-packages/airflow/example_dags/example_skip_dag.py
[2025-02-11T15:02:41.173+0000] {processor.py:914} INFO - Processing file /home/airflow/.local/lib/python3.12/site-packages/airflow/example_dags/example_skip_dag.py for tasks to queue
[2025-02-11T15:02:41.223+0000] {logging_mixin.py:190} INFO - [2025-02-11T15:02:41.221+0000] {dagbag.py:588} INFO - Filling up the DagBag from /home/airflow/.local/lib/python3.12/site-packages/airflow/example_dags/example_skip_dag.py
[2025-02-11T15:02:41.268+0000] {processor.py:925} INFO - DAG(s) 'example_skip_dag' retrieved from /home/airflow/.local/lib/python3.12/site-packages/airflow/example_dags/example_skip_dag.py
[2025-02-11T15:02:41.606+0000] {logging_mixin.py:190} INFO - [2025-02-11T15:02:41.604+0000] {dag.py:3239} INFO - Sync 1 DAGs
[2025-02-11T15:02:42.185+0000] {logging_mixin.py:190} INFO - [2025-02-11T15:02:42.174+0000] {dag.py:4180} INFO - Setting next_dagrun for example_skip_dag to 2025-02-10 00:00:00+00:00, run_after=2025-02-11 00:00:00+00:00
[2025-02-11T15:02:42.375+0000] {processor.py:208} INFO - Processing /home/airflow/.local/lib/python3.12/site-packages/airflow/example_dags/example_skip_dag.py took 1.267 seconds
[2025-02-11T15:03:12.670+0000] {processor.py:186} INFO - Started process (PID=608) to work on /home/airflow/.local/lib/python3.12/site-packages/airflow/example_dags/example_skip_dag.py
[2025-02-11T15:03:12.683+0000] {processor.py:914} INFO - Processing file /home/airflow/.local/lib/python3.12/site-packages/airflow/example_dags/example_skip_dag.py for tasks to queue
[2025-02-11T15:03:12.695+0000] {logging_mixin.py:190} INFO - [2025-02-11T15:03:12.694+0000] {dagbag.py:588} INFO - Filling up the DagBag from /home/airflow/.local/lib/python3.12/site-packages/airflow/example_dags/example_skip_dag.py
[2025-02-11T15:03:12.734+0000] {processor.py:925} INFO - DAG(s) 'example_skip_dag' retrieved from /home/airflow/.local/lib/python3.12/site-packages/airflow/example_dags/example_skip_dag.py
[2025-02-11T15:03:13.061+0000] {logging_mixin.py:190} INFO - [2025-02-11T15:03:13.056+0000] {dag.py:3239} INFO - Sync 1 DAGs
[2025-02-11T15:03:13.340+0000] {logging_mixin.py:190} INFO - [2025-02-11T15:03:13.339+0000] {dag.py:4180} INFO - Setting next_dagrun for example_skip_dag to 2025-02-10 00:00:00+00:00, run_after=2025-02-11 00:00:00+00:00
[2025-02-11T15:03:13.437+0000] {processor.py:208} INFO - Processing /home/airflow/.local/lib/python3.12/site-packages/airflow/example_dags/example_skip_dag.py took 0.884 seconds
