[2025-02-11T14:58:28.471+0000] {processor.py:186} INFO - Started process (PID=77) to work on /home/airflow/.local/lib/python3.12/site-packages/airflow/example_dags/example_branch_operator.py
[2025-02-11T14:58:28.484+0000] {processor.py:914} INFO - Processing file /home/airflow/.local/lib/python3.12/site-packages/airflow/example_dags/example_branch_operator.py for tasks to queue
[2025-02-11T14:58:28.538+0000] {logging_mixin.py:190} INFO - [2025-02-11T14:58:28.537+0000] {dagbag.py:588} INFO - Filling up the DagBag from /home/airflow/.local/lib/python3.12/site-packages/airflow/example_dags/example_branch_operator.py
[2025-02-11T14:58:28.744+0000] {processor.py:925} INFO - DAG(s) 'example_branch_operator' retrieved from /home/airflow/.local/lib/python3.12/site-packages/airflow/example_dags/example_branch_operator.py
[2025-02-11T14:58:29.087+0000] {logging_mixin.py:190} INFO - [2025-02-11T14:58:29.086+0000] {override.py:1911} INFO - Created Permission View: can edit on DAG:example_branch_operator
[2025-02-11T14:58:29.122+0000] {logging_mixin.py:190} INFO - [2025-02-11T14:58:29.120+0000] {override.py:1911} INFO - Created Permission View: can read on DAG:example_branch_operator
[2025-02-11T14:58:29.151+0000] {logging_mixin.py:190} INFO - [2025-02-11T14:58:29.150+0000] {override.py:1911} INFO - Created Permission View: can delete on DAG:example_branch_operator
[2025-02-11T14:58:29.173+0000] {logging_mixin.py:190} INFO - [2025-02-11T14:58:29.171+0000] {override.py:1911} INFO - Created Permission View: can create on DAG Run:example_branch_operator
[2025-02-11T14:58:29.194+0000] {logging_mixin.py:190} INFO - [2025-02-11T14:58:29.193+0000] {override.py:1911} INFO - Created Permission View: menu access on DAG Run:example_branch_operator
[2025-02-11T14:58:29.214+0000] {logging_mixin.py:190} INFO - [2025-02-11T14:58:29.213+0000] {override.py:1911} INFO - Created Permission View: can read on DAG Run:example_branch_operator
[2025-02-11T14:58:29.236+0000] {logging_mixin.py:190} INFO - [2025-02-11T14:58:29.236+0000] {override.py:1911} INFO - Created Permission View: can delete on DAG Run:example_branch_operator
[2025-02-11T14:58:29.241+0000] {logging_mixin.py:190} INFO - [2025-02-11T14:58:29.239+0000] {dag.py:3239} INFO - Sync 1 DAGs
[2025-02-11T14:58:29.278+0000] {logging_mixin.py:190} INFO - [2025-02-11T14:58:29.278+0000] {dag.py:3262} INFO - Creating ORM DAG for example_branch_operator
[2025-02-11T14:58:29.306+0000] {logging_mixin.py:190} INFO - [2025-02-11T14:58:29.306+0000] {dag.py:4180} INFO - Setting next_dagrun for example_branch_operator to 2025-02-10 00:00:00+00:00, run_after=2025-02-11 00:00:00+00:00
[2025-02-11T14:58:29.352+0000] {processor.py:208} INFO - Processing /home/airflow/.local/lib/python3.12/site-packages/airflow/example_dags/example_branch_operator.py took 0.936 seconds
[2025-02-11T14:59:05.511+0000] {processor.py:186} INFO - Started process (PID=141) to work on /home/airflow/.local/lib/python3.12/site-packages/airflow/example_dags/example_branch_operator.py
[2025-02-11T14:59:05.515+0000] {processor.py:914} INFO - Processing file /home/airflow/.local/lib/python3.12/site-packages/airflow/example_dags/example_branch_operator.py for tasks to queue
[2025-02-11T14:59:05.522+0000] {logging_mixin.py:190} INFO - [2025-02-11T14:59:05.521+0000] {dagbag.py:588} INFO - Filling up the DagBag from /home/airflow/.local/lib/python3.12/site-packages/airflow/example_dags/example_branch_operator.py
[2025-02-11T14:59:05.573+0000] {processor.py:925} INFO - DAG(s) 'example_branch_operator' retrieved from /home/airflow/.local/lib/python3.12/site-packages/airflow/example_dags/example_branch_operator.py
[2025-02-11T14:59:05.672+0000] {logging_mixin.py:190} INFO - [2025-02-11T14:59:05.671+0000] {dag.py:3239} INFO - Sync 1 DAGs
[2025-02-11T14:59:05.773+0000] {logging_mixin.py:190} INFO - [2025-02-11T14:59:05.770+0000] {dag.py:4180} INFO - Setting next_dagrun for example_branch_operator to 2025-02-10 00:00:00+00:00, run_after=2025-02-11 00:00:00+00:00
[2025-02-11T14:59:05.915+0000] {processor.py:208} INFO - Processing /home/airflow/.local/lib/python3.12/site-packages/airflow/example_dags/example_branch_operator.py took 0.420 seconds
[2025-02-11T14:59:37.281+0000] {processor.py:186} INFO - Started process (PID=204) to work on /home/airflow/.local/lib/python3.12/site-packages/airflow/example_dags/example_branch_operator.py
[2025-02-11T14:59:37.285+0000] {processor.py:914} INFO - Processing file /home/airflow/.local/lib/python3.12/site-packages/airflow/example_dags/example_branch_operator.py for tasks to queue
[2025-02-11T14:59:37.290+0000] {logging_mixin.py:190} INFO - [2025-02-11T14:59:37.290+0000] {dagbag.py:588} INFO - Filling up the DagBag from /home/airflow/.local/lib/python3.12/site-packages/airflow/example_dags/example_branch_operator.py
[2025-02-11T14:59:37.342+0000] {processor.py:925} INFO - DAG(s) 'example_branch_operator' retrieved from /home/airflow/.local/lib/python3.12/site-packages/airflow/example_dags/example_branch_operator.py
[2025-02-11T14:59:37.417+0000] {logging_mixin.py:190} INFO - [2025-02-11T14:59:37.417+0000] {dag.py:3239} INFO - Sync 1 DAGs
[2025-02-11T14:59:37.479+0000] {logging_mixin.py:190} INFO - [2025-02-11T14:59:37.478+0000] {dag.py:4180} INFO - Setting next_dagrun for example_branch_operator to 2025-02-10 00:00:00+00:00, run_after=2025-02-11 00:00:00+00:00
[2025-02-11T14:59:37.526+0000] {processor.py:208} INFO - Processing /home/airflow/.local/lib/python3.12/site-packages/airflow/example_dags/example_branch_operator.py took 0.259 seconds
[2025-02-11T15:00:13.251+0000] {processor.py:186} INFO - Started process (PID=268) to work on /home/airflow/.local/lib/python3.12/site-packages/airflow/example_dags/example_branch_operator.py
[2025-02-11T15:00:13.265+0000] {processor.py:914} INFO - Processing file /home/airflow/.local/lib/python3.12/site-packages/airflow/example_dags/example_branch_operator.py for tasks to queue
[2025-02-11T15:00:13.272+0000] {logging_mixin.py:190} INFO - [2025-02-11T15:00:13.271+0000] {dagbag.py:588} INFO - Filling up the DagBag from /home/airflow/.local/lib/python3.12/site-packages/airflow/example_dags/example_branch_operator.py
[2025-02-11T15:00:13.319+0000] {processor.py:925} INFO - DAG(s) 'example_branch_operator' retrieved from /home/airflow/.local/lib/python3.12/site-packages/airflow/example_dags/example_branch_operator.py
[2025-02-11T15:00:13.419+0000] {logging_mixin.py:190} INFO - [2025-02-11T15:00:13.419+0000] {dag.py:3239} INFO - Sync 1 DAGs
[2025-02-11T15:00:13.511+0000] {logging_mixin.py:190} INFO - [2025-02-11T15:00:13.511+0000] {dag.py:4180} INFO - Setting next_dagrun for example_branch_operator to 2025-02-10 00:00:00+00:00, run_after=2025-02-11 00:00:00+00:00
[2025-02-11T15:00:13.563+0000] {processor.py:208} INFO - Processing /home/airflow/.local/lib/python3.12/site-packages/airflow/example_dags/example_branch_operator.py took 0.413 seconds
[2025-02-11T15:00:44.873+0000] {processor.py:186} INFO - Started process (PID=331) to work on /home/airflow/.local/lib/python3.12/site-packages/airflow/example_dags/example_branch_operator.py
[2025-02-11T15:00:44.876+0000] {processor.py:914} INFO - Processing file /home/airflow/.local/lib/python3.12/site-packages/airflow/example_dags/example_branch_operator.py for tasks to queue
[2025-02-11T15:00:44.884+0000] {logging_mixin.py:190} INFO - [2025-02-11T15:00:44.883+0000] {dagbag.py:588} INFO - Filling up the DagBag from /home/airflow/.local/lib/python3.12/site-packages/airflow/example_dags/example_branch_operator.py
[2025-02-11T15:00:44.924+0000] {processor.py:925} INFO - DAG(s) 'example_branch_operator' retrieved from /home/airflow/.local/lib/python3.12/site-packages/airflow/example_dags/example_branch_operator.py
[2025-02-11T15:00:45.002+0000] {logging_mixin.py:190} INFO - [2025-02-11T15:00:45.001+0000] {dag.py:3239} INFO - Sync 1 DAGs
[2025-02-11T15:00:45.061+0000] {logging_mixin.py:190} INFO - [2025-02-11T15:00:45.060+0000] {dag.py:4180} INFO - Setting next_dagrun for example_branch_operator to 2025-02-10 00:00:00+00:00, run_after=2025-02-11 00:00:00+00:00
[2025-02-11T15:00:45.102+0000] {processor.py:208} INFO - Processing /home/airflow/.local/lib/python3.12/site-packages/airflow/example_dags/example_branch_operator.py took 0.241 seconds
[2025-02-11T15:01:17.657+0000] {processor.py:186} INFO - Started process (PID=394) to work on /home/airflow/.local/lib/python3.12/site-packages/airflow/example_dags/example_branch_operator.py
[2025-02-11T15:01:17.661+0000] {processor.py:914} INFO - Processing file /home/airflow/.local/lib/python3.12/site-packages/airflow/example_dags/example_branch_operator.py for tasks to queue
[2025-02-11T15:01:17.675+0000] {logging_mixin.py:190} INFO - [2025-02-11T15:01:17.673+0000] {dagbag.py:588} INFO - Filling up the DagBag from /home/airflow/.local/lib/python3.12/site-packages/airflow/example_dags/example_branch_operator.py
[2025-02-11T15:01:17.753+0000] {processor.py:925} INFO - DAG(s) 'example_branch_operator' retrieved from /home/airflow/.local/lib/python3.12/site-packages/airflow/example_dags/example_branch_operator.py
[2025-02-11T15:01:17.826+0000] {logging_mixin.py:190} INFO - [2025-02-11T15:01:17.826+0000] {dag.py:3239} INFO - Sync 1 DAGs
[2025-02-11T15:01:17.890+0000] {logging_mixin.py:190} INFO - [2025-02-11T15:01:17.890+0000] {dag.py:4180} INFO - Setting next_dagrun for example_branch_operator to 2025-02-10 00:00:00+00:00, run_after=2025-02-11 00:00:00+00:00
[2025-02-11T15:01:17.933+0000] {processor.py:208} INFO - Processing /home/airflow/.local/lib/python3.12/site-packages/airflow/example_dags/example_branch_operator.py took 0.294 seconds
[2025-02-11T15:01:50.487+0000] {processor.py:186} INFO - Started process (PID=465) to work on /home/airflow/.local/lib/python3.12/site-packages/airflow/example_dags/example_branch_operator.py
[2025-02-11T15:01:50.496+0000] {processor.py:914} INFO - Processing file /home/airflow/.local/lib/python3.12/site-packages/airflow/example_dags/example_branch_operator.py for tasks to queue
[2025-02-11T15:01:50.516+0000] {logging_mixin.py:190} INFO - [2025-02-11T15:01:50.513+0000] {dagbag.py:588} INFO - Filling up the DagBag from /home/airflow/.local/lib/python3.12/site-packages/airflow/example_dags/example_branch_operator.py
[2025-02-11T15:01:50.657+0000] {processor.py:925} INFO - DAG(s) 'example_branch_operator' retrieved from /home/airflow/.local/lib/python3.12/site-packages/airflow/example_dags/example_branch_operator.py
[2025-02-11T15:01:50.781+0000] {logging_mixin.py:190} INFO - [2025-02-11T15:01:50.780+0000] {dag.py:3239} INFO - Sync 1 DAGs
[2025-02-11T15:01:50.866+0000] {logging_mixin.py:190} INFO - [2025-02-11T15:01:50.866+0000] {dag.py:4180} INFO - Setting next_dagrun for example_branch_operator to 2025-02-10 00:00:00+00:00, run_after=2025-02-11 00:00:00+00:00
[2025-02-11T15:01:50.933+0000] {processor.py:208} INFO - Processing /home/airflow/.local/lib/python3.12/site-packages/airflow/example_dags/example_branch_operator.py took 0.471 seconds
[2025-02-11T15:02:30.204+0000] {processor.py:186} INFO - Started process (PID=530) to work on /home/airflow/.local/lib/python3.12/site-packages/airflow/example_dags/example_branch_operator.py
[2025-02-11T15:02:30.209+0000] {processor.py:914} INFO - Processing file /home/airflow/.local/lib/python3.12/site-packages/airflow/example_dags/example_branch_operator.py for tasks to queue
[2025-02-11T15:02:30.219+0000] {logging_mixin.py:190} INFO - [2025-02-11T15:02:30.218+0000] {dagbag.py:588} INFO - Filling up the DagBag from /home/airflow/.local/lib/python3.12/site-packages/airflow/example_dags/example_branch_operator.py
[2025-02-11T15:02:30.445+0000] {processor.py:925} INFO - DAG(s) 'example_branch_operator' retrieved from /home/airflow/.local/lib/python3.12/site-packages/airflow/example_dags/example_branch_operator.py
[2025-02-11T15:02:30.669+0000] {logging_mixin.py:190} INFO - [2025-02-11T15:02:30.668+0000] {dag.py:3239} INFO - Sync 1 DAGs
[2025-02-11T15:02:31.210+0000] {logging_mixin.py:190} INFO - [2025-02-11T15:02:31.209+0000] {dag.py:4180} INFO - Setting next_dagrun for example_branch_operator to 2025-02-10 00:00:00+00:00, run_after=2025-02-11 00:00:00+00:00
[2025-02-11T15:02:31.562+0000] {processor.py:208} INFO - Processing /home/airflow/.local/lib/python3.12/site-packages/airflow/example_dags/example_branch_operator.py took 1.381 seconds
[2025-02-11T15:03:06.441+0000] {processor.py:186} INFO - Started process (PID=594) to work on /home/airflow/.local/lib/python3.12/site-packages/airflow/example_dags/example_branch_operator.py
[2025-02-11T15:03:06.444+0000] {processor.py:914} INFO - Processing file /home/airflow/.local/lib/python3.12/site-packages/airflow/example_dags/example_branch_operator.py for tasks to queue
[2025-02-11T15:03:06.449+0000] {logging_mixin.py:190} INFO - [2025-02-11T15:03:06.448+0000] {dagbag.py:588} INFO - Filling up the DagBag from /home/airflow/.local/lib/python3.12/site-packages/airflow/example_dags/example_branch_operator.py
[2025-02-11T15:03:06.551+0000] {processor.py:925} INFO - DAG(s) 'example_branch_operator' retrieved from /home/airflow/.local/lib/python3.12/site-packages/airflow/example_dags/example_branch_operator.py
[2025-02-11T15:03:06.647+0000] {logging_mixin.py:190} INFO - [2025-02-11T15:03:06.647+0000] {dag.py:3239} INFO - Sync 1 DAGs
[2025-02-11T15:03:06.788+0000] {logging_mixin.py:190} INFO - [2025-02-11T15:03:06.788+0000] {dag.py:4180} INFO - Setting next_dagrun for example_branch_operator to 2025-02-10 00:00:00+00:00, run_after=2025-02-11 00:00:00+00:00
[2025-02-11T15:03:06.837+0000] {processor.py:208} INFO - Processing /home/airflow/.local/lib/python3.12/site-packages/airflow/example_dags/example_branch_operator.py took 0.432 seconds
