[2025-02-11T14:58:51.889+0000] {processor.py:186} INFO - Started process (PID=107) to work on /home/airflow/.local/lib/python3.12/site-packages/airflow/example_dags/example_branch_labels.py
[2025-02-11T14:58:51.897+0000] {processor.py:914} INFO - Processing file /home/airflow/.local/lib/python3.12/site-packages/airflow/example_dags/example_branch_labels.py for tasks to queue
[2025-02-11T14:58:51.911+0000] {logging_mixin.py:190} INFO - [2025-02-11T14:58:51.909+0000] {dagbag.py:588} INFO - Filling up the DagBag from /home/airflow/.local/lib/python3.12/site-packages/airflow/example_dags/example_branch_labels.py
[2025-02-11T14:58:51.941+0000] {processor.py:925} INFO - DAG(s) 'example_branch_labels' retrieved from /home/airflow/.local/lib/python3.12/site-packages/airflow/example_dags/example_branch_labels.py
[2025-02-11T14:58:52.382+0000] {logging_mixin.py:190} INFO - [2025-02-11T14:58:52.380+0000] {override.py:1911} INFO - Created Permission View: can edit on DAG:example_branch_labels
[2025-02-11T14:58:52.421+0000] {logging_mixin.py:190} INFO - [2025-02-11T14:58:52.420+0000] {override.py:1911} INFO - Created Permission View: can read on DAG:example_branch_labels
[2025-02-11T14:58:52.442+0000] {logging_mixin.py:190} INFO - [2025-02-11T14:58:52.442+0000] {override.py:1911} INFO - Created Permission View: can delete on DAG:example_branch_labels
[2025-02-11T14:58:52.481+0000] {logging_mixin.py:190} INFO - [2025-02-11T14:58:52.480+0000] {override.py:1911} INFO - Created Permission View: can create on DAG Run:example_branch_labels
[2025-02-11T14:58:52.505+0000] {logging_mixin.py:190} INFO - [2025-02-11T14:58:52.504+0000] {override.py:1911} INFO - Created Permission View: menu access on DAG Run:example_branch_labels
[2025-02-11T14:58:52.531+0000] {logging_mixin.py:190} INFO - [2025-02-11T14:58:52.531+0000] {override.py:1911} INFO - Created Permission View: can read on DAG Run:example_branch_labels
[2025-02-11T14:58:52.576+0000] {logging_mixin.py:190} INFO - [2025-02-11T14:58:52.573+0000] {override.py:1911} INFO - Created Permission View: can delete on DAG Run:example_branch_labels
[2025-02-11T14:58:52.580+0000] {logging_mixin.py:190} INFO - [2025-02-11T14:58:52.579+0000] {dag.py:3239} INFO - Sync 1 DAGs
[2025-02-11T14:58:52.639+0000] {logging_mixin.py:190} INFO - [2025-02-11T14:58:52.637+0000] {dag.py:3262} INFO - Creating ORM DAG for example_branch_labels
[2025-02-11T14:58:52.701+0000] {logging_mixin.py:190} INFO - [2025-02-11T14:58:52.701+0000] {dag.py:4180} INFO - Setting next_dagrun for example_branch_labels to 2025-02-10 00:00:00+00:00, run_after=2025-02-11 00:00:00+00:00
[2025-02-11T14:58:52.949+0000] {processor.py:208} INFO - Processing /home/airflow/.local/lib/python3.12/site-packages/airflow/example_dags/example_branch_labels.py took 1.081 seconds
[2025-02-11T14:59:23.742+0000] {processor.py:186} INFO - Started process (PID=170) to work on /home/airflow/.local/lib/python3.12/site-packages/airflow/example_dags/example_branch_labels.py
[2025-02-11T14:59:23.747+0000] {processor.py:914} INFO - Processing file /home/airflow/.local/lib/python3.12/site-packages/airflow/example_dags/example_branch_labels.py for tasks to queue
[2025-02-11T14:59:23.778+0000] {logging_mixin.py:190} INFO - [2025-02-11T14:59:23.774+0000] {dagbag.py:588} INFO - Filling up the DagBag from /home/airflow/.local/lib/python3.12/site-packages/airflow/example_dags/example_branch_labels.py
[2025-02-11T14:59:23.833+0000] {processor.py:925} INFO - DAG(s) 'example_branch_labels' retrieved from /home/airflow/.local/lib/python3.12/site-packages/airflow/example_dags/example_branch_labels.py
[2025-02-11T14:59:23.923+0000] {logging_mixin.py:190} INFO - [2025-02-11T14:59:23.922+0000] {dag.py:3239} INFO - Sync 1 DAGs
[2025-02-11T14:59:24.070+0000] {logging_mixin.py:190} INFO - [2025-02-11T14:59:24.069+0000] {dag.py:4180} INFO - Setting next_dagrun for example_branch_labels to 2025-02-10 00:00:00+00:00, run_after=2025-02-11 00:00:00+00:00
[2025-02-11T14:59:24.340+0000] {processor.py:208} INFO - Processing /home/airflow/.local/lib/python3.12/site-packages/airflow/example_dags/example_branch_labels.py took 0.619 seconds
[2025-02-11T14:59:55.237+0000] {processor.py:186} INFO - Started process (PID=234) to work on /home/airflow/.local/lib/python3.12/site-packages/airflow/example_dags/example_branch_labels.py
[2025-02-11T14:59:55.242+0000] {processor.py:914} INFO - Processing file /home/airflow/.local/lib/python3.12/site-packages/airflow/example_dags/example_branch_labels.py for tasks to queue
[2025-02-11T14:59:55.248+0000] {logging_mixin.py:190} INFO - [2025-02-11T14:59:55.247+0000] {dagbag.py:588} INFO - Filling up the DagBag from /home/airflow/.local/lib/python3.12/site-packages/airflow/example_dags/example_branch_labels.py
[2025-02-11T14:59:55.276+0000] {processor.py:925} INFO - DAG(s) 'example_branch_labels' retrieved from /home/airflow/.local/lib/python3.12/site-packages/airflow/example_dags/example_branch_labels.py
[2025-02-11T14:59:55.339+0000] {logging_mixin.py:190} INFO - [2025-02-11T14:59:55.339+0000] {dag.py:3239} INFO - Sync 1 DAGs
[2025-02-11T14:59:55.403+0000] {logging_mixin.py:190} INFO - [2025-02-11T14:59:55.403+0000] {dag.py:4180} INFO - Setting next_dagrun for example_branch_labels to 2025-02-10 00:00:00+00:00, run_after=2025-02-11 00:00:00+00:00
[2025-02-11T14:59:55.455+0000] {processor.py:208} INFO - Processing /home/airflow/.local/lib/python3.12/site-packages/airflow/example_dags/example_branch_labels.py took 0.233 seconds
[2025-02-11T15:00:26.009+0000] {processor.py:186} INFO - Started process (PID=296) to work on /home/airflow/.local/lib/python3.12/site-packages/airflow/example_dags/example_branch_labels.py
[2025-02-11T15:00:26.013+0000] {processor.py:914} INFO - Processing file /home/airflow/.local/lib/python3.12/site-packages/airflow/example_dags/example_branch_labels.py for tasks to queue
[2025-02-11T15:00:26.023+0000] {logging_mixin.py:190} INFO - [2025-02-11T15:00:26.022+0000] {dagbag.py:588} INFO - Filling up the DagBag from /home/airflow/.local/lib/python3.12/site-packages/airflow/example_dags/example_branch_labels.py
[2025-02-11T15:00:26.053+0000] {processor.py:925} INFO - DAG(s) 'example_branch_labels' retrieved from /home/airflow/.local/lib/python3.12/site-packages/airflow/example_dags/example_branch_labels.py
[2025-02-11T15:00:26.112+0000] {logging_mixin.py:190} INFO - [2025-02-11T15:00:26.112+0000] {dag.py:3239} INFO - Sync 1 DAGs
[2025-02-11T15:00:26.174+0000] {logging_mixin.py:190} INFO - [2025-02-11T15:00:26.174+0000] {dag.py:4180} INFO - Setting next_dagrun for example_branch_labels to 2025-02-10 00:00:00+00:00, run_after=2025-02-11 00:00:00+00:00
[2025-02-11T15:00:26.235+0000] {processor.py:208} INFO - Processing /home/airflow/.local/lib/python3.12/site-packages/airflow/example_dags/example_branch_labels.py took 0.243 seconds
[2025-02-11T15:00:56.326+0000] {processor.py:186} INFO - Started process (PID=359) to work on /home/airflow/.local/lib/python3.12/site-packages/airflow/example_dags/example_branch_labels.py
[2025-02-11T15:00:56.330+0000] {processor.py:914} INFO - Processing file /home/airflow/.local/lib/python3.12/site-packages/airflow/example_dags/example_branch_labels.py for tasks to queue
[2025-02-11T15:00:56.336+0000] {logging_mixin.py:190} INFO - [2025-02-11T15:00:56.335+0000] {dagbag.py:588} INFO - Filling up the DagBag from /home/airflow/.local/lib/python3.12/site-packages/airflow/example_dags/example_branch_labels.py
[2025-02-11T15:00:56.365+0000] {processor.py:925} INFO - DAG(s) 'example_branch_labels' retrieved from /home/airflow/.local/lib/python3.12/site-packages/airflow/example_dags/example_branch_labels.py
[2025-02-11T15:00:56.420+0000] {logging_mixin.py:190} INFO - [2025-02-11T15:00:56.420+0000] {dag.py:3239} INFO - Sync 1 DAGs
[2025-02-11T15:00:56.483+0000] {logging_mixin.py:190} INFO - [2025-02-11T15:00:56.482+0000] {dag.py:4180} INFO - Setting next_dagrun for example_branch_labels to 2025-02-10 00:00:00+00:00, run_after=2025-02-11 00:00:00+00:00
[2025-02-11T15:00:56.527+0000] {processor.py:208} INFO - Processing /home/airflow/.local/lib/python3.12/site-packages/airflow/example_dags/example_branch_labels.py took 0.215 seconds
[2025-02-11T15:01:27.382+0000] {processor.py:186} INFO - Started process (PID=423) to work on /home/airflow/.local/lib/python3.12/site-packages/airflow/example_dags/example_branch_labels.py
[2025-02-11T15:01:27.389+0000] {processor.py:914} INFO - Processing file /home/airflow/.local/lib/python3.12/site-packages/airflow/example_dags/example_branch_labels.py for tasks to queue
[2025-02-11T15:01:27.407+0000] {logging_mixin.py:190} INFO - [2025-02-11T15:01:27.404+0000] {dagbag.py:588} INFO - Filling up the DagBag from /home/airflow/.local/lib/python3.12/site-packages/airflow/example_dags/example_branch_labels.py
[2025-02-11T15:01:27.436+0000] {processor.py:925} INFO - DAG(s) 'example_branch_labels' retrieved from /home/airflow/.local/lib/python3.12/site-packages/airflow/example_dags/example_branch_labels.py
[2025-02-11T15:01:27.553+0000] {logging_mixin.py:190} INFO - [2025-02-11T15:01:27.552+0000] {dag.py:3239} INFO - Sync 1 DAGs
[2025-02-11T15:01:27.668+0000] {logging_mixin.py:190} INFO - [2025-02-11T15:01:27.667+0000] {dag.py:4180} INFO - Setting next_dagrun for example_branch_labels to 2025-02-10 00:00:00+00:00, run_after=2025-02-11 00:00:00+00:00
[2025-02-11T15:01:27.719+0000] {processor.py:208} INFO - Processing /home/airflow/.local/lib/python3.12/site-packages/airflow/example_dags/example_branch_labels.py took 0.357 seconds
[2025-02-11T15:01:59.662+0000] {processor.py:186} INFO - Started process (PID=486) to work on /home/airflow/.local/lib/python3.12/site-packages/airflow/example_dags/example_branch_labels.py
[2025-02-11T15:01:59.666+0000] {processor.py:914} INFO - Processing file /home/airflow/.local/lib/python3.12/site-packages/airflow/example_dags/example_branch_labels.py for tasks to queue
[2025-02-11T15:01:59.679+0000] {logging_mixin.py:190} INFO - [2025-02-11T15:01:59.678+0000] {dagbag.py:588} INFO - Filling up the DagBag from /home/airflow/.local/lib/python3.12/site-packages/airflow/example_dags/example_branch_labels.py
[2025-02-11T15:01:59.715+0000] {processor.py:925} INFO - DAG(s) 'example_branch_labels' retrieved from /home/airflow/.local/lib/python3.12/site-packages/airflow/example_dags/example_branch_labels.py
[2025-02-11T15:01:59.887+0000] {logging_mixin.py:190} INFO - [2025-02-11T15:01:59.886+0000] {dag.py:3239} INFO - Sync 1 DAGs
[2025-02-11T15:02:00.001+0000] {logging_mixin.py:190} INFO - [2025-02-11T15:01:59.995+0000] {dag.py:4180} INFO - Setting next_dagrun for example_branch_labels to 2025-02-10 00:00:00+00:00, run_after=2025-02-11 00:00:00+00:00
[2025-02-11T15:02:00.250+0000] {processor.py:208} INFO - Processing /home/airflow/.local/lib/python3.12/site-packages/airflow/example_dags/example_branch_labels.py took 0.666 seconds
[2025-02-11T15:02:52.745+0000] {processor.py:186} INFO - Started process (PID=568) to work on /home/airflow/.local/lib/python3.12/site-packages/airflow/example_dags/example_branch_labels.py
[2025-02-11T15:02:52.757+0000] {processor.py:914} INFO - Processing file /home/airflow/.local/lib/python3.12/site-packages/airflow/example_dags/example_branch_labels.py for tasks to queue
[2025-02-11T15:02:52.783+0000] {logging_mixin.py:190} INFO - [2025-02-11T15:02:52.780+0000] {dagbag.py:588} INFO - Filling up the DagBag from /home/airflow/.local/lib/python3.12/site-packages/airflow/example_dags/example_branch_labels.py
[2025-02-11T15:02:52.843+0000] {processor.py:925} INFO - DAG(s) 'example_branch_labels' retrieved from /home/airflow/.local/lib/python3.12/site-packages/airflow/example_dags/example_branch_labels.py
[2025-02-11T15:02:52.922+0000] {logging_mixin.py:190} INFO - [2025-02-11T15:02:52.921+0000] {dag.py:3239} INFO - Sync 1 DAGs
[2025-02-11T15:02:53.033+0000] {logging_mixin.py:190} INFO - [2025-02-11T15:02:53.032+0000] {dag.py:4180} INFO - Setting next_dagrun for example_branch_labels to 2025-02-10 00:00:00+00:00, run_after=2025-02-11 00:00:00+00:00
[2025-02-11T15:02:53.155+0000] {processor.py:208} INFO - Processing /home/airflow/.local/lib/python3.12/site-packages/airflow/example_dags/example_branch_labels.py took 0.428 seconds
