[2025-02-11T14:58:16.947+0000] {processor.py:186} INFO - Started process (PID=65) to work on /home/airflow/.local/lib/python3.12/site-packages/airflow/example_dags/example_sla_dag.py
[2025-02-11T14:58:16.950+0000] {processor.py:914} INFO - Processing file /home/airflow/.local/lib/python3.12/site-packages/airflow/example_dags/example_sla_dag.py for tasks to queue
[2025-02-11T14:58:16.962+0000] {logging_mixin.py:190} INFO - [2025-02-11T14:58:16.961+0000] {dagbag.py:588} INFO - Filling up the DagBag from /home/airflow/.local/lib/python3.12/site-packages/airflow/example_dags/example_sla_dag.py
[2025-02-11T14:58:17.012+0000] {processor.py:925} INFO - DAG(s) 'example_sla_dag' retrieved from /home/airflow/.local/lib/python3.12/site-packages/airflow/example_dags/example_sla_dag.py
[2025-02-11T14:58:19.243+0000] {logging_mixin.py:190} INFO - [2025-02-11T14:58:19.229+0000] {override.py:1911} INFO - Created Permission View: can edit on DAG:example_sla_dag
[2025-02-11T14:58:19.343+0000] {logging_mixin.py:190} INFO - [2025-02-11T14:58:19.342+0000] {override.py:1911} INFO - Created Permission View: can read on DAG:example_sla_dag
[2025-02-11T14:58:19.399+0000] {logging_mixin.py:190} INFO - [2025-02-11T14:58:19.398+0000] {override.py:1911} INFO - Created Permission View: can delete on DAG:example_sla_dag
[2025-02-11T14:58:19.449+0000] {logging_mixin.py:190} INFO - [2025-02-11T14:58:19.447+0000] {override.py:1911} INFO - Created Permission View: can create on DAG Run:example_sla_dag
[2025-02-11T14:58:19.477+0000] {logging_mixin.py:190} INFO - [2025-02-11T14:58:19.475+0000] {override.py:1911} INFO - Created Permission View: menu access on DAG Run:example_sla_dag
[2025-02-11T14:58:19.516+0000] {logging_mixin.py:190} INFO - [2025-02-11T14:58:19.512+0000] {override.py:1911} INFO - Created Permission View: can read on DAG Run:example_sla_dag
[2025-02-11T14:58:19.543+0000] {logging_mixin.py:190} INFO - [2025-02-11T14:58:19.542+0000] {override.py:1911} INFO - Created Permission View: can delete on DAG Run:example_sla_dag
[2025-02-11T14:58:19.548+0000] {logging_mixin.py:190} INFO - [2025-02-11T14:58:19.546+0000] {dag.py:3239} INFO - Sync 1 DAGs
[2025-02-11T14:58:19.606+0000] {logging_mixin.py:190} INFO - [2025-02-11T14:58:19.605+0000] {dag.py:3262} INFO - Creating ORM DAG for example_sla_dag
[2025-02-11T14:58:19.672+0000] {logging_mixin.py:190} INFO - [2025-02-11T14:58:19.671+0000] {dag.py:4180} INFO - Setting next_dagrun for example_sla_dag to 2025-02-11 14:56:00+00:00, run_after=2025-02-11 14:58:00+00:00
[2025-02-11T14:58:19.763+0000] {processor.py:208} INFO - Processing /home/airflow/.local/lib/python3.12/site-packages/airflow/example_dags/example_sla_dag.py took 2.847 seconds
[2025-02-11T14:59:02.749+0000] {processor.py:186} INFO - Started process (PID=129) to work on /home/airflow/.local/lib/python3.12/site-packages/airflow/example_dags/example_sla_dag.py
[2025-02-11T14:59:02.754+0000] {processor.py:914} INFO - Processing file /home/airflow/.local/lib/python3.12/site-packages/airflow/example_dags/example_sla_dag.py for tasks to queue
[2025-02-11T14:59:02.760+0000] {logging_mixin.py:190} INFO - [2025-02-11T14:59:02.759+0000] {dagbag.py:588} INFO - Filling up the DagBag from /home/airflow/.local/lib/python3.12/site-packages/airflow/example_dags/example_sla_dag.py
[2025-02-11T14:59:02.794+0000] {processor.py:925} INFO - DAG(s) 'example_sla_dag' retrieved from /home/airflow/.local/lib/python3.12/site-packages/airflow/example_dags/example_sla_dag.py
[2025-02-11T14:59:02.855+0000] {logging_mixin.py:190} INFO - [2025-02-11T14:59:02.854+0000] {dag.py:3239} INFO - Sync 1 DAGs
[2025-02-11T14:59:02.924+0000] {logging_mixin.py:190} INFO - [2025-02-11T14:59:02.924+0000] {dag.py:4180} INFO - Setting next_dagrun for example_sla_dag to 2025-02-11 14:56:00+00:00, run_after=2025-02-11 14:58:00+00:00
[2025-02-11T14:59:02.973+0000] {processor.py:208} INFO - Processing /home/airflow/.local/lib/python3.12/site-packages/airflow/example_dags/example_sla_dag.py took 0.242 seconds
[2025-02-11T14:59:34.952+0000] {processor.py:186} INFO - Started process (PID=192) to work on /home/airflow/.local/lib/python3.12/site-packages/airflow/example_dags/example_sla_dag.py
[2025-02-11T14:59:34.958+0000] {processor.py:914} INFO - Processing file /home/airflow/.local/lib/python3.12/site-packages/airflow/example_dags/example_sla_dag.py for tasks to queue
[2025-02-11T14:59:34.967+0000] {logging_mixin.py:190} INFO - [2025-02-11T14:59:34.966+0000] {dagbag.py:588} INFO - Filling up the DagBag from /home/airflow/.local/lib/python3.12/site-packages/airflow/example_dags/example_sla_dag.py
[2025-02-11T14:59:35.000+0000] {processor.py:925} INFO - DAG(s) 'example_sla_dag' retrieved from /home/airflow/.local/lib/python3.12/site-packages/airflow/example_dags/example_sla_dag.py
[2025-02-11T14:59:35.069+0000] {logging_mixin.py:190} INFO - [2025-02-11T14:59:35.068+0000] {dag.py:3239} INFO - Sync 1 DAGs
[2025-02-11T14:59:35.151+0000] {logging_mixin.py:190} INFO - [2025-02-11T14:59:35.150+0000] {dag.py:4180} INFO - Setting next_dagrun for example_sla_dag to 2025-02-11 14:56:00+00:00, run_after=2025-02-11 14:58:00+00:00
[2025-02-11T14:59:35.213+0000] {processor.py:208} INFO - Processing /home/airflow/.local/lib/python3.12/site-packages/airflow/example_dags/example_sla_dag.py took 0.285 seconds
[2025-02-11T15:00:08.748+0000] {processor.py:186} INFO - Started process (PID=256) to work on /home/airflow/.local/lib/python3.12/site-packages/airflow/example_dags/example_sla_dag.py
[2025-02-11T15:00:08.758+0000] {processor.py:914} INFO - Processing file /home/airflow/.local/lib/python3.12/site-packages/airflow/example_dags/example_sla_dag.py for tasks to queue
[2025-02-11T15:00:08.782+0000] {logging_mixin.py:190} INFO - [2025-02-11T15:00:08.781+0000] {dagbag.py:588} INFO - Filling up the DagBag from /home/airflow/.local/lib/python3.12/site-packages/airflow/example_dags/example_sla_dag.py
[2025-02-11T15:00:08.846+0000] {processor.py:925} INFO - DAG(s) 'example_sla_dag' retrieved from /home/airflow/.local/lib/python3.12/site-packages/airflow/example_dags/example_sla_dag.py
[2025-02-11T15:00:08.981+0000] {logging_mixin.py:190} INFO - [2025-02-11T15:00:08.981+0000] {dag.py:3239} INFO - Sync 1 DAGs
[2025-02-11T15:00:09.135+0000] {logging_mixin.py:190} INFO - [2025-02-11T15:00:09.134+0000] {dag.py:4180} INFO - Setting next_dagrun for example_sla_dag to 2025-02-11 14:58:00+00:00, run_after=2025-02-11 15:00:00+00:00
[2025-02-11T15:00:09.208+0000] {processor.py:208} INFO - Processing /home/airflow/.local/lib/python3.12/site-packages/airflow/example_dags/example_sla_dag.py took 0.492 seconds
[2025-02-11T15:00:39.497+0000] {processor.py:186} INFO - Started process (PID=318) to work on /home/airflow/.local/lib/python3.12/site-packages/airflow/example_dags/example_sla_dag.py
[2025-02-11T15:00:39.502+0000] {processor.py:914} INFO - Processing file /home/airflow/.local/lib/python3.12/site-packages/airflow/example_dags/example_sla_dag.py for tasks to queue
[2025-02-11T15:00:39.511+0000] {logging_mixin.py:190} INFO - [2025-02-11T15:00:39.511+0000] {dagbag.py:588} INFO - Filling up the DagBag from /home/airflow/.local/lib/python3.12/site-packages/airflow/example_dags/example_sla_dag.py
[2025-02-11T15:00:39.608+0000] {processor.py:925} INFO - DAG(s) 'example_sla_dag' retrieved from /home/airflow/.local/lib/python3.12/site-packages/airflow/example_dags/example_sla_dag.py
[2025-02-11T15:00:39.863+0000] {logging_mixin.py:190} INFO - [2025-02-11T15:00:39.862+0000] {dag.py:3239} INFO - Sync 1 DAGs
[2025-02-11T15:00:40.052+0000] {logging_mixin.py:190} INFO - [2025-02-11T15:00:40.052+0000] {dag.py:4180} INFO - Setting next_dagrun for example_sla_dag to 2025-02-11 14:58:00+00:00, run_after=2025-02-11 15:00:00+00:00
[2025-02-11T15:00:40.219+0000] {processor.py:208} INFO - Processing /home/airflow/.local/lib/python3.12/site-packages/airflow/example_dags/example_sla_dag.py took 0.744 seconds
[2025-02-11T15:01:10.682+0000] {processor.py:186} INFO - Started process (PID=380) to work on /home/airflow/.local/lib/python3.12/site-packages/airflow/example_dags/example_sla_dag.py
[2025-02-11T15:01:10.685+0000] {processor.py:914} INFO - Processing file /home/airflow/.local/lib/python3.12/site-packages/airflow/example_dags/example_sla_dag.py for tasks to queue
[2025-02-11T15:01:10.694+0000] {logging_mixin.py:190} INFO - [2025-02-11T15:01:10.694+0000] {dagbag.py:588} INFO - Filling up the DagBag from /home/airflow/.local/lib/python3.12/site-packages/airflow/example_dags/example_sla_dag.py
[2025-02-11T15:01:10.715+0000] {processor.py:925} INFO - DAG(s) 'example_sla_dag' retrieved from /home/airflow/.local/lib/python3.12/site-packages/airflow/example_dags/example_sla_dag.py
[2025-02-11T15:01:10.754+0000] {logging_mixin.py:190} INFO - [2025-02-11T15:01:10.754+0000] {dag.py:3239} INFO - Sync 1 DAGs
[2025-02-11T15:01:10.803+0000] {logging_mixin.py:190} INFO - [2025-02-11T15:01:10.803+0000] {dag.py:4180} INFO - Setting next_dagrun for example_sla_dag to 2025-02-11 14:58:00+00:00, run_after=2025-02-11 15:00:00+00:00
[2025-02-11T15:01:10.838+0000] {processor.py:208} INFO - Processing /home/airflow/.local/lib/python3.12/site-packages/airflow/example_dags/example_sla_dag.py took 0.170 seconds
[2025-02-11T15:01:41.658+0000] {processor.py:186} INFO - Started process (PID=444) to work on /home/airflow/.local/lib/python3.12/site-packages/airflow/example_dags/example_sla_dag.py
[2025-02-11T15:01:41.666+0000] {processor.py:914} INFO - Processing file /home/airflow/.local/lib/python3.12/site-packages/airflow/example_dags/example_sla_dag.py for tasks to queue
[2025-02-11T15:01:41.681+0000] {logging_mixin.py:190} INFO - [2025-02-11T15:01:41.678+0000] {dagbag.py:588} INFO - Filling up the DagBag from /home/airflow/.local/lib/python3.12/site-packages/airflow/example_dags/example_sla_dag.py
[2025-02-11T15:01:41.873+0000] {processor.py:925} INFO - DAG(s) 'example_sla_dag' retrieved from /home/airflow/.local/lib/python3.12/site-packages/airflow/example_dags/example_sla_dag.py
[2025-02-11T15:01:42.118+0000] {logging_mixin.py:190} INFO - [2025-02-11T15:01:42.117+0000] {dag.py:3239} INFO - Sync 1 DAGs
[2025-02-11T15:01:42.218+0000] {logging_mixin.py:190} INFO - [2025-02-11T15:01:42.217+0000] {dag.py:4180} INFO - Setting next_dagrun for example_sla_dag to 2025-02-11 14:58:00+00:00, run_after=2025-02-11 15:00:00+00:00
[2025-02-11T15:01:42.315+0000] {processor.py:208} INFO - Processing /home/airflow/.local/lib/python3.12/site-packages/airflow/example_dags/example_sla_dag.py took 0.774 seconds
[2025-02-11T15:02:14.247+0000] {processor.py:186} INFO - Started process (PID=508) to work on /home/airflow/.local/lib/python3.12/site-packages/airflow/example_dags/example_sla_dag.py
[2025-02-11T15:02:14.258+0000] {processor.py:914} INFO - Processing file /home/airflow/.local/lib/python3.12/site-packages/airflow/example_dags/example_sla_dag.py for tasks to queue
[2025-02-11T15:02:14.279+0000] {logging_mixin.py:190} INFO - [2025-02-11T15:02:14.276+0000] {dagbag.py:588} INFO - Filling up the DagBag from /home/airflow/.local/lib/python3.12/site-packages/airflow/example_dags/example_sla_dag.py
[2025-02-11T15:02:14.407+0000] {processor.py:925} INFO - DAG(s) 'example_sla_dag' retrieved from /home/airflow/.local/lib/python3.12/site-packages/airflow/example_dags/example_sla_dag.py
[2025-02-11T15:02:14.679+0000] {logging_mixin.py:190} INFO - [2025-02-11T15:02:14.678+0000] {dag.py:3239} INFO - Sync 1 DAGs
[2025-02-11T15:02:14.931+0000] {logging_mixin.py:190} INFO - [2025-02-11T15:02:14.930+0000] {dag.py:4180} INFO - Setting next_dagrun for example_sla_dag to 2025-02-11 15:00:00+00:00, run_after=2025-02-11 15:02:00+00:00
[2025-02-11T15:02:15.023+0000] {processor.py:208} INFO - Processing /home/airflow/.local/lib/python3.12/site-packages/airflow/example_dags/example_sla_dag.py took 0.796 seconds
[2025-02-11T15:02:57.086+0000] {processor.py:186} INFO - Started process (PID=580) to work on /home/airflow/.local/lib/python3.12/site-packages/airflow/example_dags/example_sla_dag.py
[2025-02-11T15:02:57.107+0000] {processor.py:914} INFO - Processing file /home/airflow/.local/lib/python3.12/site-packages/airflow/example_dags/example_sla_dag.py for tasks to queue
[2025-02-11T15:02:57.116+0000] {logging_mixin.py:190} INFO - [2025-02-11T15:02:57.115+0000] {dagbag.py:588} INFO - Filling up the DagBag from /home/airflow/.local/lib/python3.12/site-packages/airflow/example_dags/example_sla_dag.py
[2025-02-11T15:02:57.147+0000] {processor.py:925} INFO - DAG(s) 'example_sla_dag' retrieved from /home/airflow/.local/lib/python3.12/site-packages/airflow/example_dags/example_sla_dag.py
[2025-02-11T15:02:57.219+0000] {logging_mixin.py:190} INFO - [2025-02-11T15:02:57.218+0000] {dag.py:3239} INFO - Sync 1 DAGs
[2025-02-11T15:02:57.315+0000] {logging_mixin.py:190} INFO - [2025-02-11T15:02:57.314+0000] {dag.py:4180} INFO - Setting next_dagrun for example_sla_dag to 2025-02-11 15:00:00+00:00, run_after=2025-02-11 15:02:00+00:00
[2025-02-11T15:02:57.382+0000] {processor.py:208} INFO - Processing /home/airflow/.local/lib/python3.12/site-packages/airflow/example_dags/example_sla_dag.py took 0.337 seconds
