[2025-02-11T14:58:09.679+0000] {processor.py:186} INFO - Started process (PID=57) to work on /home/airflow/.local/lib/python3.12/site-packages/airflow/example_dags/example_datasets.py
[2025-02-11T14:58:09.684+0000] {processor.py:914} INFO - Processing file /home/airflow/.local/lib/python3.12/site-packages/airflow/example_dags/example_datasets.py for tasks to queue
[2025-02-11T14:58:09.701+0000] {logging_mixin.py:190} INFO - [2025-02-11T14:58:09.694+0000] {dagbag.py:588} INFO - Filling up the DagBag from /home/airflow/.local/lib/python3.12/site-packages/airflow/example_dags/example_datasets.py
[2025-02-11T14:58:15.834+0000] {processor.py:925} INFO - DAG(s) 'consume_1_or_both_2_and_3_with_dataset_expressions', 'dataset_consumes_1_never_scheduled', 'dataset_produces_2', 'consume_1_and_2_with_dataset_expressions', 'dataset_consumes_1', 'dataset_consumes_1_and_2', 'dataset_produces_1', 'consume_1_or_2_with_dataset_expressions', 'dataset_consumes_unknown_never_scheduled', 'conditional_dataset_and_time_based_timetable' retrieved from /home/airflow/.local/lib/python3.12/site-packages/airflow/example_dags/example_datasets.py
[2025-02-11T14:58:16.720+0000] {logging_mixin.py:190} INFO - [2025-02-11T14:58:16.719+0000] {override.py:1911} INFO - Created Permission View: can edit on DAG:consume_1_or_both_2_and_3_with_dataset_expressions
[2025-02-11T14:58:16.776+0000] {logging_mixin.py:190} INFO - [2025-02-11T14:58:16.773+0000] {override.py:1911} INFO - Created Permission View: can read on DAG:consume_1_or_both_2_and_3_with_dataset_expressions
[2025-02-11T14:58:16.805+0000] {logging_mixin.py:190} INFO - [2025-02-11T14:58:16.804+0000] {override.py:1911} INFO - Created Permission View: can delete on DAG:consume_1_or_both_2_and_3_with_dataset_expressions
[2025-02-11T14:58:16.848+0000] {logging_mixin.py:190} INFO - [2025-02-11T14:58:16.847+0000] {override.py:1911} INFO - Created Permission View: can create on DAG Run:consume_1_or_both_2_and_3_with_dataset_expressions
[2025-02-11T14:58:16.880+0000] {logging_mixin.py:190} INFO - [2025-02-11T14:58:16.879+0000] {override.py:1911} INFO - Created Permission View: menu access on DAG Run:consume_1_or_both_2_and_3_with_dataset_expressions
[2025-02-11T14:58:16.919+0000] {logging_mixin.py:190} INFO - [2025-02-11T14:58:16.916+0000] {override.py:1911} INFO - Created Permission View: can read on DAG Run:consume_1_or_both_2_and_3_with_dataset_expressions
[2025-02-11T14:58:16.942+0000] {logging_mixin.py:190} INFO - [2025-02-11T14:58:16.941+0000] {override.py:1911} INFO - Created Permission View: can delete on DAG Run:consume_1_or_both_2_and_3_with_dataset_expressions
[2025-02-11T14:58:17.007+0000] {logging_mixin.py:190} INFO - [2025-02-11T14:58:17.006+0000] {override.py:1911} INFO - Created Permission View: can edit on DAG:dataset_consumes_1_never_scheduled
[2025-02-11T14:58:17.036+0000] {logging_mixin.py:190} INFO - [2025-02-11T14:58:17.035+0000] {override.py:1911} INFO - Created Permission View: can read on DAG:dataset_consumes_1_never_scheduled
[2025-02-11T14:58:17.056+0000] {logging_mixin.py:190} INFO - [2025-02-11T14:58:17.055+0000] {override.py:1911} INFO - Created Permission View: can delete on DAG:dataset_consumes_1_never_scheduled
[2025-02-11T14:58:17.082+0000] {logging_mixin.py:190} INFO - [2025-02-11T14:58:17.081+0000] {override.py:1911} INFO - Created Permission View: can create on DAG Run:dataset_consumes_1_never_scheduled
[2025-02-11T14:58:17.105+0000] {logging_mixin.py:190} INFO - [2025-02-11T14:58:17.104+0000] {override.py:1911} INFO - Created Permission View: menu access on DAG Run:dataset_consumes_1_never_scheduled
[2025-02-11T14:58:17.145+0000] {logging_mixin.py:190} INFO - [2025-02-11T14:58:17.126+0000] {override.py:1911} INFO - Created Permission View: can read on DAG Run:dataset_consumes_1_never_scheduled
[2025-02-11T14:58:17.188+0000] {logging_mixin.py:190} INFO - [2025-02-11T14:58:17.188+0000] {override.py:1911} INFO - Created Permission View: can delete on DAG Run:dataset_consumes_1_never_scheduled
[2025-02-11T14:58:17.227+0000] {logging_mixin.py:190} INFO - [2025-02-11T14:58:17.225+0000] {override.py:1911} INFO - Created Permission View: can edit on DAG:dataset_produces_2
[2025-02-11T14:58:17.319+0000] {logging_mixin.py:190} INFO - [2025-02-11T14:58:17.318+0000] {override.py:1911} INFO - Created Permission View: can read on DAG:dataset_produces_2
[2025-02-11T14:58:17.344+0000] {logging_mixin.py:190} INFO - [2025-02-11T14:58:17.343+0000] {override.py:1911} INFO - Created Permission View: can delete on DAG:dataset_produces_2
[2025-02-11T14:58:18.348+0000] {logging_mixin.py:190} INFO - [2025-02-11T14:58:18.346+0000] {override.py:1911} INFO - Created Permission View: can create on DAG Run:dataset_produces_2
[2025-02-11T14:58:18.447+0000] {logging_mixin.py:190} INFO - [2025-02-11T14:58:18.445+0000] {override.py:1911} INFO - Created Permission View: menu access on DAG Run:dataset_produces_2
[2025-02-11T14:58:18.664+0000] {logging_mixin.py:190} INFO - [2025-02-11T14:58:18.664+0000] {override.py:1911} INFO - Created Permission View: can read on DAG Run:dataset_produces_2
[2025-02-11T14:58:18.877+0000] {logging_mixin.py:190} INFO - [2025-02-11T14:58:18.851+0000] {override.py:1911} INFO - Created Permission View: can delete on DAG Run:dataset_produces_2
[2025-02-11T14:58:19.118+0000] {logging_mixin.py:190} INFO - [2025-02-11T14:58:19.118+0000] {override.py:1911} INFO - Created Permission View: can edit on DAG:consume_1_and_2_with_dataset_expressions
[2025-02-11T14:58:19.147+0000] {logging_mixin.py:190} INFO - [2025-02-11T14:58:19.146+0000] {override.py:1911} INFO - Created Permission View: can read on DAG:consume_1_and_2_with_dataset_expressions
[2025-02-11T14:58:19.193+0000] {logging_mixin.py:190} INFO - [2025-02-11T14:58:19.189+0000] {override.py:1911} INFO - Created Permission View: can delete on DAG:consume_1_and_2_with_dataset_expressions
[2025-02-11T14:58:19.258+0000] {logging_mixin.py:190} INFO - [2025-02-11T14:58:19.257+0000] {override.py:1911} INFO - Created Permission View: can create on DAG Run:consume_1_and_2_with_dataset_expressions
[2025-02-11T14:58:19.304+0000] {logging_mixin.py:190} INFO - [2025-02-11T14:58:19.303+0000] {override.py:1911} INFO - Created Permission View: menu access on DAG Run:consume_1_and_2_with_dataset_expressions
[2025-02-11T14:58:19.343+0000] {logging_mixin.py:190} INFO - [2025-02-11T14:58:19.343+0000] {override.py:1911} INFO - Created Permission View: can read on DAG Run:consume_1_and_2_with_dataset_expressions
[2025-02-11T14:58:19.407+0000] {logging_mixin.py:190} INFO - [2025-02-11T14:58:19.406+0000] {override.py:1911} INFO - Created Permission View: can delete on DAG Run:consume_1_and_2_with_dataset_expressions
[2025-02-11T14:58:19.466+0000] {logging_mixin.py:190} INFO - [2025-02-11T14:58:19.465+0000] {override.py:1911} INFO - Created Permission View: can edit on DAG:dataset_consumes_1
[2025-02-11T14:58:19.490+0000] {logging_mixin.py:190} INFO - [2025-02-11T14:58:19.489+0000] {override.py:1911} INFO - Created Permission View: can read on DAG:dataset_consumes_1
[2025-02-11T14:58:19.508+0000] {logging_mixin.py:190} INFO - [2025-02-11T14:58:19.507+0000] {override.py:1911} INFO - Created Permission View: can delete on DAG:dataset_consumes_1
[2025-02-11T14:58:19.534+0000] {logging_mixin.py:190} INFO - [2025-02-11T14:58:19.533+0000] {override.py:1911} INFO - Created Permission View: can create on DAG Run:dataset_consumes_1
[2025-02-11T14:58:19.556+0000] {logging_mixin.py:190} INFO - [2025-02-11T14:58:19.555+0000] {override.py:1911} INFO - Created Permission View: menu access on DAG Run:dataset_consumes_1
[2025-02-11T14:58:19.573+0000] {logging_mixin.py:190} INFO - [2025-02-11T14:58:19.573+0000] {override.py:1911} INFO - Created Permission View: can read on DAG Run:dataset_consumes_1
[2025-02-11T14:58:19.593+0000] {logging_mixin.py:190} INFO - [2025-02-11T14:58:19.593+0000] {override.py:1911} INFO - Created Permission View: can delete on DAG Run:dataset_consumes_1
[2025-02-11T14:58:19.633+0000] {logging_mixin.py:190} INFO - [2025-02-11T14:58:19.632+0000] {override.py:1911} INFO - Created Permission View: can edit on DAG:dataset_consumes_1_and_2
[2025-02-11T14:58:19.651+0000] {logging_mixin.py:190} INFO - [2025-02-11T14:58:19.650+0000] {override.py:1911} INFO - Created Permission View: can read on DAG:dataset_consumes_1_and_2
[2025-02-11T14:58:19.681+0000] {logging_mixin.py:190} INFO - [2025-02-11T14:58:19.680+0000] {override.py:1911} INFO - Created Permission View: can delete on DAG:dataset_consumes_1_and_2
[2025-02-11T14:58:19.726+0000] {logging_mixin.py:190} INFO - [2025-02-11T14:58:19.725+0000] {override.py:1911} INFO - Created Permission View: can create on DAG Run:dataset_consumes_1_and_2
[2025-02-11T14:58:19.778+0000] {logging_mixin.py:190} INFO - [2025-02-11T14:58:19.777+0000] {override.py:1911} INFO - Created Permission View: menu access on DAG Run:dataset_consumes_1_and_2
[2025-02-11T14:58:19.823+0000] {logging_mixin.py:190} INFO - [2025-02-11T14:58:19.822+0000] {override.py:1911} INFO - Created Permission View: can read on DAG Run:dataset_consumes_1_and_2
[2025-02-11T14:58:19.857+0000] {logging_mixin.py:190} INFO - [2025-02-11T14:58:19.856+0000] {override.py:1911} INFO - Created Permission View: can delete on DAG Run:dataset_consumes_1_and_2
[2025-02-11T14:58:19.902+0000] {logging_mixin.py:190} INFO - [2025-02-11T14:58:19.900+0000] {override.py:1911} INFO - Created Permission View: can edit on DAG:dataset_produces_1
[2025-02-11T14:58:19.975+0000] {logging_mixin.py:190} INFO - [2025-02-11T14:58:19.972+0000] {override.py:1911} INFO - Created Permission View: can read on DAG:dataset_produces_1
[2025-02-11T14:58:20.042+0000] {logging_mixin.py:190} INFO - [2025-02-11T14:58:20.041+0000] {override.py:1911} INFO - Created Permission View: can delete on DAG:dataset_produces_1
[2025-02-11T14:58:20.119+0000] {logging_mixin.py:190} INFO - [2025-02-11T14:58:20.114+0000] {override.py:1911} INFO - Created Permission View: can create on DAG Run:dataset_produces_1
[2025-02-11T14:58:20.203+0000] {logging_mixin.py:190} INFO - [2025-02-11T14:58:20.202+0000] {override.py:1911} INFO - Created Permission View: menu access on DAG Run:dataset_produces_1
[2025-02-11T14:58:20.279+0000] {logging_mixin.py:190} INFO - [2025-02-11T14:58:20.279+0000] {override.py:1911} INFO - Created Permission View: can read on DAG Run:dataset_produces_1
[2025-02-11T14:58:20.378+0000] {logging_mixin.py:190} INFO - [2025-02-11T14:58:20.377+0000] {override.py:1911} INFO - Created Permission View: can delete on DAG Run:dataset_produces_1
[2025-02-11T14:58:20.458+0000] {logging_mixin.py:190} INFO - [2025-02-11T14:58:20.457+0000] {override.py:1911} INFO - Created Permission View: can edit on DAG:consume_1_or_2_with_dataset_expressions
[2025-02-11T14:58:20.486+0000] {logging_mixin.py:190} INFO - [2025-02-11T14:58:20.485+0000] {override.py:1911} INFO - Created Permission View: can read on DAG:consume_1_or_2_with_dataset_expressions
[2025-02-11T14:58:20.523+0000] {logging_mixin.py:190} INFO - [2025-02-11T14:58:20.522+0000] {override.py:1911} INFO - Created Permission View: can delete on DAG:consume_1_or_2_with_dataset_expressions
[2025-02-11T14:58:20.563+0000] {logging_mixin.py:190} INFO - [2025-02-11T14:58:20.562+0000] {override.py:1911} INFO - Created Permission View: can create on DAG Run:consume_1_or_2_with_dataset_expressions
[2025-02-11T14:58:20.728+0000] {logging_mixin.py:190} INFO - [2025-02-11T14:58:20.726+0000] {override.py:1911} INFO - Created Permission View: menu access on DAG Run:consume_1_or_2_with_dataset_expressions
[2025-02-11T14:58:20.984+0000] {logging_mixin.py:190} INFO - [2025-02-11T14:58:20.981+0000] {override.py:1911} INFO - Created Permission View: can read on DAG Run:consume_1_or_2_with_dataset_expressions
[2025-02-11T14:58:21.210+0000] {logging_mixin.py:190} INFO - [2025-02-11T14:58:21.209+0000] {override.py:1911} INFO - Created Permission View: can delete on DAG Run:consume_1_or_2_with_dataset_expressions
[2025-02-11T14:58:21.493+0000] {logging_mixin.py:190} INFO - [2025-02-11T14:58:21.482+0000] {override.py:1911} INFO - Created Permission View: can edit on DAG:dataset_consumes_unknown_never_scheduled
[2025-02-11T14:58:21.554+0000] {logging_mixin.py:190} INFO - [2025-02-11T14:58:21.552+0000] {override.py:1911} INFO - Created Permission View: can read on DAG:dataset_consumes_unknown_never_scheduled
[2025-02-11T14:58:21.601+0000] {logging_mixin.py:190} INFO - [2025-02-11T14:58:21.598+0000] {override.py:1911} INFO - Created Permission View: can delete on DAG:dataset_consumes_unknown_never_scheduled
[2025-02-11T14:58:21.636+0000] {logging_mixin.py:190} INFO - [2025-02-11T14:58:21.634+0000] {override.py:1911} INFO - Created Permission View: can create on DAG Run:dataset_consumes_unknown_never_scheduled
[2025-02-11T14:58:21.699+0000] {logging_mixin.py:190} INFO - [2025-02-11T14:58:21.699+0000] {override.py:1911} INFO - Created Permission View: menu access on DAG Run:dataset_consumes_unknown_never_scheduled
[2025-02-11T14:58:21.730+0000] {logging_mixin.py:190} INFO - [2025-02-11T14:58:21.730+0000] {override.py:1911} INFO - Created Permission View: can read on DAG Run:dataset_consumes_unknown_never_scheduled
[2025-02-11T14:58:21.755+0000] {logging_mixin.py:190} INFO - [2025-02-11T14:58:21.754+0000] {override.py:1911} INFO - Created Permission View: can delete on DAG Run:dataset_consumes_unknown_never_scheduled
[2025-02-11T14:58:21.792+0000] {logging_mixin.py:190} INFO - [2025-02-11T14:58:21.791+0000] {override.py:1911} INFO - Created Permission View: can edit on DAG:conditional_dataset_and_time_based_timetable
[2025-02-11T14:58:21.810+0000] {logging_mixin.py:190} INFO - [2025-02-11T14:58:21.810+0000] {override.py:1911} INFO - Created Permission View: can read on DAG:conditional_dataset_and_time_based_timetable
[2025-02-11T14:58:21.835+0000] {logging_mixin.py:190} INFO - [2025-02-11T14:58:21.834+0000] {override.py:1911} INFO - Created Permission View: can delete on DAG:conditional_dataset_and_time_based_timetable
[2025-02-11T14:58:21.865+0000] {logging_mixin.py:190} INFO - [2025-02-11T14:58:21.863+0000] {override.py:1911} INFO - Created Permission View: can create on DAG Run:conditional_dataset_and_time_based_timetable
[2025-02-11T14:58:21.908+0000] {logging_mixin.py:190} INFO - [2025-02-11T14:58:21.907+0000] {override.py:1911} INFO - Created Permission View: menu access on DAG Run:conditional_dataset_and_time_based_timetable
[2025-02-11T14:58:21.977+0000] {logging_mixin.py:190} INFO - [2025-02-11T14:58:21.972+0000] {override.py:1911} INFO - Created Permission View: can read on DAG Run:conditional_dataset_and_time_based_timetable
[2025-02-11T14:58:22.005+0000] {logging_mixin.py:190} INFO - [2025-02-11T14:58:22.004+0000] {override.py:1911} INFO - Created Permission View: can delete on DAG Run:conditional_dataset_and_time_based_timetable
[2025-02-11T14:58:22.008+0000] {logging_mixin.py:190} INFO - [2025-02-11T14:58:22.007+0000] {dag.py:3239} INFO - Sync 10 DAGs
[2025-02-11T14:58:22.060+0000] {logging_mixin.py:190} INFO - [2025-02-11T14:58:22.058+0000] {dag.py:3262} INFO - Creating ORM DAG for conditional_dataset_and_time_based_timetable
[2025-02-11T14:58:22.067+0000] {logging_mixin.py:190} INFO - [2025-02-11T14:58:22.066+0000] {dag.py:3262} INFO - Creating ORM DAG for dataset_consumes_1
[2025-02-11T14:58:22.072+0000] {logging_mixin.py:190} INFO - [2025-02-11T14:58:22.072+0000] {dag.py:3262} INFO - Creating ORM DAG for consume_1_or_2_with_dataset_expressions
[2025-02-11T14:58:22.076+0000] {logging_mixin.py:190} INFO - [2025-02-11T14:58:22.076+0000] {dag.py:3262} INFO - Creating ORM DAG for consume_1_and_2_with_dataset_expressions
[2025-02-11T14:58:22.080+0000] {logging_mixin.py:190} INFO - [2025-02-11T14:58:22.079+0000] {dag.py:3262} INFO - Creating ORM DAG for dataset_consumes_unknown_never_scheduled
[2025-02-11T14:58:22.083+0000] {logging_mixin.py:190} INFO - [2025-02-11T14:58:22.083+0000] {dag.py:3262} INFO - Creating ORM DAG for dataset_produces_2
[2025-02-11T14:58:22.088+0000] {logging_mixin.py:190} INFO - [2025-02-11T14:58:22.086+0000] {dag.py:3262} INFO - Creating ORM DAG for consume_1_or_both_2_and_3_with_dataset_expressions
[2025-02-11T14:58:22.094+0000] {logging_mixin.py:190} INFO - [2025-02-11T14:58:22.093+0000] {dag.py:3262} INFO - Creating ORM DAG for dataset_consumes_1_never_scheduled
[2025-02-11T14:58:22.107+0000] {logging_mixin.py:190} INFO - [2025-02-11T14:58:22.106+0000] {dag.py:3262} INFO - Creating ORM DAG for dataset_produces_1
[2025-02-11T14:58:22.119+0000] {logging_mixin.py:190} INFO - [2025-02-11T14:58:22.117+0000] {dag.py:3262} INFO - Creating ORM DAG for dataset_consumes_1_and_2
[2025-02-11T14:58:22.193+0000] {logging_mixin.py:190} INFO - [2025-02-11T14:58:22.192+0000] {dag.py:4180} INFO - Setting next_dagrun for conditional_dataset_and_time_based_timetable to 2025-02-05 01:00:00+00:00, run_after=2025-02-05 01:00:00+00:00
[2025-02-11T14:58:22.197+0000] {logging_mixin.py:190} INFO - [2025-02-11T14:58:22.196+0000] {dag.py:4180} INFO - Setting next_dagrun for consume_1_and_2_with_dataset_expressions to None, run_after=None
[2025-02-11T14:58:22.199+0000] {logging_mixin.py:190} INFO - [2025-02-11T14:58:22.199+0000] {dag.py:4180} INFO - Setting next_dagrun for consume_1_or_2_with_dataset_expressions to None, run_after=None
[2025-02-11T14:58:22.202+0000] {logging_mixin.py:190} INFO - [2025-02-11T14:58:22.202+0000] {dag.py:4180} INFO - Setting next_dagrun for consume_1_or_both_2_and_3_with_dataset_expressions to None, run_after=None
[2025-02-11T14:58:22.208+0000] {logging_mixin.py:190} INFO - [2025-02-11T14:58:22.207+0000] {dag.py:4180} INFO - Setting next_dagrun for dataset_consumes_1 to None, run_after=None
[2025-02-11T14:58:22.211+0000] {logging_mixin.py:190} INFO - [2025-02-11T14:58:22.211+0000] {dag.py:4180} INFO - Setting next_dagrun for dataset_consumes_1_and_2 to None, run_after=None
[2025-02-11T14:58:22.214+0000] {logging_mixin.py:190} INFO - [2025-02-11T14:58:22.214+0000] {dag.py:4180} INFO - Setting next_dagrun for dataset_consumes_1_never_scheduled to None, run_after=None
[2025-02-11T14:58:22.219+0000] {logging_mixin.py:190} INFO - [2025-02-11T14:58:22.218+0000] {dag.py:4180} INFO - Setting next_dagrun for dataset_consumes_unknown_never_scheduled to None, run_after=None
[2025-02-11T14:58:22.225+0000] {logging_mixin.py:190} INFO - [2025-02-11T14:58:22.225+0000] {dag.py:4180} INFO - Setting next_dagrun for dataset_produces_1 to 2025-02-10 00:00:00+00:00, run_after=2025-02-11 00:00:00+00:00
[2025-02-11T14:58:22.228+0000] {logging_mixin.py:190} INFO - [2025-02-11T14:58:22.228+0000] {dag.py:4180} INFO - Setting next_dagrun for dataset_produces_2 to None, run_after=None
[2025-02-11T14:58:22.393+0000] {processor.py:208} INFO - Processing /home/airflow/.local/lib/python3.12/site-packages/airflow/example_dags/example_datasets.py took 12.761 seconds
[2025-02-11T14:58:59.564+0000] {processor.py:186} INFO - Started process (PID=127) to work on /home/airflow/.local/lib/python3.12/site-packages/airflow/example_dags/example_datasets.py
[2025-02-11T14:58:59.570+0000] {processor.py:914} INFO - Processing file /home/airflow/.local/lib/python3.12/site-packages/airflow/example_dags/example_datasets.py for tasks to queue
[2025-02-11T14:58:59.611+0000] {logging_mixin.py:190} INFO - [2025-02-11T14:58:59.609+0000] {dagbag.py:588} INFO - Filling up the DagBag from /home/airflow/.local/lib/python3.12/site-packages/airflow/example_dags/example_datasets.py
[2025-02-11T14:59:02.052+0000] {processor.py:925} INFO - DAG(s) 'dataset_consumes_unknown_never_scheduled', 'dataset_consumes_1_and_2', 'dataset_produces_1', 'consume_1_and_2_with_dataset_expressions', 'dataset_consumes_1', 'consume_1_or_2_with_dataset_expressions', 'conditional_dataset_and_time_based_timetable', 'dataset_produces_2', 'dataset_consumes_1_never_scheduled', 'consume_1_or_both_2_and_3_with_dataset_expressions' retrieved from /home/airflow/.local/lib/python3.12/site-packages/airflow/example_dags/example_datasets.py
[2025-02-11T14:59:02.161+0000] {logging_mixin.py:190} INFO - [2025-02-11T14:59:02.160+0000] {dag.py:3239} INFO - Sync 10 DAGs
[2025-02-11T14:59:02.233+0000] {logging_mixin.py:190} INFO - [2025-02-11T14:59:02.231+0000] {dag.py:4180} INFO - Setting next_dagrun for conditional_dataset_and_time_based_timetable to 2025-02-05 01:00:00+00:00, run_after=2025-02-05 01:00:00+00:00
[2025-02-11T14:59:02.276+0000] {logging_mixin.py:190} INFO - [2025-02-11T14:59:02.275+0000] {dag.py:4180} INFO - Setting next_dagrun for consume_1_and_2_with_dataset_expressions to None, run_after=None
[2025-02-11T14:59:02.314+0000] {logging_mixin.py:190} INFO - [2025-02-11T14:59:02.313+0000] {dag.py:4180} INFO - Setting next_dagrun for consume_1_or_2_with_dataset_expressions to None, run_after=None
[2025-02-11T14:59:02.328+0000] {logging_mixin.py:190} INFO - [2025-02-11T14:59:02.327+0000] {dag.py:4180} INFO - Setting next_dagrun for consume_1_or_both_2_and_3_with_dataset_expressions to None, run_after=None
[2025-02-11T14:59:02.335+0000] {logging_mixin.py:190} INFO - [2025-02-11T14:59:02.335+0000] {dag.py:4180} INFO - Setting next_dagrun for dataset_consumes_1 to None, run_after=None
[2025-02-11T14:59:02.343+0000] {logging_mixin.py:190} INFO - [2025-02-11T14:59:02.342+0000] {dag.py:4180} INFO - Setting next_dagrun for dataset_consumes_1_and_2 to None, run_after=None
[2025-02-11T14:59:02.354+0000] {logging_mixin.py:190} INFO - [2025-02-11T14:59:02.353+0000] {dag.py:4180} INFO - Setting next_dagrun for dataset_consumes_1_never_scheduled to None, run_after=None
[2025-02-11T14:59:02.366+0000] {logging_mixin.py:190} INFO - [2025-02-11T14:59:02.366+0000] {dag.py:4180} INFO - Setting next_dagrun for dataset_consumes_unknown_never_scheduled to None, run_after=None
[2025-02-11T14:59:02.390+0000] {logging_mixin.py:190} INFO - [2025-02-11T14:59:02.390+0000] {dag.py:4180} INFO - Setting next_dagrun for dataset_produces_1 to 2025-02-10 00:00:00+00:00, run_after=2025-02-11 00:00:00+00:00
[2025-02-11T14:59:02.401+0000] {logging_mixin.py:190} INFO - [2025-02-11T14:59:02.400+0000] {dag.py:4180} INFO - Setting next_dagrun for dataset_produces_2 to None, run_after=None
[2025-02-11T14:59:02.629+0000] {processor.py:208} INFO - Processing /home/airflow/.local/lib/python3.12/site-packages/airflow/example_dags/example_datasets.py took 3.083 seconds
[2025-02-11T14:59:32.908+0000] {processor.py:186} INFO - Started process (PID=190) to work on /home/airflow/.local/lib/python3.12/site-packages/airflow/example_dags/example_datasets.py
[2025-02-11T14:59:32.911+0000] {processor.py:914} INFO - Processing file /home/airflow/.local/lib/python3.12/site-packages/airflow/example_dags/example_datasets.py for tasks to queue
[2025-02-11T14:59:32.918+0000] {logging_mixin.py:190} INFO - [2025-02-11T14:59:32.917+0000] {dagbag.py:588} INFO - Filling up the DagBag from /home/airflow/.local/lib/python3.12/site-packages/airflow/example_dags/example_datasets.py
[2025-02-11T14:59:34.772+0000] {processor.py:925} INFO - DAG(s) 'dataset_consumes_1_never_scheduled', 'dataset_produces_2', 'consume_1_and_2_with_dataset_expressions', 'conditional_dataset_and_time_based_timetable', 'dataset_consumes_unknown_never_scheduled', 'dataset_produces_1', 'consume_1_or_2_with_dataset_expressions', 'consume_1_or_both_2_and_3_with_dataset_expressions', 'dataset_consumes_1_and_2', 'dataset_consumes_1' retrieved from /home/airflow/.local/lib/python3.12/site-packages/airflow/example_dags/example_datasets.py
[2025-02-11T14:59:34.948+0000] {logging_mixin.py:190} INFO - [2025-02-11T14:59:34.947+0000] {dag.py:3239} INFO - Sync 10 DAGs
[2025-02-11T14:59:35.032+0000] {logging_mixin.py:190} INFO - [2025-02-11T14:59:35.031+0000] {dag.py:4180} INFO - Setting next_dagrun for conditional_dataset_and_time_based_timetable to 2025-02-05 01:00:00+00:00, run_after=2025-02-05 01:00:00+00:00
[2025-02-11T14:59:35.043+0000] {logging_mixin.py:190} INFO - [2025-02-11T14:59:35.043+0000] {dag.py:4180} INFO - Setting next_dagrun for consume_1_and_2_with_dataset_expressions to None, run_after=None
[2025-02-11T14:59:35.051+0000] {logging_mixin.py:190} INFO - [2025-02-11T14:59:35.050+0000] {dag.py:4180} INFO - Setting next_dagrun for consume_1_or_2_with_dataset_expressions to None, run_after=None
[2025-02-11T14:59:35.059+0000] {logging_mixin.py:190} INFO - [2025-02-11T14:59:35.059+0000] {dag.py:4180} INFO - Setting next_dagrun for consume_1_or_both_2_and_3_with_dataset_expressions to None, run_after=None
[2025-02-11T14:59:35.064+0000] {logging_mixin.py:190} INFO - [2025-02-11T14:59:35.064+0000] {dag.py:4180} INFO - Setting next_dagrun for dataset_consumes_1 to None, run_after=None
[2025-02-11T14:59:35.072+0000] {logging_mixin.py:190} INFO - [2025-02-11T14:59:35.071+0000] {dag.py:4180} INFO - Setting next_dagrun for dataset_consumes_1_and_2 to None, run_after=None
[2025-02-11T14:59:35.077+0000] {logging_mixin.py:190} INFO - [2025-02-11T14:59:35.077+0000] {dag.py:4180} INFO - Setting next_dagrun for dataset_consumes_1_never_scheduled to None, run_after=None
[2025-02-11T14:59:35.090+0000] {logging_mixin.py:190} INFO - [2025-02-11T14:59:35.089+0000] {dag.py:4180} INFO - Setting next_dagrun for dataset_consumes_unknown_never_scheduled to None, run_after=None
[2025-02-11T14:59:35.096+0000] {logging_mixin.py:190} INFO - [2025-02-11T14:59:35.096+0000] {dag.py:4180} INFO - Setting next_dagrun for dataset_produces_1 to 2025-02-10 00:00:00+00:00, run_after=2025-02-11 00:00:00+00:00
[2025-02-11T14:59:35.101+0000] {logging_mixin.py:190} INFO - [2025-02-11T14:59:35.100+0000] {dag.py:4180} INFO - Setting next_dagrun for dataset_produces_2 to None, run_after=None
[2025-02-11T14:59:35.218+0000] {processor.py:208} INFO - Processing /home/airflow/.local/lib/python3.12/site-packages/airflow/example_dags/example_datasets.py took 2.324 seconds
[2025-02-11T15:00:05.430+0000] {processor.py:186} INFO - Started process (PID=255) to work on /home/airflow/.local/lib/python3.12/site-packages/airflow/example_dags/example_datasets.py
[2025-02-11T15:00:05.434+0000] {processor.py:914} INFO - Processing file /home/airflow/.local/lib/python3.12/site-packages/airflow/example_dags/example_datasets.py for tasks to queue
[2025-02-11T15:00:05.443+0000] {logging_mixin.py:190} INFO - [2025-02-11T15:00:05.441+0000] {dagbag.py:588} INFO - Filling up the DagBag from /home/airflow/.local/lib/python3.12/site-packages/airflow/example_dags/example_datasets.py
[2025-02-11T15:00:09.716+0000] {processor.py:925} INFO - DAG(s) 'dataset_produces_1', 'conditional_dataset_and_time_based_timetable', 'dataset_produces_2', 'dataset_consumes_1', 'consume_1_or_2_with_dataset_expressions', 'consume_1_or_both_2_and_3_with_dataset_expressions', 'consume_1_and_2_with_dataset_expressions', 'dataset_consumes_1_and_2', 'dataset_consumes_1_never_scheduled', 'dataset_consumes_unknown_never_scheduled' retrieved from /home/airflow/.local/lib/python3.12/site-packages/airflow/example_dags/example_datasets.py
[2025-02-11T15:00:10.013+0000] {logging_mixin.py:190} INFO - [2025-02-11T15:00:10.011+0000] {dag.py:3239} INFO - Sync 10 DAGs
[2025-02-11T15:00:10.210+0000] {logging_mixin.py:190} INFO - [2025-02-11T15:00:10.206+0000] {dag.py:4180} INFO - Setting next_dagrun for conditional_dataset_and_time_based_timetable to 2025-02-05 01:00:00+00:00, run_after=2025-02-05 01:00:00+00:00
[2025-02-11T15:00:10.232+0000] {logging_mixin.py:190} INFO - [2025-02-11T15:00:10.231+0000] {dag.py:4180} INFO - Setting next_dagrun for consume_1_and_2_with_dataset_expressions to None, run_after=None
[2025-02-11T15:00:10.252+0000] {logging_mixin.py:190} INFO - [2025-02-11T15:00:10.251+0000] {dag.py:4180} INFO - Setting next_dagrun for consume_1_or_2_with_dataset_expressions to None, run_after=None
[2025-02-11T15:00:10.270+0000] {logging_mixin.py:190} INFO - [2025-02-11T15:00:10.269+0000] {dag.py:4180} INFO - Setting next_dagrun for consume_1_or_both_2_and_3_with_dataset_expressions to None, run_after=None
[2025-02-11T15:00:10.279+0000] {logging_mixin.py:190} INFO - [2025-02-11T15:00:10.278+0000] {dag.py:4180} INFO - Setting next_dagrun for dataset_consumes_1 to None, run_after=None
[2025-02-11T15:00:10.284+0000] {logging_mixin.py:190} INFO - [2025-02-11T15:00:10.284+0000] {dag.py:4180} INFO - Setting next_dagrun for dataset_consumes_1_and_2 to None, run_after=None
[2025-02-11T15:00:10.292+0000] {logging_mixin.py:190} INFO - [2025-02-11T15:00:10.290+0000] {dag.py:4180} INFO - Setting next_dagrun for dataset_consumes_1_never_scheduled to None, run_after=None
[2025-02-11T15:00:10.299+0000] {logging_mixin.py:190} INFO - [2025-02-11T15:00:10.298+0000] {dag.py:4180} INFO - Setting next_dagrun for dataset_consumes_unknown_never_scheduled to None, run_after=None
[2025-02-11T15:00:10.310+0000] {logging_mixin.py:190} INFO - [2025-02-11T15:00:10.310+0000] {dag.py:4180} INFO - Setting next_dagrun for dataset_produces_1 to 2025-02-10 00:00:00+00:00, run_after=2025-02-11 00:00:00+00:00
[2025-02-11T15:00:10.315+0000] {logging_mixin.py:190} INFO - [2025-02-11T15:00:10.315+0000] {dag.py:4180} INFO - Setting next_dagrun for dataset_produces_2 to None, run_after=None
[2025-02-11T15:00:10.447+0000] {processor.py:208} INFO - Processing /home/airflow/.local/lib/python3.12/site-packages/airflow/example_dags/example_datasets.py took 5.032 seconds
[2025-02-11T15:00:40.761+0000] {processor.py:186} INFO - Started process (PID=320) to work on /home/airflow/.local/lib/python3.12/site-packages/airflow/example_dags/example_datasets.py
[2025-02-11T15:00:40.765+0000] {processor.py:914} INFO - Processing file /home/airflow/.local/lib/python3.12/site-packages/airflow/example_dags/example_datasets.py for tasks to queue
[2025-02-11T15:00:40.781+0000] {logging_mixin.py:190} INFO - [2025-02-11T15:00:40.779+0000] {dagbag.py:588} INFO - Filling up the DagBag from /home/airflow/.local/lib/python3.12/site-packages/airflow/example_dags/example_datasets.py
[2025-02-11T15:00:43.100+0000] {processor.py:925} INFO - DAG(s) 'dataset_produces_1', 'conditional_dataset_and_time_based_timetable', 'dataset_produces_2', 'dataset_consumes_unknown_never_scheduled', 'dataset_consumes_1', 'consume_1_or_2_with_dataset_expressions', 'dataset_consumes_1_never_scheduled', 'consume_1_or_both_2_and_3_with_dataset_expressions', 'dataset_consumes_1_and_2', 'consume_1_and_2_with_dataset_expressions' retrieved from /home/airflow/.local/lib/python3.12/site-packages/airflow/example_dags/example_datasets.py
[2025-02-11T15:00:43.259+0000] {logging_mixin.py:190} INFO - [2025-02-11T15:00:43.255+0000] {dag.py:3239} INFO - Sync 10 DAGs
[2025-02-11T15:00:43.336+0000] {logging_mixin.py:190} INFO - [2025-02-11T15:00:43.336+0000] {dag.py:4180} INFO - Setting next_dagrun for conditional_dataset_and_time_based_timetable to 2025-02-05 01:00:00+00:00, run_after=2025-02-05 01:00:00+00:00
[2025-02-11T15:00:43.348+0000] {logging_mixin.py:190} INFO - [2025-02-11T15:00:43.348+0000] {dag.py:4180} INFO - Setting next_dagrun for consume_1_and_2_with_dataset_expressions to None, run_after=None
[2025-02-11T15:00:43.358+0000] {logging_mixin.py:190} INFO - [2025-02-11T15:00:43.357+0000] {dag.py:4180} INFO - Setting next_dagrun for consume_1_or_2_with_dataset_expressions to None, run_after=None
[2025-02-11T15:00:43.365+0000] {logging_mixin.py:190} INFO - [2025-02-11T15:00:43.364+0000] {dag.py:4180} INFO - Setting next_dagrun for consume_1_or_both_2_and_3_with_dataset_expressions to None, run_after=None
[2025-02-11T15:00:43.372+0000] {logging_mixin.py:190} INFO - [2025-02-11T15:00:43.371+0000] {dag.py:4180} INFO - Setting next_dagrun for dataset_consumes_1 to None, run_after=None
[2025-02-11T15:00:43.381+0000] {logging_mixin.py:190} INFO - [2025-02-11T15:00:43.380+0000] {dag.py:4180} INFO - Setting next_dagrun for dataset_consumes_1_and_2 to None, run_after=None
[2025-02-11T15:00:43.392+0000] {logging_mixin.py:190} INFO - [2025-02-11T15:00:43.390+0000] {dag.py:4180} INFO - Setting next_dagrun for dataset_consumes_1_never_scheduled to None, run_after=None
[2025-02-11T15:00:43.401+0000] {logging_mixin.py:190} INFO - [2025-02-11T15:00:43.400+0000] {dag.py:4180} INFO - Setting next_dagrun for dataset_consumes_unknown_never_scheduled to None, run_after=None
[2025-02-11T15:00:43.413+0000] {logging_mixin.py:190} INFO - [2025-02-11T15:00:43.413+0000] {dag.py:4180} INFO - Setting next_dagrun for dataset_produces_1 to 2025-02-10 00:00:00+00:00, run_after=2025-02-11 00:00:00+00:00
[2025-02-11T15:00:43.420+0000] {logging_mixin.py:190} INFO - [2025-02-11T15:00:43.419+0000] {dag.py:4180} INFO - Setting next_dagrun for dataset_produces_2 to None, run_after=None
[2025-02-11T15:00:43.524+0000] {processor.py:208} INFO - Processing /home/airflow/.local/lib/python3.12/site-packages/airflow/example_dags/example_datasets.py took 2.816 seconds
[2025-02-11T15:01:13.870+0000] {processor.py:186} INFO - Started process (PID=385) to work on /home/airflow/.local/lib/python3.12/site-packages/airflow/example_dags/example_datasets.py
[2025-02-11T15:01:13.883+0000] {processor.py:914} INFO - Processing file /home/airflow/.local/lib/python3.12/site-packages/airflow/example_dags/example_datasets.py for tasks to queue
[2025-02-11T15:01:13.897+0000] {logging_mixin.py:190} INFO - [2025-02-11T15:01:13.896+0000] {dagbag.py:588} INFO - Filling up the DagBag from /home/airflow/.local/lib/python3.12/site-packages/airflow/example_dags/example_datasets.py
[2025-02-11T15:01:15.950+0000] {processor.py:925} INFO - DAG(s) 'dataset_consumes_1_and_2', 'consume_1_or_both_2_and_3_with_dataset_expressions', 'conditional_dataset_and_time_based_timetable', 'dataset_consumes_1_never_scheduled', 'dataset_consumes_unknown_never_scheduled', 'consume_1_or_2_with_dataset_expressions', 'consume_1_and_2_with_dataset_expressions', 'dataset_produces_2', 'dataset_consumes_1', 'dataset_produces_1' retrieved from /home/airflow/.local/lib/python3.12/site-packages/airflow/example_dags/example_datasets.py
[2025-02-11T15:01:16.185+0000] {logging_mixin.py:190} INFO - [2025-02-11T15:01:16.185+0000] {dag.py:3239} INFO - Sync 10 DAGs
[2025-02-11T15:01:16.267+0000] {logging_mixin.py:190} INFO - [2025-02-11T15:01:16.266+0000] {dag.py:4180} INFO - Setting next_dagrun for conditional_dataset_and_time_based_timetable to 2025-02-05 01:00:00+00:00, run_after=2025-02-05 01:00:00+00:00
[2025-02-11T15:01:16.284+0000] {logging_mixin.py:190} INFO - [2025-02-11T15:01:16.284+0000] {dag.py:4180} INFO - Setting next_dagrun for consume_1_and_2_with_dataset_expressions to None, run_after=None
[2025-02-11T15:01:16.297+0000] {logging_mixin.py:190} INFO - [2025-02-11T15:01:16.295+0000] {dag.py:4180} INFO - Setting next_dagrun for consume_1_or_2_with_dataset_expressions to None, run_after=None
[2025-02-11T15:01:16.306+0000] {logging_mixin.py:190} INFO - [2025-02-11T15:01:16.305+0000] {dag.py:4180} INFO - Setting next_dagrun for consume_1_or_both_2_and_3_with_dataset_expressions to None, run_after=None
[2025-02-11T15:01:16.310+0000] {logging_mixin.py:190} INFO - [2025-02-11T15:01:16.309+0000] {dag.py:4180} INFO - Setting next_dagrun for dataset_consumes_1 to None, run_after=None
[2025-02-11T15:01:16.314+0000] {logging_mixin.py:190} INFO - [2025-02-11T15:01:16.314+0000] {dag.py:4180} INFO - Setting next_dagrun for dataset_consumes_1_and_2 to None, run_after=None
[2025-02-11T15:01:16.319+0000] {logging_mixin.py:190} INFO - [2025-02-11T15:01:16.318+0000] {dag.py:4180} INFO - Setting next_dagrun for dataset_consumes_1_never_scheduled to None, run_after=None
[2025-02-11T15:01:16.324+0000] {logging_mixin.py:190} INFO - [2025-02-11T15:01:16.323+0000] {dag.py:4180} INFO - Setting next_dagrun for dataset_consumes_unknown_never_scheduled to None, run_after=None
[2025-02-11T15:01:16.332+0000] {logging_mixin.py:190} INFO - [2025-02-11T15:01:16.331+0000] {dag.py:4180} INFO - Setting next_dagrun for dataset_produces_1 to 2025-02-10 00:00:00+00:00, run_after=2025-02-11 00:00:00+00:00
[2025-02-11T15:01:16.339+0000] {logging_mixin.py:190} INFO - [2025-02-11T15:01:16.339+0000] {dag.py:4180} INFO - Setting next_dagrun for dataset_produces_2 to None, run_after=None
[2025-02-11T15:01:16.533+0000] {processor.py:208} INFO - Processing /home/airflow/.local/lib/python3.12/site-packages/airflow/example_dags/example_datasets.py took 2.735 seconds
[2025-02-11T15:01:47.706+0000] {processor.py:186} INFO - Started process (PID=452) to work on /home/airflow/.local/lib/python3.12/site-packages/airflow/example_dags/example_datasets.py
[2025-02-11T15:01:47.710+0000] {processor.py:914} INFO - Processing file /home/airflow/.local/lib/python3.12/site-packages/airflow/example_dags/example_datasets.py for tasks to queue
[2025-02-11T15:01:47.730+0000] {logging_mixin.py:190} INFO - [2025-02-11T15:01:47.726+0000] {dagbag.py:588} INFO - Filling up the DagBag from /home/airflow/.local/lib/python3.12/site-packages/airflow/example_dags/example_datasets.py
[2025-02-11T15:01:50.171+0000] {processor.py:925} INFO - DAG(s) 'dataset_produces_2', 'consume_1_or_both_2_and_3_with_dataset_expressions', 'conditional_dataset_and_time_based_timetable', 'dataset_consumes_1', 'dataset_consumes_unknown_never_scheduled', 'consume_1_and_2_with_dataset_expressions', 'dataset_consumes_1_never_scheduled', 'dataset_produces_1', 'dataset_consumes_1_and_2', 'consume_1_or_2_with_dataset_expressions' retrieved from /home/airflow/.local/lib/python3.12/site-packages/airflow/example_dags/example_datasets.py
[2025-02-11T15:01:50.384+0000] {logging_mixin.py:190} INFO - [2025-02-11T15:01:50.383+0000] {dag.py:3239} INFO - Sync 10 DAGs
[2025-02-11T15:01:50.522+0000] {logging_mixin.py:190} INFO - [2025-02-11T15:01:50.521+0000] {dag.py:4180} INFO - Setting next_dagrun for conditional_dataset_and_time_based_timetable to 2025-02-05 01:00:00+00:00, run_after=2025-02-05 01:00:00+00:00
[2025-02-11T15:01:50.542+0000] {logging_mixin.py:190} INFO - [2025-02-11T15:01:50.540+0000] {dag.py:4180} INFO - Setting next_dagrun for consume_1_and_2_with_dataset_expressions to None, run_after=None
[2025-02-11T15:01:50.567+0000] {logging_mixin.py:190} INFO - [2025-02-11T15:01:50.561+0000] {dag.py:4180} INFO - Setting next_dagrun for consume_1_or_2_with_dataset_expressions to None, run_after=None
[2025-02-11T15:01:50.575+0000] {logging_mixin.py:190} INFO - [2025-02-11T15:01:50.574+0000] {dag.py:4180} INFO - Setting next_dagrun for consume_1_or_both_2_and_3_with_dataset_expressions to None, run_after=None
[2025-02-11T15:01:50.588+0000] {logging_mixin.py:190} INFO - [2025-02-11T15:01:50.588+0000] {dag.py:4180} INFO - Setting next_dagrun for dataset_consumes_1 to None, run_after=None
[2025-02-11T15:01:50.602+0000] {logging_mixin.py:190} INFO - [2025-02-11T15:01:50.601+0000] {dag.py:4180} INFO - Setting next_dagrun for dataset_consumes_1_and_2 to None, run_after=None
[2025-02-11T15:01:50.609+0000] {logging_mixin.py:190} INFO - [2025-02-11T15:01:50.609+0000] {dag.py:4180} INFO - Setting next_dagrun for dataset_consumes_1_never_scheduled to None, run_after=None
[2025-02-11T15:01:50.616+0000] {logging_mixin.py:190} INFO - [2025-02-11T15:01:50.616+0000] {dag.py:4180} INFO - Setting next_dagrun for dataset_consumes_unknown_never_scheduled to None, run_after=None
[2025-02-11T15:01:50.625+0000] {logging_mixin.py:190} INFO - [2025-02-11T15:01:50.625+0000] {dag.py:4180} INFO - Setting next_dagrun for dataset_produces_1 to 2025-02-10 00:00:00+00:00, run_after=2025-02-11 00:00:00+00:00
[2025-02-11T15:01:50.632+0000] {logging_mixin.py:190} INFO - [2025-02-11T15:01:50.631+0000] {dag.py:4180} INFO - Setting next_dagrun for dataset_produces_2 to None, run_after=None
[2025-02-11T15:01:50.732+0000] {processor.py:208} INFO - Processing /home/airflow/.local/lib/python3.12/site-packages/airflow/example_dags/example_datasets.py took 3.046 seconds
[2025-02-11T15:02:27.023+0000] {processor.py:186} INFO - Started process (PID=527) to work on /home/airflow/.local/lib/python3.12/site-packages/airflow/example_dags/example_datasets.py
[2025-02-11T15:02:27.028+0000] {processor.py:914} INFO - Processing file /home/airflow/.local/lib/python3.12/site-packages/airflow/example_dags/example_datasets.py for tasks to queue
[2025-02-11T15:02:27.036+0000] {logging_mixin.py:190} INFO - [2025-02-11T15:02:27.035+0000] {dagbag.py:588} INFO - Filling up the DagBag from /home/airflow/.local/lib/python3.12/site-packages/airflow/example_dags/example_datasets.py
[2025-02-11T15:02:31.758+0000] {processor.py:925} INFO - DAG(s) 'consume_1_or_both_2_and_3_with_dataset_expressions', 'dataset_produces_1', 'dataset_produces_2', 'dataset_consumes_1_never_scheduled', 'conditional_dataset_and_time_based_timetable', 'dataset_consumes_1_and_2', 'consume_1_or_2_with_dataset_expressions', 'dataset_consumes_unknown_never_scheduled', 'dataset_consumes_1', 'consume_1_and_2_with_dataset_expressions' retrieved from /home/airflow/.local/lib/python3.12/site-packages/airflow/example_dags/example_datasets.py
[2025-02-11T15:02:32.238+0000] {logging_mixin.py:190} INFO - [2025-02-11T15:02:32.238+0000] {dag.py:3239} INFO - Sync 10 DAGs
[2025-02-11T15:02:32.414+0000] {logging_mixin.py:190} INFO - [2025-02-11T15:02:32.400+0000] {dag.py:4180} INFO - Setting next_dagrun for conditional_dataset_and_time_based_timetable to 2025-02-05 01:00:00+00:00, run_after=2025-02-05 01:00:00+00:00
[2025-02-11T15:02:32.479+0000] {logging_mixin.py:190} INFO - [2025-02-11T15:02:32.478+0000] {dag.py:4180} INFO - Setting next_dagrun for consume_1_and_2_with_dataset_expressions to None, run_after=None
[2025-02-11T15:02:32.491+0000] {logging_mixin.py:190} INFO - [2025-02-11T15:02:32.490+0000] {dag.py:4180} INFO - Setting next_dagrun for consume_1_or_2_with_dataset_expressions to None, run_after=None
[2025-02-11T15:02:32.521+0000] {logging_mixin.py:190} INFO - [2025-02-11T15:02:32.520+0000] {dag.py:4180} INFO - Setting next_dagrun for consume_1_or_both_2_and_3_with_dataset_expressions to None, run_after=None
[2025-02-11T15:02:32.533+0000] {logging_mixin.py:190} INFO - [2025-02-11T15:02:32.532+0000] {dag.py:4180} INFO - Setting next_dagrun for dataset_consumes_1 to None, run_after=None
[2025-02-11T15:02:32.549+0000] {logging_mixin.py:190} INFO - [2025-02-11T15:02:32.542+0000] {dag.py:4180} INFO - Setting next_dagrun for dataset_consumes_1_and_2 to None, run_after=None
[2025-02-11T15:02:32.573+0000] {logging_mixin.py:190} INFO - [2025-02-11T15:02:32.572+0000] {dag.py:4180} INFO - Setting next_dagrun for dataset_consumes_1_never_scheduled to None, run_after=None
[2025-02-11T15:02:32.603+0000] {logging_mixin.py:190} INFO - [2025-02-11T15:02:32.602+0000] {dag.py:4180} INFO - Setting next_dagrun for dataset_consumes_unknown_never_scheduled to None, run_after=None
[2025-02-11T15:02:32.638+0000] {logging_mixin.py:190} INFO - [2025-02-11T15:02:32.633+0000] {dag.py:4180} INFO - Setting next_dagrun for dataset_produces_1 to 2025-02-10 00:00:00+00:00, run_after=2025-02-11 00:00:00+00:00
[2025-02-11T15:02:32.660+0000] {logging_mixin.py:190} INFO - [2025-02-11T15:02:32.649+0000] {dag.py:4180} INFO - Setting next_dagrun for dataset_produces_2 to None, run_after=None
[2025-02-11T15:02:32.989+0000] {processor.py:208} INFO - Processing /home/airflow/.local/lib/python3.12/site-packages/airflow/example_dags/example_datasets.py took 6.004 seconds
[2025-02-11T15:03:06.765+0000] {processor.py:186} INFO - Started process (PID=595) to work on /home/airflow/.local/lib/python3.12/site-packages/airflow/example_dags/example_datasets.py
[2025-02-11T15:03:06.769+0000] {processor.py:914} INFO - Processing file /home/airflow/.local/lib/python3.12/site-packages/airflow/example_dags/example_datasets.py for tasks to queue
[2025-02-11T15:03:06.779+0000] {logging_mixin.py:190} INFO - [2025-02-11T15:03:06.777+0000] {dagbag.py:588} INFO - Filling up the DagBag from /home/airflow/.local/lib/python3.12/site-packages/airflow/example_dags/example_datasets.py
[2025-02-11T15:03:09.092+0000] {processor.py:925} INFO - DAG(s) 'conditional_dataset_and_time_based_timetable', 'dataset_produces_1', 'consume_1_or_both_2_and_3_with_dataset_expressions', 'dataset_consumes_1', 'consume_1_or_2_with_dataset_expressions', 'dataset_consumes_1_and_2', 'dataset_consumes_1_never_scheduled', 'consume_1_and_2_with_dataset_expressions', 'dataset_produces_2', 'dataset_consumes_unknown_never_scheduled' retrieved from /home/airflow/.local/lib/python3.12/site-packages/airflow/example_dags/example_datasets.py
[2025-02-11T15:03:09.344+0000] {logging_mixin.py:190} INFO - [2025-02-11T15:03:09.343+0000] {dag.py:3239} INFO - Sync 10 DAGs
[2025-02-11T15:03:09.474+0000] {logging_mixin.py:190} INFO - [2025-02-11T15:03:09.473+0000] {dag.py:4180} INFO - Setting next_dagrun for conditional_dataset_and_time_based_timetable to 2025-02-05 01:00:00+00:00, run_after=2025-02-05 01:00:00+00:00
[2025-02-11T15:03:09.499+0000] {logging_mixin.py:190} INFO - [2025-02-11T15:03:09.498+0000] {dag.py:4180} INFO - Setting next_dagrun for consume_1_and_2_with_dataset_expressions to None, run_after=None
[2025-02-11T15:03:09.514+0000] {logging_mixin.py:190} INFO - [2025-02-11T15:03:09.513+0000] {dag.py:4180} INFO - Setting next_dagrun for consume_1_or_2_with_dataset_expressions to None, run_after=None
[2025-02-11T15:03:09.523+0000] {logging_mixin.py:190} INFO - [2025-02-11T15:03:09.522+0000] {dag.py:4180} INFO - Setting next_dagrun for consume_1_or_both_2_and_3_with_dataset_expressions to None, run_after=None
[2025-02-11T15:03:09.540+0000] {logging_mixin.py:190} INFO - [2025-02-11T15:03:09.539+0000] {dag.py:4180} INFO - Setting next_dagrun for dataset_consumes_1 to None, run_after=None
[2025-02-11T15:03:09.549+0000] {logging_mixin.py:190} INFO - [2025-02-11T15:03:09.547+0000] {dag.py:4180} INFO - Setting next_dagrun for dataset_consumes_1_and_2 to None, run_after=None
[2025-02-11T15:03:09.561+0000] {logging_mixin.py:190} INFO - [2025-02-11T15:03:09.559+0000] {dag.py:4180} INFO - Setting next_dagrun for dataset_consumes_1_never_scheduled to None, run_after=None
[2025-02-11T15:03:09.582+0000] {logging_mixin.py:190} INFO - [2025-02-11T15:03:09.582+0000] {dag.py:4180} INFO - Setting next_dagrun for dataset_consumes_unknown_never_scheduled to None, run_after=None
[2025-02-11T15:03:09.638+0000] {logging_mixin.py:190} INFO - [2025-02-11T15:03:09.635+0000] {dag.py:4180} INFO - Setting next_dagrun for dataset_produces_1 to 2025-02-10 00:00:00+00:00, run_after=2025-02-11 00:00:00+00:00
[2025-02-11T15:03:09.657+0000] {logging_mixin.py:190} INFO - [2025-02-11T15:03:09.656+0000] {dag.py:4180} INFO - Setting next_dagrun for dataset_produces_2 to None, run_after=None
[2025-02-11T15:03:10.084+0000] {processor.py:208} INFO - Processing /home/airflow/.local/lib/python3.12/site-packages/airflow/example_dags/example_datasets.py took 3.352 seconds
