[2025-02-11T14:58:36.817+0000] {processor.py:186} INFO - Started process (PID=89) to work on /home/airflow/.local/lib/python3.12/site-packages/airflow/example_dags/example_branch_datetime_operator.py
[2025-02-11T14:58:36.822+0000] {processor.py:914} INFO - Processing file /home/airflow/.local/lib/python3.12/site-packages/airflow/example_dags/example_branch_datetime_operator.py for tasks to queue
[2025-02-11T14:58:36.846+0000] {logging_mixin.py:190} INFO - [2025-02-11T14:58:36.843+0000] {dagbag.py:588} INFO - Filling up the DagBag from /home/airflow/.local/lib/python3.12/site-packages/airflow/example_dags/example_branch_datetime_operator.py
[2025-02-11T14:58:36.976+0000] {processor.py:925} INFO - DAG(s) 'example_branch_datetime_operator_2', 'example_branch_datetime_operator', 'example_branch_datetime_operator_3' retrieved from /home/airflow/.local/lib/python3.12/site-packages/airflow/example_dags/example_branch_datetime_operator.py
[2025-02-11T14:58:37.894+0000] {logging_mixin.py:190} INFO - [2025-02-11T14:58:37.890+0000] {override.py:1911} INFO - Created Permission View: can edit on DAG:example_branch_datetime_operator_2
[2025-02-11T14:58:38.101+0000] {logging_mixin.py:190} INFO - [2025-02-11T14:58:38.095+0000] {override.py:1911} INFO - Created Permission View: can read on DAG:example_branch_datetime_operator_2
[2025-02-11T14:58:38.459+0000] {logging_mixin.py:190} INFO - [2025-02-11T14:58:38.458+0000] {override.py:1911} INFO - Created Permission View: can delete on DAG:example_branch_datetime_operator_2
[2025-02-11T14:58:38.532+0000] {logging_mixin.py:190} INFO - [2025-02-11T14:58:38.531+0000] {override.py:1911} INFO - Created Permission View: can create on DAG Run:example_branch_datetime_operator_2
[2025-02-11T14:58:38.579+0000] {logging_mixin.py:190} INFO - [2025-02-11T14:58:38.578+0000] {override.py:1911} INFO - Created Permission View: menu access on DAG Run:example_branch_datetime_operator_2
[2025-02-11T14:58:38.626+0000] {logging_mixin.py:190} INFO - [2025-02-11T14:58:38.624+0000] {override.py:1911} INFO - Created Permission View: can read on DAG Run:example_branch_datetime_operator_2
[2025-02-11T14:58:38.674+0000] {logging_mixin.py:190} INFO - [2025-02-11T14:58:38.673+0000] {override.py:1911} INFO - Created Permission View: can delete on DAG Run:example_branch_datetime_operator_2
[2025-02-11T14:58:38.789+0000] {logging_mixin.py:190} INFO - [2025-02-11T14:58:38.788+0000] {override.py:1911} INFO - Created Permission View: can edit on DAG:example_branch_datetime_operator
[2025-02-11T14:58:38.889+0000] {logging_mixin.py:190} INFO - [2025-02-11T14:58:38.888+0000] {override.py:1911} INFO - Created Permission View: can read on DAG:example_branch_datetime_operator
[2025-02-11T14:58:38.961+0000] {logging_mixin.py:190} INFO - [2025-02-11T14:58:38.960+0000] {override.py:1911} INFO - Created Permission View: can delete on DAG:example_branch_datetime_operator
[2025-02-11T14:58:39.069+0000] {logging_mixin.py:190} INFO - [2025-02-11T14:58:39.068+0000] {override.py:1911} INFO - Created Permission View: can create on DAG Run:example_branch_datetime_operator
[2025-02-11T14:58:39.178+0000] {logging_mixin.py:190} INFO - [2025-02-11T14:58:39.177+0000] {override.py:1911} INFO - Created Permission View: menu access on DAG Run:example_branch_datetime_operator
[2025-02-11T14:58:39.239+0000] {logging_mixin.py:190} INFO - [2025-02-11T14:58:39.238+0000] {override.py:1911} INFO - Created Permission View: can read on DAG Run:example_branch_datetime_operator
[2025-02-11T14:58:39.283+0000] {logging_mixin.py:190} INFO - [2025-02-11T14:58:39.283+0000] {override.py:1911} INFO - Created Permission View: can delete on DAG Run:example_branch_datetime_operator
[2025-02-11T14:58:39.394+0000] {logging_mixin.py:190} INFO - [2025-02-11T14:58:39.393+0000] {override.py:1911} INFO - Created Permission View: can edit on DAG:example_branch_datetime_operator_3
[2025-02-11T14:58:39.433+0000] {logging_mixin.py:190} INFO - [2025-02-11T14:58:39.432+0000] {override.py:1911} INFO - Created Permission View: can read on DAG:example_branch_datetime_operator_3
[2025-02-11T14:58:39.494+0000] {logging_mixin.py:190} INFO - [2025-02-11T14:58:39.492+0000] {override.py:1911} INFO - Created Permission View: can delete on DAG:example_branch_datetime_operator_3
[2025-02-11T14:58:39.757+0000] {logging_mixin.py:190} INFO - [2025-02-11T14:58:39.756+0000] {override.py:1911} INFO - Created Permission View: can create on DAG Run:example_branch_datetime_operator_3
[2025-02-11T14:58:39.793+0000] {logging_mixin.py:190} INFO - [2025-02-11T14:58:39.792+0000] {override.py:1911} INFO - Created Permission View: menu access on DAG Run:example_branch_datetime_operator_3
[2025-02-11T14:58:39.861+0000] {logging_mixin.py:190} INFO - [2025-02-11T14:58:39.859+0000] {override.py:1911} INFO - Created Permission View: can read on DAG Run:example_branch_datetime_operator_3
[2025-02-11T14:58:39.978+0000] {logging_mixin.py:190} INFO - [2025-02-11T14:58:39.976+0000] {override.py:1911} INFO - Created Permission View: can delete on DAG Run:example_branch_datetime_operator_3
[2025-02-11T14:58:40.002+0000] {logging_mixin.py:190} INFO - [2025-02-11T14:58:39.998+0000] {dag.py:3239} INFO - Sync 3 DAGs
[2025-02-11T14:58:40.076+0000] {logging_mixin.py:190} INFO - [2025-02-11T14:58:40.075+0000] {dag.py:3262} INFO - Creating ORM DAG for example_branch_datetime_operator
[2025-02-11T14:58:40.083+0000] {logging_mixin.py:190} INFO - [2025-02-11T14:58:40.083+0000] {dag.py:3262} INFO - Creating ORM DAG for example_branch_datetime_operator_2
[2025-02-11T14:58:40.124+0000] {logging_mixin.py:190} INFO - [2025-02-11T14:58:40.124+0000] {dag.py:3262} INFO - Creating ORM DAG for example_branch_datetime_operator_3
[2025-02-11T14:58:40.181+0000] {logging_mixin.py:190} INFO - [2025-02-11T14:58:40.178+0000] {dag.py:4180} INFO - Setting next_dagrun for example_branch_datetime_operator to 2025-02-10 00:00:00+00:00, run_after=2025-02-11 00:00:00+00:00
[2025-02-11T14:58:40.210+0000] {logging_mixin.py:190} INFO - [2025-02-11T14:58:40.209+0000] {dag.py:4180} INFO - Setting next_dagrun for example_branch_datetime_operator_2 to 2025-02-10 00:00:00+00:00, run_after=2025-02-11 00:00:00+00:00
[2025-02-11T14:58:40.245+0000] {logging_mixin.py:190} INFO - [2025-02-11T14:58:40.244+0000] {dag.py:4180} INFO - Setting next_dagrun for example_branch_datetime_operator_3 to 2025-02-10 00:00:00+00:00, run_after=2025-02-11 00:00:00+00:00
[2025-02-11T14:58:40.347+0000] {processor.py:208} INFO - Processing /home/airflow/.local/lib/python3.12/site-packages/airflow/example_dags/example_branch_datetime_operator.py took 3.554 seconds
[2025-02-11T14:59:11.134+0000] {processor.py:186} INFO - Started process (PID=152) to work on /home/airflow/.local/lib/python3.12/site-packages/airflow/example_dags/example_branch_datetime_operator.py
[2025-02-11T14:59:11.139+0000] {processor.py:914} INFO - Processing file /home/airflow/.local/lib/python3.12/site-packages/airflow/example_dags/example_branch_datetime_operator.py for tasks to queue
[2025-02-11T14:59:11.146+0000] {logging_mixin.py:190} INFO - [2025-02-11T14:59:11.145+0000] {dagbag.py:588} INFO - Filling up the DagBag from /home/airflow/.local/lib/python3.12/site-packages/airflow/example_dags/example_branch_datetime_operator.py
[2025-02-11T14:59:11.177+0000] {processor.py:925} INFO - DAG(s) 'example_branch_datetime_operator_2', 'example_branch_datetime_operator_3', 'example_branch_datetime_operator' retrieved from /home/airflow/.local/lib/python3.12/site-packages/airflow/example_dags/example_branch_datetime_operator.py
[2025-02-11T14:59:11.246+0000] {logging_mixin.py:190} INFO - [2025-02-11T14:59:11.245+0000] {dag.py:3239} INFO - Sync 3 DAGs
[2025-02-11T14:59:11.316+0000] {logging_mixin.py:190} INFO - [2025-02-11T14:59:11.315+0000] {dag.py:4180} INFO - Setting next_dagrun for example_branch_datetime_operator to 2025-02-10 00:00:00+00:00, run_after=2025-02-11 00:00:00+00:00
[2025-02-11T14:59:11.339+0000] {logging_mixin.py:190} INFO - [2025-02-11T14:59:11.338+0000] {dag.py:4180} INFO - Setting next_dagrun for example_branch_datetime_operator_2 to 2025-02-10 00:00:00+00:00, run_after=2025-02-11 00:00:00+00:00
[2025-02-11T14:59:11.352+0000] {logging_mixin.py:190} INFO - [2025-02-11T14:59:11.352+0000] {dag.py:4180} INFO - Setting next_dagrun for example_branch_datetime_operator_3 to 2025-02-10 00:00:00+00:00, run_after=2025-02-11 00:00:00+00:00
[2025-02-11T14:59:11.397+0000] {processor.py:208} INFO - Processing /home/airflow/.local/lib/python3.12/site-packages/airflow/example_dags/example_branch_datetime_operator.py took 0.280 seconds
[2025-02-11T14:59:41.610+0000] {processor.py:186} INFO - Started process (PID=215) to work on /home/airflow/.local/lib/python3.12/site-packages/airflow/example_dags/example_branch_datetime_operator.py
[2025-02-11T14:59:41.613+0000] {processor.py:914} INFO - Processing file /home/airflow/.local/lib/python3.12/site-packages/airflow/example_dags/example_branch_datetime_operator.py for tasks to queue
[2025-02-11T14:59:41.620+0000] {logging_mixin.py:190} INFO - [2025-02-11T14:59:41.620+0000] {dagbag.py:588} INFO - Filling up the DagBag from /home/airflow/.local/lib/python3.12/site-packages/airflow/example_dags/example_branch_datetime_operator.py
[2025-02-11T14:59:41.651+0000] {processor.py:925} INFO - DAG(s) 'example_branch_datetime_operator_2', 'example_branch_datetime_operator_3', 'example_branch_datetime_operator' retrieved from /home/airflow/.local/lib/python3.12/site-packages/airflow/example_dags/example_branch_datetime_operator.py
[2025-02-11T14:59:41.715+0000] {logging_mixin.py:190} INFO - [2025-02-11T14:59:41.714+0000] {dag.py:3239} INFO - Sync 3 DAGs
[2025-02-11T14:59:41.782+0000] {logging_mixin.py:190} INFO - [2025-02-11T14:59:41.781+0000] {dag.py:4180} INFO - Setting next_dagrun for example_branch_datetime_operator to 2025-02-10 00:00:00+00:00, run_after=2025-02-11 00:00:00+00:00
[2025-02-11T14:59:41.796+0000] {logging_mixin.py:190} INFO - [2025-02-11T14:59:41.796+0000] {dag.py:4180} INFO - Setting next_dagrun for example_branch_datetime_operator_2 to 2025-02-10 00:00:00+00:00, run_after=2025-02-11 00:00:00+00:00
[2025-02-11T14:59:41.806+0000] {logging_mixin.py:190} INFO - [2025-02-11T14:59:41.806+0000] {dag.py:4180} INFO - Setting next_dagrun for example_branch_datetime_operator_3 to 2025-02-10 00:00:00+00:00, run_after=2025-02-11 00:00:00+00:00
[2025-02-11T14:59:41.858+0000] {processor.py:208} INFO - Processing /home/airflow/.local/lib/python3.12/site-packages/airflow/example_dags/example_branch_datetime_operator.py took 0.261 seconds
[2025-02-11T15:00:15.984+0000] {processor.py:186} INFO - Started process (PID=279) to work on /home/airflow/.local/lib/python3.12/site-packages/airflow/example_dags/example_branch_datetime_operator.py
[2025-02-11T15:00:15.989+0000] {processor.py:914} INFO - Processing file /home/airflow/.local/lib/python3.12/site-packages/airflow/example_dags/example_branch_datetime_operator.py for tasks to queue
[2025-02-11T15:00:16.005+0000] {logging_mixin.py:190} INFO - [2025-02-11T15:00:16.003+0000] {dagbag.py:588} INFO - Filling up the DagBag from /home/airflow/.local/lib/python3.12/site-packages/airflow/example_dags/example_branch_datetime_operator.py
[2025-02-11T15:00:16.190+0000] {processor.py:925} INFO - DAG(s) 'example_branch_datetime_operator_3', 'example_branch_datetime_operator_2', 'example_branch_datetime_operator' retrieved from /home/airflow/.local/lib/python3.12/site-packages/airflow/example_dags/example_branch_datetime_operator.py
[2025-02-11T15:00:16.385+0000] {logging_mixin.py:190} INFO - [2025-02-11T15:00:16.383+0000] {dag.py:3239} INFO - Sync 3 DAGs
[2025-02-11T15:00:16.532+0000] {logging_mixin.py:190} INFO - [2025-02-11T15:00:16.532+0000] {dag.py:4180} INFO - Setting next_dagrun for example_branch_datetime_operator to 2025-02-10 00:00:00+00:00, run_after=2025-02-11 00:00:00+00:00
[2025-02-11T15:00:16.558+0000] {logging_mixin.py:190} INFO - [2025-02-11T15:00:16.557+0000] {dag.py:4180} INFO - Setting next_dagrun for example_branch_datetime_operator_2 to 2025-02-10 00:00:00+00:00, run_after=2025-02-11 00:00:00+00:00
[2025-02-11T15:00:16.568+0000] {logging_mixin.py:190} INFO - [2025-02-11T15:00:16.567+0000] {dag.py:4180} INFO - Setting next_dagrun for example_branch_datetime_operator_3 to 2025-02-10 00:00:00+00:00, run_after=2025-02-11 00:00:00+00:00
[2025-02-11T15:00:16.618+0000] {processor.py:208} INFO - Processing /home/airflow/.local/lib/python3.12/site-packages/airflow/example_dags/example_branch_datetime_operator.py took 0.676 seconds
[2025-02-11T15:00:47.249+0000] {processor.py:186} INFO - Started process (PID=342) to work on /home/airflow/.local/lib/python3.12/site-packages/airflow/example_dags/example_branch_datetime_operator.py
[2025-02-11T15:00:47.253+0000] {processor.py:914} INFO - Processing file /home/airflow/.local/lib/python3.12/site-packages/airflow/example_dags/example_branch_datetime_operator.py for tasks to queue
[2025-02-11T15:00:47.260+0000] {logging_mixin.py:190} INFO - [2025-02-11T15:00:47.259+0000] {dagbag.py:588} INFO - Filling up the DagBag from /home/airflow/.local/lib/python3.12/site-packages/airflow/example_dags/example_branch_datetime_operator.py
[2025-02-11T15:00:47.294+0000] {processor.py:925} INFO - DAG(s) 'example_branch_datetime_operator_2', 'example_branch_datetime_operator', 'example_branch_datetime_operator_3' retrieved from /home/airflow/.local/lib/python3.12/site-packages/airflow/example_dags/example_branch_datetime_operator.py
[2025-02-11T15:00:47.399+0000] {logging_mixin.py:190} INFO - [2025-02-11T15:00:47.398+0000] {dag.py:3239} INFO - Sync 3 DAGs
[2025-02-11T15:00:47.523+0000] {logging_mixin.py:190} INFO - [2025-02-11T15:00:47.522+0000] {dag.py:4180} INFO - Setting next_dagrun for example_branch_datetime_operator to 2025-02-10 00:00:00+00:00, run_after=2025-02-11 00:00:00+00:00
[2025-02-11T15:00:47.545+0000] {logging_mixin.py:190} INFO - [2025-02-11T15:00:47.543+0000] {dag.py:4180} INFO - Setting next_dagrun for example_branch_datetime_operator_2 to 2025-02-10 00:00:00+00:00, run_after=2025-02-11 00:00:00+00:00
[2025-02-11T15:00:47.555+0000] {logging_mixin.py:190} INFO - [2025-02-11T15:00:47.555+0000] {dag.py:4180} INFO - Setting next_dagrun for example_branch_datetime_operator_3 to 2025-02-10 00:00:00+00:00, run_after=2025-02-11 00:00:00+00:00
[2025-02-11T15:00:47.607+0000] {processor.py:208} INFO - Processing /home/airflow/.local/lib/python3.12/site-packages/airflow/example_dags/example_branch_datetime_operator.py took 0.376 seconds
[2025-02-11T15:01:19.730+0000] {processor.py:186} INFO - Started process (PID=412) to work on /home/airflow/.local/lib/python3.12/site-packages/airflow/example_dags/example_branch_datetime_operator.py
[2025-02-11T15:01:19.736+0000] {processor.py:914} INFO - Processing file /home/airflow/.local/lib/python3.12/site-packages/airflow/example_dags/example_branch_datetime_operator.py for tasks to queue
[2025-02-11T15:01:19.772+0000] {logging_mixin.py:190} INFO - [2025-02-11T15:01:19.770+0000] {dagbag.py:588} INFO - Filling up the DagBag from /home/airflow/.local/lib/python3.12/site-packages/airflow/example_dags/example_branch_datetime_operator.py
[2025-02-11T15:01:19.817+0000] {processor.py:925} INFO - DAG(s) 'example_branch_datetime_operator_2', 'example_branch_datetime_operator', 'example_branch_datetime_operator_3' retrieved from /home/airflow/.local/lib/python3.12/site-packages/airflow/example_dags/example_branch_datetime_operator.py
[2025-02-11T15:01:19.906+0000] {logging_mixin.py:190} INFO - [2025-02-11T15:01:19.905+0000] {dag.py:3239} INFO - Sync 3 DAGs
[2025-02-11T15:01:19.979+0000] {logging_mixin.py:190} INFO - [2025-02-11T15:01:19.978+0000] {dag.py:4180} INFO - Setting next_dagrun for example_branch_datetime_operator to 2025-02-10 00:00:00+00:00, run_after=2025-02-11 00:00:00+00:00
[2025-02-11T15:01:19.990+0000] {logging_mixin.py:190} INFO - [2025-02-11T15:01:19.990+0000] {dag.py:4180} INFO - Setting next_dagrun for example_branch_datetime_operator_2 to 2025-02-10 00:00:00+00:00, run_after=2025-02-11 00:00:00+00:00
[2025-02-11T15:01:19.998+0000] {logging_mixin.py:190} INFO - [2025-02-11T15:01:19.998+0000] {dag.py:4180} INFO - Setting next_dagrun for example_branch_datetime_operator_3 to 2025-02-10 00:00:00+00:00, run_after=2025-02-11 00:00:00+00:00
[2025-02-11T15:01:20.065+0000] {processor.py:208} INFO - Processing /home/airflow/.local/lib/python3.12/site-packages/airflow/example_dags/example_branch_datetime_operator.py took 0.351 seconds
[2025-02-11T15:01:54.946+0000] {processor.py:186} INFO - Started process (PID=476) to work on /home/airflow/.local/lib/python3.12/site-packages/airflow/example_dags/example_branch_datetime_operator.py
[2025-02-11T15:01:54.974+0000] {processor.py:914} INFO - Processing file /home/airflow/.local/lib/python3.12/site-packages/airflow/example_dags/example_branch_datetime_operator.py for tasks to queue
[2025-02-11T15:01:54.999+0000] {logging_mixin.py:190} INFO - [2025-02-11T15:01:54.998+0000] {dagbag.py:588} INFO - Filling up the DagBag from /home/airflow/.local/lib/python3.12/site-packages/airflow/example_dags/example_branch_datetime_operator.py
[2025-02-11T15:01:55.176+0000] {processor.py:925} INFO - DAG(s) 'example_branch_datetime_operator_2', 'example_branch_datetime_operator_3', 'example_branch_datetime_operator' retrieved from /home/airflow/.local/lib/python3.12/site-packages/airflow/example_dags/example_branch_datetime_operator.py
[2025-02-11T15:01:55.388+0000] {logging_mixin.py:190} INFO - [2025-02-11T15:01:55.387+0000] {dag.py:3239} INFO - Sync 3 DAGs
[2025-02-11T15:01:55.521+0000] {logging_mixin.py:190} INFO - [2025-02-11T15:01:55.520+0000] {dag.py:4180} INFO - Setting next_dagrun for example_branch_datetime_operator to 2025-02-10 00:00:00+00:00, run_after=2025-02-11 00:00:00+00:00
[2025-02-11T15:01:55.545+0000] {logging_mixin.py:190} INFO - [2025-02-11T15:01:55.545+0000] {dag.py:4180} INFO - Setting next_dagrun for example_branch_datetime_operator_2 to 2025-02-10 00:00:00+00:00, run_after=2025-02-11 00:00:00+00:00
[2025-02-11T15:01:55.560+0000] {logging_mixin.py:190} INFO - [2025-02-11T15:01:55.557+0000] {dag.py:4180} INFO - Setting next_dagrun for example_branch_datetime_operator_3 to 2025-02-10 00:00:00+00:00, run_after=2025-02-11 00:00:00+00:00
[2025-02-11T15:01:55.697+0000] {processor.py:208} INFO - Processing /home/airflow/.local/lib/python3.12/site-packages/airflow/example_dags/example_branch_datetime_operator.py took 0.846 seconds
[2025-02-11T15:02:39.743+0000] {processor.py:186} INFO - Started process (PID=541) to work on /home/airflow/.local/lib/python3.12/site-packages/airflow/example_dags/example_branch_datetime_operator.py
[2025-02-11T15:02:39.765+0000] {processor.py:914} INFO - Processing file /home/airflow/.local/lib/python3.12/site-packages/airflow/example_dags/example_branch_datetime_operator.py for tasks to queue
[2025-02-11T15:02:39.828+0000] {logging_mixin.py:190} INFO - [2025-02-11T15:02:39.827+0000] {dagbag.py:588} INFO - Filling up the DagBag from /home/airflow/.local/lib/python3.12/site-packages/airflow/example_dags/example_branch_datetime_operator.py
[2025-02-11T15:02:39.981+0000] {processor.py:925} INFO - DAG(s) 'example_branch_datetime_operator_2', 'example_branch_datetime_operator_3', 'example_branch_datetime_operator' retrieved from /home/airflow/.local/lib/python3.12/site-packages/airflow/example_dags/example_branch_datetime_operator.py
[2025-02-11T15:02:40.493+0000] {logging_mixin.py:190} INFO - [2025-02-11T15:02:40.493+0000] {dag.py:3239} INFO - Sync 3 DAGs
[2025-02-11T15:02:40.674+0000] {logging_mixin.py:190} INFO - [2025-02-11T15:02:40.674+0000] {dag.py:4180} INFO - Setting next_dagrun for example_branch_datetime_operator to 2025-02-10 00:00:00+00:00, run_after=2025-02-11 00:00:00+00:00
[2025-02-11T15:02:40.739+0000] {logging_mixin.py:190} INFO - [2025-02-11T15:02:40.737+0000] {dag.py:4180} INFO - Setting next_dagrun for example_branch_datetime_operator_2 to 2025-02-10 00:00:00+00:00, run_after=2025-02-11 00:00:00+00:00
[2025-02-11T15:02:40.760+0000] {logging_mixin.py:190} INFO - [2025-02-11T15:02:40.757+0000] {dag.py:4180} INFO - Setting next_dagrun for example_branch_datetime_operator_3 to 2025-02-10 00:00:00+00:00, run_after=2025-02-11 00:00:00+00:00
[2025-02-11T15:02:40.956+0000] {processor.py:208} INFO - Processing /home/airflow/.local/lib/python3.12/site-packages/airflow/example_dags/example_branch_datetime_operator.py took 1.385 seconds
[2025-02-11T15:03:11.630+0000] {processor.py:186} INFO - Started process (PID=606) to work on /home/airflow/.local/lib/python3.12/site-packages/airflow/example_dags/example_branch_datetime_operator.py
[2025-02-11T15:03:11.636+0000] {processor.py:914} INFO - Processing file /home/airflow/.local/lib/python3.12/site-packages/airflow/example_dags/example_branch_datetime_operator.py for tasks to queue
[2025-02-11T15:03:11.643+0000] {logging_mixin.py:190} INFO - [2025-02-11T15:03:11.642+0000] {dagbag.py:588} INFO - Filling up the DagBag from /home/airflow/.local/lib/python3.12/site-packages/airflow/example_dags/example_branch_datetime_operator.py
[2025-02-11T15:03:11.685+0000] {processor.py:925} INFO - DAG(s) 'example_branch_datetime_operator_3', 'example_branch_datetime_operator_2', 'example_branch_datetime_operator' retrieved from /home/airflow/.local/lib/python3.12/site-packages/airflow/example_dags/example_branch_datetime_operator.py
[2025-02-11T15:03:11.915+0000] {logging_mixin.py:190} INFO - [2025-02-11T15:03:11.912+0000] {dag.py:3239} INFO - Sync 3 DAGs
[2025-02-11T15:03:12.062+0000] {logging_mixin.py:190} INFO - [2025-02-11T15:03:12.061+0000] {dag.py:4180} INFO - Setting next_dagrun for example_branch_datetime_operator to 2025-02-10 00:00:00+00:00, run_after=2025-02-11 00:00:00+00:00
[2025-02-11T15:03:12.093+0000] {logging_mixin.py:190} INFO - [2025-02-11T15:03:12.092+0000] {dag.py:4180} INFO - Setting next_dagrun for example_branch_datetime_operator_2 to 2025-02-10 00:00:00+00:00, run_after=2025-02-11 00:00:00+00:00
[2025-02-11T15:03:12.113+0000] {logging_mixin.py:190} INFO - [2025-02-11T15:03:12.108+0000] {dag.py:4180} INFO - Setting next_dagrun for example_branch_datetime_operator_3 to 2025-02-10 00:00:00+00:00, run_after=2025-02-11 00:00:00+00:00
[2025-02-11T15:03:12.294+0000] {processor.py:208} INFO - Processing /home/airflow/.local/lib/python3.12/site-packages/airflow/example_dags/example_branch_datetime_operator.py took 0.680 seconds
