[2025-02-11T14:58:35.613+0000] {processor.py:186} INFO - Started process (PID=88) to work on /home/airflow/.local/lib/python3.12/site-packages/airflow/example_dags/example_branch_python_dop_operator_3.py
[2025-02-11T14:58:35.629+0000] {processor.py:914} INFO - Processing file /home/airflow/.local/lib/python3.12/site-packages/airflow/example_dags/example_branch_python_dop_operator_3.py for tasks to queue
[2025-02-11T14:58:35.673+0000] {logging_mixin.py:190} INFO - [2025-02-11T14:58:35.656+0000] {dagbag.py:588} INFO - Filling up the DagBag from /home/airflow/.local/lib/python3.12/site-packages/airflow/example_dags/example_branch_python_dop_operator_3.py
[2025-02-11T14:58:35.740+0000] {processor.py:925} INFO - DAG(s) 'example_branch_dop_operator_v3' retrieved from /home/airflow/.local/lib/python3.12/site-packages/airflow/example_dags/example_branch_python_dop_operator_3.py
[2025-02-11T14:58:36.217+0000] {logging_mixin.py:190} INFO - [2025-02-11T14:58:36.216+0000] {override.py:1911} INFO - Created Permission View: can edit on DAG:example_branch_dop_operator_v3
[2025-02-11T14:58:36.244+0000] {logging_mixin.py:190} INFO - [2025-02-11T14:58:36.243+0000] {override.py:1911} INFO - Created Permission View: can read on DAG:example_branch_dop_operator_v3
[2025-02-11T14:58:36.262+0000] {logging_mixin.py:190} INFO - [2025-02-11T14:58:36.261+0000] {override.py:1911} INFO - Created Permission View: can delete on DAG:example_branch_dop_operator_v3
[2025-02-11T14:58:36.293+0000] {logging_mixin.py:190} INFO - [2025-02-11T14:58:36.291+0000] {override.py:1911} INFO - Created Permission View: can create on DAG Run:example_branch_dop_operator_v3
[2025-02-11T14:58:36.326+0000] {logging_mixin.py:190} INFO - [2025-02-11T14:58:36.324+0000] {override.py:1911} INFO - Created Permission View: menu access on DAG Run:example_branch_dop_operator_v3
[2025-02-11T14:58:36.349+0000] {logging_mixin.py:190} INFO - [2025-02-11T14:58:36.349+0000] {override.py:1911} INFO - Created Permission View: can read on DAG Run:example_branch_dop_operator_v3
[2025-02-11T14:58:36.368+0000] {logging_mixin.py:190} INFO - [2025-02-11T14:58:36.368+0000] {override.py:1911} INFO - Created Permission View: can delete on DAG Run:example_branch_dop_operator_v3
[2025-02-11T14:58:36.373+0000] {logging_mixin.py:190} INFO - [2025-02-11T14:58:36.373+0000] {dag.py:3239} INFO - Sync 1 DAGs
[2025-02-11T14:58:36.419+0000] {logging_mixin.py:190} INFO - [2025-02-11T14:58:36.418+0000] {dag.py:3262} INFO - Creating ORM DAG for example_branch_dop_operator_v3
[2025-02-11T14:58:36.490+0000] {logging_mixin.py:190} INFO - [2025-02-11T14:58:36.489+0000] {dag.py:4180} INFO - Setting next_dagrun for example_branch_dop_operator_v3 to 2025-02-11 14:57:00+00:00, run_after=2025-02-11 14:58:00+00:00
[2025-02-11T14:58:36.621+0000] {processor.py:208} INFO - Processing /home/airflow/.local/lib/python3.12/site-packages/airflow/example_dags/example_branch_python_dop_operator_3.py took 1.032 seconds
[2025-02-11T14:59:07.849+0000] {processor.py:186} INFO - Started process (PID=151) to work on /home/airflow/.local/lib/python3.12/site-packages/airflow/example_dags/example_branch_python_dop_operator_3.py
[2025-02-11T14:59:07.855+0000] {processor.py:914} INFO - Processing file /home/airflow/.local/lib/python3.12/site-packages/airflow/example_dags/example_branch_python_dop_operator_3.py for tasks to queue
[2025-02-11T14:59:07.869+0000] {logging_mixin.py:190} INFO - [2025-02-11T14:59:07.868+0000] {dagbag.py:588} INFO - Filling up the DagBag from /home/airflow/.local/lib/python3.12/site-packages/airflow/example_dags/example_branch_python_dop_operator_3.py
[2025-02-11T14:59:07.905+0000] {processor.py:925} INFO - DAG(s) 'example_branch_dop_operator_v3' retrieved from /home/airflow/.local/lib/python3.12/site-packages/airflow/example_dags/example_branch_python_dop_operator_3.py
[2025-02-11T14:59:07.966+0000] {logging_mixin.py:190} INFO - [2025-02-11T14:59:07.965+0000] {dag.py:3239} INFO - Sync 1 DAGs
[2025-02-11T14:59:08.038+0000] {logging_mixin.py:190} INFO - [2025-02-11T14:59:08.037+0000] {dag.py:4180} INFO - Setting next_dagrun for example_branch_dop_operator_v3 to 2025-02-11 14:58:00+00:00, run_after=2025-02-11 14:59:00+00:00
[2025-02-11T14:59:08.089+0000] {processor.py:208} INFO - Processing /home/airflow/.local/lib/python3.12/site-packages/airflow/example_dags/example_branch_python_dop_operator_3.py took 0.255 seconds
[2025-02-11T14:59:39.296+0000] {processor.py:186} INFO - Started process (PID=214) to work on /home/airflow/.local/lib/python3.12/site-packages/airflow/example_dags/example_branch_python_dop_operator_3.py
[2025-02-11T14:59:39.301+0000] {processor.py:914} INFO - Processing file /home/airflow/.local/lib/python3.12/site-packages/airflow/example_dags/example_branch_python_dop_operator_3.py for tasks to queue
[2025-02-11T14:59:39.319+0000] {logging_mixin.py:190} INFO - [2025-02-11T14:59:39.316+0000] {dagbag.py:588} INFO - Filling up the DagBag from /home/airflow/.local/lib/python3.12/site-packages/airflow/example_dags/example_branch_python_dop_operator_3.py
[2025-02-11T14:59:39.347+0000] {processor.py:925} INFO - DAG(s) 'example_branch_dop_operator_v3' retrieved from /home/airflow/.local/lib/python3.12/site-packages/airflow/example_dags/example_branch_python_dop_operator_3.py
[2025-02-11T14:59:39.399+0000] {logging_mixin.py:190} INFO - [2025-02-11T14:59:39.399+0000] {dag.py:3239} INFO - Sync 1 DAGs
[2025-02-11T14:59:39.467+0000] {logging_mixin.py:190} INFO - [2025-02-11T14:59:39.467+0000] {dag.py:4180} INFO - Setting next_dagrun for example_branch_dop_operator_v3 to 2025-02-11 14:58:00+00:00, run_after=2025-02-11 14:59:00+00:00
[2025-02-11T14:59:39.512+0000] {processor.py:208} INFO - Processing /home/airflow/.local/lib/python3.12/site-packages/airflow/example_dags/example_branch_python_dop_operator_3.py took 0.241 seconds
[2025-02-11T15:00:15.223+0000] {processor.py:186} INFO - Started process (PID=278) to work on /home/airflow/.local/lib/python3.12/site-packages/airflow/example_dags/example_branch_python_dop_operator_3.py
[2025-02-11T15:00:15.228+0000] {processor.py:914} INFO - Processing file /home/airflow/.local/lib/python3.12/site-packages/airflow/example_dags/example_branch_python_dop_operator_3.py for tasks to queue
[2025-02-11T15:00:15.240+0000] {logging_mixin.py:190} INFO - [2025-02-11T15:00:15.239+0000] {dagbag.py:588} INFO - Filling up the DagBag from /home/airflow/.local/lib/python3.12/site-packages/airflow/example_dags/example_branch_python_dop_operator_3.py
[2025-02-11T15:00:15.291+0000] {processor.py:925} INFO - DAG(s) 'example_branch_dop_operator_v3' retrieved from /home/airflow/.local/lib/python3.12/site-packages/airflow/example_dags/example_branch_python_dop_operator_3.py
[2025-02-11T15:00:15.428+0000] {logging_mixin.py:190} INFO - [2025-02-11T15:00:15.422+0000] {dag.py:3239} INFO - Sync 1 DAGs
[2025-02-11T15:00:15.777+0000] {logging_mixin.py:190} INFO - [2025-02-11T15:00:15.776+0000] {dag.py:4180} INFO - Setting next_dagrun for example_branch_dop_operator_v3 to 2025-02-11 14:59:00+00:00, run_after=2025-02-11 15:00:00+00:00
[2025-02-11T15:00:15.886+0000] {processor.py:208} INFO - Processing /home/airflow/.local/lib/python3.12/site-packages/airflow/example_dags/example_branch_python_dop_operator_3.py took 0.686 seconds
[2025-02-11T15:00:47.218+0000] {processor.py:186} INFO - Started process (PID=341) to work on /home/airflow/.local/lib/python3.12/site-packages/airflow/example_dags/example_branch_python_dop_operator_3.py
[2025-02-11T15:00:47.224+0000] {processor.py:914} INFO - Processing file /home/airflow/.local/lib/python3.12/site-packages/airflow/example_dags/example_branch_python_dop_operator_3.py for tasks to queue
[2025-02-11T15:00:47.232+0000] {logging_mixin.py:190} INFO - [2025-02-11T15:00:47.231+0000] {dagbag.py:588} INFO - Filling up the DagBag from /home/airflow/.local/lib/python3.12/site-packages/airflow/example_dags/example_branch_python_dop_operator_3.py
[2025-02-11T15:00:47.266+0000] {processor.py:925} INFO - DAG(s) 'example_branch_dop_operator_v3' retrieved from /home/airflow/.local/lib/python3.12/site-packages/airflow/example_dags/example_branch_python_dop_operator_3.py
[2025-02-11T15:00:47.327+0000] {logging_mixin.py:190} INFO - [2025-02-11T15:00:47.326+0000] {dag.py:3239} INFO - Sync 1 DAGs
[2025-02-11T15:00:47.414+0000] {logging_mixin.py:190} INFO - [2025-02-11T15:00:47.414+0000] {dag.py:4180} INFO - Setting next_dagrun for example_branch_dop_operator_v3 to 2025-02-11 14:59:00+00:00, run_after=2025-02-11 15:00:00+00:00
[2025-02-11T15:00:47.534+0000] {processor.py:208} INFO - Processing /home/airflow/.local/lib/python3.12/site-packages/airflow/example_dags/example_branch_python_dop_operator_3.py took 0.333 seconds
[2025-02-11T15:01:19.704+0000] {processor.py:186} INFO - Started process (PID=411) to work on /home/airflow/.local/lib/python3.12/site-packages/airflow/example_dags/example_branch_python_dop_operator_3.py
[2025-02-11T15:01:19.709+0000] {processor.py:914} INFO - Processing file /home/airflow/.local/lib/python3.12/site-packages/airflow/example_dags/example_branch_python_dop_operator_3.py for tasks to queue
[2025-02-11T15:01:19.724+0000] {logging_mixin.py:190} INFO - [2025-02-11T15:01:19.722+0000] {dagbag.py:588} INFO - Filling up the DagBag from /home/airflow/.local/lib/python3.12/site-packages/airflow/example_dags/example_branch_python_dop_operator_3.py
[2025-02-11T15:01:19.765+0000] {processor.py:925} INFO - DAG(s) 'example_branch_dop_operator_v3' retrieved from /home/airflow/.local/lib/python3.12/site-packages/airflow/example_dags/example_branch_python_dop_operator_3.py
[2025-02-11T15:01:19.807+0000] {logging_mixin.py:190} INFO - [2025-02-11T15:01:19.806+0000] {dag.py:3239} INFO - Sync 1 DAGs
[2025-02-11T15:01:19.888+0000] {logging_mixin.py:190} INFO - [2025-02-11T15:01:19.887+0000] {dag.py:4180} INFO - Setting next_dagrun for example_branch_dop_operator_v3 to 2025-02-11 15:00:00+00:00, run_after=2025-02-11 15:01:00+00:00
[2025-02-11T15:01:19.927+0000] {processor.py:208} INFO - Processing /home/airflow/.local/lib/python3.12/site-packages/airflow/example_dags/example_branch_python_dop_operator_3.py took 0.242 seconds
[2025-02-11T15:01:54.491+0000] {processor.py:186} INFO - Started process (PID=475) to work on /home/airflow/.local/lib/python3.12/site-packages/airflow/example_dags/example_branch_python_dop_operator_3.py
[2025-02-11T15:01:54.502+0000] {processor.py:914} INFO - Processing file /home/airflow/.local/lib/python3.12/site-packages/airflow/example_dags/example_branch_python_dop_operator_3.py for tasks to queue
[2025-02-11T15:01:54.527+0000] {logging_mixin.py:190} INFO - [2025-02-11T15:01:54.522+0000] {dagbag.py:588} INFO - Filling up the DagBag from /home/airflow/.local/lib/python3.12/site-packages/airflow/example_dags/example_branch_python_dop_operator_3.py
[2025-02-11T15:01:54.578+0000] {processor.py:925} INFO - DAG(s) 'example_branch_dop_operator_v3' retrieved from /home/airflow/.local/lib/python3.12/site-packages/airflow/example_dags/example_branch_python_dop_operator_3.py
[2025-02-11T15:01:54.995+0000] {logging_mixin.py:190} INFO - [2025-02-11T15:01:54.994+0000] {dag.py:3239} INFO - Sync 1 DAGs
[2025-02-11T15:01:55.337+0000] {logging_mixin.py:190} INFO - [2025-02-11T15:01:55.323+0000] {dag.py:4180} INFO - Setting next_dagrun for example_branch_dop_operator_v3 to 2025-02-11 15:00:00+00:00, run_after=2025-02-11 15:01:00+00:00
[2025-02-11T15:01:55.506+0000] {processor.py:208} INFO - Processing /home/airflow/.local/lib/python3.12/site-packages/airflow/example_dags/example_branch_python_dop_operator_3.py took 1.057 seconds
[2025-02-11T15:02:39.074+0000] {processor.py:186} INFO - Started process (PID=540) to work on /home/airflow/.local/lib/python3.12/site-packages/airflow/example_dags/example_branch_python_dop_operator_3.py
[2025-02-11T15:02:39.080+0000] {processor.py:914} INFO - Processing file /home/airflow/.local/lib/python3.12/site-packages/airflow/example_dags/example_branch_python_dop_operator_3.py for tasks to queue
[2025-02-11T15:02:39.111+0000] {logging_mixin.py:190} INFO - [2025-02-11T15:02:39.107+0000] {dagbag.py:588} INFO - Filling up the DagBag from /home/airflow/.local/lib/python3.12/site-packages/airflow/example_dags/example_branch_python_dop_operator_3.py
[2025-02-11T15:02:39.292+0000] {processor.py:925} INFO - DAG(s) 'example_branch_dop_operator_v3' retrieved from /home/airflow/.local/lib/python3.12/site-packages/airflow/example_dags/example_branch_python_dop_operator_3.py
[2025-02-11T15:02:39.731+0000] {logging_mixin.py:190} INFO - [2025-02-11T15:02:39.730+0000] {dag.py:3239} INFO - Sync 1 DAGs
[2025-02-11T15:02:40.192+0000] {logging_mixin.py:190} INFO - [2025-02-11T15:02:40.191+0000] {dag.py:4180} INFO - Setting next_dagrun for example_branch_dop_operator_v3 to 2025-02-11 15:01:00+00:00, run_after=2025-02-11 15:02:00+00:00
[2025-02-11T15:02:40.277+0000] {processor.py:208} INFO - Processing /home/airflow/.local/lib/python3.12/site-packages/airflow/example_dags/example_branch_python_dop_operator_3.py took 1.227 seconds
[2025-02-11T15:03:11.596+0000] {processor.py:186} INFO - Started process (PID=605) to work on /home/airflow/.local/lib/python3.12/site-packages/airflow/example_dags/example_branch_python_dop_operator_3.py
[2025-02-11T15:03:11.608+0000] {processor.py:914} INFO - Processing file /home/airflow/.local/lib/python3.12/site-packages/airflow/example_dags/example_branch_python_dop_operator_3.py for tasks to queue
[2025-02-11T15:03:11.629+0000] {logging_mixin.py:190} INFO - [2025-02-11T15:03:11.628+0000] {dagbag.py:588} INFO - Filling up the DagBag from /home/airflow/.local/lib/python3.12/site-packages/airflow/example_dags/example_branch_python_dop_operator_3.py
[2025-02-11T15:03:11.667+0000] {processor.py:925} INFO - DAG(s) 'example_branch_dop_operator_v3' retrieved from /home/airflow/.local/lib/python3.12/site-packages/airflow/example_dags/example_branch_python_dop_operator_3.py
[2025-02-11T15:03:11.761+0000] {logging_mixin.py:190} INFO - [2025-02-11T15:03:11.760+0000] {dag.py:3239} INFO - Sync 1 DAGs
[2025-02-11T15:03:11.990+0000] {logging_mixin.py:190} INFO - [2025-02-11T15:03:11.989+0000] {dag.py:4180} INFO - Setting next_dagrun for example_branch_dop_operator_v3 to 2025-02-11 15:02:00+00:00, run_after=2025-02-11 15:03:00+00:00
[2025-02-11T15:03:12.063+0000] {processor.py:208} INFO - Processing /home/airflow/.local/lib/python3.12/site-packages/airflow/example_dags/example_branch_python_dop_operator_3.py took 0.523 seconds
