[2025-02-11T14:58:32.075+0000] {processor.py:186} INFO - Started process (PID=83) to work on /home/airflow/.local/lib/python3.12/site-packages/airflow/example_dags/example_python_decorator.py
[2025-02-11T14:58:32.080+0000] {processor.py:914} INFO - Processing file /home/airflow/.local/lib/python3.12/site-packages/airflow/example_dags/example_python_decorator.py for tasks to queue
[2025-02-11T14:58:32.097+0000] {logging_mixin.py:190} INFO - [2025-02-11T14:58:32.096+0000] {dagbag.py:588} INFO - Filling up the DagBag from /home/airflow/.local/lib/python3.12/site-packages/airflow/example_dags/example_python_decorator.py
[2025-02-11T14:58:32.173+0000] {processor.py:925} INFO - DAG(s) 'example_python_decorator' retrieved from /home/airflow/.local/lib/python3.12/site-packages/airflow/example_dags/example_python_decorator.py
[2025-02-11T14:58:33.430+0000] {logging_mixin.py:190} INFO - [2025-02-11T14:58:33.417+0000] {override.py:1911} INFO - Created Permission View: can edit on DAG:example_python_decorator
[2025-02-11T14:58:33.603+0000] {logging_mixin.py:190} INFO - [2025-02-11T14:58:33.596+0000] {override.py:1911} INFO - Created Permission View: can read on DAG:example_python_decorator
[2025-02-11T14:58:33.633+0000] {logging_mixin.py:190} INFO - [2025-02-11T14:58:33.632+0000] {override.py:1911} INFO - Created Permission View: can delete on DAG:example_python_decorator
[2025-02-11T14:58:33.666+0000] {logging_mixin.py:190} INFO - [2025-02-11T14:58:33.666+0000] {override.py:1911} INFO - Created Permission View: can create on DAG Run:example_python_decorator
[2025-02-11T14:58:33.689+0000] {logging_mixin.py:190} INFO - [2025-02-11T14:58:33.689+0000] {override.py:1911} INFO - Created Permission View: menu access on DAG Run:example_python_decorator
[2025-02-11T14:58:33.718+0000] {logging_mixin.py:190} INFO - [2025-02-11T14:58:33.718+0000] {override.py:1911} INFO - Created Permission View: can read on DAG Run:example_python_decorator
[2025-02-11T14:58:33.743+0000] {logging_mixin.py:190} INFO - [2025-02-11T14:58:33.743+0000] {override.py:1911} INFO - Created Permission View: can delete on DAG Run:example_python_decorator
[2025-02-11T14:58:33.746+0000] {logging_mixin.py:190} INFO - [2025-02-11T14:58:33.746+0000] {dag.py:3239} INFO - Sync 1 DAGs
[2025-02-11T14:58:33.784+0000] {logging_mixin.py:190} INFO - [2025-02-11T14:58:33.783+0000] {dag.py:3262} INFO - Creating ORM DAG for example_python_decorator
[2025-02-11T14:58:33.788+0000] {logging_mixin.py:190} INFO - [2025-02-11T14:58:33.787+0000] {dag.py:4180} INFO - Setting next_dagrun for example_python_decorator to None, run_after=None
[2025-02-11T14:58:33.825+0000] {processor.py:208} INFO - Processing /home/airflow/.local/lib/python3.12/site-packages/airflow/example_dags/example_python_decorator.py took 1.766 seconds
[2025-02-11T14:59:06.937+0000] {processor.py:186} INFO - Started process (PID=147) to work on /home/airflow/.local/lib/python3.12/site-packages/airflow/example_dags/example_python_decorator.py
[2025-02-11T14:59:06.947+0000] {processor.py:914} INFO - Processing file /home/airflow/.local/lib/python3.12/site-packages/airflow/example_dags/example_python_decorator.py for tasks to queue
[2025-02-11T14:59:06.977+0000] {logging_mixin.py:190} INFO - [2025-02-11T14:59:06.973+0000] {dagbag.py:588} INFO - Filling up the DagBag from /home/airflow/.local/lib/python3.12/site-packages/airflow/example_dags/example_python_decorator.py
[2025-02-11T14:59:07.044+0000] {processor.py:925} INFO - DAG(s) 'example_python_decorator' retrieved from /home/airflow/.local/lib/python3.12/site-packages/airflow/example_dags/example_python_decorator.py
[2025-02-11T14:59:07.147+0000] {logging_mixin.py:190} INFO - [2025-02-11T14:59:07.146+0000] {dag.py:3239} INFO - Sync 1 DAGs
[2025-02-11T14:59:07.221+0000] {logging_mixin.py:190} INFO - [2025-02-11T14:59:07.220+0000] {dag.py:4180} INFO - Setting next_dagrun for example_python_decorator to None, run_after=None
[2025-02-11T14:59:07.313+0000] {processor.py:208} INFO - Processing /home/airflow/.local/lib/python3.12/site-packages/airflow/example_dags/example_python_decorator.py took 0.406 seconds
[2025-02-11T14:59:38.487+0000] {processor.py:186} INFO - Started process (PID=210) to work on /home/airflow/.local/lib/python3.12/site-packages/airflow/example_dags/example_python_decorator.py
[2025-02-11T14:59:38.491+0000] {processor.py:914} INFO - Processing file /home/airflow/.local/lib/python3.12/site-packages/airflow/example_dags/example_python_decorator.py for tasks to queue
[2025-02-11T14:59:38.497+0000] {logging_mixin.py:190} INFO - [2025-02-11T14:59:38.496+0000] {dagbag.py:588} INFO - Filling up the DagBag from /home/airflow/.local/lib/python3.12/site-packages/airflow/example_dags/example_python_decorator.py
[2025-02-11T14:59:38.532+0000] {processor.py:925} INFO - DAG(s) 'example_python_decorator' retrieved from /home/airflow/.local/lib/python3.12/site-packages/airflow/example_dags/example_python_decorator.py
[2025-02-11T14:59:38.596+0000] {logging_mixin.py:190} INFO - [2025-02-11T14:59:38.595+0000] {dag.py:3239} INFO - Sync 1 DAGs
[2025-02-11T14:59:38.630+0000] {logging_mixin.py:190} INFO - [2025-02-11T14:59:38.630+0000] {dag.py:4180} INFO - Setting next_dagrun for example_python_decorator to None, run_after=None
[2025-02-11T14:59:38.666+0000] {processor.py:208} INFO - Processing /home/airflow/.local/lib/python3.12/site-packages/airflow/example_dags/example_python_decorator.py took 0.195 seconds
[2025-02-11T15:00:14.580+0000] {processor.py:186} INFO - Started process (PID=274) to work on /home/airflow/.local/lib/python3.12/site-packages/airflow/example_dags/example_python_decorator.py
[2025-02-11T15:00:14.585+0000] {processor.py:914} INFO - Processing file /home/airflow/.local/lib/python3.12/site-packages/airflow/example_dags/example_python_decorator.py for tasks to queue
[2025-02-11T15:00:14.596+0000] {logging_mixin.py:190} INFO - [2025-02-11T15:00:14.595+0000] {dagbag.py:588} INFO - Filling up the DagBag from /home/airflow/.local/lib/python3.12/site-packages/airflow/example_dags/example_python_decorator.py
[2025-02-11T15:00:14.634+0000] {processor.py:925} INFO - DAG(s) 'example_python_decorator' retrieved from /home/airflow/.local/lib/python3.12/site-packages/airflow/example_dags/example_python_decorator.py
[2025-02-11T15:00:14.693+0000] {logging_mixin.py:190} INFO - [2025-02-11T15:00:14.693+0000] {dag.py:3239} INFO - Sync 1 DAGs
[2025-02-11T15:00:14.732+0000] {logging_mixin.py:190} INFO - [2025-02-11T15:00:14.732+0000] {dag.py:4180} INFO - Setting next_dagrun for example_python_decorator to None, run_after=None
[2025-02-11T15:00:14.778+0000] {processor.py:208} INFO - Processing /home/airflow/.local/lib/python3.12/site-packages/airflow/example_dags/example_python_decorator.py took 0.211 seconds
[2025-02-11T15:00:46.176+0000] {processor.py:186} INFO - Started process (PID=337) to work on /home/airflow/.local/lib/python3.12/site-packages/airflow/example_dags/example_python_decorator.py
[2025-02-11T15:00:46.185+0000] {processor.py:914} INFO - Processing file /home/airflow/.local/lib/python3.12/site-packages/airflow/example_dags/example_python_decorator.py for tasks to queue
[2025-02-11T15:00:46.197+0000] {logging_mixin.py:190} INFO - [2025-02-11T15:00:46.196+0000] {dagbag.py:588} INFO - Filling up the DagBag from /home/airflow/.local/lib/python3.12/site-packages/airflow/example_dags/example_python_decorator.py
[2025-02-11T15:00:46.263+0000] {processor.py:925} INFO - DAG(s) 'example_python_decorator' retrieved from /home/airflow/.local/lib/python3.12/site-packages/airflow/example_dags/example_python_decorator.py
[2025-02-11T15:00:46.347+0000] {logging_mixin.py:190} INFO - [2025-02-11T15:00:46.346+0000] {dag.py:3239} INFO - Sync 1 DAGs
[2025-02-11T15:00:46.390+0000] {logging_mixin.py:190} INFO - [2025-02-11T15:00:46.389+0000] {dag.py:4180} INFO - Setting next_dagrun for example_python_decorator to None, run_after=None
[2025-02-11T15:00:46.453+0000] {processor.py:208} INFO - Processing /home/airflow/.local/lib/python3.12/site-packages/airflow/example_dags/example_python_decorator.py took 0.295 seconds
[2025-02-11T15:01:18.753+0000] {processor.py:186} INFO - Started process (PID=400) to work on /home/airflow/.local/lib/python3.12/site-packages/airflow/example_dags/example_python_decorator.py
[2025-02-11T15:01:18.759+0000] {processor.py:914} INFO - Processing file /home/airflow/.local/lib/python3.12/site-packages/airflow/example_dags/example_python_decorator.py for tasks to queue
[2025-02-11T15:01:18.770+0000] {logging_mixin.py:190} INFO - [2025-02-11T15:01:18.768+0000] {dagbag.py:588} INFO - Filling up the DagBag from /home/airflow/.local/lib/python3.12/site-packages/airflow/example_dags/example_python_decorator.py
[2025-02-11T15:01:18.812+0000] {processor.py:925} INFO - DAG(s) 'example_python_decorator' retrieved from /home/airflow/.local/lib/python3.12/site-packages/airflow/example_dags/example_python_decorator.py
[2025-02-11T15:01:18.882+0000] {logging_mixin.py:190} INFO - [2025-02-11T15:01:18.882+0000] {dag.py:3239} INFO - Sync 1 DAGs
[2025-02-11T15:01:18.932+0000] {logging_mixin.py:190} INFO - [2025-02-11T15:01:18.932+0000] {dag.py:4180} INFO - Setting next_dagrun for example_python_decorator to None, run_after=None
[2025-02-11T15:01:18.980+0000] {processor.py:208} INFO - Processing /home/airflow/.local/lib/python3.12/site-packages/airflow/example_dags/example_python_decorator.py took 0.244 seconds
[2025-02-11T15:01:52.398+0000] {processor.py:186} INFO - Started process (PID=471) to work on /home/airflow/.local/lib/python3.12/site-packages/airflow/example_dags/example_python_decorator.py
[2025-02-11T15:01:52.406+0000] {processor.py:914} INFO - Processing file /home/airflow/.local/lib/python3.12/site-packages/airflow/example_dags/example_python_decorator.py for tasks to queue
[2025-02-11T15:01:52.416+0000] {logging_mixin.py:190} INFO - [2025-02-11T15:01:52.415+0000] {dagbag.py:588} INFO - Filling up the DagBag from /home/airflow/.local/lib/python3.12/site-packages/airflow/example_dags/example_python_decorator.py
[2025-02-11T15:01:52.561+0000] {processor.py:925} INFO - DAG(s) 'example_python_decorator' retrieved from /home/airflow/.local/lib/python3.12/site-packages/airflow/example_dags/example_python_decorator.py
[2025-02-11T15:01:53.020+0000] {logging_mixin.py:190} INFO - [2025-02-11T15:01:53.019+0000] {dag.py:3239} INFO - Sync 1 DAGs
[2025-02-11T15:01:53.174+0000] {logging_mixin.py:190} INFO - [2025-02-11T15:01:53.173+0000] {dag.py:4180} INFO - Setting next_dagrun for example_python_decorator to None, run_after=None
[2025-02-11T15:01:53.300+0000] {processor.py:208} INFO - Processing /home/airflow/.local/lib/python3.12/site-packages/airflow/example_dags/example_python_decorator.py took 0.970 seconds
[2025-02-11T15:02:36.475+0000] {processor.py:186} INFO - Started process (PID=536) to work on /home/airflow/.local/lib/python3.12/site-packages/airflow/example_dags/example_python_decorator.py
[2025-02-11T15:02:36.494+0000] {processor.py:914} INFO - Processing file /home/airflow/.local/lib/python3.12/site-packages/airflow/example_dags/example_python_decorator.py for tasks to queue
[2025-02-11T15:02:36.506+0000] {logging_mixin.py:190} INFO - [2025-02-11T15:02:36.505+0000] {dagbag.py:588} INFO - Filling up the DagBag from /home/airflow/.local/lib/python3.12/site-packages/airflow/example_dags/example_python_decorator.py
[2025-02-11T15:02:36.610+0000] {processor.py:925} INFO - DAG(s) 'example_python_decorator' retrieved from /home/airflow/.local/lib/python3.12/site-packages/airflow/example_dags/example_python_decorator.py
[2025-02-11T15:02:37.131+0000] {logging_mixin.py:190} INFO - [2025-02-11T15:02:37.130+0000] {dag.py:3239} INFO - Sync 1 DAGs
[2025-02-11T15:02:37.572+0000] {logging_mixin.py:190} INFO - [2025-02-11T15:02:37.571+0000] {dag.py:4180} INFO - Setting next_dagrun for example_python_decorator to None, run_after=None
[2025-02-11T15:02:37.745+0000] {processor.py:208} INFO - Processing /home/airflow/.local/lib/python3.12/site-packages/airflow/example_dags/example_python_decorator.py took 1.313 seconds
[2025-02-11T15:03:09.419+0000] {processor.py:186} INFO - Started process (PID=601) to work on /home/airflow/.local/lib/python3.12/site-packages/airflow/example_dags/example_python_decorator.py
[2025-02-11T15:03:09.431+0000] {processor.py:914} INFO - Processing file /home/airflow/.local/lib/python3.12/site-packages/airflow/example_dags/example_python_decorator.py for tasks to queue
[2025-02-11T15:03:09.447+0000] {logging_mixin.py:190} INFO - [2025-02-11T15:03:09.444+0000] {dagbag.py:588} INFO - Filling up the DagBag from /home/airflow/.local/lib/python3.12/site-packages/airflow/example_dags/example_python_decorator.py
[2025-02-11T15:03:09.579+0000] {processor.py:925} INFO - DAG(s) 'example_python_decorator' retrieved from /home/airflow/.local/lib/python3.12/site-packages/airflow/example_dags/example_python_decorator.py
[2025-02-11T15:03:09.714+0000] {logging_mixin.py:190} INFO - [2025-02-11T15:03:09.714+0000] {dag.py:3239} INFO - Sync 1 DAGs
[2025-02-11T15:03:09.806+0000] {logging_mixin.py:190} INFO - [2025-02-11T15:03:09.805+0000] {dag.py:4180} INFO - Setting next_dagrun for example_python_decorator to None, run_after=None
[2025-02-11T15:03:10.114+0000] {processor.py:208} INFO - Processing /home/airflow/.local/lib/python3.12/site-packages/airflow/example_dags/example_python_decorator.py took 0.717 seconds
