[2025-02-11T14:58:54.175+0000] {processor.py:186} INFO - Started process (PID=111) to work on /home/airflow/.local/lib/python3.12/site-packages/airflow/example_dags/example_setup_teardown.py
[2025-02-11T14:58:54.180+0000] {processor.py:914} INFO - Processing file /home/airflow/.local/lib/python3.12/site-packages/airflow/example_dags/example_setup_teardown.py for tasks to queue
[2025-02-11T14:58:54.186+0000] {logging_mixin.py:190} INFO - [2025-02-11T14:58:54.185+0000] {dagbag.py:588} INFO - Filling up the DagBag from /home/airflow/.local/lib/python3.12/site-packages/airflow/example_dags/example_setup_teardown.py
[2025-02-11T14:58:54.215+0000] {processor.py:925} INFO - DAG(s) 'example_setup_teardown' retrieved from /home/airflow/.local/lib/python3.12/site-packages/airflow/example_dags/example_setup_teardown.py
[2025-02-11T14:58:54.672+0000] {logging_mixin.py:190} INFO - [2025-02-11T14:58:54.670+0000] {override.py:1911} INFO - Created Permission View: can edit on DAG:example_setup_teardown
[2025-02-11T14:58:54.747+0000] {logging_mixin.py:190} INFO - [2025-02-11T14:58:54.746+0000] {override.py:1911} INFO - Created Permission View: can read on DAG:example_setup_teardown
[2025-02-11T14:58:54.777+0000] {logging_mixin.py:190} INFO - [2025-02-11T14:58:54.776+0000] {override.py:1911} INFO - Created Permission View: can delete on DAG:example_setup_teardown
[2025-02-11T14:58:54.808+0000] {logging_mixin.py:190} INFO - [2025-02-11T14:58:54.807+0000] {override.py:1911} INFO - Created Permission View: can create on DAG Run:example_setup_teardown
[2025-02-11T14:58:54.841+0000] {logging_mixin.py:190} INFO - [2025-02-11T14:58:54.841+0000] {override.py:1911} INFO - Created Permission View: menu access on DAG Run:example_setup_teardown
[2025-02-11T14:58:54.873+0000] {logging_mixin.py:190} INFO - [2025-02-11T14:58:54.873+0000] {override.py:1911} INFO - Created Permission View: can read on DAG Run:example_setup_teardown
[2025-02-11T14:58:54.917+0000] {logging_mixin.py:190} INFO - [2025-02-11T14:58:54.916+0000] {override.py:1911} INFO - Created Permission View: can delete on DAG Run:example_setup_teardown
[2025-02-11T14:58:54.919+0000] {logging_mixin.py:190} INFO - [2025-02-11T14:58:54.919+0000] {dag.py:3239} INFO - Sync 1 DAGs
[2025-02-11T14:58:55.000+0000] {logging_mixin.py:190} INFO - [2025-02-11T14:58:54.999+0000] {dag.py:3262} INFO - Creating ORM DAG for example_setup_teardown
[2025-02-11T14:58:55.005+0000] {logging_mixin.py:190} INFO - [2025-02-11T14:58:55.005+0000] {dag.py:4180} INFO - Setting next_dagrun for example_setup_teardown to None, run_after=None
[2025-02-11T14:58:55.099+0000] {processor.py:208} INFO - Processing /home/airflow/.local/lib/python3.12/site-packages/airflow/example_dags/example_setup_teardown.py took 0.939 seconds
[2025-02-11T14:59:25.936+0000] {processor.py:186} INFO - Started process (PID=176) to work on /home/airflow/.local/lib/python3.12/site-packages/airflow/example_dags/example_setup_teardown.py
[2025-02-11T14:59:25.950+0000] {processor.py:914} INFO - Processing file /home/airflow/.local/lib/python3.12/site-packages/airflow/example_dags/example_setup_teardown.py for tasks to queue
[2025-02-11T14:59:25.990+0000] {logging_mixin.py:190} INFO - [2025-02-11T14:59:25.989+0000] {dagbag.py:588} INFO - Filling up the DagBag from /home/airflow/.local/lib/python3.12/site-packages/airflow/example_dags/example_setup_teardown.py
[2025-02-11T14:59:26.031+0000] {processor.py:925} INFO - DAG(s) 'example_setup_teardown' retrieved from /home/airflow/.local/lib/python3.12/site-packages/airflow/example_dags/example_setup_teardown.py
[2025-02-11T14:59:26.087+0000] {logging_mixin.py:190} INFO - [2025-02-11T14:59:26.086+0000] {dag.py:3239} INFO - Sync 1 DAGs
[2025-02-11T14:59:26.128+0000] {logging_mixin.py:190} INFO - [2025-02-11T14:59:26.128+0000] {dag.py:4180} INFO - Setting next_dagrun for example_setup_teardown to None, run_after=None
[2025-02-11T14:59:26.244+0000] {processor.py:208} INFO - Processing /home/airflow/.local/lib/python3.12/site-packages/airflow/example_dags/example_setup_teardown.py took 0.333 seconds
[2025-02-11T14:59:57.569+0000] {processor.py:186} INFO - Started process (PID=238) to work on /home/airflow/.local/lib/python3.12/site-packages/airflow/example_dags/example_setup_teardown.py
[2025-02-11T14:59:57.581+0000] {processor.py:914} INFO - Processing file /home/airflow/.local/lib/python3.12/site-packages/airflow/example_dags/example_setup_teardown.py for tasks to queue
[2025-02-11T14:59:57.592+0000] {logging_mixin.py:190} INFO - [2025-02-11T14:59:57.590+0000] {dagbag.py:588} INFO - Filling up the DagBag from /home/airflow/.local/lib/python3.12/site-packages/airflow/example_dags/example_setup_teardown.py
[2025-02-11T14:59:57.622+0000] {processor.py:925} INFO - DAG(s) 'example_setup_teardown' retrieved from /home/airflow/.local/lib/python3.12/site-packages/airflow/example_dags/example_setup_teardown.py
[2025-02-11T14:59:57.691+0000] {logging_mixin.py:190} INFO - [2025-02-11T14:59:57.690+0000] {dag.py:3239} INFO - Sync 1 DAGs
[2025-02-11T14:59:57.737+0000] {logging_mixin.py:190} INFO - [2025-02-11T14:59:57.736+0000] {dag.py:4180} INFO - Setting next_dagrun for example_setup_teardown to None, run_after=None
[2025-02-11T14:59:57.806+0000] {processor.py:208} INFO - Processing /home/airflow/.local/lib/python3.12/site-packages/airflow/example_dags/example_setup_teardown.py took 0.263 seconds
[2025-02-11T15:00:28.184+0000] {processor.py:186} INFO - Started process (PID=300) to work on /home/airflow/.local/lib/python3.12/site-packages/airflow/example_dags/example_setup_teardown.py
[2025-02-11T15:00:28.188+0000] {processor.py:914} INFO - Processing file /home/airflow/.local/lib/python3.12/site-packages/airflow/example_dags/example_setup_teardown.py for tasks to queue
[2025-02-11T15:00:28.199+0000] {logging_mixin.py:190} INFO - [2025-02-11T15:00:28.198+0000] {dagbag.py:588} INFO - Filling up the DagBag from /home/airflow/.local/lib/python3.12/site-packages/airflow/example_dags/example_setup_teardown.py
[2025-02-11T15:00:28.228+0000] {processor.py:925} INFO - DAG(s) 'example_setup_teardown' retrieved from /home/airflow/.local/lib/python3.12/site-packages/airflow/example_dags/example_setup_teardown.py
[2025-02-11T15:00:28.298+0000] {logging_mixin.py:190} INFO - [2025-02-11T15:00:28.298+0000] {dag.py:3239} INFO - Sync 1 DAGs
[2025-02-11T15:00:28.347+0000] {logging_mixin.py:190} INFO - [2025-02-11T15:00:28.347+0000] {dag.py:4180} INFO - Setting next_dagrun for example_setup_teardown to None, run_after=None
[2025-02-11T15:00:28.416+0000] {processor.py:208} INFO - Processing /home/airflow/.local/lib/python3.12/site-packages/airflow/example_dags/example_setup_teardown.py took 0.248 seconds
[2025-02-11T15:00:58.802+0000] {processor.py:186} INFO - Started process (PID=364) to work on /home/airflow/.local/lib/python3.12/site-packages/airflow/example_dags/example_setup_teardown.py
[2025-02-11T15:00:58.806+0000] {processor.py:914} INFO - Processing file /home/airflow/.local/lib/python3.12/site-packages/airflow/example_dags/example_setup_teardown.py for tasks to queue
[2025-02-11T15:00:58.813+0000] {logging_mixin.py:190} INFO - [2025-02-11T15:00:58.812+0000] {dagbag.py:588} INFO - Filling up the DagBag from /home/airflow/.local/lib/python3.12/site-packages/airflow/example_dags/example_setup_teardown.py
[2025-02-11T15:00:58.836+0000] {processor.py:925} INFO - DAG(s) 'example_setup_teardown' retrieved from /home/airflow/.local/lib/python3.12/site-packages/airflow/example_dags/example_setup_teardown.py
[2025-02-11T15:00:58.884+0000] {logging_mixin.py:190} INFO - [2025-02-11T15:00:58.884+0000] {dag.py:3239} INFO - Sync 1 DAGs
[2025-02-11T15:00:58.925+0000] {logging_mixin.py:190} INFO - [2025-02-11T15:00:58.925+0000] {dag.py:4180} INFO - Setting next_dagrun for example_setup_teardown to None, run_after=None
[2025-02-11T15:00:58.972+0000] {processor.py:208} INFO - Processing /home/airflow/.local/lib/python3.12/site-packages/airflow/example_dags/example_setup_teardown.py took 0.188 seconds
[2025-02-11T15:01:29.348+0000] {processor.py:186} INFO - Started process (PID=427) to work on /home/airflow/.local/lib/python3.12/site-packages/airflow/example_dags/example_setup_teardown.py
[2025-02-11T15:01:29.352+0000] {processor.py:914} INFO - Processing file /home/airflow/.local/lib/python3.12/site-packages/airflow/example_dags/example_setup_teardown.py for tasks to queue
[2025-02-11T15:01:29.358+0000] {logging_mixin.py:190} INFO - [2025-02-11T15:01:29.358+0000] {dagbag.py:588} INFO - Filling up the DagBag from /home/airflow/.local/lib/python3.12/site-packages/airflow/example_dags/example_setup_teardown.py
[2025-02-11T15:01:29.383+0000] {processor.py:925} INFO - DAG(s) 'example_setup_teardown' retrieved from /home/airflow/.local/lib/python3.12/site-packages/airflow/example_dags/example_setup_teardown.py
[2025-02-11T15:01:29.435+0000] {logging_mixin.py:190} INFO - [2025-02-11T15:01:29.435+0000] {dag.py:3239} INFO - Sync 1 DAGs
[2025-02-11T15:01:29.481+0000] {logging_mixin.py:190} INFO - [2025-02-11T15:01:29.480+0000] {dag.py:4180} INFO - Setting next_dagrun for example_setup_teardown to None, run_after=None
[2025-02-11T15:01:29.529+0000] {processor.py:208} INFO - Processing /home/airflow/.local/lib/python3.12/site-packages/airflow/example_dags/example_setup_teardown.py took 0.197 seconds
[2025-02-11T15:02:04.454+0000] {processor.py:186} INFO - Started process (PID=494) to work on /home/airflow/.local/lib/python3.12/site-packages/airflow/example_dags/example_setup_teardown.py
[2025-02-11T15:02:04.459+0000] {processor.py:914} INFO - Processing file /home/airflow/.local/lib/python3.12/site-packages/airflow/example_dags/example_setup_teardown.py for tasks to queue
[2025-02-11T15:02:04.484+0000] {logging_mixin.py:190} INFO - [2025-02-11T15:02:04.483+0000] {dagbag.py:588} INFO - Filling up the DagBag from /home/airflow/.local/lib/python3.12/site-packages/airflow/example_dags/example_setup_teardown.py
[2025-02-11T15:02:04.602+0000] {processor.py:925} INFO - DAG(s) 'example_setup_teardown' retrieved from /home/airflow/.local/lib/python3.12/site-packages/airflow/example_dags/example_setup_teardown.py
[2025-02-11T15:02:04.851+0000] {logging_mixin.py:190} INFO - [2025-02-11T15:02:04.851+0000] {dag.py:3239} INFO - Sync 1 DAGs
[2025-02-11T15:02:05.029+0000] {logging_mixin.py:190} INFO - [2025-02-11T15:02:05.013+0000] {dag.py:4180} INFO - Setting next_dagrun for example_setup_teardown to None, run_after=None
[2025-02-11T15:02:05.254+0000] {processor.py:208} INFO - Processing /home/airflow/.local/lib/python3.12/site-packages/airflow/example_dags/example_setup_teardown.py took 0.821 seconds
[2025-02-11T15:02:54.393+0000] {processor.py:186} INFO - Started process (PID=572) to work on /home/airflow/.local/lib/python3.12/site-packages/airflow/example_dags/example_setup_teardown.py
[2025-02-11T15:02:54.422+0000] {processor.py:914} INFO - Processing file /home/airflow/.local/lib/python3.12/site-packages/airflow/example_dags/example_setup_teardown.py for tasks to queue
[2025-02-11T15:02:54.427+0000] {logging_mixin.py:190} INFO - [2025-02-11T15:02:54.426+0000] {dagbag.py:588} INFO - Filling up the DagBag from /home/airflow/.local/lib/python3.12/site-packages/airflow/example_dags/example_setup_teardown.py
[2025-02-11T15:02:54.646+0000] {processor.py:925} INFO - DAG(s) 'example_setup_teardown' retrieved from /home/airflow/.local/lib/python3.12/site-packages/airflow/example_dags/example_setup_teardown.py
[2025-02-11T15:02:54.801+0000] {logging_mixin.py:190} INFO - [2025-02-11T15:02:54.801+0000] {dag.py:3239} INFO - Sync 1 DAGs
[2025-02-11T15:02:54.941+0000] {logging_mixin.py:190} INFO - [2025-02-11T15:02:54.940+0000] {dag.py:4180} INFO - Setting next_dagrun for example_setup_teardown to None, run_after=None
[2025-02-11T15:02:55.082+0000] {processor.py:208} INFO - Processing /home/airflow/.local/lib/python3.12/site-packages/airflow/example_dags/example_setup_teardown.py took 0.745 seconds
