[2025-02-11T14:58:53.267+0000] {processor.py:186} INFO - Started process (PID=109) to work on /home/airflow/.local/lib/python3.12/site-packages/airflow/example_dags/example_short_circuit_operator.py
[2025-02-11T14:58:53.275+0000] {processor.py:914} INFO - Processing file /home/airflow/.local/lib/python3.12/site-packages/airflow/example_dags/example_short_circuit_operator.py for tasks to queue
[2025-02-11T14:58:53.293+0000] {logging_mixin.py:190} INFO - [2025-02-11T14:58:53.290+0000] {dagbag.py:588} INFO - Filling up the DagBag from /home/airflow/.local/lib/python3.12/site-packages/airflow/example_dags/example_short_circuit_operator.py
[2025-02-11T14:58:53.354+0000] {processor.py:925} INFO - DAG(s) 'example_short_circuit_operator' retrieved from /home/airflow/.local/lib/python3.12/site-packages/airflow/example_dags/example_short_circuit_operator.py
[2025-02-11T14:58:53.900+0000] {logging_mixin.py:190} INFO - [2025-02-11T14:58:53.898+0000] {override.py:1911} INFO - Created Permission View: can edit on DAG:example_short_circuit_operator
[2025-02-11T14:58:53.928+0000] {logging_mixin.py:190} INFO - [2025-02-11T14:58:53.928+0000] {override.py:1911} INFO - Created Permission View: can read on DAG:example_short_circuit_operator
[2025-02-11T14:58:53.944+0000] {logging_mixin.py:190} INFO - [2025-02-11T14:58:53.943+0000] {override.py:1911} INFO - Created Permission View: can delete on DAG:example_short_circuit_operator
[2025-02-11T14:58:53.966+0000] {logging_mixin.py:190} INFO - [2025-02-11T14:58:53.966+0000] {override.py:1911} INFO - Created Permission View: can create on DAG Run:example_short_circuit_operator
[2025-02-11T14:58:53.983+0000] {logging_mixin.py:190} INFO - [2025-02-11T14:58:53.982+0000] {override.py:1911} INFO - Created Permission View: menu access on DAG Run:example_short_circuit_operator
[2025-02-11T14:58:54.000+0000] {logging_mixin.py:190} INFO - [2025-02-11T14:58:54.000+0000] {override.py:1911} INFO - Created Permission View: can read on DAG Run:example_short_circuit_operator
[2025-02-11T14:58:54.018+0000] {logging_mixin.py:190} INFO - [2025-02-11T14:58:54.017+0000] {override.py:1911} INFO - Created Permission View: can delete on DAG Run:example_short_circuit_operator
[2025-02-11T14:58:54.021+0000] {logging_mixin.py:190} INFO - [2025-02-11T14:58:54.020+0000] {dag.py:3239} INFO - Sync 1 DAGs
[2025-02-11T14:58:54.049+0000] {logging_mixin.py:190} INFO - [2025-02-11T14:58:54.048+0000] {dag.py:3262} INFO - Creating ORM DAG for example_short_circuit_operator
[2025-02-11T14:58:54.052+0000] {logging_mixin.py:190} INFO - [2025-02-11T14:58:54.052+0000] {dag.py:4180} INFO - Setting next_dagrun for example_short_circuit_operator to None, run_after=None
[2025-02-11T14:58:54.089+0000] {processor.py:208} INFO - Processing /home/airflow/.local/lib/python3.12/site-packages/airflow/example_dags/example_short_circuit_operator.py took 0.855 seconds
[2025-02-11T14:59:24.884+0000] {processor.py:186} INFO - Started process (PID=172) to work on /home/airflow/.local/lib/python3.12/site-packages/airflow/example_dags/example_short_circuit_operator.py
[2025-02-11T14:59:24.906+0000] {processor.py:914} INFO - Processing file /home/airflow/.local/lib/python3.12/site-packages/airflow/example_dags/example_short_circuit_operator.py for tasks to queue
[2025-02-11T14:59:24.934+0000] {logging_mixin.py:190} INFO - [2025-02-11T14:59:24.931+0000] {dagbag.py:588} INFO - Filling up the DagBag from /home/airflow/.local/lib/python3.12/site-packages/airflow/example_dags/example_short_circuit_operator.py
[2025-02-11T14:59:24.984+0000] {processor.py:925} INFO - DAG(s) 'example_short_circuit_operator' retrieved from /home/airflow/.local/lib/python3.12/site-packages/airflow/example_dags/example_short_circuit_operator.py
[2025-02-11T14:59:25.087+0000] {logging_mixin.py:190} INFO - [2025-02-11T14:59:25.086+0000] {dag.py:3239} INFO - Sync 1 DAGs
[2025-02-11T14:59:25.162+0000] {logging_mixin.py:190} INFO - [2025-02-11T14:59:25.161+0000] {dag.py:4180} INFO - Setting next_dagrun for example_short_circuit_operator to None, run_after=None
[2025-02-11T14:59:25.281+0000] {processor.py:208} INFO - Processing /home/airflow/.local/lib/python3.12/site-packages/airflow/example_dags/example_short_circuit_operator.py took 0.440 seconds
[2025-02-11T14:59:56.512+0000] {processor.py:186} INFO - Started process (PID=236) to work on /home/airflow/.local/lib/python3.12/site-packages/airflow/example_dags/example_short_circuit_operator.py
[2025-02-11T14:59:56.518+0000] {processor.py:914} INFO - Processing file /home/airflow/.local/lib/python3.12/site-packages/airflow/example_dags/example_short_circuit_operator.py for tasks to queue
[2025-02-11T14:59:56.538+0000] {logging_mixin.py:190} INFO - [2025-02-11T14:59:56.537+0000] {dagbag.py:588} INFO - Filling up the DagBag from /home/airflow/.local/lib/python3.12/site-packages/airflow/example_dags/example_short_circuit_operator.py
[2025-02-11T14:59:56.631+0000] {processor.py:925} INFO - DAG(s) 'example_short_circuit_operator' retrieved from /home/airflow/.local/lib/python3.12/site-packages/airflow/example_dags/example_short_circuit_operator.py
[2025-02-11T14:59:56.873+0000] {logging_mixin.py:190} INFO - [2025-02-11T14:59:56.872+0000] {dag.py:3239} INFO - Sync 1 DAGs
[2025-02-11T14:59:56.953+0000] {logging_mixin.py:190} INFO - [2025-02-11T14:59:56.953+0000] {dag.py:4180} INFO - Setting next_dagrun for example_short_circuit_operator to None, run_after=None
[2025-02-11T14:59:57.042+0000] {processor.py:208} INFO - Processing /home/airflow/.local/lib/python3.12/site-packages/airflow/example_dags/example_short_circuit_operator.py took 0.557 seconds
[2025-02-11T15:00:27.279+0000] {processor.py:186} INFO - Started process (PID=298) to work on /home/airflow/.local/lib/python3.12/site-packages/airflow/example_dags/example_short_circuit_operator.py
[2025-02-11T15:00:27.283+0000] {processor.py:914} INFO - Processing file /home/airflow/.local/lib/python3.12/site-packages/airflow/example_dags/example_short_circuit_operator.py for tasks to queue
[2025-02-11T15:00:27.294+0000] {logging_mixin.py:190} INFO - [2025-02-11T15:00:27.293+0000] {dagbag.py:588} INFO - Filling up the DagBag from /home/airflow/.local/lib/python3.12/site-packages/airflow/example_dags/example_short_circuit_operator.py
[2025-02-11T15:00:27.320+0000] {processor.py:925} INFO - DAG(s) 'example_short_circuit_operator' retrieved from /home/airflow/.local/lib/python3.12/site-packages/airflow/example_dags/example_short_circuit_operator.py
[2025-02-11T15:00:27.389+0000] {logging_mixin.py:190} INFO - [2025-02-11T15:00:27.388+0000] {dag.py:3239} INFO - Sync 1 DAGs
[2025-02-11T15:00:27.475+0000] {logging_mixin.py:190} INFO - [2025-02-11T15:00:27.474+0000] {dag.py:4180} INFO - Setting next_dagrun for example_short_circuit_operator to None, run_after=None
[2025-02-11T15:00:27.532+0000] {processor.py:208} INFO - Processing /home/airflow/.local/lib/python3.12/site-packages/airflow/example_dags/example_short_circuit_operator.py took 0.269 seconds
[2025-02-11T15:00:58.397+0000] {processor.py:186} INFO - Started process (PID=361) to work on /home/airflow/.local/lib/python3.12/site-packages/airflow/example_dags/example_short_circuit_operator.py
[2025-02-11T15:00:58.401+0000] {processor.py:914} INFO - Processing file /home/airflow/.local/lib/python3.12/site-packages/airflow/example_dags/example_short_circuit_operator.py for tasks to queue
[2025-02-11T15:00:58.408+0000] {logging_mixin.py:190} INFO - [2025-02-11T15:00:58.407+0000] {dagbag.py:588} INFO - Filling up the DagBag from /home/airflow/.local/lib/python3.12/site-packages/airflow/example_dags/example_short_circuit_operator.py
[2025-02-11T15:00:58.443+0000] {processor.py:925} INFO - DAG(s) 'example_short_circuit_operator' retrieved from /home/airflow/.local/lib/python3.12/site-packages/airflow/example_dags/example_short_circuit_operator.py
[2025-02-11T15:00:58.516+0000] {logging_mixin.py:190} INFO - [2025-02-11T15:00:58.515+0000] {dag.py:3239} INFO - Sync 1 DAGs
[2025-02-11T15:00:58.557+0000] {logging_mixin.py:190} INFO - [2025-02-11T15:00:58.556+0000] {dag.py:4180} INFO - Setting next_dagrun for example_short_circuit_operator to None, run_after=None
[2025-02-11T15:00:58.622+0000] {processor.py:208} INFO - Processing /home/airflow/.local/lib/python3.12/site-packages/airflow/example_dags/example_short_circuit_operator.py took 0.245 seconds
[2025-02-11T15:01:29.107+0000] {processor.py:186} INFO - Started process (PID=425) to work on /home/airflow/.local/lib/python3.12/site-packages/airflow/example_dags/example_short_circuit_operator.py
[2025-02-11T15:01:29.111+0000] {processor.py:914} INFO - Processing file /home/airflow/.local/lib/python3.12/site-packages/airflow/example_dags/example_short_circuit_operator.py for tasks to queue
[2025-02-11T15:01:29.118+0000] {logging_mixin.py:190} INFO - [2025-02-11T15:01:29.118+0000] {dagbag.py:588} INFO - Filling up the DagBag from /home/airflow/.local/lib/python3.12/site-packages/airflow/example_dags/example_short_circuit_operator.py
[2025-02-11T15:01:29.139+0000] {processor.py:925} INFO - DAG(s) 'example_short_circuit_operator' retrieved from /home/airflow/.local/lib/python3.12/site-packages/airflow/example_dags/example_short_circuit_operator.py
[2025-02-11T15:01:29.190+0000] {logging_mixin.py:190} INFO - [2025-02-11T15:01:29.190+0000] {dag.py:3239} INFO - Sync 1 DAGs
[2025-02-11T15:01:29.231+0000] {logging_mixin.py:190} INFO - [2025-02-11T15:01:29.230+0000] {dag.py:4180} INFO - Setting next_dagrun for example_short_circuit_operator to None, run_after=None
[2025-02-11T15:01:29.269+0000] {processor.py:208} INFO - Processing /home/airflow/.local/lib/python3.12/site-packages/airflow/example_dags/example_short_circuit_operator.py took 0.188 seconds
[2025-02-11T15:02:02.321+0000] {processor.py:186} INFO - Started process (PID=492) to work on /home/airflow/.local/lib/python3.12/site-packages/airflow/example_dags/example_short_circuit_operator.py
[2025-02-11T15:02:02.349+0000] {processor.py:914} INFO - Processing file /home/airflow/.local/lib/python3.12/site-packages/airflow/example_dags/example_short_circuit_operator.py for tasks to queue
[2025-02-11T15:02:02.380+0000] {logging_mixin.py:190} INFO - [2025-02-11T15:02:02.379+0000] {dagbag.py:588} INFO - Filling up the DagBag from /home/airflow/.local/lib/python3.12/site-packages/airflow/example_dags/example_short_circuit_operator.py
[2025-02-11T15:02:02.417+0000] {processor.py:925} INFO - DAG(s) 'example_short_circuit_operator' retrieved from /home/airflow/.local/lib/python3.12/site-packages/airflow/example_dags/example_short_circuit_operator.py
[2025-02-11T15:02:02.706+0000] {logging_mixin.py:190} INFO - [2025-02-11T15:02:02.705+0000] {dag.py:3239} INFO - Sync 1 DAGs
[2025-02-11T15:02:02.859+0000] {logging_mixin.py:190} INFO - [2025-02-11T15:02:02.858+0000] {dag.py:4180} INFO - Setting next_dagrun for example_short_circuit_operator to None, run_after=None
[2025-02-11T15:02:03.076+0000] {processor.py:208} INFO - Processing /home/airflow/.local/lib/python3.12/site-packages/airflow/example_dags/example_short_circuit_operator.py took 0.841 seconds
[2025-02-11T15:02:53.762+0000] {processor.py:186} INFO - Started process (PID=570) to work on /home/airflow/.local/lib/python3.12/site-packages/airflow/example_dags/example_short_circuit_operator.py
[2025-02-11T15:02:53.771+0000] {processor.py:914} INFO - Processing file /home/airflow/.local/lib/python3.12/site-packages/airflow/example_dags/example_short_circuit_operator.py for tasks to queue
[2025-02-11T15:02:53.789+0000] {logging_mixin.py:190} INFO - [2025-02-11T15:02:53.788+0000] {dagbag.py:588} INFO - Filling up the DagBag from /home/airflow/.local/lib/python3.12/site-packages/airflow/example_dags/example_short_circuit_operator.py
[2025-02-11T15:02:53.846+0000] {processor.py:925} INFO - DAG(s) 'example_short_circuit_operator' retrieved from /home/airflow/.local/lib/python3.12/site-packages/airflow/example_dags/example_short_circuit_operator.py
[2025-02-11T15:02:53.920+0000] {logging_mixin.py:190} INFO - [2025-02-11T15:02:53.919+0000] {dag.py:3239} INFO - Sync 1 DAGs
[2025-02-11T15:02:53.992+0000] {logging_mixin.py:190} INFO - [2025-02-11T15:02:53.990+0000] {dag.py:4180} INFO - Setting next_dagrun for example_short_circuit_operator to None, run_after=None
[2025-02-11T15:02:54.144+0000] {processor.py:208} INFO - Processing /home/airflow/.local/lib/python3.12/site-packages/airflow/example_dags/example_short_circuit_operator.py took 0.406 seconds
