[2025-02-11T14:58:01.014+0000] {processor.py:186} INFO - Started process (PID=55) to work on /home/airflow/.local/lib/python3.12/site-packages/airflow/example_dags/example_params_trigger_ui.py
[2025-02-11T14:58:01.031+0000] {processor.py:914} INFO - Processing file /home/airflow/.local/lib/python3.12/site-packages/airflow/example_dags/example_params_trigger_ui.py for tasks to queue
[2025-02-11T14:58:01.038+0000] {logging_mixin.py:190} INFO - [2025-02-11T14:58:01.037+0000] {dagbag.py:588} INFO - Filling up the DagBag from /home/airflow/.local/lib/python3.12/site-packages/airflow/example_dags/example_params_trigger_ui.py
[2025-02-11T14:58:01.116+0000] {processor.py:925} INFO - DAG(s) 'example_params_trigger_ui' retrieved from /home/airflow/.local/lib/python3.12/site-packages/airflow/example_dags/example_params_trigger_ui.py
[2025-02-11T14:58:02.702+0000] {logging_mixin.py:190} INFO - [2025-02-11T14:58:02.696+0000] {override.py:1911} INFO - Created Permission View: can edit on DAG:example_params_trigger_ui
[2025-02-11T14:58:02.749+0000] {logging_mixin.py:190} INFO - [2025-02-11T14:58:02.748+0000] {override.py:1911} INFO - Created Permission View: can read on DAG:example_params_trigger_ui
[2025-02-11T14:58:02.807+0000] {logging_mixin.py:190} INFO - [2025-02-11T14:58:02.806+0000] {override.py:1911} INFO - Created Permission View: can delete on DAG:example_params_trigger_ui
[2025-02-11T14:58:03.302+0000] {logging_mixin.py:190} INFO - [2025-02-11T14:58:03.302+0000] {override.py:1911} INFO - Created Permission View: can create on DAG Run:example_params_trigger_ui
[2025-02-11T14:58:03.348+0000] {logging_mixin.py:190} INFO - [2025-02-11T14:58:03.347+0000] {override.py:1911} INFO - Created Permission View: menu access on DAG Run:example_params_trigger_ui
[2025-02-11T14:58:03.381+0000] {logging_mixin.py:190} INFO - [2025-02-11T14:58:03.380+0000] {override.py:1911} INFO - Created Permission View: can read on DAG Run:example_params_trigger_ui
[2025-02-11T14:58:03.477+0000] {logging_mixin.py:190} INFO - [2025-02-11T14:58:03.477+0000] {override.py:1911} INFO - Created Permission View: can delete on DAG Run:example_params_trigger_ui
[2025-02-11T14:58:03.485+0000] {logging_mixin.py:190} INFO - [2025-02-11T14:58:03.484+0000] {dag.py:3239} INFO - Sync 1 DAGs
[2025-02-11T14:58:03.622+0000] {logging_mixin.py:190} INFO - [2025-02-11T14:58:03.621+0000] {dag.py:3262} INFO - Creating ORM DAG for example_params_trigger_ui
[2025-02-11T14:58:03.633+0000] {logging_mixin.py:190} INFO - [2025-02-11T14:58:03.632+0000] {dag.py:4180} INFO - Setting next_dagrun for example_params_trigger_ui to None, run_after=None
[2025-02-11T14:58:04.264+0000] {processor.py:208} INFO - Processing /home/airflow/.local/lib/python3.12/site-packages/airflow/example_dags/example_params_trigger_ui.py took 3.381 seconds
[2025-02-11T14:58:58.560+0000] {processor.py:186} INFO - Started process (PID=125) to work on /home/airflow/.local/lib/python3.12/site-packages/airflow/example_dags/example_params_trigger_ui.py
[2025-02-11T14:58:58.565+0000] {processor.py:914} INFO - Processing file /home/airflow/.local/lib/python3.12/site-packages/airflow/example_dags/example_params_trigger_ui.py for tasks to queue
[2025-02-11T14:58:58.573+0000] {logging_mixin.py:190} INFO - [2025-02-11T14:58:58.572+0000] {dagbag.py:588} INFO - Filling up the DagBag from /home/airflow/.local/lib/python3.12/site-packages/airflow/example_dags/example_params_trigger_ui.py
[2025-02-11T14:58:58.642+0000] {processor.py:925} INFO - DAG(s) 'example_params_trigger_ui' retrieved from /home/airflow/.local/lib/python3.12/site-packages/airflow/example_dags/example_params_trigger_ui.py
[2025-02-11T14:58:58.794+0000] {logging_mixin.py:190} INFO - [2025-02-11T14:58:58.793+0000] {dag.py:3239} INFO - Sync 1 DAGs
[2025-02-11T14:58:58.994+0000] {logging_mixin.py:190} INFO - [2025-02-11T14:58:58.993+0000] {dag.py:4180} INFO - Setting next_dagrun for example_params_trigger_ui to None, run_after=None
[2025-02-11T14:58:59.145+0000] {processor.py:208} INFO - Processing /home/airflow/.local/lib/python3.12/site-packages/airflow/example_dags/example_params_trigger_ui.py took 0.603 seconds
[2025-02-11T14:59:29.277+0000] {processor.py:186} INFO - Started process (PID=187) to work on /home/airflow/.local/lib/python3.12/site-packages/airflow/example_dags/example_params_trigger_ui.py
[2025-02-11T14:59:29.292+0000] {processor.py:914} INFO - Processing file /home/airflow/.local/lib/python3.12/site-packages/airflow/example_dags/example_params_trigger_ui.py for tasks to queue
[2025-02-11T14:59:29.319+0000] {logging_mixin.py:190} INFO - [2025-02-11T14:59:29.318+0000] {dagbag.py:588} INFO - Filling up the DagBag from /home/airflow/.local/lib/python3.12/site-packages/airflow/example_dags/example_params_trigger_ui.py
[2025-02-11T14:59:29.395+0000] {processor.py:925} INFO - DAG(s) 'example_params_trigger_ui' retrieved from /home/airflow/.local/lib/python3.12/site-packages/airflow/example_dags/example_params_trigger_ui.py
[2025-02-11T14:59:29.602+0000] {logging_mixin.py:190} INFO - [2025-02-11T14:59:29.600+0000] {dag.py:3239} INFO - Sync 1 DAGs
[2025-02-11T14:59:29.674+0000] {logging_mixin.py:190} INFO - [2025-02-11T14:59:29.674+0000] {dag.py:4180} INFO - Setting next_dagrun for example_params_trigger_ui to None, run_after=None
[2025-02-11T14:59:29.761+0000] {processor.py:208} INFO - Processing /home/airflow/.local/lib/python3.12/site-packages/airflow/example_dags/example_params_trigger_ui.py took 0.513 seconds
[2025-02-11T15:00:00.134+0000] {processor.py:186} INFO - Started process (PID=251) to work on /home/airflow/.local/lib/python3.12/site-packages/airflow/example_dags/example_params_trigger_ui.py
[2025-02-11T15:00:00.137+0000] {processor.py:914} INFO - Processing file /home/airflow/.local/lib/python3.12/site-packages/airflow/example_dags/example_params_trigger_ui.py for tasks to queue
[2025-02-11T15:00:00.155+0000] {logging_mixin.py:190} INFO - [2025-02-11T15:00:00.154+0000] {dagbag.py:588} INFO - Filling up the DagBag from /home/airflow/.local/lib/python3.12/site-packages/airflow/example_dags/example_params_trigger_ui.py
[2025-02-11T15:00:00.192+0000] {processor.py:925} INFO - DAG(s) 'example_params_trigger_ui' retrieved from /home/airflow/.local/lib/python3.12/site-packages/airflow/example_dags/example_params_trigger_ui.py
[2025-02-11T15:00:00.316+0000] {logging_mixin.py:190} INFO - [2025-02-11T15:00:00.315+0000] {dag.py:3239} INFO - Sync 1 DAGs
[2025-02-11T15:00:00.352+0000] {logging_mixin.py:190} INFO - [2025-02-11T15:00:00.351+0000] {dag.py:4180} INFO - Setting next_dagrun for example_params_trigger_ui to None, run_after=None
[2025-02-11T15:00:00.406+0000] {processor.py:208} INFO - Processing /home/airflow/.local/lib/python3.12/site-packages/airflow/example_dags/example_params_trigger_ui.py took 0.287 seconds
[2025-02-11T15:00:30.775+0000] {processor.py:186} INFO - Started process (PID=313) to work on /home/airflow/.local/lib/python3.12/site-packages/airflow/example_dags/example_params_trigger_ui.py
[2025-02-11T15:00:30.783+0000] {processor.py:914} INFO - Processing file /home/airflow/.local/lib/python3.12/site-packages/airflow/example_dags/example_params_trigger_ui.py for tasks to queue
[2025-02-11T15:00:30.790+0000] {logging_mixin.py:190} INFO - [2025-02-11T15:00:30.790+0000] {dagbag.py:588} INFO - Filling up the DagBag from /home/airflow/.local/lib/python3.12/site-packages/airflow/example_dags/example_params_trigger_ui.py
[2025-02-11T15:00:30.833+0000] {processor.py:925} INFO - DAG(s) 'example_params_trigger_ui' retrieved from /home/airflow/.local/lib/python3.12/site-packages/airflow/example_dags/example_params_trigger_ui.py
[2025-02-11T15:00:30.982+0000] {logging_mixin.py:190} INFO - [2025-02-11T15:00:30.981+0000] {dag.py:3239} INFO - Sync 1 DAGs
[2025-02-11T15:00:31.026+0000] {logging_mixin.py:190} INFO - [2025-02-11T15:00:31.026+0000] {dag.py:4180} INFO - Setting next_dagrun for example_params_trigger_ui to None, run_after=None
[2025-02-11T15:00:31.085+0000] {processor.py:208} INFO - Processing /home/airflow/.local/lib/python3.12/site-packages/airflow/example_dags/example_params_trigger_ui.py took 0.341 seconds
[2025-02-11T15:01:02.283+0000] {processor.py:186} INFO - Started process (PID=376) to work on /home/airflow/.local/lib/python3.12/site-packages/airflow/example_dags/example_params_trigger_ui.py
[2025-02-11T15:01:02.294+0000] {processor.py:914} INFO - Processing file /home/airflow/.local/lib/python3.12/site-packages/airflow/example_dags/example_params_trigger_ui.py for tasks to queue
[2025-02-11T15:01:02.321+0000] {logging_mixin.py:190} INFO - [2025-02-11T15:01:02.319+0000] {dagbag.py:588} INFO - Filling up the DagBag from /home/airflow/.local/lib/python3.12/site-packages/airflow/example_dags/example_params_trigger_ui.py
[2025-02-11T15:01:02.387+0000] {processor.py:925} INFO - DAG(s) 'example_params_trigger_ui' retrieved from /home/airflow/.local/lib/python3.12/site-packages/airflow/example_dags/example_params_trigger_ui.py
[2025-02-11T15:01:02.521+0000] {logging_mixin.py:190} INFO - [2025-02-11T15:01:02.520+0000] {dag.py:3239} INFO - Sync 1 DAGs
[2025-02-11T15:01:02.563+0000] {logging_mixin.py:190} INFO - [2025-02-11T15:01:02.562+0000] {dag.py:4180} INFO - Setting next_dagrun for example_params_trigger_ui to None, run_after=None
[2025-02-11T15:01:02.616+0000] {processor.py:208} INFO - Processing /home/airflow/.local/lib/python3.12/site-packages/airflow/example_dags/example_params_trigger_ui.py took 0.353 seconds
[2025-02-11T15:01:33.469+0000] {processor.py:186} INFO - Started process (PID=439) to work on /home/airflow/.local/lib/python3.12/site-packages/airflow/example_dags/example_params_trigger_ui.py
[2025-02-11T15:01:33.476+0000] {processor.py:914} INFO - Processing file /home/airflow/.local/lib/python3.12/site-packages/airflow/example_dags/example_params_trigger_ui.py for tasks to queue
[2025-02-11T15:01:33.486+0000] {logging_mixin.py:190} INFO - [2025-02-11T15:01:33.486+0000] {dagbag.py:588} INFO - Filling up the DagBag from /home/airflow/.local/lib/python3.12/site-packages/airflow/example_dags/example_params_trigger_ui.py
[2025-02-11T15:01:33.565+0000] {processor.py:925} INFO - DAG(s) 'example_params_trigger_ui' retrieved from /home/airflow/.local/lib/python3.12/site-packages/airflow/example_dags/example_params_trigger_ui.py
[2025-02-11T15:01:33.792+0000] {logging_mixin.py:190} INFO - [2025-02-11T15:01:33.791+0000] {dag.py:3239} INFO - Sync 1 DAGs
[2025-02-11T15:01:33.860+0000] {logging_mixin.py:190} INFO - [2025-02-11T15:01:33.859+0000] {dag.py:4180} INFO - Setting next_dagrun for example_params_trigger_ui to None, run_after=None
[2025-02-11T15:01:33.940+0000] {processor.py:208} INFO - Processing /home/airflow/.local/lib/python3.12/site-packages/airflow/example_dags/example_params_trigger_ui.py took 0.487 seconds
[2025-02-11T15:02:09.716+0000] {processor.py:186} INFO - Started process (PID=502) to work on /home/airflow/.local/lib/python3.12/site-packages/airflow/example_dags/example_params_trigger_ui.py
[2025-02-11T15:02:09.722+0000] {processor.py:914} INFO - Processing file /home/airflow/.local/lib/python3.12/site-packages/airflow/example_dags/example_params_trigger_ui.py for tasks to queue
[2025-02-11T15:02:09.734+0000] {logging_mixin.py:190} INFO - [2025-02-11T15:02:09.733+0000] {dagbag.py:588} INFO - Filling up the DagBag from /home/airflow/.local/lib/python3.12/site-packages/airflow/example_dags/example_params_trigger_ui.py
[2025-02-11T15:02:09.813+0000] {processor.py:925} INFO - DAG(s) 'example_params_trigger_ui' retrieved from /home/airflow/.local/lib/python3.12/site-packages/airflow/example_dags/example_params_trigger_ui.py
[2025-02-11T15:02:10.111+0000] {logging_mixin.py:190} INFO - [2025-02-11T15:02:10.109+0000] {dag.py:3239} INFO - Sync 1 DAGs
[2025-02-11T15:02:10.181+0000] {logging_mixin.py:190} INFO - [2025-02-11T15:02:10.180+0000] {dag.py:4180} INFO - Setting next_dagrun for example_params_trigger_ui to None, run_after=None
[2025-02-11T15:02:10.233+0000] {processor.py:208} INFO - Processing /home/airflow/.local/lib/python3.12/site-packages/airflow/example_dags/example_params_trigger_ui.py took 0.544 seconds
[2025-02-11T15:02:46.797+0000] {processor.py:186} INFO - Started process (PID=552) to work on /home/airflow/.local/lib/python3.12/site-packages/airflow/example_dags/example_params_trigger_ui.py
[2025-02-11T15:02:46.824+0000] {processor.py:914} INFO - Processing file /home/airflow/.local/lib/python3.12/site-packages/airflow/example_dags/example_params_trigger_ui.py for tasks to queue
[2025-02-11T15:02:46.834+0000] {logging_mixin.py:190} INFO - [2025-02-11T15:02:46.833+0000] {dagbag.py:588} INFO - Filling up the DagBag from /home/airflow/.local/lib/python3.12/site-packages/airflow/example_dags/example_params_trigger_ui.py
[2025-02-11T15:02:46.951+0000] {processor.py:925} INFO - DAG(s) 'example_params_trigger_ui' retrieved from /home/airflow/.local/lib/python3.12/site-packages/airflow/example_dags/example_params_trigger_ui.py
[2025-02-11T15:02:47.325+0000] {logging_mixin.py:190} INFO - [2025-02-11T15:02:47.324+0000] {dag.py:3239} INFO - Sync 1 DAGs
[2025-02-11T15:02:47.388+0000] {logging_mixin.py:190} INFO - [2025-02-11T15:02:47.387+0000] {dag.py:4180} INFO - Setting next_dagrun for example_params_trigger_ui to None, run_after=None
[2025-02-11T15:02:47.591+0000] {processor.py:208} INFO - Processing /home/airflow/.local/lib/python3.12/site-packages/airflow/example_dags/example_params_trigger_ui.py took 0.824 seconds
