[2025-02-11T14:57:48.238+0000] {processor.py:186} INFO - Started process (PID=49) to work on /home/airflow/.local/lib/python3.12/site-packages/airflow/example_dags/example_inlet_event_extra.py
[2025-02-11T14:57:48.241+0000] {processor.py:914} INFO - Processing file /home/airflow/.local/lib/python3.12/site-packages/airflow/example_dags/example_inlet_event_extra.py for tasks to queue
[2025-02-11T14:57:48.260+0000] {logging_mixin.py:190} INFO - [2025-02-11T14:57:48.259+0000] {dagbag.py:588} INFO - Filling up the DagBag from /home/airflow/.local/lib/python3.12/site-packages/airflow/example_dags/example_inlet_event_extra.py
[2025-02-11T14:58:06.441+0000] {processor.py:925} INFO - DAG(s) 'read_dataset_event_from_classic', 'read_dataset_event' retrieved from /home/airflow/.local/lib/python3.12/site-packages/airflow/example_dags/example_inlet_event_extra.py
[2025-02-11T14:58:07.060+0000] {logging_mixin.py:190} INFO - [2025-02-11T14:58:07.058+0000] {override.py:1911} INFO - Created Permission View: can edit on DAG:read_dataset_event_from_classic
[2025-02-11T14:58:07.109+0000] {logging_mixin.py:190} INFO - [2025-02-11T14:58:07.108+0000] {override.py:1911} INFO - Created Permission View: can read on DAG:read_dataset_event_from_classic
[2025-02-11T14:58:07.142+0000] {logging_mixin.py:190} INFO - [2025-02-11T14:58:07.141+0000] {override.py:1911} INFO - Created Permission View: can delete on DAG:read_dataset_event_from_classic
[2025-02-11T14:58:07.183+0000] {logging_mixin.py:190} INFO - [2025-02-11T14:58:07.182+0000] {override.py:1911} INFO - Created Permission View: can create on DAG Run:read_dataset_event_from_classic
[2025-02-11T14:58:07.216+0000] {logging_mixin.py:190} INFO - [2025-02-11T14:58:07.216+0000] {override.py:1911} INFO - Created Permission View: menu access on DAG Run:read_dataset_event_from_classic
[2025-02-11T14:58:07.285+0000] {logging_mixin.py:190} INFO - [2025-02-11T14:58:07.284+0000] {override.py:1911} INFO - Created Permission View: can read on DAG Run:read_dataset_event_from_classic
[2025-02-11T14:58:07.311+0000] {logging_mixin.py:190} INFO - [2025-02-11T14:58:07.311+0000] {override.py:1911} INFO - Created Permission View: can delete on DAG Run:read_dataset_event_from_classic
[2025-02-11T14:58:07.414+0000] {logging_mixin.py:190} INFO - [2025-02-11T14:58:07.411+0000] {override.py:1911} INFO - Created Permission View: can edit on DAG:read_dataset_event
[2025-02-11T14:58:07.510+0000] {logging_mixin.py:190} INFO - [2025-02-11T14:58:07.480+0000] {override.py:1911} INFO - Created Permission View: can read on DAG:read_dataset_event
[2025-02-11T14:58:07.577+0000] {logging_mixin.py:190} INFO - [2025-02-11T14:58:07.575+0000] {override.py:1911} INFO - Created Permission View: can delete on DAG:read_dataset_event
[2025-02-11T14:58:07.809+0000] {logging_mixin.py:190} INFO - [2025-02-11T14:58:07.808+0000] {override.py:1911} INFO - Created Permission View: can create on DAG Run:read_dataset_event
[2025-02-11T14:58:08.122+0000] {logging_mixin.py:190} INFO - [2025-02-11T14:58:08.121+0000] {override.py:1911} INFO - Created Permission View: menu access on DAG Run:read_dataset_event
[2025-02-11T14:58:08.178+0000] {logging_mixin.py:190} INFO - [2025-02-11T14:58:08.177+0000] {override.py:1911} INFO - Created Permission View: can read on DAG Run:read_dataset_event
[2025-02-11T14:58:08.270+0000] {logging_mixin.py:190} INFO - [2025-02-11T14:58:08.268+0000] {override.py:1911} INFO - Created Permission View: can delete on DAG Run:read_dataset_event
[2025-02-11T14:58:08.293+0000] {logging_mixin.py:190} INFO - [2025-02-11T14:58:08.293+0000] {dag.py:3239} INFO - Sync 2 DAGs
[2025-02-11T14:58:08.631+0000] {logging_mixin.py:190} INFO - [2025-02-11T14:58:08.629+0000] {dag.py:3262} INFO - Creating ORM DAG for read_dataset_event_from_classic
[2025-02-11T14:58:08.636+0000] {logging_mixin.py:190} INFO - [2025-02-11T14:58:08.635+0000] {dag.py:3262} INFO - Creating ORM DAG for read_dataset_event
[2025-02-11T14:58:08.944+0000] {logging_mixin.py:190} INFO - [2025-02-11T14:58:08.942+0000] {dag.py:4180} INFO - Setting next_dagrun for read_dataset_event to 2025-02-10 00:00:00+00:00, run_after=2025-02-11 00:00:00+00:00
[2025-02-11T14:58:08.974+0000] {logging_mixin.py:190} INFO - [2025-02-11T14:58:08.974+0000] {dag.py:4180} INFO - Setting next_dagrun for read_dataset_event_from_classic to 2025-02-10 00:00:00+00:00, run_after=2025-02-11 00:00:00+00:00
[2025-02-11T14:58:09.161+0000] {processor.py:208} INFO - Processing /home/airflow/.local/lib/python3.12/site-packages/airflow/example_dags/example_inlet_event_extra.py took 20.932 seconds
[2025-02-11T14:58:56.274+0000] {processor.py:186} INFO - Started process (PID=119) to work on /home/airflow/.local/lib/python3.12/site-packages/airflow/example_dags/example_inlet_event_extra.py
[2025-02-11T14:58:56.279+0000] {processor.py:914} INFO - Processing file /home/airflow/.local/lib/python3.12/site-packages/airflow/example_dags/example_inlet_event_extra.py for tasks to queue
[2025-02-11T14:58:56.293+0000] {logging_mixin.py:190} INFO - [2025-02-11T14:58:56.291+0000] {dagbag.py:588} INFO - Filling up the DagBag from /home/airflow/.local/lib/python3.12/site-packages/airflow/example_dags/example_inlet_event_extra.py
[2025-02-11T14:58:59.081+0000] {processor.py:925} INFO - DAG(s) 'read_dataset_event', 'read_dataset_event_from_classic' retrieved from /home/airflow/.local/lib/python3.12/site-packages/airflow/example_dags/example_inlet_event_extra.py
[2025-02-11T14:58:59.219+0000] {logging_mixin.py:190} INFO - [2025-02-11T14:58:59.181+0000] {dag.py:3239} INFO - Sync 2 DAGs
[2025-02-11T14:58:59.303+0000] {logging_mixin.py:190} INFO - [2025-02-11T14:58:59.302+0000] {dag.py:4180} INFO - Setting next_dagrun for read_dataset_event to 2025-02-10 00:00:00+00:00, run_after=2025-02-11 00:00:00+00:00
[2025-02-11T14:58:59.326+0000] {logging_mixin.py:190} INFO - [2025-02-11T14:58:59.326+0000] {dag.py:4180} INFO - Setting next_dagrun for read_dataset_event_from_classic to 2025-02-10 00:00:00+00:00, run_after=2025-02-11 00:00:00+00:00
[2025-02-11T14:58:59.377+0000] {processor.py:208} INFO - Processing /home/airflow/.local/lib/python3.12/site-packages/airflow/example_dags/example_inlet_event_extra.py took 3.127 seconds
[2025-02-11T14:59:29.774+0000] {processor.py:186} INFO - Started process (PID=188) to work on /home/airflow/.local/lib/python3.12/site-packages/airflow/example_dags/example_inlet_event_extra.py
[2025-02-11T14:59:29.798+0000] {processor.py:914} INFO - Processing file /home/airflow/.local/lib/python3.12/site-packages/airflow/example_dags/example_inlet_event_extra.py for tasks to queue
[2025-02-11T14:59:29.838+0000] {logging_mixin.py:190} INFO - [2025-02-11T14:59:29.835+0000] {dagbag.py:588} INFO - Filling up the DagBag from /home/airflow/.local/lib/python3.12/site-packages/airflow/example_dags/example_inlet_event_extra.py
[2025-02-11T14:59:31.802+0000] {processor.py:925} INFO - DAG(s) 'read_dataset_event_from_classic', 'read_dataset_event' retrieved from /home/airflow/.local/lib/python3.12/site-packages/airflow/example_dags/example_inlet_event_extra.py
[2025-02-11T14:59:31.970+0000] {logging_mixin.py:190} INFO - [2025-02-11T14:59:31.969+0000] {dag.py:3239} INFO - Sync 2 DAGs
[2025-02-11T14:59:32.057+0000] {logging_mixin.py:190} INFO - [2025-02-11T14:59:32.056+0000] {dag.py:4180} INFO - Setting next_dagrun for read_dataset_event to 2025-02-10 00:00:00+00:00, run_after=2025-02-11 00:00:00+00:00
[2025-02-11T14:59:32.072+0000] {logging_mixin.py:190} INFO - [2025-02-11T14:59:32.071+0000] {dag.py:4180} INFO - Setting next_dagrun for read_dataset_event_from_classic to 2025-02-10 00:00:00+00:00, run_after=2025-02-11 00:00:00+00:00
[2025-02-11T14:59:32.114+0000] {processor.py:208} INFO - Processing /home/airflow/.local/lib/python3.12/site-packages/airflow/example_dags/example_inlet_event_extra.py took 2.361 seconds
[2025-02-11T15:00:02.513+0000] {processor.py:186} INFO - Started process (PID=252) to work on /home/airflow/.local/lib/python3.12/site-packages/airflow/example_dags/example_inlet_event_extra.py
[2025-02-11T15:00:02.518+0000] {processor.py:914} INFO - Processing file /home/airflow/.local/lib/python3.12/site-packages/airflow/example_dags/example_inlet_event_extra.py for tasks to queue
[2025-02-11T15:00:02.535+0000] {logging_mixin.py:190} INFO - [2025-02-11T15:00:02.533+0000] {dagbag.py:588} INFO - Filling up the DagBag from /home/airflow/.local/lib/python3.12/site-packages/airflow/example_dags/example_inlet_event_extra.py
[2025-02-11T15:00:03.733+0000] {processor.py:925} INFO - DAG(s) 'read_dataset_event_from_classic', 'read_dataset_event' retrieved from /home/airflow/.local/lib/python3.12/site-packages/airflow/example_dags/example_inlet_event_extra.py
[2025-02-11T15:00:03.797+0000] {logging_mixin.py:190} INFO - [2025-02-11T15:00:03.797+0000] {dag.py:3239} INFO - Sync 2 DAGs
[2025-02-11T15:00:03.853+0000] {logging_mixin.py:190} INFO - [2025-02-11T15:00:03.852+0000] {dag.py:4180} INFO - Setting next_dagrun for read_dataset_event to 2025-02-10 00:00:00+00:00, run_after=2025-02-11 00:00:00+00:00
[2025-02-11T15:00:03.865+0000] {logging_mixin.py:190} INFO - [2025-02-11T15:00:03.864+0000] {dag.py:4180} INFO - Setting next_dagrun for read_dataset_event_from_classic to 2025-02-10 00:00:00+00:00, run_after=2025-02-11 00:00:00+00:00
[2025-02-11T15:00:03.905+0000] {processor.py:208} INFO - Processing /home/airflow/.local/lib/python3.12/site-packages/airflow/example_dags/example_inlet_event_extra.py took 1.407 seconds
[2025-02-11T15:00:34.117+0000] {processor.py:186} INFO - Started process (PID=315) to work on /home/airflow/.local/lib/python3.12/site-packages/airflow/example_dags/example_inlet_event_extra.py
[2025-02-11T15:00:34.141+0000] {processor.py:914} INFO - Processing file /home/airflow/.local/lib/python3.12/site-packages/airflow/example_dags/example_inlet_event_extra.py for tasks to queue
[2025-02-11T15:00:34.153+0000] {logging_mixin.py:190} INFO - [2025-02-11T15:00:34.153+0000] {dagbag.py:588} INFO - Filling up the DagBag from /home/airflow/.local/lib/python3.12/site-packages/airflow/example_dags/example_inlet_event_extra.py
[2025-02-11T15:00:36.026+0000] {processor.py:925} INFO - DAG(s) 'read_dataset_event', 'read_dataset_event_from_classic' retrieved from /home/airflow/.local/lib/python3.12/site-packages/airflow/example_dags/example_inlet_event_extra.py
[2025-02-11T15:00:36.082+0000] {logging_mixin.py:190} INFO - [2025-02-11T15:00:36.082+0000] {dag.py:3239} INFO - Sync 2 DAGs
[2025-02-11T15:00:36.181+0000] {logging_mixin.py:190} INFO - [2025-02-11T15:00:36.179+0000] {dag.py:4180} INFO - Setting next_dagrun for read_dataset_event to 2025-02-10 00:00:00+00:00, run_after=2025-02-11 00:00:00+00:00
[2025-02-11T15:00:36.204+0000] {logging_mixin.py:190} INFO - [2025-02-11T15:00:36.204+0000] {dag.py:4180} INFO - Setting next_dagrun for read_dataset_event_from_classic to 2025-02-10 00:00:00+00:00, run_after=2025-02-11 00:00:00+00:00
[2025-02-11T15:00:36.272+0000] {processor.py:208} INFO - Processing /home/airflow/.local/lib/python3.12/site-packages/airflow/example_dags/example_inlet_event_extra.py took 2.183 seconds
[2025-02-11T15:01:06.626+0000] {processor.py:186} INFO - Started process (PID=378) to work on /home/airflow/.local/lib/python3.12/site-packages/airflow/example_dags/example_inlet_event_extra.py
[2025-02-11T15:01:06.629+0000] {processor.py:914} INFO - Processing file /home/airflow/.local/lib/python3.12/site-packages/airflow/example_dags/example_inlet_event_extra.py for tasks to queue
[2025-02-11T15:01:06.637+0000] {logging_mixin.py:190} INFO - [2025-02-11T15:01:06.636+0000] {dagbag.py:588} INFO - Filling up the DagBag from /home/airflow/.local/lib/python3.12/site-packages/airflow/example_dags/example_inlet_event_extra.py
[2025-02-11T15:01:08.415+0000] {processor.py:925} INFO - DAG(s) 'read_dataset_event', 'read_dataset_event_from_classic' retrieved from /home/airflow/.local/lib/python3.12/site-packages/airflow/example_dags/example_inlet_event_extra.py
[2025-02-11T15:01:08.469+0000] {logging_mixin.py:190} INFO - [2025-02-11T15:01:08.468+0000] {dag.py:3239} INFO - Sync 2 DAGs
[2025-02-11T15:01:08.510+0000] {logging_mixin.py:190} INFO - [2025-02-11T15:01:08.510+0000] {dag.py:4180} INFO - Setting next_dagrun for read_dataset_event to 2025-02-10 00:00:00+00:00, run_after=2025-02-11 00:00:00+00:00
[2025-02-11T15:01:08.525+0000] {logging_mixin.py:190} INFO - [2025-02-11T15:01:08.525+0000] {dag.py:4180} INFO - Setting next_dagrun for read_dataset_event_from_classic to 2025-02-10 00:00:00+00:00, run_after=2025-02-11 00:00:00+00:00
[2025-02-11T15:01:08.553+0000] {processor.py:208} INFO - Processing /home/airflow/.local/lib/python3.12/site-packages/airflow/example_dags/example_inlet_event_extra.py took 1.952 seconds
[2025-02-11T15:01:39.665+0000] {processor.py:186} INFO - Started process (PID=443) to work on /home/airflow/.local/lib/python3.12/site-packages/airflow/example_dags/example_inlet_event_extra.py
[2025-02-11T15:01:39.675+0000] {processor.py:914} INFO - Processing file /home/airflow/.local/lib/python3.12/site-packages/airflow/example_dags/example_inlet_event_extra.py for tasks to queue
[2025-02-11T15:01:39.695+0000] {logging_mixin.py:190} INFO - [2025-02-11T15:01:39.693+0000] {dagbag.py:588} INFO - Filling up the DagBag from /home/airflow/.local/lib/python3.12/site-packages/airflow/example_dags/example_inlet_event_extra.py
[2025-02-11T15:01:42.162+0000] {processor.py:925} INFO - DAG(s) 'read_dataset_event_from_classic', 'read_dataset_event' retrieved from /home/airflow/.local/lib/python3.12/site-packages/airflow/example_dags/example_inlet_event_extra.py
[2025-02-11T15:01:42.250+0000] {logging_mixin.py:190} INFO - [2025-02-11T15:01:42.250+0000] {dag.py:3239} INFO - Sync 2 DAGs
[2025-02-11T15:01:42.397+0000] {logging_mixin.py:190} INFO - [2025-02-11T15:01:42.396+0000] {dag.py:4180} INFO - Setting next_dagrun for read_dataset_event to 2025-02-10 00:00:00+00:00, run_after=2025-02-11 00:00:00+00:00
[2025-02-11T15:01:42.421+0000] {logging_mixin.py:190} INFO - [2025-02-11T15:01:42.421+0000] {dag.py:4180} INFO - Setting next_dagrun for read_dataset_event_from_classic to 2025-02-10 00:00:00+00:00, run_after=2025-02-11 00:00:00+00:00
[2025-02-11T15:01:42.492+0000] {processor.py:208} INFO - Processing /home/airflow/.local/lib/python3.12/site-packages/airflow/example_dags/example_inlet_event_extra.py took 2.950 seconds
[2025-02-11T15:02:13.220+0000] {processor.py:186} INFO - Started process (PID=507) to work on /home/airflow/.local/lib/python3.12/site-packages/airflow/example_dags/example_inlet_event_extra.py
[2025-02-11T15:02:13.225+0000] {processor.py:914} INFO - Processing file /home/airflow/.local/lib/python3.12/site-packages/airflow/example_dags/example_inlet_event_extra.py for tasks to queue
[2025-02-11T15:02:13.236+0000] {logging_mixin.py:190} INFO - [2025-02-11T15:02:13.235+0000] {dagbag.py:588} INFO - Filling up the DagBag from /home/airflow/.local/lib/python3.12/site-packages/airflow/example_dags/example_inlet_event_extra.py
[2025-02-11T15:02:18.385+0000] {processor.py:925} INFO - DAG(s) 'read_dataset_event', 'read_dataset_event_from_classic' retrieved from /home/airflow/.local/lib/python3.12/site-packages/airflow/example_dags/example_inlet_event_extra.py
[2025-02-11T15:02:18.509+0000] {logging_mixin.py:190} INFO - [2025-02-11T15:02:18.509+0000] {dag.py:3239} INFO - Sync 2 DAGs
[2025-02-11T15:02:18.988+0000] {logging_mixin.py:190} INFO - [2025-02-11T15:02:18.983+0000] {dag.py:4180} INFO - Setting next_dagrun for read_dataset_event to 2025-02-10 00:00:00+00:00, run_after=2025-02-11 00:00:00+00:00
[2025-02-11T15:02:19.019+0000] {logging_mixin.py:190} INFO - [2025-02-11T15:02:19.016+0000] {dag.py:4180} INFO - Setting next_dagrun for read_dataset_event_from_classic to 2025-02-10 00:00:00+00:00, run_after=2025-02-11 00:00:00+00:00
[2025-02-11T15:02:19.388+0000] {processor.py:208} INFO - Processing /home/airflow/.local/lib/python3.12/site-packages/airflow/example_dags/example_inlet_event_extra.py took 6.195 seconds
[2025-02-11T15:02:56.050+0000] {processor.py:186} INFO - Started process (PID=578) to work on /home/airflow/.local/lib/python3.12/site-packages/airflow/example_dags/example_inlet_event_extra.py
[2025-02-11T15:02:56.060+0000] {processor.py:914} INFO - Processing file /home/airflow/.local/lib/python3.12/site-packages/airflow/example_dags/example_inlet_event_extra.py for tasks to queue
[2025-02-11T15:02:56.074+0000] {logging_mixin.py:190} INFO - [2025-02-11T15:02:56.073+0000] {dagbag.py:588} INFO - Filling up the DagBag from /home/airflow/.local/lib/python3.12/site-packages/airflow/example_dags/example_inlet_event_extra.py
[2025-02-11T15:02:59.162+0000] {processor.py:925} INFO - DAG(s) 'read_dataset_event_from_classic', 'read_dataset_event' retrieved from /home/airflow/.local/lib/python3.12/site-packages/airflow/example_dags/example_inlet_event_extra.py
[2025-02-11T15:02:59.445+0000] {logging_mixin.py:190} INFO - [2025-02-11T15:02:59.444+0000] {dag.py:3239} INFO - Sync 2 DAGs
[2025-02-11T15:02:59.581+0000] {logging_mixin.py:190} INFO - [2025-02-11T15:02:59.580+0000] {dag.py:4180} INFO - Setting next_dagrun for read_dataset_event to 2025-02-10 00:00:00+00:00, run_after=2025-02-11 00:00:00+00:00
[2025-02-11T15:02:59.612+0000] {logging_mixin.py:190} INFO - [2025-02-11T15:02:59.611+0000] {dag.py:4180} INFO - Setting next_dagrun for read_dataset_event_from_classic to 2025-02-10 00:00:00+00:00, run_after=2025-02-11 00:00:00+00:00
[2025-02-11T15:02:59.764+0000] {processor.py:208} INFO - Processing /home/airflow/.local/lib/python3.12/site-packages/airflow/example_dags/example_inlet_event_extra.py took 3.735 seconds
