[2025-02-11T14:58:40.498+0000] {processor.py:186} INFO - Started process (PID=90) to work on /home/airflow/.local/lib/python3.12/site-packages/airflow/example_dags/example_time_delta_sensor_async.py
[2025-02-11T14:58:40.504+0000] {processor.py:914} INFO - Processing file /home/airflow/.local/lib/python3.12/site-packages/airflow/example_dags/example_time_delta_sensor_async.py for tasks to queue
[2025-02-11T14:58:40.538+0000] {logging_mixin.py:190} INFO - [2025-02-11T14:58:40.537+0000] {dagbag.py:588} INFO - Filling up the DagBag from /home/airflow/.local/lib/python3.12/site-packages/airflow/example_dags/example_time_delta_sensor_async.py
[2025-02-11T14:58:40.571+0000] {processor.py:925} INFO - DAG(s) 'example_time_delta_sensor_async' retrieved from /home/airflow/.local/lib/python3.12/site-packages/airflow/example_dags/example_time_delta_sensor_async.py
[2025-02-11T14:58:41.329+0000] {logging_mixin.py:190} INFO - [2025-02-11T14:58:41.327+0000] {override.py:1911} INFO - Created Permission View: can edit on DAG:example_time_delta_sensor_async
[2025-02-11T14:58:41.401+0000] {logging_mixin.py:190} INFO - [2025-02-11T14:58:41.399+0000] {override.py:1911} INFO - Created Permission View: can read on DAG:example_time_delta_sensor_async
[2025-02-11T14:58:41.466+0000] {logging_mixin.py:190} INFO - [2025-02-11T14:58:41.465+0000] {override.py:1911} INFO - Created Permission View: can delete on DAG:example_time_delta_sensor_async
[2025-02-11T14:58:41.563+0000] {logging_mixin.py:190} INFO - [2025-02-11T14:58:41.562+0000] {override.py:1911} INFO - Created Permission View: can create on DAG Run:example_time_delta_sensor_async
[2025-02-11T14:58:41.608+0000] {logging_mixin.py:190} INFO - [2025-02-11T14:58:41.607+0000] {override.py:1911} INFO - Created Permission View: menu access on DAG Run:example_time_delta_sensor_async
[2025-02-11T14:58:41.651+0000] {logging_mixin.py:190} INFO - [2025-02-11T14:58:41.651+0000] {override.py:1911} INFO - Created Permission View: can read on DAG Run:example_time_delta_sensor_async
[2025-02-11T14:58:41.740+0000] {logging_mixin.py:190} INFO - [2025-02-11T14:58:41.739+0000] {override.py:1911} INFO - Created Permission View: can delete on DAG Run:example_time_delta_sensor_async
[2025-02-11T14:58:41.766+0000] {logging_mixin.py:190} INFO - [2025-02-11T14:58:41.764+0000] {dag.py:3239} INFO - Sync 1 DAGs
[2025-02-11T14:58:41.878+0000] {logging_mixin.py:190} INFO - [2025-02-11T14:58:41.877+0000] {dag.py:3262} INFO - Creating ORM DAG for example_time_delta_sensor_async
[2025-02-11T14:58:41.882+0000] {logging_mixin.py:190} INFO - [2025-02-11T14:58:41.881+0000] {dag.py:4180} INFO - Setting next_dagrun for example_time_delta_sensor_async to None, run_after=None
[2025-02-11T14:58:41.985+0000] {processor.py:208} INFO - Processing /home/airflow/.local/lib/python3.12/site-packages/airflow/example_dags/example_time_delta_sensor_async.py took 1.501 seconds
[2025-02-11T14:59:12.286+0000] {processor.py:186} INFO - Started process (PID=154) to work on /home/airflow/.local/lib/python3.12/site-packages/airflow/example_dags/example_time_delta_sensor_async.py
[2025-02-11T14:59:12.291+0000] {processor.py:914} INFO - Processing file /home/airflow/.local/lib/python3.12/site-packages/airflow/example_dags/example_time_delta_sensor_async.py for tasks to queue
[2025-02-11T14:59:12.301+0000] {logging_mixin.py:190} INFO - [2025-02-11T14:59:12.300+0000] {dagbag.py:588} INFO - Filling up the DagBag from /home/airflow/.local/lib/python3.12/site-packages/airflow/example_dags/example_time_delta_sensor_async.py
[2025-02-11T14:59:12.324+0000] {processor.py:925} INFO - DAG(s) 'example_time_delta_sensor_async' retrieved from /home/airflow/.local/lib/python3.12/site-packages/airflow/example_dags/example_time_delta_sensor_async.py
[2025-02-11T14:59:12.395+0000] {logging_mixin.py:190} INFO - [2025-02-11T14:59:12.394+0000] {dag.py:3239} INFO - Sync 1 DAGs
[2025-02-11T14:59:12.438+0000] {logging_mixin.py:190} INFO - [2025-02-11T14:59:12.437+0000] {dag.py:4180} INFO - Setting next_dagrun for example_time_delta_sensor_async to None, run_after=None
[2025-02-11T14:59:12.492+0000] {processor.py:208} INFO - Processing /home/airflow/.local/lib/python3.12/site-packages/airflow/example_dags/example_time_delta_sensor_async.py took 0.222 seconds
[2025-02-11T14:59:42.629+0000] {processor.py:186} INFO - Started process (PID=216) to work on /home/airflow/.local/lib/python3.12/site-packages/airflow/example_dags/example_time_delta_sensor_async.py
[2025-02-11T14:59:42.632+0000] {processor.py:914} INFO - Processing file /home/airflow/.local/lib/python3.12/site-packages/airflow/example_dags/example_time_delta_sensor_async.py for tasks to queue
[2025-02-11T14:59:42.640+0000] {logging_mixin.py:190} INFO - [2025-02-11T14:59:42.639+0000] {dagbag.py:588} INFO - Filling up the DagBag from /home/airflow/.local/lib/python3.12/site-packages/airflow/example_dags/example_time_delta_sensor_async.py
[2025-02-11T14:59:42.657+0000] {processor.py:925} INFO - DAG(s) 'example_time_delta_sensor_async' retrieved from /home/airflow/.local/lib/python3.12/site-packages/airflow/example_dags/example_time_delta_sensor_async.py
[2025-02-11T14:59:42.719+0000] {logging_mixin.py:190} INFO - [2025-02-11T14:59:42.718+0000] {dag.py:3239} INFO - Sync 1 DAGs
[2025-02-11T14:59:42.765+0000] {logging_mixin.py:190} INFO - [2025-02-11T14:59:42.764+0000] {dag.py:4180} INFO - Setting next_dagrun for example_time_delta_sensor_async to None, run_after=None
[2025-02-11T14:59:42.830+0000] {processor.py:208} INFO - Processing /home/airflow/.local/lib/python3.12/site-packages/airflow/example_dags/example_time_delta_sensor_async.py took 0.217 seconds
[2025-02-11T15:00:16.098+0000] {processor.py:186} INFO - Started process (PID=280) to work on /home/airflow/.local/lib/python3.12/site-packages/airflow/example_dags/example_time_delta_sensor_async.py
[2025-02-11T15:00:16.103+0000] {processor.py:914} INFO - Processing file /home/airflow/.local/lib/python3.12/site-packages/airflow/example_dags/example_time_delta_sensor_async.py for tasks to queue
[2025-02-11T15:00:16.114+0000] {logging_mixin.py:190} INFO - [2025-02-11T15:00:16.113+0000] {dagbag.py:588} INFO - Filling up the DagBag from /home/airflow/.local/lib/python3.12/site-packages/airflow/example_dags/example_time_delta_sensor_async.py
[2025-02-11T15:00:16.162+0000] {processor.py:925} INFO - DAG(s) 'example_time_delta_sensor_async' retrieved from /home/airflow/.local/lib/python3.12/site-packages/airflow/example_dags/example_time_delta_sensor_async.py
[2025-02-11T15:00:16.349+0000] {logging_mixin.py:190} INFO - [2025-02-11T15:00:16.349+0000] {dag.py:3239} INFO - Sync 1 DAGs
[2025-02-11T15:00:16.452+0000] {logging_mixin.py:190} INFO - [2025-02-11T15:00:16.451+0000] {dag.py:4180} INFO - Setting next_dagrun for example_time_delta_sensor_async to None, run_after=None
[2025-02-11T15:00:16.515+0000] {processor.py:208} INFO - Processing /home/airflow/.local/lib/python3.12/site-packages/airflow/example_dags/example_time_delta_sensor_async.py took 0.441 seconds
[2025-02-11T15:00:47.623+0000] {processor.py:186} INFO - Started process (PID=343) to work on /home/airflow/.local/lib/python3.12/site-packages/airflow/example_dags/example_time_delta_sensor_async.py
[2025-02-11T15:00:47.628+0000] {processor.py:914} INFO - Processing file /home/airflow/.local/lib/python3.12/site-packages/airflow/example_dags/example_time_delta_sensor_async.py for tasks to queue
[2025-02-11T15:00:47.639+0000] {logging_mixin.py:190} INFO - [2025-02-11T15:00:47.638+0000] {dagbag.py:588} INFO - Filling up the DagBag from /home/airflow/.local/lib/python3.12/site-packages/airflow/example_dags/example_time_delta_sensor_async.py
[2025-02-11T15:00:47.661+0000] {processor.py:925} INFO - DAG(s) 'example_time_delta_sensor_async' retrieved from /home/airflow/.local/lib/python3.12/site-packages/airflow/example_dags/example_time_delta_sensor_async.py
[2025-02-11T15:00:47.744+0000] {logging_mixin.py:190} INFO - [2025-02-11T15:00:47.743+0000] {dag.py:3239} INFO - Sync 1 DAGs
[2025-02-11T15:00:47.795+0000] {logging_mixin.py:190} INFO - [2025-02-11T15:00:47.794+0000] {dag.py:4180} INFO - Setting next_dagrun for example_time_delta_sensor_async to None, run_after=None
[2025-02-11T15:00:47.851+0000] {processor.py:208} INFO - Processing /home/airflow/.local/lib/python3.12/site-packages/airflow/example_dags/example_time_delta_sensor_async.py took 0.247 seconds
[2025-02-11T15:01:20.052+0000] {processor.py:186} INFO - Started process (PID=413) to work on /home/airflow/.local/lib/python3.12/site-packages/airflow/example_dags/example_time_delta_sensor_async.py
[2025-02-11T15:01:20.057+0000] {processor.py:914} INFO - Processing file /home/airflow/.local/lib/python3.12/site-packages/airflow/example_dags/example_time_delta_sensor_async.py for tasks to queue
[2025-02-11T15:01:20.082+0000] {logging_mixin.py:190} INFO - [2025-02-11T15:01:20.081+0000] {dagbag.py:588} INFO - Filling up the DagBag from /home/airflow/.local/lib/python3.12/site-packages/airflow/example_dags/example_time_delta_sensor_async.py
[2025-02-11T15:01:20.104+0000] {processor.py:925} INFO - DAG(s) 'example_time_delta_sensor_async' retrieved from /home/airflow/.local/lib/python3.12/site-packages/airflow/example_dags/example_time_delta_sensor_async.py
[2025-02-11T15:01:20.143+0000] {logging_mixin.py:190} INFO - [2025-02-11T15:01:20.143+0000] {dag.py:3239} INFO - Sync 1 DAGs
[2025-02-11T15:01:20.207+0000] {logging_mixin.py:190} INFO - [2025-02-11T15:01:20.206+0000] {dag.py:4180} INFO - Setting next_dagrun for example_time_delta_sensor_async to None, run_after=None
[2025-02-11T15:01:20.251+0000] {processor.py:208} INFO - Processing /home/airflow/.local/lib/python3.12/site-packages/airflow/example_dags/example_time_delta_sensor_async.py took 0.219 seconds
[2025-02-11T15:01:55.721+0000] {processor.py:186} INFO - Started process (PID=477) to work on /home/airflow/.local/lib/python3.12/site-packages/airflow/example_dags/example_time_delta_sensor_async.py
[2025-02-11T15:01:55.725+0000] {processor.py:914} INFO - Processing file /home/airflow/.local/lib/python3.12/site-packages/airflow/example_dags/example_time_delta_sensor_async.py for tasks to queue
[2025-02-11T15:01:55.734+0000] {logging_mixin.py:190} INFO - [2025-02-11T15:01:55.733+0000] {dagbag.py:588} INFO - Filling up the DagBag from /home/airflow/.local/lib/python3.12/site-packages/airflow/example_dags/example_time_delta_sensor_async.py
[2025-02-11T15:01:55.816+0000] {processor.py:925} INFO - DAG(s) 'example_time_delta_sensor_async' retrieved from /home/airflow/.local/lib/python3.12/site-packages/airflow/example_dags/example_time_delta_sensor_async.py
[2025-02-11T15:01:55.960+0000] {logging_mixin.py:190} INFO - [2025-02-11T15:01:55.959+0000] {dag.py:3239} INFO - Sync 1 DAGs
[2025-02-11T15:01:56.074+0000] {logging_mixin.py:190} INFO - [2025-02-11T15:01:56.074+0000] {dag.py:4180} INFO - Setting next_dagrun for example_time_delta_sensor_async to None, run_after=None
[2025-02-11T15:01:56.231+0000] {processor.py:208} INFO - Processing /home/airflow/.local/lib/python3.12/site-packages/airflow/example_dags/example_time_delta_sensor_async.py took 0.548 seconds
[2025-02-11T15:02:40.546+0000] {processor.py:186} INFO - Started process (PID=542) to work on /home/airflow/.local/lib/python3.12/site-packages/airflow/example_dags/example_time_delta_sensor_async.py
[2025-02-11T15:02:40.551+0000] {processor.py:914} INFO - Processing file /home/airflow/.local/lib/python3.12/site-packages/airflow/example_dags/example_time_delta_sensor_async.py for tasks to queue
[2025-02-11T15:02:40.580+0000] {logging_mixin.py:190} INFO - [2025-02-11T15:02:40.578+0000] {dagbag.py:588} INFO - Filling up the DagBag from /home/airflow/.local/lib/python3.12/site-packages/airflow/example_dags/example_time_delta_sensor_async.py
[2025-02-11T15:02:40.684+0000] {processor.py:925} INFO - DAG(s) 'example_time_delta_sensor_async' retrieved from /home/airflow/.local/lib/python3.12/site-packages/airflow/example_dags/example_time_delta_sensor_async.py
[2025-02-11T15:02:40.819+0000] {logging_mixin.py:190} INFO - [2025-02-11T15:02:40.818+0000] {dag.py:3239} INFO - Sync 1 DAGs
[2025-02-11T15:02:40.918+0000] {logging_mixin.py:190} INFO - [2025-02-11T15:02:40.917+0000] {dag.py:4180} INFO - Setting next_dagrun for example_time_delta_sensor_async to None, run_after=None
[2025-02-11T15:02:41.221+0000] {processor.py:208} INFO - Processing /home/airflow/.local/lib/python3.12/site-packages/airflow/example_dags/example_time_delta_sensor_async.py took 0.728 seconds
[2025-02-11T15:03:12.382+0000] {processor.py:186} INFO - Started process (PID=607) to work on /home/airflow/.local/lib/python3.12/site-packages/airflow/example_dags/example_time_delta_sensor_async.py
[2025-02-11T15:03:12.412+0000] {processor.py:914} INFO - Processing file /home/airflow/.local/lib/python3.12/site-packages/airflow/example_dags/example_time_delta_sensor_async.py for tasks to queue
[2025-02-11T15:03:12.461+0000] {logging_mixin.py:190} INFO - [2025-02-11T15:03:12.459+0000] {dagbag.py:588} INFO - Filling up the DagBag from /home/airflow/.local/lib/python3.12/site-packages/airflow/example_dags/example_time_delta_sensor_async.py
[2025-02-11T15:03:12.531+0000] {processor.py:925} INFO - DAG(s) 'example_time_delta_sensor_async' retrieved from /home/airflow/.local/lib/python3.12/site-packages/airflow/example_dags/example_time_delta_sensor_async.py
[2025-02-11T15:03:12.750+0000] {logging_mixin.py:190} INFO - [2025-02-11T15:03:12.747+0000] {dag.py:3239} INFO - Sync 1 DAGs
[2025-02-11T15:03:12.841+0000] {logging_mixin.py:190} INFO - [2025-02-11T15:03:12.839+0000] {dag.py:4180} INFO - Setting next_dagrun for example_time_delta_sensor_async to None, run_after=None
[2025-02-11T15:03:12.975+0000] {processor.py:208} INFO - Processing /home/airflow/.local/lib/python3.12/site-packages/airflow/example_dags/example_time_delta_sensor_async.py took 0.657 seconds
