[2025-02-11T14:58:44.610+0000] {processor.py:186} INFO - Started process (PID=94) to work on /home/airflow/.local/lib/python3.12/site-packages/airflow/example_dags/example_dynamic_task_mapping.py
[2025-02-11T14:58:44.631+0000] {processor.py:914} INFO - Processing file /home/airflow/.local/lib/python3.12/site-packages/airflow/example_dags/example_dynamic_task_mapping.py for tasks to queue
[2025-02-11T14:58:44.697+0000] {logging_mixin.py:190} INFO - [2025-02-11T14:58:44.662+0000] {dagbag.py:588} INFO - Filling up the DagBag from /home/airflow/.local/lib/python3.12/site-packages/airflow/example_dags/example_dynamic_task_mapping.py
[2025-02-11T14:58:44.836+0000] {processor.py:925} INFO - DAG(s) 'example_dynamic_task_mapping' retrieved from /home/airflow/.local/lib/python3.12/site-packages/airflow/example_dags/example_dynamic_task_mapping.py
[2025-02-11T14:58:45.357+0000] {logging_mixin.py:190} INFO - [2025-02-11T14:58:45.353+0000] {override.py:1911} INFO - Created Permission View: can edit on DAG:example_dynamic_task_mapping
[2025-02-11T14:58:45.432+0000] {logging_mixin.py:190} INFO - [2025-02-11T14:58:45.432+0000] {override.py:1911} INFO - Created Permission View: can read on DAG:example_dynamic_task_mapping
[2025-02-11T14:58:45.469+0000] {logging_mixin.py:190} INFO - [2025-02-11T14:58:45.468+0000] {override.py:1911} INFO - Created Permission View: can delete on DAG:example_dynamic_task_mapping
[2025-02-11T14:58:45.861+0000] {logging_mixin.py:190} INFO - [2025-02-11T14:58:45.859+0000] {override.py:1911} INFO - Created Permission View: can create on DAG Run:example_dynamic_task_mapping
[2025-02-11T14:58:45.909+0000] {logging_mixin.py:190} INFO - [2025-02-11T14:58:45.908+0000] {override.py:1911} INFO - Created Permission View: menu access on DAG Run:example_dynamic_task_mapping
[2025-02-11T14:58:46.065+0000] {logging_mixin.py:190} INFO - [2025-02-11T14:58:46.063+0000] {override.py:1911} INFO - Created Permission View: can read on DAG Run:example_dynamic_task_mapping
[2025-02-11T14:58:46.127+0000] {logging_mixin.py:190} INFO - [2025-02-11T14:58:46.126+0000] {override.py:1911} INFO - Created Permission View: can delete on DAG Run:example_dynamic_task_mapping
[2025-02-11T14:58:46.146+0000] {logging_mixin.py:190} INFO - [2025-02-11T14:58:46.145+0000] {dag.py:3239} INFO - Sync 1 DAGs
[2025-02-11T14:58:46.276+0000] {logging_mixin.py:190} INFO - [2025-02-11T14:58:46.275+0000] {dag.py:3262} INFO - Creating ORM DAG for example_dynamic_task_mapping
[2025-02-11T14:58:46.291+0000] {logging_mixin.py:190} INFO - [2025-02-11T14:58:46.291+0000] {dag.py:4180} INFO - Setting next_dagrun for example_dynamic_task_mapping to None, run_after=None
[2025-02-11T14:58:46.445+0000] {processor.py:208} INFO - Processing /home/airflow/.local/lib/python3.12/site-packages/airflow/example_dags/example_dynamic_task_mapping.py took 1.886 seconds
[2025-02-11T14:59:16.887+0000] {processor.py:186} INFO - Started process (PID=164) to work on /home/airflow/.local/lib/python3.12/site-packages/airflow/example_dags/example_dynamic_task_mapping.py
[2025-02-11T14:59:16.892+0000] {processor.py:914} INFO - Processing file /home/airflow/.local/lib/python3.12/site-packages/airflow/example_dags/example_dynamic_task_mapping.py for tasks to queue
[2025-02-11T14:59:16.962+0000] {logging_mixin.py:190} INFO - [2025-02-11T14:59:16.961+0000] {dagbag.py:588} INFO - Filling up the DagBag from /home/airflow/.local/lib/python3.12/site-packages/airflow/example_dags/example_dynamic_task_mapping.py
[2025-02-11T14:59:17.114+0000] {processor.py:925} INFO - DAG(s) 'example_dynamic_task_mapping' retrieved from /home/airflow/.local/lib/python3.12/site-packages/airflow/example_dags/example_dynamic_task_mapping.py
[2025-02-11T14:59:17.275+0000] {logging_mixin.py:190} INFO - [2025-02-11T14:59:17.273+0000] {dag.py:3239} INFO - Sync 1 DAGs
[2025-02-11T14:59:17.323+0000] {logging_mixin.py:190} INFO - [2025-02-11T14:59:17.323+0000] {dag.py:4180} INFO - Setting next_dagrun for example_dynamic_task_mapping to None, run_after=None
[2025-02-11T14:59:17.387+0000] {processor.py:208} INFO - Processing /home/airflow/.local/lib/python3.12/site-packages/airflow/example_dags/example_dynamic_task_mapping.py took 0.524 seconds
[2025-02-11T14:59:47.838+0000] {processor.py:186} INFO - Started process (PID=228) to work on /home/airflow/.local/lib/python3.12/site-packages/airflow/example_dags/example_dynamic_task_mapping.py
[2025-02-11T14:59:47.843+0000] {processor.py:914} INFO - Processing file /home/airflow/.local/lib/python3.12/site-packages/airflow/example_dags/example_dynamic_task_mapping.py for tasks to queue
[2025-02-11T14:59:47.853+0000] {logging_mixin.py:190} INFO - [2025-02-11T14:59:47.851+0000] {dagbag.py:588} INFO - Filling up the DagBag from /home/airflow/.local/lib/python3.12/site-packages/airflow/example_dags/example_dynamic_task_mapping.py
[2025-02-11T14:59:47.876+0000] {processor.py:925} INFO - DAG(s) 'example_dynamic_task_mapping' retrieved from /home/airflow/.local/lib/python3.12/site-packages/airflow/example_dags/example_dynamic_task_mapping.py
[2025-02-11T14:59:47.929+0000] {logging_mixin.py:190} INFO - [2025-02-11T14:59:47.929+0000] {dag.py:3239} INFO - Sync 1 DAGs
[2025-02-11T14:59:47.964+0000] {logging_mixin.py:190} INFO - [2025-02-11T14:59:47.963+0000] {dag.py:4180} INFO - Setting next_dagrun for example_dynamic_task_mapping to None, run_after=None
[2025-02-11T14:59:48.008+0000] {processor.py:208} INFO - Processing /home/airflow/.local/lib/python3.12/site-packages/airflow/example_dags/example_dynamic_task_mapping.py took 0.186 seconds
[2025-02-11T15:00:20.657+0000] {processor.py:186} INFO - Started process (PID=291) to work on /home/airflow/.local/lib/python3.12/site-packages/airflow/example_dags/example_dynamic_task_mapping.py
[2025-02-11T15:00:20.810+0000] {processor.py:914} INFO - Processing file /home/airflow/.local/lib/python3.12/site-packages/airflow/example_dags/example_dynamic_task_mapping.py for tasks to queue
[2025-02-11T15:00:20.824+0000] {logging_mixin.py:190} INFO - [2025-02-11T15:00:20.823+0000] {dagbag.py:588} INFO - Filling up the DagBag from /home/airflow/.local/lib/python3.12/site-packages/airflow/example_dags/example_dynamic_task_mapping.py
[2025-02-11T15:00:20.989+0000] {processor.py:925} INFO - DAG(s) 'example_dynamic_task_mapping' retrieved from /home/airflow/.local/lib/python3.12/site-packages/airflow/example_dags/example_dynamic_task_mapping.py
[2025-02-11T15:00:21.330+0000] {logging_mixin.py:190} INFO - [2025-02-11T15:00:21.329+0000] {dag.py:3239} INFO - Sync 1 DAGs
[2025-02-11T15:00:21.480+0000] {logging_mixin.py:190} INFO - [2025-02-11T15:00:21.480+0000] {dag.py:4180} INFO - Setting next_dagrun for example_dynamic_task_mapping to None, run_after=None
[2025-02-11T15:00:21.585+0000] {processor.py:208} INFO - Processing /home/airflow/.local/lib/python3.12/site-packages/airflow/example_dags/example_dynamic_task_mapping.py took 1.010 seconds
[2025-02-11T15:00:51.774+0000] {processor.py:186} INFO - Started process (PID=353) to work on /home/airflow/.local/lib/python3.12/site-packages/airflow/example_dags/example_dynamic_task_mapping.py
[2025-02-11T15:00:51.778+0000] {processor.py:914} INFO - Processing file /home/airflow/.local/lib/python3.12/site-packages/airflow/example_dags/example_dynamic_task_mapping.py for tasks to queue
[2025-02-11T15:00:51.785+0000] {logging_mixin.py:190} INFO - [2025-02-11T15:00:51.784+0000] {dagbag.py:588} INFO - Filling up the DagBag from /home/airflow/.local/lib/python3.12/site-packages/airflow/example_dags/example_dynamic_task_mapping.py
[2025-02-11T15:00:51.877+0000] {processor.py:925} INFO - DAG(s) 'example_dynamic_task_mapping' retrieved from /home/airflow/.local/lib/python3.12/site-packages/airflow/example_dags/example_dynamic_task_mapping.py
[2025-02-11T15:00:51.929+0000] {logging_mixin.py:190} INFO - [2025-02-11T15:00:51.929+0000] {dag.py:3239} INFO - Sync 1 DAGs
[2025-02-11T15:00:51.975+0000] {logging_mixin.py:190} INFO - [2025-02-11T15:00:51.974+0000] {dag.py:4180} INFO - Setting next_dagrun for example_dynamic_task_mapping to None, run_after=None
[2025-02-11T15:00:52.039+0000] {processor.py:208} INFO - Processing /home/airflow/.local/lib/python3.12/site-packages/airflow/example_dags/example_dynamic_task_mapping.py took 0.281 seconds
[2025-02-11T15:01:22.665+0000] {processor.py:186} INFO - Started process (PID=417) to work on /home/airflow/.local/lib/python3.12/site-packages/airflow/example_dags/example_dynamic_task_mapping.py
[2025-02-11T15:01:22.689+0000] {processor.py:914} INFO - Processing file /home/airflow/.local/lib/python3.12/site-packages/airflow/example_dags/example_dynamic_task_mapping.py for tasks to queue
[2025-02-11T15:01:22.725+0000] {logging_mixin.py:190} INFO - [2025-02-11T15:01:22.723+0000] {dagbag.py:588} INFO - Filling up the DagBag from /home/airflow/.local/lib/python3.12/site-packages/airflow/example_dags/example_dynamic_task_mapping.py
[2025-02-11T15:01:22.752+0000] {processor.py:925} INFO - DAG(s) 'example_dynamic_task_mapping' retrieved from /home/airflow/.local/lib/python3.12/site-packages/airflow/example_dags/example_dynamic_task_mapping.py
[2025-02-11T15:01:22.808+0000] {logging_mixin.py:190} INFO - [2025-02-11T15:01:22.807+0000] {dag.py:3239} INFO - Sync 1 DAGs
[2025-02-11T15:01:22.847+0000] {logging_mixin.py:190} INFO - [2025-02-11T15:01:22.847+0000] {dag.py:4180} INFO - Setting next_dagrun for example_dynamic_task_mapping to None, run_after=None
[2025-02-11T15:01:22.902+0000] {processor.py:208} INFO - Processing /home/airflow/.local/lib/python3.12/site-packages/airflow/example_dags/example_dynamic_task_mapping.py took 0.258 seconds
[2025-02-11T15:01:57.081+0000] {processor.py:186} INFO - Started process (PID=481) to work on /home/airflow/.local/lib/python3.12/site-packages/airflow/example_dags/example_dynamic_task_mapping.py
[2025-02-11T15:01:57.085+0000] {processor.py:914} INFO - Processing file /home/airflow/.local/lib/python3.12/site-packages/airflow/example_dags/example_dynamic_task_mapping.py for tasks to queue
[2025-02-11T15:01:57.093+0000] {logging_mixin.py:190} INFO - [2025-02-11T15:01:57.092+0000] {dagbag.py:588} INFO - Filling up the DagBag from /home/airflow/.local/lib/python3.12/site-packages/airflow/example_dags/example_dynamic_task_mapping.py
[2025-02-11T15:01:57.117+0000] {processor.py:925} INFO - DAG(s) 'example_dynamic_task_mapping' retrieved from /home/airflow/.local/lib/python3.12/site-packages/airflow/example_dags/example_dynamic_task_mapping.py
[2025-02-11T15:01:57.331+0000] {logging_mixin.py:190} INFO - [2025-02-11T15:01:57.330+0000] {dag.py:3239} INFO - Sync 1 DAGs
[2025-02-11T15:01:57.376+0000] {logging_mixin.py:190} INFO - [2025-02-11T15:01:57.376+0000] {dag.py:4180} INFO - Setting next_dagrun for example_dynamic_task_mapping to None, run_after=None
[2025-02-11T15:01:57.494+0000] {processor.py:208} INFO - Processing /home/airflow/.local/lib/python3.12/site-packages/airflow/example_dags/example_dynamic_task_mapping.py took 0.429 seconds
[2025-02-11T15:02:50.360+0000] {processor.py:186} INFO - Started process (PID=556) to work on /home/airflow/.local/lib/python3.12/site-packages/airflow/example_dags/example_dynamic_task_mapping.py
[2025-02-11T15:02:50.386+0000] {processor.py:914} INFO - Processing file /home/airflow/.local/lib/python3.12/site-packages/airflow/example_dags/example_dynamic_task_mapping.py for tasks to queue
[2025-02-11T15:02:50.426+0000] {logging_mixin.py:190} INFO - [2025-02-11T15:02:50.425+0000] {dagbag.py:588} INFO - Filling up the DagBag from /home/airflow/.local/lib/python3.12/site-packages/airflow/example_dags/example_dynamic_task_mapping.py
[2025-02-11T15:02:50.528+0000] {processor.py:925} INFO - DAG(s) 'example_dynamic_task_mapping' retrieved from /home/airflow/.local/lib/python3.12/site-packages/airflow/example_dags/example_dynamic_task_mapping.py
[2025-02-11T15:02:50.679+0000] {logging_mixin.py:190} INFO - [2025-02-11T15:02:50.678+0000] {dag.py:3239} INFO - Sync 1 DAGs
[2025-02-11T15:02:50.814+0000] {logging_mixin.py:190} INFO - [2025-02-11T15:02:50.814+0000] {dag.py:4180} INFO - Setting next_dagrun for example_dynamic_task_mapping to None, run_after=None
[2025-02-11T15:02:50.911+0000] {processor.py:208} INFO - Processing /home/airflow/.local/lib/python3.12/site-packages/airflow/example_dags/example_dynamic_task_mapping.py took 0.639 seconds
