[2025-02-11T14:57:54.247+0000] {processor.py:186} INFO - Started process (PID=53) to work on /home/airflow/.local/lib/python3.12/site-packages/airflow/example_dags/example_display_name.py
[2025-02-11T14:57:54.258+0000] {processor.py:914} INFO - Processing file /home/airflow/.local/lib/python3.12/site-packages/airflow/example_dags/example_display_name.py for tasks to queue
[2025-02-11T14:57:54.305+0000] {logging_mixin.py:190} INFO - [2025-02-11T14:57:54.298+0000] {dagbag.py:588} INFO - Filling up the DagBag from /home/airflow/.local/lib/python3.12/site-packages/airflow/example_dags/example_display_name.py
[2025-02-11T14:57:54.432+0000] {processor.py:925} INFO - DAG(s) 'example_display_name' retrieved from /home/airflow/.local/lib/python3.12/site-packages/airflow/example_dags/example_display_name.py
[2025-02-11T14:57:56.274+0000] {logging_mixin.py:190} INFO - [2025-02-11T14:57:56.272+0000] {override.py:1911} INFO - Created Permission View: can edit on DAG:example_display_name
[2025-02-11T14:57:56.367+0000] {logging_mixin.py:190} INFO - [2025-02-11T14:57:56.366+0000] {override.py:1911} INFO - Created Permission View: can read on DAG:example_display_name
[2025-02-11T14:57:56.393+0000] {logging_mixin.py:190} INFO - [2025-02-11T14:57:56.392+0000] {override.py:1911} INFO - Created Permission View: can delete on DAG:example_display_name
[2025-02-11T14:57:56.415+0000] {logging_mixin.py:190} INFO - [2025-02-11T14:57:56.414+0000] {override.py:1911} INFO - Created Permission View: can create on DAG Run:example_display_name
[2025-02-11T14:57:56.435+0000] {logging_mixin.py:190} INFO - [2025-02-11T14:57:56.434+0000] {override.py:1911} INFO - Created Permission View: menu access on DAG Run:example_display_name
[2025-02-11T14:57:56.460+0000] {logging_mixin.py:190} INFO - [2025-02-11T14:57:56.459+0000] {override.py:1911} INFO - Created Permission View: can read on DAG Run:example_display_name
[2025-02-11T14:57:56.482+0000] {logging_mixin.py:190} INFO - [2025-02-11T14:57:56.482+0000] {override.py:1911} INFO - Created Permission View: can delete on DAG Run:example_display_name
[2025-02-11T14:57:56.486+0000] {logging_mixin.py:190} INFO - [2025-02-11T14:57:56.485+0000] {dag.py:3239} INFO - Sync 1 DAGs
[2025-02-11T14:57:56.652+0000] {logging_mixin.py:190} INFO - [2025-02-11T14:57:56.651+0000] {dag.py:3262} INFO - Creating ORM DAG for example_display_name
[2025-02-11T14:57:56.656+0000] {logging_mixin.py:190} INFO - [2025-02-11T14:57:56.655+0000] {dag.py:4180} INFO - Setting next_dagrun for example_display_name to None, run_after=None
[2025-02-11T14:57:56.723+0000] {processor.py:208} INFO - Processing /home/airflow/.local/lib/python3.12/site-packages/airflow/example_dags/example_display_name.py took 2.609 seconds
[2025-02-11T14:58:57.275+0000] {processor.py:186} INFO - Started process (PID=123) to work on /home/airflow/.local/lib/python3.12/site-packages/airflow/example_dags/example_display_name.py
[2025-02-11T14:58:57.279+0000] {processor.py:914} INFO - Processing file /home/airflow/.local/lib/python3.12/site-packages/airflow/example_dags/example_display_name.py for tasks to queue
[2025-02-11T14:58:57.287+0000] {logging_mixin.py:190} INFO - [2025-02-11T14:58:57.286+0000] {dagbag.py:588} INFO - Filling up the DagBag from /home/airflow/.local/lib/python3.12/site-packages/airflow/example_dags/example_display_name.py
[2025-02-11T14:58:57.311+0000] {processor.py:925} INFO - DAG(s) 'example_display_name' retrieved from /home/airflow/.local/lib/python3.12/site-packages/airflow/example_dags/example_display_name.py
[2025-02-11T14:58:57.371+0000] {logging_mixin.py:190} INFO - [2025-02-11T14:58:57.370+0000] {dag.py:3239} INFO - Sync 1 DAGs
[2025-02-11T14:58:57.423+0000] {logging_mixin.py:190} INFO - [2025-02-11T14:58:57.423+0000] {dag.py:4180} INFO - Setting next_dagrun for example_display_name to None, run_after=None
[2025-02-11T14:58:57.510+0000] {processor.py:208} INFO - Processing /home/airflow/.local/lib/python3.12/site-packages/airflow/example_dags/example_display_name.py took 0.251 seconds
[2025-02-11T14:59:27.880+0000] {processor.py:186} INFO - Started process (PID=185) to work on /home/airflow/.local/lib/python3.12/site-packages/airflow/example_dags/example_display_name.py
[2025-02-11T14:59:27.898+0000] {processor.py:914} INFO - Processing file /home/airflow/.local/lib/python3.12/site-packages/airflow/example_dags/example_display_name.py for tasks to queue
[2025-02-11T14:59:27.906+0000] {logging_mixin.py:190} INFO - [2025-02-11T14:59:27.905+0000] {dagbag.py:588} INFO - Filling up the DagBag from /home/airflow/.local/lib/python3.12/site-packages/airflow/example_dags/example_display_name.py
[2025-02-11T14:59:27.927+0000] {processor.py:925} INFO - DAG(s) 'example_display_name' retrieved from /home/airflow/.local/lib/python3.12/site-packages/airflow/example_dags/example_display_name.py
[2025-02-11T14:59:27.983+0000] {logging_mixin.py:190} INFO - [2025-02-11T14:59:27.983+0000] {dag.py:3239} INFO - Sync 1 DAGs
[2025-02-11T14:59:28.035+0000] {logging_mixin.py:190} INFO - [2025-02-11T14:59:28.035+0000] {dag.py:4180} INFO - Setting next_dagrun for example_display_name to None, run_after=None
[2025-02-11T14:59:28.149+0000] {processor.py:208} INFO - Processing /home/airflow/.local/lib/python3.12/site-packages/airflow/example_dags/example_display_name.py took 0.280 seconds
[2025-02-11T14:59:59.406+0000] {processor.py:186} INFO - Started process (PID=247) to work on /home/airflow/.local/lib/python3.12/site-packages/airflow/example_dags/example_display_name.py
[2025-02-11T14:59:59.412+0000] {processor.py:914} INFO - Processing file /home/airflow/.local/lib/python3.12/site-packages/airflow/example_dags/example_display_name.py for tasks to queue
[2025-02-11T14:59:59.438+0000] {logging_mixin.py:190} INFO - [2025-02-11T14:59:59.437+0000] {dagbag.py:588} INFO - Filling up the DagBag from /home/airflow/.local/lib/python3.12/site-packages/airflow/example_dags/example_display_name.py
[2025-02-11T14:59:59.458+0000] {processor.py:925} INFO - DAG(s) 'example_display_name' retrieved from /home/airflow/.local/lib/python3.12/site-packages/airflow/example_dags/example_display_name.py
[2025-02-11T14:59:59.502+0000] {logging_mixin.py:190} INFO - [2025-02-11T14:59:59.501+0000] {dag.py:3239} INFO - Sync 1 DAGs
[2025-02-11T14:59:59.542+0000] {logging_mixin.py:190} INFO - [2025-02-11T14:59:59.541+0000] {dag.py:4180} INFO - Setting next_dagrun for example_display_name to None, run_after=None
[2025-02-11T14:59:59.606+0000] {processor.py:208} INFO - Processing /home/airflow/.local/lib/python3.12/site-packages/airflow/example_dags/example_display_name.py took 0.223 seconds
[2025-02-11T15:00:30.507+0000] {processor.py:186} INFO - Started process (PID=311) to work on /home/airflow/.local/lib/python3.12/site-packages/airflow/example_dags/example_display_name.py
[2025-02-11T15:00:30.511+0000] {processor.py:914} INFO - Processing file /home/airflow/.local/lib/python3.12/site-packages/airflow/example_dags/example_display_name.py for tasks to queue
[2025-02-11T15:00:30.517+0000] {logging_mixin.py:190} INFO - [2025-02-11T15:00:30.517+0000] {dagbag.py:588} INFO - Filling up the DagBag from /home/airflow/.local/lib/python3.12/site-packages/airflow/example_dags/example_display_name.py
[2025-02-11T15:00:30.547+0000] {processor.py:925} INFO - DAG(s) 'example_display_name' retrieved from /home/airflow/.local/lib/python3.12/site-packages/airflow/example_dags/example_display_name.py
[2025-02-11T15:00:30.591+0000] {logging_mixin.py:190} INFO - [2025-02-11T15:00:30.590+0000] {dag.py:3239} INFO - Sync 1 DAGs
[2025-02-11T15:00:30.624+0000] {logging_mixin.py:190} INFO - [2025-02-11T15:00:30.623+0000] {dag.py:4180} INFO - Setting next_dagrun for example_display_name to None, run_after=None
[2025-02-11T15:00:30.671+0000] {processor.py:208} INFO - Processing /home/airflow/.local/lib/python3.12/site-packages/airflow/example_dags/example_display_name.py took 0.178 seconds
[2025-02-11T15:01:01.433+0000] {processor.py:186} INFO - Started process (PID=372) to work on /home/airflow/.local/lib/python3.12/site-packages/airflow/example_dags/example_display_name.py
[2025-02-11T15:01:01.439+0000] {processor.py:914} INFO - Processing file /home/airflow/.local/lib/python3.12/site-packages/airflow/example_dags/example_display_name.py for tasks to queue
[2025-02-11T15:01:01.448+0000] {logging_mixin.py:190} INFO - [2025-02-11T15:01:01.447+0000] {dagbag.py:588} INFO - Filling up the DagBag from /home/airflow/.local/lib/python3.12/site-packages/airflow/example_dags/example_display_name.py
[2025-02-11T15:01:01.468+0000] {processor.py:925} INFO - DAG(s) 'example_display_name' retrieved from /home/airflow/.local/lib/python3.12/site-packages/airflow/example_dags/example_display_name.py
[2025-02-11T15:01:01.517+0000] {logging_mixin.py:190} INFO - [2025-02-11T15:01:01.517+0000] {dag.py:3239} INFO - Sync 1 DAGs
[2025-02-11T15:01:01.575+0000] {logging_mixin.py:190} INFO - [2025-02-11T15:01:01.575+0000] {dag.py:4180} INFO - Setting next_dagrun for example_display_name to None, run_after=None
[2025-02-11T15:01:01.632+0000] {processor.py:208} INFO - Processing /home/airflow/.local/lib/python3.12/site-packages/airflow/example_dags/example_display_name.py took 0.215 seconds
[2025-02-11T15:01:32.783+0000] {processor.py:186} INFO - Started process (PID=436) to work on /home/airflow/.local/lib/python3.12/site-packages/airflow/example_dags/example_display_name.py
[2025-02-11T15:01:32.791+0000] {processor.py:914} INFO - Processing file /home/airflow/.local/lib/python3.12/site-packages/airflow/example_dags/example_display_name.py for tasks to queue
[2025-02-11T15:01:32.805+0000] {logging_mixin.py:190} INFO - [2025-02-11T15:01:32.804+0000] {dagbag.py:588} INFO - Filling up the DagBag from /home/airflow/.local/lib/python3.12/site-packages/airflow/example_dags/example_display_name.py
[2025-02-11T15:01:32.832+0000] {processor.py:925} INFO - DAG(s) 'example_display_name' retrieved from /home/airflow/.local/lib/python3.12/site-packages/airflow/example_dags/example_display_name.py
[2025-02-11T15:01:32.901+0000] {logging_mixin.py:190} INFO - [2025-02-11T15:01:32.901+0000] {dag.py:3239} INFO - Sync 1 DAGs
[2025-02-11T15:01:32.940+0000] {logging_mixin.py:190} INFO - [2025-02-11T15:01:32.939+0000] {dag.py:4180} INFO - Setting next_dagrun for example_display_name to None, run_after=None
[2025-02-11T15:01:33.043+0000] {processor.py:208} INFO - Processing /home/airflow/.local/lib/python3.12/site-packages/airflow/example_dags/example_display_name.py took 0.308 seconds
[2025-02-11T15:02:09.222+0000] {processor.py:186} INFO - Started process (PID=500) to work on /home/airflow/.local/lib/python3.12/site-packages/airflow/example_dags/example_display_name.py
[2025-02-11T15:02:09.228+0000] {processor.py:914} INFO - Processing file /home/airflow/.local/lib/python3.12/site-packages/airflow/example_dags/example_display_name.py for tasks to queue
[2025-02-11T15:02:09.258+0000] {logging_mixin.py:190} INFO - [2025-02-11T15:02:09.257+0000] {dagbag.py:588} INFO - Filling up the DagBag from /home/airflow/.local/lib/python3.12/site-packages/airflow/example_dags/example_display_name.py
[2025-02-11T15:02:09.302+0000] {processor.py:925} INFO - DAG(s) 'example_display_name' retrieved from /home/airflow/.local/lib/python3.12/site-packages/airflow/example_dags/example_display_name.py
[2025-02-11T15:02:09.389+0000] {logging_mixin.py:190} INFO - [2025-02-11T15:02:09.389+0000] {dag.py:3239} INFO - Sync 1 DAGs
[2025-02-11T15:02:09.535+0000] {logging_mixin.py:190} INFO - [2025-02-11T15:02:09.534+0000] {dag.py:4180} INFO - Setting next_dagrun for example_display_name to None, run_after=None
[2025-02-11T15:02:09.601+0000] {processor.py:208} INFO - Processing /home/airflow/.local/lib/python3.12/site-packages/airflow/example_dags/example_display_name.py took 0.418 seconds
[2025-02-11T15:02:44.784+0000] {processor.py:186} INFO - Started process (PID=550) to work on /home/airflow/.local/lib/python3.12/site-packages/airflow/example_dags/example_display_name.py
[2025-02-11T15:02:44.804+0000] {processor.py:914} INFO - Processing file /home/airflow/.local/lib/python3.12/site-packages/airflow/example_dags/example_display_name.py for tasks to queue
[2025-02-11T15:02:44.838+0000] {logging_mixin.py:190} INFO - [2025-02-11T15:02:44.833+0000] {dagbag.py:588} INFO - Filling up the DagBag from /home/airflow/.local/lib/python3.12/site-packages/airflow/example_dags/example_display_name.py
[2025-02-11T15:02:44.872+0000] {processor.py:925} INFO - DAG(s) 'example_display_name' retrieved from /home/airflow/.local/lib/python3.12/site-packages/airflow/example_dags/example_display_name.py
[2025-02-11T15:02:44.951+0000] {logging_mixin.py:190} INFO - [2025-02-11T15:02:44.951+0000] {dag.py:3239} INFO - Sync 1 DAGs
[2025-02-11T15:02:45.015+0000] {logging_mixin.py:190} INFO - [2025-02-11T15:02:45.015+0000] {dag.py:4180} INFO - Setting next_dagrun for example_display_name to None, run_after=None
[2025-02-11T15:02:45.126+0000] {processor.py:208} INFO - Processing /home/airflow/.local/lib/python3.12/site-packages/airflow/example_dags/example_display_name.py took 0.397 seconds
