[2025-02-11T14:58:24.236+0000] {processor.py:186} INFO - Started process (PID=70) to work on /home/airflow/.local/lib/python3.12/site-packages/airflow/example_dags/example_bash_decorator.py
[2025-02-11T14:58:24.241+0000] {processor.py:914} INFO - Processing file /home/airflow/.local/lib/python3.12/site-packages/airflow/example_dags/example_bash_decorator.py for tasks to queue
[2025-02-11T14:58:24.250+0000] {logging_mixin.py:190} INFO - [2025-02-11T14:58:24.249+0000] {dagbag.py:588} INFO - Filling up the DagBag from /home/airflow/.local/lib/python3.12/site-packages/airflow/example_dags/example_bash_decorator.py
[2025-02-11T14:58:24.377+0000] {processor.py:925} INFO - DAG(s) 'example_bash_decorator' retrieved from /home/airflow/.local/lib/python3.12/site-packages/airflow/example_dags/example_bash_decorator.py
[2025-02-11T14:58:25.124+0000] {logging_mixin.py:190} INFO - [2025-02-11T14:58:25.122+0000] {override.py:1911} INFO - Created Permission View: can edit on DAG:example_bash_decorator
[2025-02-11T14:58:25.152+0000] {logging_mixin.py:190} INFO - [2025-02-11T14:58:25.151+0000] {override.py:1911} INFO - Created Permission View: can read on DAG:example_bash_decorator
[2025-02-11T14:58:25.171+0000] {logging_mixin.py:190} INFO - [2025-02-11T14:58:25.170+0000] {override.py:1911} INFO - Created Permission View: can delete on DAG:example_bash_decorator
[2025-02-11T14:58:25.193+0000] {logging_mixin.py:190} INFO - [2025-02-11T14:58:25.193+0000] {override.py:1911} INFO - Created Permission View: can create on DAG Run:example_bash_decorator
[2025-02-11T14:58:25.213+0000] {logging_mixin.py:190} INFO - [2025-02-11T14:58:25.212+0000] {override.py:1911} INFO - Created Permission View: menu access on DAG Run:example_bash_decorator
[2025-02-11T14:58:25.232+0000] {logging_mixin.py:190} INFO - [2025-02-11T14:58:25.232+0000] {override.py:1911} INFO - Created Permission View: can read on DAG Run:example_bash_decorator
[2025-02-11T14:58:25.257+0000] {logging_mixin.py:190} INFO - [2025-02-11T14:58:25.256+0000] {override.py:1911} INFO - Created Permission View: can delete on DAG Run:example_bash_decorator
[2025-02-11T14:58:25.268+0000] {logging_mixin.py:190} INFO - [2025-02-11T14:58:25.261+0000] {dag.py:3239} INFO - Sync 1 DAGs
[2025-02-11T14:58:25.320+0000] {logging_mixin.py:190} INFO - [2025-02-11T14:58:25.319+0000] {dag.py:3262} INFO - Creating ORM DAG for example_bash_decorator
[2025-02-11T14:58:25.324+0000] {logging_mixin.py:190} INFO - [2025-02-11T14:58:25.323+0000] {dag.py:4180} INFO - Setting next_dagrun for example_bash_decorator to None, run_after=None
[2025-02-11T14:58:25.378+0000] {processor.py:208} INFO - Processing /home/airflow/.local/lib/python3.12/site-packages/airflow/example_dags/example_bash_decorator.py took 1.166 seconds
[2025-02-11T14:59:03.824+0000] {processor.py:186} INFO - Started process (PID=134) to work on /home/airflow/.local/lib/python3.12/site-packages/airflow/example_dags/example_bash_decorator.py
[2025-02-11T14:59:03.830+0000] {processor.py:914} INFO - Processing file /home/airflow/.local/lib/python3.12/site-packages/airflow/example_dags/example_bash_decorator.py for tasks to queue
[2025-02-11T14:59:03.838+0000] {logging_mixin.py:190} INFO - [2025-02-11T14:59:03.837+0000] {dagbag.py:588} INFO - Filling up the DagBag from /home/airflow/.local/lib/python3.12/site-packages/airflow/example_dags/example_bash_decorator.py
[2025-02-11T14:59:03.904+0000] {processor.py:925} INFO - DAG(s) 'example_bash_decorator' retrieved from /home/airflow/.local/lib/python3.12/site-packages/airflow/example_dags/example_bash_decorator.py
[2025-02-11T14:59:03.991+0000] {logging_mixin.py:190} INFO - [2025-02-11T14:59:03.990+0000] {dag.py:3239} INFO - Sync 1 DAGs
[2025-02-11T14:59:04.053+0000] {logging_mixin.py:190} INFO - [2025-02-11T14:59:04.052+0000] {dag.py:4180} INFO - Setting next_dagrun for example_bash_decorator to None, run_after=None
[2025-02-11T14:59:04.105+0000] {processor.py:208} INFO - Processing /home/airflow/.local/lib/python3.12/site-packages/airflow/example_dags/example_bash_decorator.py took 0.301 seconds
[2025-02-11T14:59:36.134+0000] {processor.py:186} INFO - Started process (PID=197) to work on /home/airflow/.local/lib/python3.12/site-packages/airflow/example_dags/example_bash_decorator.py
[2025-02-11T14:59:36.138+0000] {processor.py:914} INFO - Processing file /home/airflow/.local/lib/python3.12/site-packages/airflow/example_dags/example_bash_decorator.py for tasks to queue
[2025-02-11T14:59:36.145+0000] {logging_mixin.py:190} INFO - [2025-02-11T14:59:36.144+0000] {dagbag.py:588} INFO - Filling up the DagBag from /home/airflow/.local/lib/python3.12/site-packages/airflow/example_dags/example_bash_decorator.py
[2025-02-11T14:59:36.183+0000] {processor.py:925} INFO - DAG(s) 'example_bash_decorator' retrieved from /home/airflow/.local/lib/python3.12/site-packages/airflow/example_dags/example_bash_decorator.py
[2025-02-11T14:59:36.237+0000] {logging_mixin.py:190} INFO - [2025-02-11T14:59:36.236+0000] {dag.py:3239} INFO - Sync 1 DAGs
[2025-02-11T14:59:36.265+0000] {logging_mixin.py:190} INFO - [2025-02-11T14:59:36.265+0000] {dag.py:4180} INFO - Setting next_dagrun for example_bash_decorator to None, run_after=None
[2025-02-11T14:59:36.305+0000] {processor.py:208} INFO - Processing /home/airflow/.local/lib/python3.12/site-packages/airflow/example_dags/example_bash_decorator.py took 0.187 seconds
[2025-02-11T15:00:11.194+0000] {processor.py:186} INFO - Started process (PID=261) to work on /home/airflow/.local/lib/python3.12/site-packages/airflow/example_dags/example_bash_decorator.py
[2025-02-11T15:00:11.198+0000] {processor.py:914} INFO - Processing file /home/airflow/.local/lib/python3.12/site-packages/airflow/example_dags/example_bash_decorator.py for tasks to queue
[2025-02-11T15:00:11.220+0000] {logging_mixin.py:190} INFO - [2025-02-11T15:00:11.219+0000] {dagbag.py:588} INFO - Filling up the DagBag from /home/airflow/.local/lib/python3.12/site-packages/airflow/example_dags/example_bash_decorator.py
[2025-02-11T15:00:11.285+0000] {processor.py:925} INFO - DAG(s) 'example_bash_decorator' retrieved from /home/airflow/.local/lib/python3.12/site-packages/airflow/example_dags/example_bash_decorator.py
[2025-02-11T15:00:11.403+0000] {logging_mixin.py:190} INFO - [2025-02-11T15:00:11.402+0000] {dag.py:3239} INFO - Sync 1 DAGs
[2025-02-11T15:00:11.483+0000] {logging_mixin.py:190} INFO - [2025-02-11T15:00:11.483+0000] {dag.py:4180} INFO - Setting next_dagrun for example_bash_decorator to None, run_after=None
[2025-02-11T15:00:11.638+0000] {processor.py:208} INFO - Processing /home/airflow/.local/lib/python3.12/site-packages/airflow/example_dags/example_bash_decorator.py took 0.462 seconds
[2025-02-11T15:00:43.668+0000] {processor.py:186} INFO - Started process (PID=324) to work on /home/airflow/.local/lib/python3.12/site-packages/airflow/example_dags/example_bash_decorator.py
[2025-02-11T15:00:43.674+0000] {processor.py:914} INFO - Processing file /home/airflow/.local/lib/python3.12/site-packages/airflow/example_dags/example_bash_decorator.py for tasks to queue
[2025-02-11T15:00:43.691+0000] {logging_mixin.py:190} INFO - [2025-02-11T15:00:43.690+0000] {dagbag.py:588} INFO - Filling up the DagBag from /home/airflow/.local/lib/python3.12/site-packages/airflow/example_dags/example_bash_decorator.py
[2025-02-11T15:00:43.734+0000] {processor.py:925} INFO - DAG(s) 'example_bash_decorator' retrieved from /home/airflow/.local/lib/python3.12/site-packages/airflow/example_dags/example_bash_decorator.py
[2025-02-11T15:00:43.805+0000] {logging_mixin.py:190} INFO - [2025-02-11T15:00:43.804+0000] {dag.py:3239} INFO - Sync 1 DAGs
[2025-02-11T15:00:43.850+0000] {logging_mixin.py:190} INFO - [2025-02-11T15:00:43.850+0000] {dag.py:4180} INFO - Setting next_dagrun for example_bash_decorator to None, run_after=None
[2025-02-11T15:00:43.911+0000] {processor.py:208} INFO - Processing /home/airflow/.local/lib/python3.12/site-packages/airflow/example_dags/example_bash_decorator.py took 0.266 seconds
[2025-02-11T15:01:15.606+0000] {processor.py:186} INFO - Started process (PID=387) to work on /home/airflow/.local/lib/python3.12/site-packages/airflow/example_dags/example_bash_decorator.py
[2025-02-11T15:01:15.613+0000] {processor.py:914} INFO - Processing file /home/airflow/.local/lib/python3.12/site-packages/airflow/example_dags/example_bash_decorator.py for tasks to queue
[2025-02-11T15:01:15.622+0000] {logging_mixin.py:190} INFO - [2025-02-11T15:01:15.621+0000] {dagbag.py:588} INFO - Filling up the DagBag from /home/airflow/.local/lib/python3.12/site-packages/airflow/example_dags/example_bash_decorator.py
[2025-02-11T15:01:15.668+0000] {processor.py:925} INFO - DAG(s) 'example_bash_decorator' retrieved from /home/airflow/.local/lib/python3.12/site-packages/airflow/example_dags/example_bash_decorator.py
[2025-02-11T15:01:15.744+0000] {logging_mixin.py:190} INFO - [2025-02-11T15:01:15.743+0000] {dag.py:3239} INFO - Sync 1 DAGs
[2025-02-11T15:01:15.787+0000] {logging_mixin.py:190} INFO - [2025-02-11T15:01:15.786+0000] {dag.py:4180} INFO - Setting next_dagrun for example_bash_decorator to None, run_after=None
[2025-02-11T15:01:15.862+0000] {processor.py:208} INFO - Processing /home/airflow/.local/lib/python3.12/site-packages/airflow/example_dags/example_bash_decorator.py took 0.273 seconds
[2025-02-11T15:01:46.965+0000] {processor.py:186} INFO - Started process (PID=450) to work on /home/airflow/.local/lib/python3.12/site-packages/airflow/example_dags/example_bash_decorator.py
[2025-02-11T15:01:46.968+0000] {processor.py:914} INFO - Processing file /home/airflow/.local/lib/python3.12/site-packages/airflow/example_dags/example_bash_decorator.py for tasks to queue
[2025-02-11T15:01:46.981+0000] {logging_mixin.py:190} INFO - [2025-02-11T15:01:46.981+0000] {dagbag.py:588} INFO - Filling up the DagBag from /home/airflow/.local/lib/python3.12/site-packages/airflow/example_dags/example_bash_decorator.py
[2025-02-11T15:01:47.048+0000] {processor.py:925} INFO - DAG(s) 'example_bash_decorator' retrieved from /home/airflow/.local/lib/python3.12/site-packages/airflow/example_dags/example_bash_decorator.py
[2025-02-11T15:01:47.133+0000] {logging_mixin.py:190} INFO - [2025-02-11T15:01:47.132+0000] {dag.py:3239} INFO - Sync 1 DAGs
[2025-02-11T15:01:47.183+0000] {logging_mixin.py:190} INFO - [2025-02-11T15:01:47.183+0000] {dag.py:4180} INFO - Setting next_dagrun for example_bash_decorator to None, run_after=None
[2025-02-11T15:01:47.259+0000] {processor.py:208} INFO - Processing /home/airflow/.local/lib/python3.12/site-packages/airflow/example_dags/example_bash_decorator.py took 0.312 seconds
[2025-02-11T15:02:21.635+0000] {processor.py:186} INFO - Started process (PID=522) to work on /home/airflow/.local/lib/python3.12/site-packages/airflow/example_dags/example_bash_decorator.py
[2025-02-11T15:02:21.673+0000] {processor.py:914} INFO - Processing file /home/airflow/.local/lib/python3.12/site-packages/airflow/example_dags/example_bash_decorator.py for tasks to queue
[2025-02-11T15:02:21.697+0000] {logging_mixin.py:190} INFO - [2025-02-11T15:02:21.694+0000] {dagbag.py:588} INFO - Filling up the DagBag from /home/airflow/.local/lib/python3.12/site-packages/airflow/example_dags/example_bash_decorator.py
[2025-02-11T15:02:21.844+0000] {processor.py:925} INFO - DAG(s) 'example_bash_decorator' retrieved from /home/airflow/.local/lib/python3.12/site-packages/airflow/example_dags/example_bash_decorator.py
[2025-02-11T15:02:22.037+0000] {logging_mixin.py:190} INFO - [2025-02-11T15:02:22.036+0000] {dag.py:3239} INFO - Sync 1 DAGs
[2025-02-11T15:02:22.296+0000] {logging_mixin.py:190} INFO - [2025-02-11T15:02:22.294+0000] {dag.py:4180} INFO - Setting next_dagrun for example_bash_decorator to None, run_after=None
[2025-02-11T15:02:22.721+0000] {processor.py:208} INFO - Processing /home/airflow/.local/lib/python3.12/site-packages/airflow/example_dags/example_bash_decorator.py took 1.164 seconds
[2025-02-11T15:02:59.851+0000] {processor.py:186} INFO - Started process (PID=585) to work on /home/airflow/.local/lib/python3.12/site-packages/airflow/example_dags/example_bash_decorator.py
[2025-02-11T15:02:59.855+0000] {processor.py:914} INFO - Processing file /home/airflow/.local/lib/python3.12/site-packages/airflow/example_dags/example_bash_decorator.py for tasks to queue
[2025-02-11T15:02:59.865+0000] {logging_mixin.py:190} INFO - [2025-02-11T15:02:59.863+0000] {dagbag.py:588} INFO - Filling up the DagBag from /home/airflow/.local/lib/python3.12/site-packages/airflow/example_dags/example_bash_decorator.py
[2025-02-11T15:02:59.910+0000] {processor.py:925} INFO - DAG(s) 'example_bash_decorator' retrieved from /home/airflow/.local/lib/python3.12/site-packages/airflow/example_dags/example_bash_decorator.py
[2025-02-11T15:03:00.085+0000] {logging_mixin.py:190} INFO - [2025-02-11T15:03:00.084+0000] {dag.py:3239} INFO - Sync 1 DAGs
[2025-02-11T15:03:00.151+0000] {logging_mixin.py:190} INFO - [2025-02-11T15:03:00.151+0000] {dag.py:4180} INFO - Setting next_dagrun for example_bash_decorator to None, run_after=None
[2025-02-11T15:03:00.196+0000] {processor.py:208} INFO - Processing /home/airflow/.local/lib/python3.12/site-packages/airflow/example_dags/example_bash_decorator.py took 0.363 seconds
