[2025-02-11T14:57:57.084+0000] {processor.py:186} INFO - Started process (PID=54) to work on /home/airflow/.local/lib/python3.12/site-packages/airflow/example_dags/example_subdag_operator.py
[2025-02-11T14:57:57.098+0000] {processor.py:914} INFO - Processing file /home/airflow/.local/lib/python3.12/site-packages/airflow/example_dags/example_subdag_operator.py for tasks to queue
[2025-02-11T14:57:57.124+0000] {logging_mixin.py:190} INFO - [2025-02-11T14:57:57.121+0000] {dagbag.py:588} INFO - Filling up the DagBag from /home/airflow/.local/lib/python3.12/site-packages/airflow/example_dags/example_subdag_operator.py
[2025-02-11T14:57:57.290+0000] {processor.py:925} INFO - DAG(s) 'example_subdag_operator.section-1', 'example_subdag_operator.section-2', 'example_subdag_operator' retrieved from /home/airflow/.local/lib/python3.12/site-packages/airflow/example_dags/example_subdag_operator.py
[2025-02-11T14:57:59.177+0000] {logging_mixin.py:190} INFO - [2025-02-11T14:57:59.164+0000] {override.py:1911} INFO - Created Permission View: can edit on DAG:example_subdag_operator
[2025-02-11T14:57:59.227+0000] {logging_mixin.py:190} INFO - [2025-02-11T14:57:59.226+0000] {override.py:1911} INFO - Created Permission View: can read on DAG:example_subdag_operator
[2025-02-11T14:57:59.249+0000] {logging_mixin.py:190} INFO - [2025-02-11T14:57:59.248+0000] {override.py:1911} INFO - Created Permission View: can delete on DAG:example_subdag_operator
[2025-02-11T14:57:59.336+0000] {logging_mixin.py:190} INFO - [2025-02-11T14:57:59.335+0000] {override.py:1911} INFO - Created Permission View: can create on DAG Run:example_subdag_operator
[2025-02-11T14:57:59.427+0000] {logging_mixin.py:190} INFO - [2025-02-11T14:57:59.427+0000] {override.py:1911} INFO - Created Permission View: menu access on DAG Run:example_subdag_operator
[2025-02-11T14:57:59.500+0000] {logging_mixin.py:190} INFO - [2025-02-11T14:57:59.499+0000] {override.py:1911} INFO - Created Permission View: can read on DAG Run:example_subdag_operator
[2025-02-11T14:57:59.528+0000] {logging_mixin.py:190} INFO - [2025-02-11T14:57:59.527+0000] {override.py:1911} INFO - Created Permission View: can delete on DAG Run:example_subdag_operator
[2025-02-11T14:57:59.531+0000] {logging_mixin.py:190} INFO - [2025-02-11T14:57:59.530+0000] {dag.py:3239} INFO - Sync 3 DAGs
[2025-02-11T14:57:59.661+0000] {logging_mixin.py:190} INFO - [2025-02-11T14:57:59.661+0000] {dag.py:3262} INFO - Creating ORM DAG for example_subdag_operator
[2025-02-11T14:57:59.680+0000] {logging_mixin.py:190} INFO - [2025-02-11T14:57:59.677+0000] {dag.py:3262} INFO - Creating ORM DAG for example_subdag_operator.section-2
[2025-02-11T14:57:59.695+0000] {logging_mixin.py:190} INFO - [2025-02-11T14:57:59.691+0000] {dag.py:3262} INFO - Creating ORM DAG for example_subdag_operator.section-1
[2025-02-11T14:57:59.867+0000] {logging_mixin.py:190} INFO - [2025-02-11T14:57:59.866+0000] {dag.py:4180} INFO - Setting next_dagrun for example_subdag_operator to 2022-01-01 00:00:00+00:00, run_after=2022-01-01 00:00:00+00:00
[2025-02-11T14:57:59.887+0000] {logging_mixin.py:190} INFO - [2025-02-11T14:57:59.886+0000] {dag.py:4180} INFO - Setting next_dagrun for example_subdag_operator.section-1 to None, run_after=None
[2025-02-11T14:57:59.894+0000] {logging_mixin.py:190} INFO - [2025-02-11T14:57:59.892+0000] {dag.py:4180} INFO - Setting next_dagrun for example_subdag_operator.section-2 to None, run_after=None
[2025-02-11T14:57:59.963+0000] {logging_mixin.py:190} INFO - [2025-02-11T14:57:59.963+0000] {dag.py:3239} INFO - Sync 2 DAGs
[2025-02-11T14:57:59.994+0000] {logging_mixin.py:190} INFO - [2025-02-11T14:57:59.994+0000] {dag.py:4180} INFO - Setting next_dagrun for example_subdag_operator.section-1 to None, run_after=None
[2025-02-11T14:58:00.009+0000] {logging_mixin.py:190} INFO - [2025-02-11T14:58:00.009+0000] {dag.py:4180} INFO - Setting next_dagrun for example_subdag_operator.section-2 to None, run_after=None
[2025-02-11T14:58:00.337+0000] {processor.py:208} INFO - Processing /home/airflow/.local/lib/python3.12/site-packages/airflow/example_dags/example_subdag_operator.py took 3.340 seconds
[2025-02-11T14:58:57.922+0000] {processor.py:186} INFO - Started process (PID=124) to work on /home/airflow/.local/lib/python3.12/site-packages/airflow/example_dags/example_subdag_operator.py
[2025-02-11T14:58:57.932+0000] {processor.py:914} INFO - Processing file /home/airflow/.local/lib/python3.12/site-packages/airflow/example_dags/example_subdag_operator.py for tasks to queue
[2025-02-11T14:58:57.941+0000] {logging_mixin.py:190} INFO - [2025-02-11T14:58:57.939+0000] {dagbag.py:588} INFO - Filling up the DagBag from /home/airflow/.local/lib/python3.12/site-packages/airflow/example_dags/example_subdag_operator.py
[2025-02-11T14:58:58.046+0000] {processor.py:925} INFO - DAG(s) 'example_subdag_operator.section-1', 'example_subdag_operator.section-2', 'example_subdag_operator' retrieved from /home/airflow/.local/lib/python3.12/site-packages/airflow/example_dags/example_subdag_operator.py
[2025-02-11T14:58:58.113+0000] {logging_mixin.py:190} INFO - [2025-02-11T14:58:58.112+0000] {dag.py:3239} INFO - Sync 3 DAGs
[2025-02-11T14:58:58.249+0000] {logging_mixin.py:190} INFO - [2025-02-11T14:58:58.248+0000] {dag.py:4180} INFO - Setting next_dagrun for example_subdag_operator to 2022-01-01 00:00:00+00:00, run_after=2022-01-01 00:00:00+00:00
[2025-02-11T14:58:58.282+0000] {logging_mixin.py:190} INFO - [2025-02-11T14:58:58.281+0000] {dag.py:4180} INFO - Setting next_dagrun for example_subdag_operator.section-1 to None, run_after=None
[2025-02-11T14:58:58.294+0000] {logging_mixin.py:190} INFO - [2025-02-11T14:58:58.292+0000] {dag.py:4180} INFO - Setting next_dagrun for example_subdag_operator.section-2 to None, run_after=None
[2025-02-11T14:58:58.320+0000] {logging_mixin.py:190} INFO - [2025-02-11T14:58:58.319+0000] {dag.py:3239} INFO - Sync 2 DAGs
[2025-02-11T14:58:58.344+0000] {logging_mixin.py:190} INFO - [2025-02-11T14:58:58.344+0000] {dag.py:4180} INFO - Setting next_dagrun for example_subdag_operator.section-1 to None, run_after=None
[2025-02-11T14:58:58.371+0000] {logging_mixin.py:190} INFO - [2025-02-11T14:58:58.371+0000] {dag.py:4180} INFO - Setting next_dagrun for example_subdag_operator.section-2 to None, run_after=None
[2025-02-11T14:58:58.424+0000] {processor.py:208} INFO - Processing /home/airflow/.local/lib/python3.12/site-packages/airflow/example_dags/example_subdag_operator.py took 0.529 seconds
[2025-02-11T14:59:29.150+0000] {processor.py:186} INFO - Started process (PID=186) to work on /home/airflow/.local/lib/python3.12/site-packages/airflow/example_dags/example_subdag_operator.py
[2025-02-11T14:59:29.156+0000] {processor.py:914} INFO - Processing file /home/airflow/.local/lib/python3.12/site-packages/airflow/example_dags/example_subdag_operator.py for tasks to queue
[2025-02-11T14:59:29.175+0000] {logging_mixin.py:190} INFO - [2025-02-11T14:59:29.173+0000] {dagbag.py:588} INFO - Filling up the DagBag from /home/airflow/.local/lib/python3.12/site-packages/airflow/example_dags/example_subdag_operator.py
[2025-02-11T14:59:29.282+0000] {processor.py:925} INFO - DAG(s) 'example_subdag_operator.section-1', 'example_subdag_operator.section-2', 'example_subdag_operator' retrieved from /home/airflow/.local/lib/python3.12/site-packages/airflow/example_dags/example_subdag_operator.py
[2025-02-11T14:59:29.362+0000] {logging_mixin.py:190} INFO - [2025-02-11T14:59:29.362+0000] {dag.py:3239} INFO - Sync 3 DAGs
[2025-02-11T14:59:29.465+0000] {logging_mixin.py:190} INFO - [2025-02-11T14:59:29.465+0000] {dag.py:4180} INFO - Setting next_dagrun for example_subdag_operator to 2022-01-01 00:00:00+00:00, run_after=2022-01-01 00:00:00+00:00
[2025-02-11T14:59:29.493+0000] {logging_mixin.py:190} INFO - [2025-02-11T14:59:29.492+0000] {dag.py:4180} INFO - Setting next_dagrun for example_subdag_operator.section-1 to None, run_after=None
[2025-02-11T14:59:29.516+0000] {logging_mixin.py:190} INFO - [2025-02-11T14:59:29.515+0000] {dag.py:4180} INFO - Setting next_dagrun for example_subdag_operator.section-2 to None, run_after=None
[2025-02-11T14:59:29.561+0000] {logging_mixin.py:190} INFO - [2025-02-11T14:59:29.561+0000] {dag.py:3239} INFO - Sync 2 DAGs
[2025-02-11T14:59:29.585+0000] {logging_mixin.py:190} INFO - [2025-02-11T14:59:29.584+0000] {dag.py:4180} INFO - Setting next_dagrun for example_subdag_operator.section-1 to None, run_after=None
[2025-02-11T14:59:29.595+0000] {logging_mixin.py:190} INFO - [2025-02-11T14:59:29.595+0000] {dag.py:4180} INFO - Setting next_dagrun for example_subdag_operator.section-2 to None, run_after=None
[2025-02-11T14:59:29.651+0000] {processor.py:208} INFO - Processing /home/airflow/.local/lib/python3.12/site-packages/airflow/example_dags/example_subdag_operator.py took 0.520 seconds
[2025-02-11T14:59:59.783+0000] {processor.py:186} INFO - Started process (PID=250) to work on /home/airflow/.local/lib/python3.12/site-packages/airflow/example_dags/example_subdag_operator.py
[2025-02-11T14:59:59.789+0000] {processor.py:914} INFO - Processing file /home/airflow/.local/lib/python3.12/site-packages/airflow/example_dags/example_subdag_operator.py for tasks to queue
[2025-02-11T14:59:59.796+0000] {logging_mixin.py:190} INFO - [2025-02-11T14:59:59.795+0000] {dagbag.py:588} INFO - Filling up the DagBag from /home/airflow/.local/lib/python3.12/site-packages/airflow/example_dags/example_subdag_operator.py
[2025-02-11T14:59:59.853+0000] {processor.py:925} INFO - DAG(s) 'example_subdag_operator.section-1', 'example_subdag_operator.section-2', 'example_subdag_operator' retrieved from /home/airflow/.local/lib/python3.12/site-packages/airflow/example_dags/example_subdag_operator.py
[2025-02-11T14:59:59.905+0000] {logging_mixin.py:190} INFO - [2025-02-11T14:59:59.905+0000] {dag.py:3239} INFO - Sync 3 DAGs
[2025-02-11T14:59:59.962+0000] {logging_mixin.py:190} INFO - [2025-02-11T14:59:59.961+0000] {dag.py:4180} INFO - Setting next_dagrun for example_subdag_operator to 2022-01-01 00:00:00+00:00, run_after=2022-01-01 00:00:00+00:00
[2025-02-11T14:59:59.977+0000] {logging_mixin.py:190} INFO - [2025-02-11T14:59:59.976+0000] {dag.py:4180} INFO - Setting next_dagrun for example_subdag_operator.section-1 to None, run_after=None
[2025-02-11T14:59:59.981+0000] {logging_mixin.py:190} INFO - [2025-02-11T14:59:59.981+0000] {dag.py:4180} INFO - Setting next_dagrun for example_subdag_operator.section-2 to None, run_after=None
[2025-02-11T14:59:59.997+0000] {logging_mixin.py:190} INFO - [2025-02-11T14:59:59.997+0000] {dag.py:3239} INFO - Sync 2 DAGs
[2025-02-11T15:00:00.009+0000] {logging_mixin.py:190} INFO - [2025-02-11T15:00:00.008+0000] {dag.py:4180} INFO - Setting next_dagrun for example_subdag_operator.section-1 to None, run_after=None
[2025-02-11T15:00:00.011+0000] {logging_mixin.py:190} INFO - [2025-02-11T15:00:00.011+0000] {dag.py:4180} INFO - Setting next_dagrun for example_subdag_operator.section-2 to None, run_after=None
[2025-02-11T15:00:00.035+0000] {processor.py:208} INFO - Processing /home/airflow/.local/lib/python3.12/site-packages/airflow/example_dags/example_subdag_operator.py took 0.266 seconds
[2025-02-11T15:00:30.551+0000] {processor.py:186} INFO - Started process (PID=312) to work on /home/airflow/.local/lib/python3.12/site-packages/airflow/example_dags/example_subdag_operator.py
[2025-02-11T15:00:30.554+0000] {processor.py:914} INFO - Processing file /home/airflow/.local/lib/python3.12/site-packages/airflow/example_dags/example_subdag_operator.py for tasks to queue
[2025-02-11T15:00:30.562+0000] {logging_mixin.py:190} INFO - [2025-02-11T15:00:30.561+0000] {dagbag.py:588} INFO - Filling up the DagBag from /home/airflow/.local/lib/python3.12/site-packages/airflow/example_dags/example_subdag_operator.py
[2025-02-11T15:00:30.625+0000] {processor.py:925} INFO - DAG(s) 'example_subdag_operator.section-1', 'example_subdag_operator.section-2', 'example_subdag_operator' retrieved from /home/airflow/.local/lib/python3.12/site-packages/airflow/example_dags/example_subdag_operator.py
[2025-02-11T15:00:30.663+0000] {logging_mixin.py:190} INFO - [2025-02-11T15:00:30.663+0000] {dag.py:3239} INFO - Sync 3 DAGs
[2025-02-11T15:00:30.732+0000] {logging_mixin.py:190} INFO - [2025-02-11T15:00:30.732+0000] {dag.py:4180} INFO - Setting next_dagrun for example_subdag_operator to 2022-01-01 00:00:00+00:00, run_after=2022-01-01 00:00:00+00:00
[2025-02-11T15:00:30.746+0000] {logging_mixin.py:190} INFO - [2025-02-11T15:00:30.745+0000] {dag.py:4180} INFO - Setting next_dagrun for example_subdag_operator.section-1 to None, run_after=None
[2025-02-11T15:00:30.751+0000] {logging_mixin.py:190} INFO - [2025-02-11T15:00:30.751+0000] {dag.py:4180} INFO - Setting next_dagrun for example_subdag_operator.section-2 to None, run_after=None
[2025-02-11T15:00:30.773+0000] {logging_mixin.py:190} INFO - [2025-02-11T15:00:30.772+0000] {dag.py:3239} INFO - Sync 2 DAGs
[2025-02-11T15:00:30.793+0000] {logging_mixin.py:190} INFO - [2025-02-11T15:00:30.792+0000] {dag.py:4180} INFO - Setting next_dagrun for example_subdag_operator.section-1 to None, run_after=None
[2025-02-11T15:00:30.796+0000] {logging_mixin.py:190} INFO - [2025-02-11T15:00:30.795+0000] {dag.py:4180} INFO - Setting next_dagrun for example_subdag_operator.section-2 to None, run_after=None
[2025-02-11T15:00:30.832+0000] {processor.py:208} INFO - Processing /home/airflow/.local/lib/python3.12/site-packages/airflow/example_dags/example_subdag_operator.py took 0.296 seconds
[2025-02-11T15:01:01.851+0000] {processor.py:186} INFO - Started process (PID=375) to work on /home/airflow/.local/lib/python3.12/site-packages/airflow/example_dags/example_subdag_operator.py
[2025-02-11T15:01:01.856+0000] {processor.py:914} INFO - Processing file /home/airflow/.local/lib/python3.12/site-packages/airflow/example_dags/example_subdag_operator.py for tasks to queue
[2025-02-11T15:01:01.872+0000] {logging_mixin.py:190} INFO - [2025-02-11T15:01:01.871+0000] {dagbag.py:588} INFO - Filling up the DagBag from /home/airflow/.local/lib/python3.12/site-packages/airflow/example_dags/example_subdag_operator.py
[2025-02-11T15:01:01.937+0000] {processor.py:925} INFO - DAG(s) 'example_subdag_operator.section-1', 'example_subdag_operator.section-2', 'example_subdag_operator' retrieved from /home/airflow/.local/lib/python3.12/site-packages/airflow/example_dags/example_subdag_operator.py
[2025-02-11T15:01:01.979+0000] {logging_mixin.py:190} INFO - [2025-02-11T15:01:01.978+0000] {dag.py:3239} INFO - Sync 3 DAGs
[2025-02-11T15:01:02.049+0000] {logging_mixin.py:190} INFO - [2025-02-11T15:01:02.048+0000] {dag.py:4180} INFO - Setting next_dagrun for example_subdag_operator to 2022-01-01 00:00:00+00:00, run_after=2022-01-01 00:00:00+00:00
[2025-02-11T15:01:02.064+0000] {logging_mixin.py:190} INFO - [2025-02-11T15:01:02.064+0000] {dag.py:4180} INFO - Setting next_dagrun for example_subdag_operator.section-1 to None, run_after=None
[2025-02-11T15:01:02.070+0000] {logging_mixin.py:190} INFO - [2025-02-11T15:01:02.070+0000] {dag.py:4180} INFO - Setting next_dagrun for example_subdag_operator.section-2 to None, run_after=None
[2025-02-11T15:01:02.093+0000] {logging_mixin.py:190} INFO - [2025-02-11T15:01:02.093+0000] {dag.py:3239} INFO - Sync 2 DAGs
[2025-02-11T15:01:02.113+0000] {logging_mixin.py:190} INFO - [2025-02-11T15:01:02.113+0000] {dag.py:4180} INFO - Setting next_dagrun for example_subdag_operator.section-1 to None, run_after=None
[2025-02-11T15:01:02.116+0000] {logging_mixin.py:190} INFO - [2025-02-11T15:01:02.116+0000] {dag.py:4180} INFO - Setting next_dagrun for example_subdag_operator.section-2 to None, run_after=None
[2025-02-11T15:01:02.148+0000] {processor.py:208} INFO - Processing /home/airflow/.local/lib/python3.12/site-packages/airflow/example_dags/example_subdag_operator.py took 0.317 seconds
[2025-02-11T15:01:32.824+0000] {processor.py:186} INFO - Started process (PID=437) to work on /home/airflow/.local/lib/python3.12/site-packages/airflow/example_dags/example_subdag_operator.py
[2025-02-11T15:01:32.834+0000] {processor.py:914} INFO - Processing file /home/airflow/.local/lib/python3.12/site-packages/airflow/example_dags/example_subdag_operator.py for tasks to queue
[2025-02-11T15:01:32.844+0000] {logging_mixin.py:190} INFO - [2025-02-11T15:01:32.843+0000] {dagbag.py:588} INFO - Filling up the DagBag from /home/airflow/.local/lib/python3.12/site-packages/airflow/example_dags/example_subdag_operator.py
[2025-02-11T15:01:32.929+0000] {processor.py:925} INFO - DAG(s) 'example_subdag_operator.section-1', 'example_subdag_operator.section-2', 'example_subdag_operator' retrieved from /home/airflow/.local/lib/python3.12/site-packages/airflow/example_dags/example_subdag_operator.py
[2025-02-11T15:01:33.020+0000] {logging_mixin.py:190} INFO - [2025-02-11T15:01:33.019+0000] {dag.py:3239} INFO - Sync 3 DAGs
[2025-02-11T15:01:33.149+0000] {logging_mixin.py:190} INFO - [2025-02-11T15:01:33.147+0000] {dag.py:4180} INFO - Setting next_dagrun for example_subdag_operator to 2022-01-01 00:00:00+00:00, run_after=2022-01-01 00:00:00+00:00
[2025-02-11T15:01:33.229+0000] {logging_mixin.py:190} INFO - [2025-02-11T15:01:33.228+0000] {dag.py:4180} INFO - Setting next_dagrun for example_subdag_operator.section-1 to None, run_after=None
[2025-02-11T15:01:33.248+0000] {logging_mixin.py:190} INFO - [2025-02-11T15:01:33.248+0000] {dag.py:4180} INFO - Setting next_dagrun for example_subdag_operator.section-2 to None, run_after=None
[2025-02-11T15:01:33.275+0000] {logging_mixin.py:190} INFO - [2025-02-11T15:01:33.274+0000] {dag.py:3239} INFO - Sync 2 DAGs
[2025-02-11T15:01:33.296+0000] {logging_mixin.py:190} INFO - [2025-02-11T15:01:33.295+0000] {dag.py:4180} INFO - Setting next_dagrun for example_subdag_operator.section-1 to None, run_after=None
[2025-02-11T15:01:33.300+0000] {logging_mixin.py:190} INFO - [2025-02-11T15:01:33.299+0000] {dag.py:4180} INFO - Setting next_dagrun for example_subdag_operator.section-2 to None, run_after=None
[2025-02-11T15:01:33.392+0000] {processor.py:208} INFO - Processing /home/airflow/.local/lib/python3.12/site-packages/airflow/example_dags/example_subdag_operator.py took 0.593 seconds
[2025-02-11T15:02:09.446+0000] {processor.py:186} INFO - Started process (PID=501) to work on /home/airflow/.local/lib/python3.12/site-packages/airflow/example_dags/example_subdag_operator.py
[2025-02-11T15:02:09.451+0000] {processor.py:914} INFO - Processing file /home/airflow/.local/lib/python3.12/site-packages/airflow/example_dags/example_subdag_operator.py for tasks to queue
[2025-02-11T15:02:09.464+0000] {logging_mixin.py:190} INFO - [2025-02-11T15:02:09.463+0000] {dagbag.py:588} INFO - Filling up the DagBag from /home/airflow/.local/lib/python3.12/site-packages/airflow/example_dags/example_subdag_operator.py
[2025-02-11T15:02:09.593+0000] {processor.py:925} INFO - DAG(s) 'example_subdag_operator.section-1', 'example_subdag_operator.section-2', 'example_subdag_operator' retrieved from /home/airflow/.local/lib/python3.12/site-packages/airflow/example_dags/example_subdag_operator.py
[2025-02-11T15:02:09.657+0000] {logging_mixin.py:190} INFO - [2025-02-11T15:02:09.656+0000] {dag.py:3239} INFO - Sync 3 DAGs
[2025-02-11T15:02:09.865+0000] {logging_mixin.py:190} INFO - [2025-02-11T15:02:09.865+0000] {dag.py:4180} INFO - Setting next_dagrun for example_subdag_operator to 2022-01-01 00:00:00+00:00, run_after=2022-01-01 00:00:00+00:00
[2025-02-11T15:02:09.888+0000] {logging_mixin.py:190} INFO - [2025-02-11T15:02:09.886+0000] {dag.py:4180} INFO - Setting next_dagrun for example_subdag_operator.section-1 to None, run_after=None
[2025-02-11T15:02:09.908+0000] {logging_mixin.py:190} INFO - [2025-02-11T15:02:09.907+0000] {dag.py:4180} INFO - Setting next_dagrun for example_subdag_operator.section-2 to None, run_after=None
[2025-02-11T15:02:09.950+0000] {logging_mixin.py:190} INFO - [2025-02-11T15:02:09.949+0000] {dag.py:3239} INFO - Sync 2 DAGs
[2025-02-11T15:02:10.000+0000] {logging_mixin.py:190} INFO - [2025-02-11T15:02:09.996+0000] {dag.py:4180} INFO - Setting next_dagrun for example_subdag_operator.section-1 to None, run_after=None
[2025-02-11T15:02:10.015+0000] {logging_mixin.py:190} INFO - [2025-02-11T15:02:10.014+0000] {dag.py:4180} INFO - Setting next_dagrun for example_subdag_operator.section-2 to None, run_after=None
[2025-02-11T15:02:10.101+0000] {processor.py:208} INFO - Processing /home/airflow/.local/lib/python3.12/site-packages/airflow/example_dags/example_subdag_operator.py took 0.671 seconds
[2025-02-11T15:02:45.529+0000] {processor.py:186} INFO - Started process (PID=551) to work on /home/airflow/.local/lib/python3.12/site-packages/airflow/example_dags/example_subdag_operator.py
[2025-02-11T15:02:45.536+0000] {processor.py:914} INFO - Processing file /home/airflow/.local/lib/python3.12/site-packages/airflow/example_dags/example_subdag_operator.py for tasks to queue
[2025-02-11T15:02:45.550+0000] {logging_mixin.py:190} INFO - [2025-02-11T15:02:45.550+0000] {dagbag.py:588} INFO - Filling up the DagBag from /home/airflow/.local/lib/python3.12/site-packages/airflow/example_dags/example_subdag_operator.py
[2025-02-11T15:02:45.751+0000] {processor.py:925} INFO - DAG(s) 'example_subdag_operator.section-1', 'example_subdag_operator.section-2', 'example_subdag_operator' retrieved from /home/airflow/.local/lib/python3.12/site-packages/airflow/example_dags/example_subdag_operator.py
[2025-02-11T15:02:45.898+0000] {logging_mixin.py:190} INFO - [2025-02-11T15:02:45.897+0000] {dag.py:3239} INFO - Sync 3 DAGs
[2025-02-11T15:02:46.165+0000] {logging_mixin.py:190} INFO - [2025-02-11T15:02:46.165+0000] {dag.py:4180} INFO - Setting next_dagrun for example_subdag_operator to 2022-01-01 00:00:00+00:00, run_after=2022-01-01 00:00:00+00:00
[2025-02-11T15:02:46.419+0000] {logging_mixin.py:190} INFO - [2025-02-11T15:02:46.419+0000] {dag.py:4180} INFO - Setting next_dagrun for example_subdag_operator.section-1 to None, run_after=None
[2025-02-11T15:02:46.439+0000] {logging_mixin.py:190} INFO - [2025-02-11T15:02:46.439+0000] {dag.py:4180} INFO - Setting next_dagrun for example_subdag_operator.section-2 to None, run_after=None
[2025-02-11T15:02:46.573+0000] {logging_mixin.py:190} INFO - [2025-02-11T15:02:46.573+0000] {dag.py:3239} INFO - Sync 2 DAGs
[2025-02-11T15:02:46.635+0000] {logging_mixin.py:190} INFO - [2025-02-11T15:02:46.634+0000] {dag.py:4180} INFO - Setting next_dagrun for example_subdag_operator.section-1 to None, run_after=None
[2025-02-11T15:02:46.671+0000] {logging_mixin.py:190} INFO - [2025-02-11T15:02:46.670+0000] {dag.py:4180} INFO - Setting next_dagrun for example_subdag_operator.section-2 to None, run_after=None
[2025-02-11T15:02:46.788+0000] {processor.py:208} INFO - Processing /home/airflow/.local/lib/python3.12/site-packages/airflow/example_dags/example_subdag_operator.py took 1.351 seconds
