[2025-02-11T14:58:44.158+0000] {processor.py:186} INFO - Started process (PID=93) to work on /home/airflow/.local/lib/python3.12/site-packages/airflow/example_dags/example_python_operator.py
[2025-02-11T14:58:44.169+0000] {processor.py:914} INFO - Processing file /home/airflow/.local/lib/python3.12/site-packages/airflow/example_dags/example_python_operator.py for tasks to queue
[2025-02-11T14:58:44.207+0000] {logging_mixin.py:190} INFO - [2025-02-11T14:58:44.206+0000] {dagbag.py:588} INFO - Filling up the DagBag from /home/airflow/.local/lib/python3.12/site-packages/airflow/example_dags/example_python_operator.py
[2025-02-11T14:58:44.271+0000] {processor.py:925} INFO - DAG(s) 'example_python_operator' retrieved from /home/airflow/.local/lib/python3.12/site-packages/airflow/example_dags/example_python_operator.py
[2025-02-11T14:58:45.367+0000] {logging_mixin.py:190} INFO - [2025-02-11T14:58:45.352+0000] {override.py:1911} INFO - Created Permission View: can edit on DAG:example_python_operator
[2025-02-11T14:58:45.429+0000] {logging_mixin.py:190} INFO - [2025-02-11T14:58:45.428+0000] {override.py:1911} INFO - Created Permission View: can read on DAG:example_python_operator
[2025-02-11T14:58:45.482+0000] {logging_mixin.py:190} INFO - [2025-02-11T14:58:45.480+0000] {override.py:1911} INFO - Created Permission View: can delete on DAG:example_python_operator
[2025-02-11T14:58:45.603+0000] {logging_mixin.py:190} INFO - [2025-02-11T14:58:45.602+0000] {override.py:1911} INFO - Created Permission View: can create on DAG Run:example_python_operator
[2025-02-11T14:58:45.818+0000] {logging_mixin.py:190} INFO - [2025-02-11T14:58:45.779+0000] {override.py:1911} INFO - Created Permission View: menu access on DAG Run:example_python_operator
[2025-02-11T14:58:45.913+0000] {logging_mixin.py:190} INFO - [2025-02-11T14:58:45.912+0000] {override.py:1911} INFO - Created Permission View: can read on DAG Run:example_python_operator
[2025-02-11T14:58:45.995+0000] {logging_mixin.py:190} INFO - [2025-02-11T14:58:45.995+0000] {override.py:1911} INFO - Created Permission View: can delete on DAG Run:example_python_operator
[2025-02-11T14:58:46.015+0000] {logging_mixin.py:190} INFO - [2025-02-11T14:58:46.015+0000] {dag.py:3239} INFO - Sync 1 DAGs
[2025-02-11T14:58:46.109+0000] {logging_mixin.py:190} INFO - [2025-02-11T14:58:46.108+0000] {dag.py:3262} INFO - Creating ORM DAG for example_python_operator
[2025-02-11T14:58:46.125+0000] {logging_mixin.py:190} INFO - [2025-02-11T14:58:46.123+0000] {dag.py:4180} INFO - Setting next_dagrun for example_python_operator to None, run_after=None
[2025-02-11T14:58:46.275+0000] {processor.py:208} INFO - Processing /home/airflow/.local/lib/python3.12/site-packages/airflow/example_dags/example_python_operator.py took 2.145 seconds
[2025-02-11T14:59:17.012+0000] {processor.py:186} INFO - Started process (PID=163) to work on /home/airflow/.local/lib/python3.12/site-packages/airflow/example_dags/example_python_operator.py
[2025-02-11T14:59:17.051+0000] {processor.py:914} INFO - Processing file /home/airflow/.local/lib/python3.12/site-packages/airflow/example_dags/example_python_operator.py for tasks to queue
[2025-02-11T14:59:17.126+0000] {logging_mixin.py:190} INFO - [2025-02-11T14:59:17.122+0000] {dagbag.py:588} INFO - Filling up the DagBag from /home/airflow/.local/lib/python3.12/site-packages/airflow/example_dags/example_python_operator.py
[2025-02-11T14:59:17.259+0000] {processor.py:925} INFO - DAG(s) 'example_python_operator' retrieved from /home/airflow/.local/lib/python3.12/site-packages/airflow/example_dags/example_python_operator.py
[2025-02-11T14:59:17.347+0000] {logging_mixin.py:190} INFO - [2025-02-11T14:59:17.346+0000] {dag.py:3239} INFO - Sync 1 DAGs
[2025-02-11T14:59:17.446+0000] {logging_mixin.py:190} INFO - [2025-02-11T14:59:17.443+0000] {dag.py:4180} INFO - Setting next_dagrun for example_python_operator to None, run_after=None
[2025-02-11T14:59:17.537+0000] {processor.py:208} INFO - Processing /home/airflow/.local/lib/python3.12/site-packages/airflow/example_dags/example_python_operator.py took 0.658 seconds
[2025-02-11T14:59:47.819+0000] {processor.py:186} INFO - Started process (PID=227) to work on /home/airflow/.local/lib/python3.12/site-packages/airflow/example_dags/example_python_operator.py
[2025-02-11T14:59:47.824+0000] {processor.py:914} INFO - Processing file /home/airflow/.local/lib/python3.12/site-packages/airflow/example_dags/example_python_operator.py for tasks to queue
[2025-02-11T14:59:47.836+0000] {logging_mixin.py:190} INFO - [2025-02-11T14:59:47.834+0000] {dagbag.py:588} INFO - Filling up the DagBag from /home/airflow/.local/lib/python3.12/site-packages/airflow/example_dags/example_python_operator.py
[2025-02-11T14:59:47.873+0000] {processor.py:925} INFO - DAG(s) 'example_python_operator' retrieved from /home/airflow/.local/lib/python3.12/site-packages/airflow/example_dags/example_python_operator.py
[2025-02-11T14:59:47.932+0000] {logging_mixin.py:190} INFO - [2025-02-11T14:59:47.932+0000] {dag.py:3239} INFO - Sync 1 DAGs
[2025-02-11T14:59:47.966+0000] {logging_mixin.py:190} INFO - [2025-02-11T14:59:47.965+0000] {dag.py:4180} INFO - Setting next_dagrun for example_python_operator to None, run_after=None
[2025-02-11T14:59:48.012+0000] {processor.py:208} INFO - Processing /home/airflow/.local/lib/python3.12/site-packages/airflow/example_dags/example_python_operator.py took 0.211 seconds
[2025-02-11T15:00:19.177+0000] {processor.py:186} INFO - Started process (PID=290) to work on /home/airflow/.local/lib/python3.12/site-packages/airflow/example_dags/example_python_operator.py
[2025-02-11T15:00:19.247+0000] {processor.py:914} INFO - Processing file /home/airflow/.local/lib/python3.12/site-packages/airflow/example_dags/example_python_operator.py for tasks to queue
[2025-02-11T15:00:19.276+0000] {logging_mixin.py:190} INFO - [2025-02-11T15:00:19.268+0000] {dagbag.py:588} INFO - Filling up the DagBag from /home/airflow/.local/lib/python3.12/site-packages/airflow/example_dags/example_python_operator.py
[2025-02-11T15:00:19.477+0000] {processor.py:925} INFO - DAG(s) 'example_python_operator' retrieved from /home/airflow/.local/lib/python3.12/site-packages/airflow/example_dags/example_python_operator.py
[2025-02-11T15:00:19.809+0000] {logging_mixin.py:190} INFO - [2025-02-11T15:00:19.809+0000] {dag.py:3239} INFO - Sync 1 DAGs
[2025-02-11T15:00:19.872+0000] {logging_mixin.py:190} INFO - [2025-02-11T15:00:19.872+0000] {dag.py:4180} INFO - Setting next_dagrun for example_python_operator to None, run_after=None
[2025-02-11T15:00:20.024+0000] {processor.py:208} INFO - Processing /home/airflow/.local/lib/python3.12/site-packages/airflow/example_dags/example_python_operator.py took 0.945 seconds
[2025-02-11T15:00:50.750+0000] {processor.py:186} INFO - Started process (PID=352) to work on /home/airflow/.local/lib/python3.12/site-packages/airflow/example_dags/example_python_operator.py
[2025-02-11T15:00:50.756+0000] {processor.py:914} INFO - Processing file /home/airflow/.local/lib/python3.12/site-packages/airflow/example_dags/example_python_operator.py for tasks to queue
[2025-02-11T15:00:50.764+0000] {logging_mixin.py:190} INFO - [2025-02-11T15:00:50.763+0000] {dagbag.py:588} INFO - Filling up the DagBag from /home/airflow/.local/lib/python3.12/site-packages/airflow/example_dags/example_python_operator.py
[2025-02-11T15:00:50.810+0000] {processor.py:925} INFO - DAG(s) 'example_python_operator' retrieved from /home/airflow/.local/lib/python3.12/site-packages/airflow/example_dags/example_python_operator.py
[2025-02-11T15:00:50.877+0000] {logging_mixin.py:190} INFO - [2025-02-11T15:00:50.877+0000] {dag.py:3239} INFO - Sync 1 DAGs
[2025-02-11T15:00:50.924+0000] {logging_mixin.py:190} INFO - [2025-02-11T15:00:50.923+0000] {dag.py:4180} INFO - Setting next_dagrun for example_python_operator to None, run_after=None
[2025-02-11T15:00:50.978+0000] {processor.py:208} INFO - Processing /home/airflow/.local/lib/python3.12/site-packages/airflow/example_dags/example_python_operator.py took 0.246 seconds
[2025-02-11T15:01:21.460+0000] {processor.py:186} INFO - Started process (PID=416) to work on /home/airflow/.local/lib/python3.12/site-packages/airflow/example_dags/example_python_operator.py
[2025-02-11T15:01:21.473+0000] {processor.py:914} INFO - Processing file /home/airflow/.local/lib/python3.12/site-packages/airflow/example_dags/example_python_operator.py for tasks to queue
[2025-02-11T15:01:21.487+0000] {logging_mixin.py:190} INFO - [2025-02-11T15:01:21.486+0000] {dagbag.py:588} INFO - Filling up the DagBag from /home/airflow/.local/lib/python3.12/site-packages/airflow/example_dags/example_python_operator.py
[2025-02-11T15:01:21.556+0000] {processor.py:925} INFO - DAG(s) 'example_python_operator' retrieved from /home/airflow/.local/lib/python3.12/site-packages/airflow/example_dags/example_python_operator.py
[2025-02-11T15:01:21.667+0000] {logging_mixin.py:190} INFO - [2025-02-11T15:01:21.667+0000] {dag.py:3239} INFO - Sync 1 DAGs
[2025-02-11T15:01:21.705+0000] {logging_mixin.py:190} INFO - [2025-02-11T15:01:21.704+0000] {dag.py:4180} INFO - Setting next_dagrun for example_python_operator to None, run_after=None
[2025-02-11T15:01:21.748+0000] {processor.py:208} INFO - Processing /home/airflow/.local/lib/python3.12/site-packages/airflow/example_dags/example_python_operator.py took 0.307 seconds
[2025-02-11T15:01:56.687+0000] {processor.py:186} INFO - Started process (PID=480) to work on /home/airflow/.local/lib/python3.12/site-packages/airflow/example_dags/example_python_operator.py
[2025-02-11T15:01:56.705+0000] {processor.py:914} INFO - Processing file /home/airflow/.local/lib/python3.12/site-packages/airflow/example_dags/example_python_operator.py for tasks to queue
[2025-02-11T15:01:56.736+0000] {logging_mixin.py:190} INFO - [2025-02-11T15:01:56.733+0000] {dagbag.py:588} INFO - Filling up the DagBag from /home/airflow/.local/lib/python3.12/site-packages/airflow/example_dags/example_python_operator.py
[2025-02-11T15:01:56.792+0000] {processor.py:925} INFO - DAG(s) 'example_python_operator' retrieved from /home/airflow/.local/lib/python3.12/site-packages/airflow/example_dags/example_python_operator.py
[2025-02-11T15:01:56.970+0000] {logging_mixin.py:190} INFO - [2025-02-11T15:01:56.969+0000] {dag.py:3239} INFO - Sync 1 DAGs
[2025-02-11T15:01:57.161+0000] {logging_mixin.py:190} INFO - [2025-02-11T15:01:57.157+0000] {dag.py:4180} INFO - Setting next_dagrun for example_python_operator to None, run_after=None
[2025-02-11T15:01:57.348+0000] {processor.py:208} INFO - Processing /home/airflow/.local/lib/python3.12/site-packages/airflow/example_dags/example_python_operator.py took 0.721 seconds
[2025-02-11T15:02:49.265+0000] {processor.py:186} INFO - Started process (PID=555) to work on /home/airflow/.local/lib/python3.12/site-packages/airflow/example_dags/example_python_operator.py
[2025-02-11T15:02:49.273+0000] {processor.py:914} INFO - Processing file /home/airflow/.local/lib/python3.12/site-packages/airflow/example_dags/example_python_operator.py for tasks to queue
[2025-02-11T15:02:49.299+0000] {logging_mixin.py:190} INFO - [2025-02-11T15:02:49.297+0000] {dagbag.py:588} INFO - Filling up the DagBag from /home/airflow/.local/lib/python3.12/site-packages/airflow/example_dags/example_python_operator.py
[2025-02-11T15:02:49.418+0000] {processor.py:925} INFO - DAG(s) 'example_python_operator' retrieved from /home/airflow/.local/lib/python3.12/site-packages/airflow/example_dags/example_python_operator.py
[2025-02-11T15:02:49.724+0000] {logging_mixin.py:190} INFO - [2025-02-11T15:02:49.720+0000] {dag.py:3239} INFO - Sync 1 DAGs
[2025-02-11T15:02:49.850+0000] {logging_mixin.py:190} INFO - [2025-02-11T15:02:49.849+0000] {dag.py:4180} INFO - Setting next_dagrun for example_python_operator to None, run_after=None
[2025-02-11T15:02:49.999+0000] {processor.py:208} INFO - Processing /home/airflow/.local/lib/python3.12/site-packages/airflow/example_dags/example_python_operator.py took 0.786 seconds
