[2025-02-11T14:58:51.182+0000] {processor.py:186} INFO - Started process (PID=106) to work on /home/airflow/.local/lib/python3.12/site-packages/airflow/example_dags/example_external_task_marker_dag.py
[2025-02-11T14:58:51.186+0000] {processor.py:914} INFO - Processing file /home/airflow/.local/lib/python3.12/site-packages/airflow/example_dags/example_external_task_marker_dag.py for tasks to queue
[2025-02-11T14:58:51.196+0000] {logging_mixin.py:190} INFO - [2025-02-11T14:58:51.194+0000] {dagbag.py:588} INFO - Filling up the DagBag from /home/airflow/.local/lib/python3.12/site-packages/airflow/example_dags/example_external_task_marker_dag.py
[2025-02-11T14:58:51.254+0000] {processor.py:925} INFO - DAG(s) 'example_external_task_marker_child', 'example_external_task_marker_parent' retrieved from /home/airflow/.local/lib/python3.12/site-packages/airflow/example_dags/example_external_task_marker_dag.py
[2025-02-11T14:58:51.720+0000] {logging_mixin.py:190} INFO - [2025-02-11T14:58:51.719+0000] {override.py:1911} INFO - Created Permission View: can edit on DAG:example_external_task_marker_child
[2025-02-11T14:58:51.759+0000] {logging_mixin.py:190} INFO - [2025-02-11T14:58:51.759+0000] {override.py:1911} INFO - Created Permission View: can read on DAG:example_external_task_marker_child
[2025-02-11T14:58:51.784+0000] {logging_mixin.py:190} INFO - [2025-02-11T14:58:51.783+0000] {override.py:1911} INFO - Created Permission View: can delete on DAG:example_external_task_marker_child
[2025-02-11T14:58:51.813+0000] {logging_mixin.py:190} INFO - [2025-02-11T14:58:51.812+0000] {override.py:1911} INFO - Created Permission View: can create on DAG Run:example_external_task_marker_child
[2025-02-11T14:58:51.858+0000] {logging_mixin.py:190} INFO - [2025-02-11T14:58:51.858+0000] {override.py:1911} INFO - Created Permission View: menu access on DAG Run:example_external_task_marker_child
[2025-02-11T14:58:51.886+0000] {logging_mixin.py:190} INFO - [2025-02-11T14:58:51.885+0000] {override.py:1911} INFO - Created Permission View: can read on DAG Run:example_external_task_marker_child
[2025-02-11T14:58:51.913+0000] {logging_mixin.py:190} INFO - [2025-02-11T14:58:51.912+0000] {override.py:1911} INFO - Created Permission View: can delete on DAG Run:example_external_task_marker_child
[2025-02-11T14:58:51.950+0000] {logging_mixin.py:190} INFO - [2025-02-11T14:58:51.949+0000] {override.py:1911} INFO - Created Permission View: can edit on DAG:example_external_task_marker_parent
[2025-02-11T14:58:51.972+0000] {logging_mixin.py:190} INFO - [2025-02-11T14:58:51.971+0000] {override.py:1911} INFO - Created Permission View: can read on DAG:example_external_task_marker_parent
[2025-02-11T14:58:52.005+0000] {logging_mixin.py:190} INFO - [2025-02-11T14:58:52.004+0000] {override.py:1911} INFO - Created Permission View: can delete on DAG:example_external_task_marker_parent
[2025-02-11T14:58:52.039+0000] {logging_mixin.py:190} INFO - [2025-02-11T14:58:52.038+0000] {override.py:1911} INFO - Created Permission View: can create on DAG Run:example_external_task_marker_parent
[2025-02-11T14:58:52.075+0000] {logging_mixin.py:190} INFO - [2025-02-11T14:58:52.075+0000] {override.py:1911} INFO - Created Permission View: menu access on DAG Run:example_external_task_marker_parent
[2025-02-11T14:58:52.103+0000] {logging_mixin.py:190} INFO - [2025-02-11T14:58:52.102+0000] {override.py:1911} INFO - Created Permission View: can read on DAG Run:example_external_task_marker_parent
[2025-02-11T14:58:52.128+0000] {logging_mixin.py:190} INFO - [2025-02-11T14:58:52.128+0000] {override.py:1911} INFO - Created Permission View: can delete on DAG Run:example_external_task_marker_parent
[2025-02-11T14:58:52.132+0000] {logging_mixin.py:190} INFO - [2025-02-11T14:58:52.131+0000] {dag.py:3239} INFO - Sync 2 DAGs
[2025-02-11T14:58:52.170+0000] {logging_mixin.py:190} INFO - [2025-02-11T14:58:52.169+0000] {dag.py:3262} INFO - Creating ORM DAG for example_external_task_marker_parent
[2025-02-11T14:58:52.173+0000] {logging_mixin.py:190} INFO - [2025-02-11T14:58:52.173+0000] {dag.py:3262} INFO - Creating ORM DAG for example_external_task_marker_child
[2025-02-11T14:58:52.178+0000] {logging_mixin.py:190} INFO - [2025-02-11T14:58:52.178+0000] {dag.py:4180} INFO - Setting next_dagrun for example_external_task_marker_child to None, run_after=None
[2025-02-11T14:58:52.182+0000] {logging_mixin.py:190} INFO - [2025-02-11T14:58:52.181+0000] {dag.py:4180} INFO - Setting next_dagrun for example_external_task_marker_parent to None, run_after=None
[2025-02-11T14:58:52.243+0000] {processor.py:208} INFO - Processing /home/airflow/.local/lib/python3.12/site-packages/airflow/example_dags/example_external_task_marker_dag.py took 1.096 seconds
[2025-02-11T14:59:22.722+0000] {processor.py:186} INFO - Started process (PID=169) to work on /home/airflow/.local/lib/python3.12/site-packages/airflow/example_dags/example_external_task_marker_dag.py
[2025-02-11T14:59:22.740+0000] {processor.py:914} INFO - Processing file /home/airflow/.local/lib/python3.12/site-packages/airflow/example_dags/example_external_task_marker_dag.py for tasks to queue
[2025-02-11T14:59:22.765+0000] {logging_mixin.py:190} INFO - [2025-02-11T14:59:22.764+0000] {dagbag.py:588} INFO - Filling up the DagBag from /home/airflow/.local/lib/python3.12/site-packages/airflow/example_dags/example_external_task_marker_dag.py
[2025-02-11T14:59:22.809+0000] {processor.py:925} INFO - DAG(s) 'example_external_task_marker_child', 'example_external_task_marker_parent' retrieved from /home/airflow/.local/lib/python3.12/site-packages/airflow/example_dags/example_external_task_marker_dag.py
[2025-02-11T14:59:22.896+0000] {logging_mixin.py:190} INFO - [2025-02-11T14:59:22.895+0000] {dag.py:3239} INFO - Sync 2 DAGs
[2025-02-11T14:59:22.945+0000] {logging_mixin.py:190} INFO - [2025-02-11T14:59:22.945+0000] {dag.py:4180} INFO - Setting next_dagrun for example_external_task_marker_child to None, run_after=None
[2025-02-11T14:59:22.977+0000] {logging_mixin.py:190} INFO - [2025-02-11T14:59:22.977+0000] {dag.py:4180} INFO - Setting next_dagrun for example_external_task_marker_parent to None, run_after=None
[2025-02-11T14:59:23.055+0000] {processor.py:208} INFO - Processing /home/airflow/.local/lib/python3.12/site-packages/airflow/example_dags/example_external_task_marker_dag.py took 0.354 seconds
[2025-02-11T14:59:53.685+0000] {processor.py:186} INFO - Started process (PID=232) to work on /home/airflow/.local/lib/python3.12/site-packages/airflow/example_dags/example_external_task_marker_dag.py
[2025-02-11T14:59:53.691+0000] {processor.py:914} INFO - Processing file /home/airflow/.local/lib/python3.12/site-packages/airflow/example_dags/example_external_task_marker_dag.py for tasks to queue
[2025-02-11T14:59:53.705+0000] {logging_mixin.py:190} INFO - [2025-02-11T14:59:53.703+0000] {dagbag.py:588} INFO - Filling up the DagBag from /home/airflow/.local/lib/python3.12/site-packages/airflow/example_dags/example_external_task_marker_dag.py
[2025-02-11T14:59:53.810+0000] {processor.py:925} INFO - DAG(s) 'example_external_task_marker_parent', 'example_external_task_marker_child' retrieved from /home/airflow/.local/lib/python3.12/site-packages/airflow/example_dags/example_external_task_marker_dag.py
[2025-02-11T14:59:53.976+0000] {logging_mixin.py:190} INFO - [2025-02-11T14:59:53.975+0000] {dag.py:3239} INFO - Sync 2 DAGs
[2025-02-11T14:59:54.060+0000] {logging_mixin.py:190} INFO - [2025-02-11T14:59:54.057+0000] {dag.py:4180} INFO - Setting next_dagrun for example_external_task_marker_child to None, run_after=None
[2025-02-11T14:59:54.091+0000] {logging_mixin.py:190} INFO - [2025-02-11T14:59:54.091+0000] {dag.py:4180} INFO - Setting next_dagrun for example_external_task_marker_parent to None, run_after=None
[2025-02-11T14:59:54.193+0000] {processor.py:208} INFO - Processing /home/airflow/.local/lib/python3.12/site-packages/airflow/example_dags/example_external_task_marker_dag.py took 0.537 seconds
[2025-02-11T15:00:24.673+0000] {processor.py:186} INFO - Started process (PID=295) to work on /home/airflow/.local/lib/python3.12/site-packages/airflow/example_dags/example_external_task_marker_dag.py
[2025-02-11T15:00:24.679+0000] {processor.py:914} INFO - Processing file /home/airflow/.local/lib/python3.12/site-packages/airflow/example_dags/example_external_task_marker_dag.py for tasks to queue
[2025-02-11T15:00:24.687+0000] {logging_mixin.py:190} INFO - [2025-02-11T15:00:24.686+0000] {dagbag.py:588} INFO - Filling up the DagBag from /home/airflow/.local/lib/python3.12/site-packages/airflow/example_dags/example_external_task_marker_dag.py
[2025-02-11T15:00:24.713+0000] {processor.py:925} INFO - DAG(s) 'example_external_task_marker_parent', 'example_external_task_marker_child' retrieved from /home/airflow/.local/lib/python3.12/site-packages/airflow/example_dags/example_external_task_marker_dag.py
[2025-02-11T15:00:24.792+0000] {logging_mixin.py:190} INFO - [2025-02-11T15:00:24.791+0000] {dag.py:3239} INFO - Sync 2 DAGs
[2025-02-11T15:00:24.841+0000] {logging_mixin.py:190} INFO - [2025-02-11T15:00:24.841+0000] {dag.py:4180} INFO - Setting next_dagrun for example_external_task_marker_child to None, run_after=None
[2025-02-11T15:00:24.856+0000] {logging_mixin.py:190} INFO - [2025-02-11T15:00:24.855+0000] {dag.py:4180} INFO - Setting next_dagrun for example_external_task_marker_parent to None, run_after=None
[2025-02-11T15:00:24.904+0000] {processor.py:208} INFO - Processing /home/airflow/.local/lib/python3.12/site-packages/airflow/example_dags/example_external_task_marker_dag.py took 0.246 seconds
[2025-02-11T15:00:55.747+0000] {processor.py:186} INFO - Started process (PID=358) to work on /home/airflow/.local/lib/python3.12/site-packages/airflow/example_dags/example_external_task_marker_dag.py
[2025-02-11T15:00:55.750+0000] {processor.py:914} INFO - Processing file /home/airflow/.local/lib/python3.12/site-packages/airflow/example_dags/example_external_task_marker_dag.py for tasks to queue
[2025-02-11T15:00:55.758+0000] {logging_mixin.py:190} INFO - [2025-02-11T15:00:55.757+0000] {dagbag.py:588} INFO - Filling up the DagBag from /home/airflow/.local/lib/python3.12/site-packages/airflow/example_dags/example_external_task_marker_dag.py
[2025-02-11T15:00:55.780+0000] {processor.py:925} INFO - DAG(s) 'example_external_task_marker_child', 'example_external_task_marker_parent' retrieved from /home/airflow/.local/lib/python3.12/site-packages/airflow/example_dags/example_external_task_marker_dag.py
[2025-02-11T15:00:55.843+0000] {logging_mixin.py:190} INFO - [2025-02-11T15:00:55.843+0000] {dag.py:3239} INFO - Sync 2 DAGs
[2025-02-11T15:00:55.892+0000] {logging_mixin.py:190} INFO - [2025-02-11T15:00:55.892+0000] {dag.py:4180} INFO - Setting next_dagrun for example_external_task_marker_child to None, run_after=None
[2025-02-11T15:00:55.905+0000] {logging_mixin.py:190} INFO - [2025-02-11T15:00:55.904+0000] {dag.py:4180} INFO - Setting next_dagrun for example_external_task_marker_parent to None, run_after=None
[2025-02-11T15:00:55.961+0000] {processor.py:208} INFO - Processing /home/airflow/.local/lib/python3.12/site-packages/airflow/example_dags/example_external_task_marker_dag.py took 0.229 seconds
[2025-02-11T15:01:26.086+0000] {processor.py:186} INFO - Started process (PID=421) to work on /home/airflow/.local/lib/python3.12/site-packages/airflow/example_dags/example_external_task_marker_dag.py
[2025-02-11T15:01:26.091+0000] {processor.py:914} INFO - Processing file /home/airflow/.local/lib/python3.12/site-packages/airflow/example_dags/example_external_task_marker_dag.py for tasks to queue
[2025-02-11T15:01:26.102+0000] {logging_mixin.py:190} INFO - [2025-02-11T15:01:26.099+0000] {dagbag.py:588} INFO - Filling up the DagBag from /home/airflow/.local/lib/python3.12/site-packages/airflow/example_dags/example_external_task_marker_dag.py
[2025-02-11T15:01:26.134+0000] {processor.py:925} INFO - DAG(s) 'example_external_task_marker_child', 'example_external_task_marker_parent' retrieved from /home/airflow/.local/lib/python3.12/site-packages/airflow/example_dags/example_external_task_marker_dag.py
[2025-02-11T15:01:26.292+0000] {logging_mixin.py:190} INFO - [2025-02-11T15:01:26.292+0000] {dag.py:3239} INFO - Sync 2 DAGs
[2025-02-11T15:01:26.410+0000] {logging_mixin.py:190} INFO - [2025-02-11T15:01:26.410+0000] {dag.py:4180} INFO - Setting next_dagrun for example_external_task_marker_child to None, run_after=None
[2025-02-11T15:01:26.426+0000] {logging_mixin.py:190} INFO - [2025-02-11T15:01:26.425+0000] {dag.py:4180} INFO - Setting next_dagrun for example_external_task_marker_parent to None, run_after=None
[2025-02-11T15:01:26.497+0000] {processor.py:208} INFO - Processing /home/airflow/.local/lib/python3.12/site-packages/airflow/example_dags/example_external_task_marker_dag.py took 0.431 seconds
[2025-02-11T15:01:59.599+0000] {processor.py:186} INFO - Started process (PID=485) to work on /home/airflow/.local/lib/python3.12/site-packages/airflow/example_dags/example_external_task_marker_dag.py
[2025-02-11T15:01:59.609+0000] {processor.py:914} INFO - Processing file /home/airflow/.local/lib/python3.12/site-packages/airflow/example_dags/example_external_task_marker_dag.py for tasks to queue
[2025-02-11T15:01:59.632+0000] {logging_mixin.py:190} INFO - [2025-02-11T15:01:59.631+0000] {dagbag.py:588} INFO - Filling up the DagBag from /home/airflow/.local/lib/python3.12/site-packages/airflow/example_dags/example_external_task_marker_dag.py
[2025-02-11T15:01:59.727+0000] {processor.py:925} INFO - DAG(s) 'example_external_task_marker_child', 'example_external_task_marker_parent' retrieved from /home/airflow/.local/lib/python3.12/site-packages/airflow/example_dags/example_external_task_marker_dag.py
[2025-02-11T15:01:59.949+0000] {logging_mixin.py:190} INFO - [2025-02-11T15:01:59.948+0000] {dag.py:3239} INFO - Sync 2 DAGs
[2025-02-11T15:01:59.997+0000] {logging_mixin.py:190} INFO - [2025-02-11T15:01:59.996+0000] {dag.py:4180} INFO - Setting next_dagrun for example_external_task_marker_child to None, run_after=None
[2025-02-11T15:02:00.023+0000] {logging_mixin.py:190} INFO - [2025-02-11T15:02:00.022+0000] {dag.py:4180} INFO - Setting next_dagrun for example_external_task_marker_parent to None, run_after=None
[2025-02-11T15:02:00.159+0000] {processor.py:208} INFO - Processing /home/airflow/.local/lib/python3.12/site-packages/airflow/example_dags/example_external_task_marker_dag.py took 0.654 seconds
[2025-02-11T15:02:52.719+0000] {processor.py:186} INFO - Started process (PID=567) to work on /home/airflow/.local/lib/python3.12/site-packages/airflow/example_dags/example_external_task_marker_dag.py
[2025-02-11T15:02:52.734+0000] {processor.py:914} INFO - Processing file /home/airflow/.local/lib/python3.12/site-packages/airflow/example_dags/example_external_task_marker_dag.py for tasks to queue
[2025-02-11T15:02:52.755+0000] {logging_mixin.py:190} INFO - [2025-02-11T15:02:52.754+0000] {dagbag.py:588} INFO - Filling up the DagBag from /home/airflow/.local/lib/python3.12/site-packages/airflow/example_dags/example_external_task_marker_dag.py
[2025-02-11T15:02:52.807+0000] {processor.py:925} INFO - DAG(s) 'example_external_task_marker_child', 'example_external_task_marker_parent' retrieved from /home/airflow/.local/lib/python3.12/site-packages/airflow/example_dags/example_external_task_marker_dag.py
[2025-02-11T15:02:52.902+0000] {logging_mixin.py:190} INFO - [2025-02-11T15:02:52.902+0000] {dag.py:3239} INFO - Sync 2 DAGs
[2025-02-11T15:02:52.952+0000] {logging_mixin.py:190} INFO - [2025-02-11T15:02:52.951+0000] {dag.py:4180} INFO - Setting next_dagrun for example_external_task_marker_child to None, run_after=None
[2025-02-11T15:02:52.965+0000] {logging_mixin.py:190} INFO - [2025-02-11T15:02:52.965+0000] {dag.py:4180} INFO - Setting next_dagrun for example_external_task_marker_parent to None, run_after=None
[2025-02-11T15:02:53.081+0000] {processor.py:208} INFO - Processing /home/airflow/.local/lib/python3.12/site-packages/airflow/example_dags/example_external_task_marker_dag.py took 0.383 seconds
