[2025-02-11T14:58:23.021+0000] {processor.py:186} INFO - Started process (PID=68) to work on /home/airflow/.local/lib/python3.12/site-packages/airflow/example_dags/example_trigger_target_dag.py
[2025-02-11T14:58:23.025+0000] {processor.py:914} INFO - Processing file /home/airflow/.local/lib/python3.12/site-packages/airflow/example_dags/example_trigger_target_dag.py for tasks to queue
[2025-02-11T14:58:23.032+0000] {logging_mixin.py:190} INFO - [2025-02-11T14:58:23.031+0000] {dagbag.py:588} INFO - Filling up the DagBag from /home/airflow/.local/lib/python3.12/site-packages/airflow/example_dags/example_trigger_target_dag.py
[2025-02-11T14:58:23.060+0000] {processor.py:925} INFO - DAG(s) 'example_trigger_target_dag' retrieved from /home/airflow/.local/lib/python3.12/site-packages/airflow/example_dags/example_trigger_target_dag.py
[2025-02-11T14:58:23.686+0000] {logging_mixin.py:190} INFO - [2025-02-11T14:58:23.684+0000] {override.py:1911} INFO - Created Permission View: can edit on DAG:example_trigger_target_dag
[2025-02-11T14:58:23.738+0000] {logging_mixin.py:190} INFO - [2025-02-11T14:58:23.737+0000] {override.py:1911} INFO - Created Permission View: can read on DAG:example_trigger_target_dag
[2025-02-11T14:58:23.777+0000] {logging_mixin.py:190} INFO - [2025-02-11T14:58:23.776+0000] {override.py:1911} INFO - Created Permission View: can delete on DAG:example_trigger_target_dag
[2025-02-11T14:58:23.817+0000] {logging_mixin.py:190} INFO - [2025-02-11T14:58:23.816+0000] {override.py:1911} INFO - Created Permission View: can create on DAG Run:example_trigger_target_dag
[2025-02-11T14:58:23.849+0000] {logging_mixin.py:190} INFO - [2025-02-11T14:58:23.848+0000] {override.py:1911} INFO - Created Permission View: menu access on DAG Run:example_trigger_target_dag
[2025-02-11T14:58:23.877+0000] {logging_mixin.py:190} INFO - [2025-02-11T14:58:23.876+0000] {override.py:1911} INFO - Created Permission View: can read on DAG Run:example_trigger_target_dag
[2025-02-11T14:58:23.913+0000] {logging_mixin.py:190} INFO - [2025-02-11T14:58:23.913+0000] {override.py:1911} INFO - Created Permission View: can delete on DAG Run:example_trigger_target_dag
[2025-02-11T14:58:23.919+0000] {logging_mixin.py:190} INFO - [2025-02-11T14:58:23.918+0000] {dag.py:3239} INFO - Sync 1 DAGs
[2025-02-11T14:58:23.976+0000] {logging_mixin.py:190} INFO - [2025-02-11T14:58:23.976+0000] {dag.py:3262} INFO - Creating ORM DAG for example_trigger_target_dag
[2025-02-11T14:58:23.982+0000] {logging_mixin.py:190} INFO - [2025-02-11T14:58:23.981+0000] {dag.py:4180} INFO - Setting next_dagrun for example_trigger_target_dag to None, run_after=None
[2025-02-11T14:58:24.057+0000] {processor.py:208} INFO - Processing /home/airflow/.local/lib/python3.12/site-packages/airflow/example_dags/example_trigger_target_dag.py took 1.065 seconds
[2025-02-11T14:59:03.137+0000] {processor.py:186} INFO - Started process (PID=132) to work on /home/airflow/.local/lib/python3.12/site-packages/airflow/example_dags/example_trigger_target_dag.py
[2025-02-11T14:59:03.141+0000] {processor.py:914} INFO - Processing file /home/airflow/.local/lib/python3.12/site-packages/airflow/example_dags/example_trigger_target_dag.py for tasks to queue
[2025-02-11T14:59:03.150+0000] {logging_mixin.py:190} INFO - [2025-02-11T14:59:03.149+0000] {dagbag.py:588} INFO - Filling up the DagBag from /home/airflow/.local/lib/python3.12/site-packages/airflow/example_dags/example_trigger_target_dag.py
[2025-02-11T14:59:03.177+0000] {processor.py:925} INFO - DAG(s) 'example_trigger_target_dag' retrieved from /home/airflow/.local/lib/python3.12/site-packages/airflow/example_dags/example_trigger_target_dag.py
[2025-02-11T14:59:03.231+0000] {logging_mixin.py:190} INFO - [2025-02-11T14:59:03.231+0000] {dag.py:3239} INFO - Sync 1 DAGs
[2025-02-11T14:59:03.277+0000] {logging_mixin.py:190} INFO - [2025-02-11T14:59:03.276+0000] {dag.py:4180} INFO - Setting next_dagrun for example_trigger_target_dag to None, run_after=None
[2025-02-11T14:59:03.341+0000] {processor.py:208} INFO - Processing /home/airflow/.local/lib/python3.12/site-packages/airflow/example_dags/example_trigger_target_dag.py took 0.223 seconds
[2025-02-11T14:59:35.574+0000] {processor.py:186} INFO - Started process (PID=195) to work on /home/airflow/.local/lib/python3.12/site-packages/airflow/example_dags/example_trigger_target_dag.py
[2025-02-11T14:59:35.578+0000] {processor.py:914} INFO - Processing file /home/airflow/.local/lib/python3.12/site-packages/airflow/example_dags/example_trigger_target_dag.py for tasks to queue
[2025-02-11T14:59:35.584+0000] {logging_mixin.py:190} INFO - [2025-02-11T14:59:35.583+0000] {dagbag.py:588} INFO - Filling up the DagBag from /home/airflow/.local/lib/python3.12/site-packages/airflow/example_dags/example_trigger_target_dag.py
[2025-02-11T14:59:35.601+0000] {processor.py:925} INFO - DAG(s) 'example_trigger_target_dag' retrieved from /home/airflow/.local/lib/python3.12/site-packages/airflow/example_dags/example_trigger_target_dag.py
[2025-02-11T14:59:35.648+0000] {logging_mixin.py:190} INFO - [2025-02-11T14:59:35.648+0000] {dag.py:3239} INFO - Sync 1 DAGs
[2025-02-11T14:59:35.680+0000] {logging_mixin.py:190} INFO - [2025-02-11T14:59:35.680+0000] {dag.py:4180} INFO - Setting next_dagrun for example_trigger_target_dag to None, run_after=None
[2025-02-11T14:59:35.719+0000] {processor.py:208} INFO - Processing /home/airflow/.local/lib/python3.12/site-packages/airflow/example_dags/example_trigger_target_dag.py took 0.162 seconds
[2025-02-11T15:00:10.656+0000] {processor.py:186} INFO - Started process (PID=259) to work on /home/airflow/.local/lib/python3.12/site-packages/airflow/example_dags/example_trigger_target_dag.py
[2025-02-11T15:00:10.734+0000] {processor.py:914} INFO - Processing file /home/airflow/.local/lib/python3.12/site-packages/airflow/example_dags/example_trigger_target_dag.py for tasks to queue
[2025-02-11T15:00:10.791+0000] {logging_mixin.py:190} INFO - [2025-02-11T15:00:10.787+0000] {dagbag.py:588} INFO - Filling up the DagBag from /home/airflow/.local/lib/python3.12/site-packages/airflow/example_dags/example_trigger_target_dag.py
[2025-02-11T15:00:10.860+0000] {processor.py:925} INFO - DAG(s) 'example_trigger_target_dag' retrieved from /home/airflow/.local/lib/python3.12/site-packages/airflow/example_dags/example_trigger_target_dag.py
[2025-02-11T15:00:10.942+0000] {logging_mixin.py:190} INFO - [2025-02-11T15:00:10.942+0000] {dag.py:3239} INFO - Sync 1 DAGs
[2025-02-11T15:00:10.987+0000] {logging_mixin.py:190} INFO - [2025-02-11T15:00:10.986+0000] {dag.py:4180} INFO - Setting next_dagrun for example_trigger_target_dag to None, run_after=None
[2025-02-11T15:00:11.045+0000] {processor.py:208} INFO - Processing /home/airflow/.local/lib/python3.12/site-packages/airflow/example_dags/example_trigger_target_dag.py took 0.435 seconds
[2025-02-11T15:00:43.212+0000] {processor.py:186} INFO - Started process (PID=322) to work on /home/airflow/.local/lib/python3.12/site-packages/airflow/example_dags/example_trigger_target_dag.py
[2025-02-11T15:00:43.216+0000] {processor.py:914} INFO - Processing file /home/airflow/.local/lib/python3.12/site-packages/airflow/example_dags/example_trigger_target_dag.py for tasks to queue
[2025-02-11T15:00:43.223+0000] {logging_mixin.py:190} INFO - [2025-02-11T15:00:43.222+0000] {dagbag.py:588} INFO - Filling up the DagBag from /home/airflow/.local/lib/python3.12/site-packages/airflow/example_dags/example_trigger_target_dag.py
[2025-02-11T15:00:43.245+0000] {processor.py:925} INFO - DAG(s) 'example_trigger_target_dag' retrieved from /home/airflow/.local/lib/python3.12/site-packages/airflow/example_dags/example_trigger_target_dag.py
[2025-02-11T15:00:43.296+0000] {logging_mixin.py:190} INFO - [2025-02-11T15:00:43.295+0000] {dag.py:3239} INFO - Sync 1 DAGs
[2025-02-11T15:00:43.307+0000] {logging_mixin.py:190} INFO - [2025-02-11T15:00:43.307+0000] {dag.py:4180} INFO - Setting next_dagrun for example_trigger_target_dag to None, run_after=None
[2025-02-11T15:00:43.371+0000] {processor.py:208} INFO - Processing /home/airflow/.local/lib/python3.12/site-packages/airflow/example_dags/example_trigger_target_dag.py took 0.206 seconds
[2025-02-11T15:01:13.506+0000] {processor.py:186} INFO - Started process (PID=384) to work on /home/airflow/.local/lib/python3.12/site-packages/airflow/example_dags/example_trigger_target_dag.py
[2025-02-11T15:01:13.512+0000] {processor.py:914} INFO - Processing file /home/airflow/.local/lib/python3.12/site-packages/airflow/example_dags/example_trigger_target_dag.py for tasks to queue
[2025-02-11T15:01:13.528+0000] {logging_mixin.py:190} INFO - [2025-02-11T15:01:13.526+0000] {dagbag.py:588} INFO - Filling up the DagBag from /home/airflow/.local/lib/python3.12/site-packages/airflow/example_dags/example_trigger_target_dag.py
[2025-02-11T15:01:13.554+0000] {processor.py:925} INFO - DAG(s) 'example_trigger_target_dag' retrieved from /home/airflow/.local/lib/python3.12/site-packages/airflow/example_dags/example_trigger_target_dag.py
[2025-02-11T15:01:13.613+0000] {logging_mixin.py:190} INFO - [2025-02-11T15:01:13.613+0000] {dag.py:3239} INFO - Sync 1 DAGs
[2025-02-11T15:01:13.657+0000] {logging_mixin.py:190} INFO - [2025-02-11T15:01:13.656+0000] {dag.py:4180} INFO - Setting next_dagrun for example_trigger_target_dag to None, run_after=None
[2025-02-11T15:01:13.715+0000] {processor.py:208} INFO - Processing /home/airflow/.local/lib/python3.12/site-packages/airflow/example_dags/example_trigger_target_dag.py took 0.224 seconds
[2025-02-11T15:01:43.836+0000] {processor.py:186} INFO - Started process (PID=447) to work on /home/airflow/.local/lib/python3.12/site-packages/airflow/example_dags/example_trigger_target_dag.py
[2025-02-11T15:01:43.844+0000] {processor.py:914} INFO - Processing file /home/airflow/.local/lib/python3.12/site-packages/airflow/example_dags/example_trigger_target_dag.py for tasks to queue
[2025-02-11T15:01:43.863+0000] {logging_mixin.py:190} INFO - [2025-02-11T15:01:43.862+0000] {dagbag.py:588} INFO - Filling up the DagBag from /home/airflow/.local/lib/python3.12/site-packages/airflow/example_dags/example_trigger_target_dag.py
[2025-02-11T15:01:43.927+0000] {processor.py:925} INFO - DAG(s) 'example_trigger_target_dag' retrieved from /home/airflow/.local/lib/python3.12/site-packages/airflow/example_dags/example_trigger_target_dag.py
[2025-02-11T15:01:44.011+0000] {logging_mixin.py:190} INFO - [2025-02-11T15:01:44.010+0000] {dag.py:3239} INFO - Sync 1 DAGs
[2025-02-11T15:01:44.127+0000] {logging_mixin.py:190} INFO - [2025-02-11T15:01:44.126+0000] {dag.py:4180} INFO - Setting next_dagrun for example_trigger_target_dag to None, run_after=None
[2025-02-11T15:01:44.227+0000] {processor.py:208} INFO - Processing /home/airflow/.local/lib/python3.12/site-packages/airflow/example_dags/example_trigger_target_dag.py took 0.421 seconds
[2025-02-11T15:02:19.617+0000] {processor.py:186} INFO - Started process (PID=511) to work on /home/airflow/.local/lib/python3.12/site-packages/airflow/example_dags/example_trigger_target_dag.py
[2025-02-11T15:02:19.650+0000] {processor.py:914} INFO - Processing file /home/airflow/.local/lib/python3.12/site-packages/airflow/example_dags/example_trigger_target_dag.py for tasks to queue
[2025-02-11T15:02:19.786+0000] {logging_mixin.py:190} INFO - [2025-02-11T15:02:19.773+0000] {dagbag.py:588} INFO - Filling up the DagBag from /home/airflow/.local/lib/python3.12/site-packages/airflow/example_dags/example_trigger_target_dag.py
[2025-02-11T15:02:19.820+0000] {processor.py:925} INFO - DAG(s) 'example_trigger_target_dag' retrieved from /home/airflow/.local/lib/python3.12/site-packages/airflow/example_dags/example_trigger_target_dag.py
[2025-02-11T15:02:19.890+0000] {logging_mixin.py:190} INFO - [2025-02-11T15:02:19.889+0000] {dag.py:3239} INFO - Sync 1 DAGs
[2025-02-11T15:02:20.079+0000] {logging_mixin.py:190} INFO - [2025-02-11T15:02:20.075+0000] {dag.py:4180} INFO - Setting next_dagrun for example_trigger_target_dag to None, run_after=None
[2025-02-11T15:02:20.437+0000] {processor.py:208} INFO - Processing /home/airflow/.local/lib/python3.12/site-packages/airflow/example_dags/example_trigger_target_dag.py took 0.930 seconds
[2025-02-11T15:02:58.682+0000] {processor.py:186} INFO - Started process (PID=583) to work on /home/airflow/.local/lib/python3.12/site-packages/airflow/example_dags/example_trigger_target_dag.py
[2025-02-11T15:02:58.688+0000] {processor.py:914} INFO - Processing file /home/airflow/.local/lib/python3.12/site-packages/airflow/example_dags/example_trigger_target_dag.py for tasks to queue
[2025-02-11T15:02:58.700+0000] {logging_mixin.py:190} INFO - [2025-02-11T15:02:58.699+0000] {dagbag.py:588} INFO - Filling up the DagBag from /home/airflow/.local/lib/python3.12/site-packages/airflow/example_dags/example_trigger_target_dag.py
[2025-02-11T15:02:58.753+0000] {processor.py:925} INFO - DAG(s) 'example_trigger_target_dag' retrieved from /home/airflow/.local/lib/python3.12/site-packages/airflow/example_dags/example_trigger_target_dag.py
[2025-02-11T15:02:58.833+0000] {logging_mixin.py:190} INFO - [2025-02-11T15:02:58.833+0000] {dag.py:3239} INFO - Sync 1 DAGs
[2025-02-11T15:02:58.875+0000] {logging_mixin.py:190} INFO - [2025-02-11T15:02:58.874+0000] {dag.py:4180} INFO - Setting next_dagrun for example_trigger_target_dag to None, run_after=None
[2025-02-11T15:02:58.949+0000] {processor.py:208} INFO - Processing /home/airflow/.local/lib/python3.12/site-packages/airflow/example_dags/example_trigger_target_dag.py took 0.301 seconds
