[2025-02-11T14:58:27.536+0000] {processor.py:186} INFO - Started process (PID=75) to work on /home/airflow/.local/lib/python3.12/site-packages/airflow/example_dags/example_complex.py
[2025-02-11T14:58:27.541+0000] {processor.py:914} INFO - Processing file /home/airflow/.local/lib/python3.12/site-packages/airflow/example_dags/example_complex.py for tasks to queue
[2025-02-11T14:58:27.561+0000] {logging_mixin.py:190} INFO - [2025-02-11T14:58:27.558+0000] {dagbag.py:588} INFO - Filling up the DagBag from /home/airflow/.local/lib/python3.12/site-packages/airflow/example_dags/example_complex.py
[2025-02-11T14:58:27.604+0000] {processor.py:925} INFO - DAG(s) 'example_complex' retrieved from /home/airflow/.local/lib/python3.12/site-packages/airflow/example_dags/example_complex.py
[2025-02-11T14:58:27.925+0000] {logging_mixin.py:190} INFO - [2025-02-11T14:58:27.924+0000] {override.py:1911} INFO - Created Permission View: can edit on DAG:example_complex
[2025-02-11T14:58:27.954+0000] {logging_mixin.py:190} INFO - [2025-02-11T14:58:27.954+0000] {override.py:1911} INFO - Created Permission View: can read on DAG:example_complex
[2025-02-11T14:58:27.974+0000] {logging_mixin.py:190} INFO - [2025-02-11T14:58:27.973+0000] {override.py:1911} INFO - Created Permission View: can delete on DAG:example_complex
[2025-02-11T14:58:27.994+0000] {logging_mixin.py:190} INFO - [2025-02-11T14:58:27.994+0000] {override.py:1911} INFO - Created Permission View: can create on DAG Run:example_complex
[2025-02-11T14:58:28.012+0000] {logging_mixin.py:190} INFO - [2025-02-11T14:58:28.011+0000] {override.py:1911} INFO - Created Permission View: menu access on DAG Run:example_complex
[2025-02-11T14:58:28.035+0000] {logging_mixin.py:190} INFO - [2025-02-11T14:58:28.035+0000] {override.py:1911} INFO - Created Permission View: can read on DAG Run:example_complex
[2025-02-11T14:58:28.052+0000] {logging_mixin.py:190} INFO - [2025-02-11T14:58:28.052+0000] {override.py:1911} INFO - Created Permission View: can delete on DAG Run:example_complex
[2025-02-11T14:58:28.055+0000] {logging_mixin.py:190} INFO - [2025-02-11T14:58:28.055+0000] {dag.py:3239} INFO - Sync 1 DAGs
[2025-02-11T14:58:28.102+0000] {logging_mixin.py:190} INFO - [2025-02-11T14:58:28.101+0000] {dag.py:3262} INFO - Creating ORM DAG for example_complex
[2025-02-11T14:58:28.106+0000] {logging_mixin.py:190} INFO - [2025-02-11T14:58:28.105+0000] {dag.py:4180} INFO - Setting next_dagrun for example_complex to None, run_after=None
[2025-02-11T14:58:28.161+0000] {processor.py:208} INFO - Processing /home/airflow/.local/lib/python3.12/site-packages/airflow/example_dags/example_complex.py took 0.642 seconds
[2025-02-11T14:59:05.087+0000] {processor.py:186} INFO - Started process (PID=139) to work on /home/airflow/.local/lib/python3.12/site-packages/airflow/example_dags/example_complex.py
[2025-02-11T14:59:05.090+0000] {processor.py:914} INFO - Processing file /home/airflow/.local/lib/python3.12/site-packages/airflow/example_dags/example_complex.py for tasks to queue
[2025-02-11T14:59:05.098+0000] {logging_mixin.py:190} INFO - [2025-02-11T14:59:05.097+0000] {dagbag.py:588} INFO - Filling up the DagBag from /home/airflow/.local/lib/python3.12/site-packages/airflow/example_dags/example_complex.py
[2025-02-11T14:59:05.134+0000] {processor.py:925} INFO - DAG(s) 'example_complex' retrieved from /home/airflow/.local/lib/python3.12/site-packages/airflow/example_dags/example_complex.py
[2025-02-11T14:59:05.246+0000] {logging_mixin.py:190} INFO - [2025-02-11T14:59:05.245+0000] {dag.py:3239} INFO - Sync 1 DAGs
[2025-02-11T14:59:05.291+0000] {logging_mixin.py:190} INFO - [2025-02-11T14:59:05.291+0000] {dag.py:4180} INFO - Setting next_dagrun for example_complex to None, run_after=None
[2025-02-11T14:59:05.404+0000] {processor.py:208} INFO - Processing /home/airflow/.local/lib/python3.12/site-packages/airflow/example_dags/example_complex.py took 0.333 seconds
[2025-02-11T14:59:36.942+0000] {processor.py:186} INFO - Started process (PID=202) to work on /home/airflow/.local/lib/python3.12/site-packages/airflow/example_dags/example_complex.py
[2025-02-11T14:59:36.946+0000] {processor.py:914} INFO - Processing file /home/airflow/.local/lib/python3.12/site-packages/airflow/example_dags/example_complex.py for tasks to queue
[2025-02-11T14:59:36.953+0000] {logging_mixin.py:190} INFO - [2025-02-11T14:59:36.952+0000] {dagbag.py:588} INFO - Filling up the DagBag from /home/airflow/.local/lib/python3.12/site-packages/airflow/example_dags/example_complex.py
[2025-02-11T14:59:36.990+0000] {processor.py:925} INFO - DAG(s) 'example_complex' retrieved from /home/airflow/.local/lib/python3.12/site-packages/airflow/example_dags/example_complex.py
[2025-02-11T14:59:37.100+0000] {logging_mixin.py:190} INFO - [2025-02-11T14:59:37.099+0000] {dag.py:3239} INFO - Sync 1 DAGs
[2025-02-11T14:59:37.143+0000] {logging_mixin.py:190} INFO - [2025-02-11T14:59:37.143+0000] {dag.py:4180} INFO - Setting next_dagrun for example_complex to None, run_after=None
[2025-02-11T14:59:37.204+0000] {processor.py:208} INFO - Processing /home/airflow/.local/lib/python3.12/site-packages/airflow/example_dags/example_complex.py took 0.277 seconds
[2025-02-11T15:00:12.581+0000] {processor.py:186} INFO - Started process (PID=266) to work on /home/airflow/.local/lib/python3.12/site-packages/airflow/example_dags/example_complex.py
[2025-02-11T15:00:12.585+0000] {processor.py:914} INFO - Processing file /home/airflow/.local/lib/python3.12/site-packages/airflow/example_dags/example_complex.py for tasks to queue
[2025-02-11T15:00:12.596+0000] {logging_mixin.py:190} INFO - [2025-02-11T15:00:12.594+0000] {dagbag.py:588} INFO - Filling up the DagBag from /home/airflow/.local/lib/python3.12/site-packages/airflow/example_dags/example_complex.py
[2025-02-11T15:00:12.643+0000] {processor.py:925} INFO - DAG(s) 'example_complex' retrieved from /home/airflow/.local/lib/python3.12/site-packages/airflow/example_dags/example_complex.py
[2025-02-11T15:00:12.805+0000] {logging_mixin.py:190} INFO - [2025-02-11T15:00:12.804+0000] {dag.py:3239} INFO - Sync 1 DAGs
[2025-02-11T15:00:12.874+0000] {logging_mixin.py:190} INFO - [2025-02-11T15:00:12.872+0000] {dag.py:4180} INFO - Setting next_dagrun for example_complex to None, run_after=None
[2025-02-11T15:00:12.954+0000] {processor.py:208} INFO - Processing /home/airflow/.local/lib/python3.12/site-packages/airflow/example_dags/example_complex.py took 0.391 seconds
[2025-02-11T15:00:44.603+0000] {processor.py:186} INFO - Started process (PID=329) to work on /home/airflow/.local/lib/python3.12/site-packages/airflow/example_dags/example_complex.py
[2025-02-11T15:00:44.612+0000] {processor.py:914} INFO - Processing file /home/airflow/.local/lib/python3.12/site-packages/airflow/example_dags/example_complex.py for tasks to queue
[2025-02-11T15:00:44.618+0000] {logging_mixin.py:190} INFO - [2025-02-11T15:00:44.617+0000] {dagbag.py:588} INFO - Filling up the DagBag from /home/airflow/.local/lib/python3.12/site-packages/airflow/example_dags/example_complex.py
[2025-02-11T15:00:44.648+0000] {processor.py:925} INFO - DAG(s) 'example_complex' retrieved from /home/airflow/.local/lib/python3.12/site-packages/airflow/example_dags/example_complex.py
[2025-02-11T15:00:44.727+0000] {logging_mixin.py:190} INFO - [2025-02-11T15:00:44.726+0000] {dag.py:3239} INFO - Sync 1 DAGs
[2025-02-11T15:00:44.761+0000] {logging_mixin.py:190} INFO - [2025-02-11T15:00:44.760+0000] {dag.py:4180} INFO - Setting next_dagrun for example_complex to None, run_after=None
[2025-02-11T15:00:44.805+0000] {processor.py:208} INFO - Processing /home/airflow/.local/lib/python3.12/site-packages/airflow/example_dags/example_complex.py took 0.218 seconds
[2025-02-11T15:01:17.218+0000] {processor.py:186} INFO - Started process (PID=392) to work on /home/airflow/.local/lib/python3.12/site-packages/airflow/example_dags/example_complex.py
[2025-02-11T15:01:17.231+0000] {processor.py:914} INFO - Processing file /home/airflow/.local/lib/python3.12/site-packages/airflow/example_dags/example_complex.py for tasks to queue
[2025-02-11T15:01:17.246+0000] {logging_mixin.py:190} INFO - [2025-02-11T15:01:17.245+0000] {dagbag.py:588} INFO - Filling up the DagBag from /home/airflow/.local/lib/python3.12/site-packages/airflow/example_dags/example_complex.py
[2025-02-11T15:01:17.295+0000] {processor.py:925} INFO - DAG(s) 'example_complex' retrieved from /home/airflow/.local/lib/python3.12/site-packages/airflow/example_dags/example_complex.py
[2025-02-11T15:01:17.464+0000] {logging_mixin.py:190} INFO - [2025-02-11T15:01:17.464+0000] {dag.py:3239} INFO - Sync 1 DAGs
[2025-02-11T15:01:17.515+0000] {logging_mixin.py:190} INFO - [2025-02-11T15:01:17.514+0000] {dag.py:4180} INFO - Setting next_dagrun for example_complex to None, run_after=None
[2025-02-11T15:01:17.570+0000] {processor.py:208} INFO - Processing /home/airflow/.local/lib/python3.12/site-packages/airflow/example_dags/example_complex.py took 0.377 seconds
[2025-02-11T15:01:49.318+0000] {processor.py:186} INFO - Started process (PID=456) to work on /home/airflow/.local/lib/python3.12/site-packages/airflow/example_dags/example_complex.py
[2025-02-11T15:01:49.323+0000] {processor.py:914} INFO - Processing file /home/airflow/.local/lib/python3.12/site-packages/airflow/example_dags/example_complex.py for tasks to queue
[2025-02-11T15:01:49.341+0000] {logging_mixin.py:190} INFO - [2025-02-11T15:01:49.338+0000] {dagbag.py:588} INFO - Filling up the DagBag from /home/airflow/.local/lib/python3.12/site-packages/airflow/example_dags/example_complex.py
[2025-02-11T15:01:49.385+0000] {processor.py:925} INFO - DAG(s) 'example_complex' retrieved from /home/airflow/.local/lib/python3.12/site-packages/airflow/example_dags/example_complex.py
[2025-02-11T15:01:49.527+0000] {logging_mixin.py:190} INFO - [2025-02-11T15:01:49.527+0000] {dag.py:3239} INFO - Sync 1 DAGs
[2025-02-11T15:01:49.620+0000] {logging_mixin.py:190} INFO - [2025-02-11T15:01:49.618+0000] {dag.py:4180} INFO - Setting next_dagrun for example_complex to None, run_after=None
[2025-02-11T15:01:49.683+0000] {processor.py:208} INFO - Processing /home/airflow/.local/lib/python3.12/site-packages/airflow/example_dags/example_complex.py took 0.391 seconds
[2025-02-11T15:02:28.031+0000] {processor.py:186} INFO - Started process (PID=528) to work on /home/airflow/.local/lib/python3.12/site-packages/airflow/example_dags/example_complex.py
[2025-02-11T15:02:28.042+0000] {processor.py:914} INFO - Processing file /home/airflow/.local/lib/python3.12/site-packages/airflow/example_dags/example_complex.py for tasks to queue
[2025-02-11T15:02:28.102+0000] {logging_mixin.py:190} INFO - [2025-02-11T15:02:28.100+0000] {dagbag.py:588} INFO - Filling up the DagBag from /home/airflow/.local/lib/python3.12/site-packages/airflow/example_dags/example_complex.py
[2025-02-11T15:02:28.281+0000] {processor.py:925} INFO - DAG(s) 'example_complex' retrieved from /home/airflow/.local/lib/python3.12/site-packages/airflow/example_dags/example_complex.py
[2025-02-11T15:02:28.544+0000] {logging_mixin.py:190} INFO - [2025-02-11T15:02:28.519+0000] {dag.py:3239} INFO - Sync 1 DAGs
[2025-02-11T15:02:28.695+0000] {logging_mixin.py:190} INFO - [2025-02-11T15:02:28.694+0000] {dag.py:4180} INFO - Setting next_dagrun for example_complex to None, run_after=None
[2025-02-11T15:02:28.951+0000] {processor.py:208} INFO - Processing /home/airflow/.local/lib/python3.12/site-packages/airflow/example_dags/example_complex.py took 0.962 seconds
[2025-02-11T15:03:05.777+0000] {processor.py:186} INFO - Started process (PID=592) to work on /home/airflow/.local/lib/python3.12/site-packages/airflow/example_dags/example_complex.py
[2025-02-11T15:03:05.782+0000] {processor.py:914} INFO - Processing file /home/airflow/.local/lib/python3.12/site-packages/airflow/example_dags/example_complex.py for tasks to queue
[2025-02-11T15:03:05.798+0000] {logging_mixin.py:190} INFO - [2025-02-11T15:03:05.797+0000] {dagbag.py:588} INFO - Filling up the DagBag from /home/airflow/.local/lib/python3.12/site-packages/airflow/example_dags/example_complex.py
[2025-02-11T15:03:05.937+0000] {processor.py:925} INFO - DAG(s) 'example_complex' retrieved from /home/airflow/.local/lib/python3.12/site-packages/airflow/example_dags/example_complex.py
[2025-02-11T15:03:06.069+0000] {logging_mixin.py:190} INFO - [2025-02-11T15:03:06.068+0000] {dag.py:3239} INFO - Sync 1 DAGs
[2025-02-11T15:03:06.123+0000] {logging_mixin.py:190} INFO - [2025-02-11T15:03:06.123+0000] {dag.py:4180} INFO - Setting next_dagrun for example_complex to None, run_after=None
[2025-02-11T15:03:06.250+0000] {processor.py:208} INFO - Processing /home/airflow/.local/lib/python3.12/site-packages/airflow/example_dags/example_complex.py took 0.493 seconds
