[2025-02-11T14:58:35.108+0000] {processor.py:186} INFO - Started process (PID=87) to work on /home/airflow/.local/lib/python3.12/site-packages/airflow/example_dags/example_outlet_event_extra.py
[2025-02-11T14:58:35.125+0000] {processor.py:914} INFO - Processing file /home/airflow/.local/lib/python3.12/site-packages/airflow/example_dags/example_outlet_event_extra.py for tasks to queue
[2025-02-11T14:58:35.158+0000] {logging_mixin.py:190} INFO - [2025-02-11T14:58:35.157+0000] {dagbag.py:588} INFO - Filling up the DagBag from /home/airflow/.local/lib/python3.12/site-packages/airflow/example_dags/example_outlet_event_extra.py
[2025-02-11T14:58:39.058+0000] {processor.py:925} INFO - DAG(s) 'dataset_with_extra_by_yield', 'dataset_with_extra_by_context', 'dataset_with_extra_from_classic_operator' retrieved from /home/airflow/.local/lib/python3.12/site-packages/airflow/example_dags/example_outlet_event_extra.py
[2025-02-11T14:58:39.474+0000] {logging_mixin.py:190} INFO - [2025-02-11T14:58:39.470+0000] {override.py:1911} INFO - Created Permission View: can edit on DAG:dataset_with_extra_by_yield
[2025-02-11T14:58:39.666+0000] {logging_mixin.py:190} INFO - [2025-02-11T14:58:39.664+0000] {override.py:1911} INFO - Created Permission View: can read on DAG:dataset_with_extra_by_yield
[2025-02-11T14:58:39.743+0000] {logging_mixin.py:190} INFO - [2025-02-11T14:58:39.720+0000] {override.py:1911} INFO - Created Permission View: can delete on DAG:dataset_with_extra_by_yield
[2025-02-11T14:58:39.835+0000] {logging_mixin.py:190} INFO - [2025-02-11T14:58:39.835+0000] {override.py:1911} INFO - Created Permission View: can create on DAG Run:dataset_with_extra_by_yield
[2025-02-11T14:58:39.898+0000] {logging_mixin.py:190} INFO - [2025-02-11T14:58:39.897+0000] {override.py:1911} INFO - Created Permission View: menu access on DAG Run:dataset_with_extra_by_yield
[2025-02-11T14:58:39.954+0000] {logging_mixin.py:190} INFO - [2025-02-11T14:58:39.952+0000] {override.py:1911} INFO - Created Permission View: can read on DAG Run:dataset_with_extra_by_yield
[2025-02-11T14:58:39.998+0000] {logging_mixin.py:190} INFO - [2025-02-11T14:58:39.997+0000] {override.py:1911} INFO - Created Permission View: can delete on DAG Run:dataset_with_extra_by_yield
[2025-02-11T14:58:40.083+0000] {logging_mixin.py:190} INFO - [2025-02-11T14:58:40.083+0000] {override.py:1911} INFO - Created Permission View: can edit on DAG:dataset_with_extra_by_context
[2025-02-11T14:58:40.157+0000] {logging_mixin.py:190} INFO - [2025-02-11T14:58:40.157+0000] {override.py:1911} INFO - Created Permission View: can read on DAG:dataset_with_extra_by_context
[2025-02-11T14:58:40.228+0000] {logging_mixin.py:190} INFO - [2025-02-11T14:58:40.228+0000] {override.py:1911} INFO - Created Permission View: can delete on DAG:dataset_with_extra_by_context
[2025-02-11T14:58:40.317+0000] {logging_mixin.py:190} INFO - [2025-02-11T14:58:40.316+0000] {override.py:1911} INFO - Created Permission View: can create on DAG Run:dataset_with_extra_by_context
[2025-02-11T14:58:40.372+0000] {logging_mixin.py:190} INFO - [2025-02-11T14:58:40.371+0000] {override.py:1911} INFO - Created Permission View: menu access on DAG Run:dataset_with_extra_by_context
[2025-02-11T14:58:40.440+0000] {logging_mixin.py:190} INFO - [2025-02-11T14:58:40.439+0000] {override.py:1911} INFO - Created Permission View: can read on DAG Run:dataset_with_extra_by_context
[2025-02-11T14:58:40.502+0000] {logging_mixin.py:190} INFO - [2025-02-11T14:58:40.501+0000] {override.py:1911} INFO - Created Permission View: can delete on DAG Run:dataset_with_extra_by_context
[2025-02-11T14:58:40.604+0000] {logging_mixin.py:190} INFO - [2025-02-11T14:58:40.603+0000] {override.py:1911} INFO - Created Permission View: can edit on DAG:dataset_with_extra_from_classic_operator
[2025-02-11T14:58:40.858+0000] {logging_mixin.py:190} INFO - [2025-02-11T14:58:40.836+0000] {override.py:1911} INFO - Created Permission View: can read on DAG:dataset_with_extra_from_classic_operator
[2025-02-11T14:58:41.037+0000] {logging_mixin.py:190} INFO - [2025-02-11T14:58:41.037+0000] {override.py:1911} INFO - Created Permission View: can delete on DAG:dataset_with_extra_from_classic_operator
[2025-02-11T14:58:41.188+0000] {logging_mixin.py:190} INFO - [2025-02-11T14:58:41.187+0000] {override.py:1911} INFO - Created Permission View: can create on DAG Run:dataset_with_extra_from_classic_operator
[2025-02-11T14:58:41.265+0000] {logging_mixin.py:190} INFO - [2025-02-11T14:58:41.264+0000] {override.py:1911} INFO - Created Permission View: menu access on DAG Run:dataset_with_extra_from_classic_operator
[2025-02-11T14:58:41.371+0000] {logging_mixin.py:190} INFO - [2025-02-11T14:58:41.368+0000] {override.py:1911} INFO - Created Permission View: can read on DAG Run:dataset_with_extra_from_classic_operator
[2025-02-11T14:58:41.399+0000] {logging_mixin.py:190} INFO - [2025-02-11T14:58:41.398+0000] {override.py:1911} INFO - Created Permission View: can delete on DAG Run:dataset_with_extra_from_classic_operator
[2025-02-11T14:58:41.426+0000] {logging_mixin.py:190} INFO - [2025-02-11T14:58:41.425+0000] {dag.py:3239} INFO - Sync 3 DAGs
[2025-02-11T14:58:41.518+0000] {logging_mixin.py:190} INFO - [2025-02-11T14:58:41.516+0000] {dag.py:3262} INFO - Creating ORM DAG for dataset_with_extra_by_context
[2025-02-11T14:58:41.529+0000] {logging_mixin.py:190} INFO - [2025-02-11T14:58:41.527+0000] {dag.py:3262} INFO - Creating ORM DAG for dataset_with_extra_by_yield
[2025-02-11T14:58:41.567+0000] {logging_mixin.py:190} INFO - [2025-02-11T14:58:41.566+0000] {dag.py:3262} INFO - Creating ORM DAG for dataset_with_extra_from_classic_operator
[2025-02-11T14:58:41.666+0000] {logging_mixin.py:190} INFO - [2025-02-11T14:58:41.666+0000] {dag.py:4180} INFO - Setting next_dagrun for dataset_with_extra_by_context to 2025-02-10 00:00:00+00:00, run_after=2025-02-11 00:00:00+00:00
[2025-02-11T14:58:41.686+0000] {logging_mixin.py:190} INFO - [2025-02-11T14:58:41.685+0000] {dag.py:4180} INFO - Setting next_dagrun for dataset_with_extra_by_yield to 2025-02-10 00:00:00+00:00, run_after=2025-02-11 00:00:00+00:00
[2025-02-11T14:58:41.708+0000] {logging_mixin.py:190} INFO - [2025-02-11T14:58:41.707+0000] {dag.py:4180} INFO - Setting next_dagrun for dataset_with_extra_from_classic_operator to 2025-02-10 00:00:00+00:00, run_after=2025-02-11 00:00:00+00:00
[2025-02-11T14:58:41.997+0000] {processor.py:208} INFO - Processing /home/airflow/.local/lib/python3.12/site-packages/airflow/example_dags/example_outlet_event_extra.py took 6.903 seconds
[2025-02-11T14:59:12.280+0000] {processor.py:186} INFO - Started process (PID=153) to work on /home/airflow/.local/lib/python3.12/site-packages/airflow/example_dags/example_outlet_event_extra.py
[2025-02-11T14:59:12.284+0000] {processor.py:914} INFO - Processing file /home/airflow/.local/lib/python3.12/site-packages/airflow/example_dags/example_outlet_event_extra.py for tasks to queue
[2025-02-11T14:59:12.294+0000] {logging_mixin.py:190} INFO - [2025-02-11T14:59:12.293+0000] {dagbag.py:588} INFO - Filling up the DagBag from /home/airflow/.local/lib/python3.12/site-packages/airflow/example_dags/example_outlet_event_extra.py
[2025-02-11T14:59:14.034+0000] {processor.py:925} INFO - DAG(s) 'dataset_with_extra_from_classic_operator', 'dataset_with_extra_by_context', 'dataset_with_extra_by_yield' retrieved from /home/airflow/.local/lib/python3.12/site-packages/airflow/example_dags/example_outlet_event_extra.py
[2025-02-11T14:59:14.168+0000] {logging_mixin.py:190} INFO - [2025-02-11T14:59:14.166+0000] {dag.py:3239} INFO - Sync 3 DAGs
[2025-02-11T14:59:14.399+0000] {logging_mixin.py:190} INFO - [2025-02-11T14:59:14.398+0000] {dag.py:4180} INFO - Setting next_dagrun for dataset_with_extra_by_context to 2025-02-10 00:00:00+00:00, run_after=2025-02-11 00:00:00+00:00
[2025-02-11T14:59:14.470+0000] {logging_mixin.py:190} INFO - [2025-02-11T14:59:14.469+0000] {dag.py:4180} INFO - Setting next_dagrun for dataset_with_extra_by_yield to 2025-02-10 00:00:00+00:00, run_after=2025-02-11 00:00:00+00:00
[2025-02-11T14:59:14.486+0000] {logging_mixin.py:190} INFO - [2025-02-11T14:59:14.486+0000] {dag.py:4180} INFO - Setting next_dagrun for dataset_with_extra_from_classic_operator to 2025-02-10 00:00:00+00:00, run_after=2025-02-11 00:00:00+00:00
[2025-02-11T14:59:14.591+0000] {processor.py:208} INFO - Processing /home/airflow/.local/lib/python3.12/site-packages/airflow/example_dags/example_outlet_event_extra.py took 2.373 seconds
[2025-02-11T14:59:44.912+0000] {processor.py:186} INFO - Started process (PID=217) to work on /home/airflow/.local/lib/python3.12/site-packages/airflow/example_dags/example_outlet_event_extra.py
[2025-02-11T14:59:44.915+0000] {processor.py:914} INFO - Processing file /home/airflow/.local/lib/python3.12/site-packages/airflow/example_dags/example_outlet_event_extra.py for tasks to queue
[2025-02-11T14:59:44.922+0000] {logging_mixin.py:190} INFO - [2025-02-11T14:59:44.921+0000] {dagbag.py:588} INFO - Filling up the DagBag from /home/airflow/.local/lib/python3.12/site-packages/airflow/example_dags/example_outlet_event_extra.py
[2025-02-11T14:59:46.473+0000] {processor.py:925} INFO - DAG(s) 'dataset_with_extra_by_context', 'dataset_with_extra_from_classic_operator', 'dataset_with_extra_by_yield' retrieved from /home/airflow/.local/lib/python3.12/site-packages/airflow/example_dags/example_outlet_event_extra.py
[2025-02-11T14:59:46.525+0000] {logging_mixin.py:190} INFO - [2025-02-11T14:59:46.525+0000] {dag.py:3239} INFO - Sync 3 DAGs
[2025-02-11T14:59:46.595+0000] {logging_mixin.py:190} INFO - [2025-02-11T14:59:46.594+0000] {dag.py:4180} INFO - Setting next_dagrun for dataset_with_extra_by_context to 2025-02-10 00:00:00+00:00, run_after=2025-02-11 00:00:00+00:00
[2025-02-11T14:59:46.613+0000] {logging_mixin.py:190} INFO - [2025-02-11T14:59:46.612+0000] {dag.py:4180} INFO - Setting next_dagrun for dataset_with_extra_by_yield to 2025-02-10 00:00:00+00:00, run_after=2025-02-11 00:00:00+00:00
[2025-02-11T14:59:46.622+0000] {logging_mixin.py:190} INFO - [2025-02-11T14:59:46.622+0000] {dag.py:4180} INFO - Setting next_dagrun for dataset_with_extra_from_classic_operator to 2025-02-10 00:00:00+00:00, run_after=2025-02-11 00:00:00+00:00
[2025-02-11T14:59:46.677+0000] {processor.py:208} INFO - Processing /home/airflow/.local/lib/python3.12/site-packages/airflow/example_dags/example_outlet_event_extra.py took 1.779 seconds
[2025-02-11T15:00:17.814+0000] {processor.py:186} INFO - Started process (PID=283) to work on /home/airflow/.local/lib/python3.12/site-packages/airflow/example_dags/example_outlet_event_extra.py
[2025-02-11T15:00:17.828+0000] {processor.py:914} INFO - Processing file /home/airflow/.local/lib/python3.12/site-packages/airflow/example_dags/example_outlet_event_extra.py for tasks to queue
[2025-02-11T15:00:17.859+0000] {logging_mixin.py:190} INFO - [2025-02-11T15:00:17.857+0000] {dagbag.py:588} INFO - Filling up the DagBag from /home/airflow/.local/lib/python3.12/site-packages/airflow/example_dags/example_outlet_event_extra.py
[2025-02-11T15:00:23.478+0000] {processor.py:925} INFO - DAG(s) 'dataset_with_extra_by_context', 'dataset_with_extra_from_classic_operator', 'dataset_with_extra_by_yield' retrieved from /home/airflow/.local/lib/python3.12/site-packages/airflow/example_dags/example_outlet_event_extra.py
[2025-02-11T15:00:23.570+0000] {logging_mixin.py:190} INFO - [2025-02-11T15:00:23.569+0000] {dag.py:3239} INFO - Sync 3 DAGs
[2025-02-11T15:00:23.625+0000] {logging_mixin.py:190} INFO - [2025-02-11T15:00:23.625+0000] {dag.py:4180} INFO - Setting next_dagrun for dataset_with_extra_by_context to 2025-02-10 00:00:00+00:00, run_after=2025-02-11 00:00:00+00:00
[2025-02-11T15:00:23.635+0000] {logging_mixin.py:190} INFO - [2025-02-11T15:00:23.634+0000] {dag.py:4180} INFO - Setting next_dagrun for dataset_with_extra_by_yield to 2025-02-10 00:00:00+00:00, run_after=2025-02-11 00:00:00+00:00
[2025-02-11T15:00:23.641+0000] {logging_mixin.py:190} INFO - [2025-02-11T15:00:23.641+0000] {dag.py:4180} INFO - Setting next_dagrun for dataset_with_extra_from_classic_operator to 2025-02-10 00:00:00+00:00, run_after=2025-02-11 00:00:00+00:00
[2025-02-11T15:00:23.687+0000] {processor.py:208} INFO - Processing /home/airflow/.local/lib/python3.12/site-packages/airflow/example_dags/example_outlet_event_extra.py took 6.005 seconds
[2025-02-11T15:00:54.428+0000] {processor.py:186} INFO - Started process (PID=356) to work on /home/airflow/.local/lib/python3.12/site-packages/airflow/example_dags/example_outlet_event_extra.py
[2025-02-11T15:00:54.432+0000] {processor.py:914} INFO - Processing file /home/airflow/.local/lib/python3.12/site-packages/airflow/example_dags/example_outlet_event_extra.py for tasks to queue
[2025-02-11T15:00:54.444+0000] {logging_mixin.py:190} INFO - [2025-02-11T15:00:54.443+0000] {dagbag.py:588} INFO - Filling up the DagBag from /home/airflow/.local/lib/python3.12/site-packages/airflow/example_dags/example_outlet_event_extra.py
[2025-02-11T15:00:55.915+0000] {processor.py:925} INFO - DAG(s) 'dataset_with_extra_from_classic_operator', 'dataset_with_extra_by_yield', 'dataset_with_extra_by_context' retrieved from /home/airflow/.local/lib/python3.12/site-packages/airflow/example_dags/example_outlet_event_extra.py
[2025-02-11T15:00:56.011+0000] {logging_mixin.py:190} INFO - [2025-02-11T15:00:56.010+0000] {dag.py:3239} INFO - Sync 3 DAGs
[2025-02-11T15:00:56.110+0000] {logging_mixin.py:190} INFO - [2025-02-11T15:00:56.109+0000] {dag.py:4180} INFO - Setting next_dagrun for dataset_with_extra_by_context to 2025-02-10 00:00:00+00:00, run_after=2025-02-11 00:00:00+00:00
[2025-02-11T15:00:56.133+0000] {logging_mixin.py:190} INFO - [2025-02-11T15:00:56.132+0000] {dag.py:4180} INFO - Setting next_dagrun for dataset_with_extra_by_yield to 2025-02-10 00:00:00+00:00, run_after=2025-02-11 00:00:00+00:00
[2025-02-11T15:00:56.148+0000] {logging_mixin.py:190} INFO - [2025-02-11T15:00:56.146+0000] {dag.py:4180} INFO - Setting next_dagrun for dataset_with_extra_from_classic_operator to 2025-02-10 00:00:00+00:00, run_after=2025-02-11 00:00:00+00:00
[2025-02-11T15:00:56.221+0000] {processor.py:208} INFO - Processing /home/airflow/.local/lib/python3.12/site-packages/airflow/example_dags/example_outlet_event_extra.py took 1.810 seconds
[2025-02-11T15:01:26.564+0000] {processor.py:186} INFO - Started process (PID=422) to work on /home/airflow/.local/lib/python3.12/site-packages/airflow/example_dags/example_outlet_event_extra.py
[2025-02-11T15:01:26.567+0000] {processor.py:914} INFO - Processing file /home/airflow/.local/lib/python3.12/site-packages/airflow/example_dags/example_outlet_event_extra.py for tasks to queue
[2025-02-11T15:01:26.576+0000] {logging_mixin.py:190} INFO - [2025-02-11T15:01:26.575+0000] {dagbag.py:588} INFO - Filling up the DagBag from /home/airflow/.local/lib/python3.12/site-packages/airflow/example_dags/example_outlet_event_extra.py
[2025-02-11T15:01:28.311+0000] {processor.py:925} INFO - DAG(s) 'dataset_with_extra_from_classic_operator', 'dataset_with_extra_by_yield', 'dataset_with_extra_by_context' retrieved from /home/airflow/.local/lib/python3.12/site-packages/airflow/example_dags/example_outlet_event_extra.py
[2025-02-11T15:01:28.374+0000] {logging_mixin.py:190} INFO - [2025-02-11T15:01:28.373+0000] {dag.py:3239} INFO - Sync 3 DAGs
[2025-02-11T15:01:28.435+0000] {logging_mixin.py:190} INFO - [2025-02-11T15:01:28.434+0000] {dag.py:4180} INFO - Setting next_dagrun for dataset_with_extra_by_context to 2025-02-10 00:00:00+00:00, run_after=2025-02-11 00:00:00+00:00
[2025-02-11T15:01:28.448+0000] {logging_mixin.py:190} INFO - [2025-02-11T15:01:28.448+0000] {dag.py:4180} INFO - Setting next_dagrun for dataset_with_extra_by_yield to 2025-02-10 00:00:00+00:00, run_after=2025-02-11 00:00:00+00:00
[2025-02-11T15:01:28.458+0000] {logging_mixin.py:190} INFO - [2025-02-11T15:01:28.457+0000] {dag.py:4180} INFO - Setting next_dagrun for dataset_with_extra_from_classic_operator to 2025-02-10 00:00:00+00:00, run_after=2025-02-11 00:00:00+00:00
[2025-02-11T15:01:28.508+0000] {processor.py:208} INFO - Processing /home/airflow/.local/lib/python3.12/site-packages/airflow/example_dags/example_outlet_event_extra.py took 1.963 seconds
[2025-02-11T15:02:02.122+0000] {processor.py:186} INFO - Started process (PID=491) to work on /home/airflow/.local/lib/python3.12/site-packages/airflow/example_dags/example_outlet_event_extra.py
[2025-02-11T15:02:02.133+0000] {processor.py:914} INFO - Processing file /home/airflow/.local/lib/python3.12/site-packages/airflow/example_dags/example_outlet_event_extra.py for tasks to queue
[2025-02-11T15:02:02.148+0000] {logging_mixin.py:190} INFO - [2025-02-11T15:02:02.147+0000] {dagbag.py:588} INFO - Filling up the DagBag from /home/airflow/.local/lib/python3.12/site-packages/airflow/example_dags/example_outlet_event_extra.py
[2025-02-11T15:02:07.826+0000] {processor.py:925} INFO - DAG(s) 'dataset_with_extra_by_context', 'dataset_with_extra_from_classic_operator', 'dataset_with_extra_by_yield' retrieved from /home/airflow/.local/lib/python3.12/site-packages/airflow/example_dags/example_outlet_event_extra.py
[2025-02-11T15:02:08.164+0000] {logging_mixin.py:190} INFO - [2025-02-11T15:02:08.163+0000] {dag.py:3239} INFO - Sync 3 DAGs
[2025-02-11T15:02:08.492+0000] {logging_mixin.py:190} INFO - [2025-02-11T15:02:08.491+0000] {dag.py:4180} INFO - Setting next_dagrun for dataset_with_extra_by_context to 2025-02-10 00:00:00+00:00, run_after=2025-02-11 00:00:00+00:00
[2025-02-11T15:02:08.659+0000] {logging_mixin.py:190} INFO - [2025-02-11T15:02:08.656+0000] {dag.py:4180} INFO - Setting next_dagrun for dataset_with_extra_by_yield to 2025-02-10 00:00:00+00:00, run_after=2025-02-11 00:00:00+00:00
[2025-02-11T15:02:08.724+0000] {logging_mixin.py:190} INFO - [2025-02-11T15:02:08.724+0000] {dag.py:4180} INFO - Setting next_dagrun for dataset_with_extra_from_classic_operator to 2025-02-10 00:00:00+00:00, run_after=2025-02-11 00:00:00+00:00
[2025-02-11T15:02:08.891+0000] {processor.py:208} INFO - Processing /home/airflow/.local/lib/python3.12/site-packages/airflow/example_dags/example_outlet_event_extra.py took 6.833 seconds
[2025-02-11T15:02:47.216+0000] {processor.py:186} INFO - Started process (PID=553) to work on /home/airflow/.local/lib/python3.12/site-packages/airflow/example_dags/example_outlet_event_extra.py
[2025-02-11T15:02:47.227+0000] {processor.py:914} INFO - Processing file /home/airflow/.local/lib/python3.12/site-packages/airflow/example_dags/example_outlet_event_extra.py for tasks to queue
[2025-02-11T15:02:47.258+0000] {logging_mixin.py:190} INFO - [2025-02-11T15:02:47.253+0000] {dagbag.py:588} INFO - Filling up the DagBag from /home/airflow/.local/lib/python3.12/site-packages/airflow/example_dags/example_outlet_event_extra.py
[2025-02-11T15:02:50.909+0000] {processor.py:925} INFO - DAG(s) 'dataset_with_extra_by_context', 'dataset_with_extra_from_classic_operator', 'dataset_with_extra_by_yield' retrieved from /home/airflow/.local/lib/python3.12/site-packages/airflow/example_dags/example_outlet_event_extra.py
[2025-02-11T15:02:51.276+0000] {logging_mixin.py:190} INFO - [2025-02-11T15:02:51.271+0000] {dag.py:3239} INFO - Sync 3 DAGs
[2025-02-11T15:02:51.403+0000] {logging_mixin.py:190} INFO - [2025-02-11T15:02:51.402+0000] {dag.py:4180} INFO - Setting next_dagrun for dataset_with_extra_by_context to 2025-02-10 00:00:00+00:00, run_after=2025-02-11 00:00:00+00:00
[2025-02-11T15:02:51.467+0000] {logging_mixin.py:190} INFO - [2025-02-11T15:02:51.465+0000] {dag.py:4180} INFO - Setting next_dagrun for dataset_with_extra_by_yield to 2025-02-10 00:00:00+00:00, run_after=2025-02-11 00:00:00+00:00
[2025-02-11T15:02:51.515+0000] {logging_mixin.py:190} INFO - [2025-02-11T15:02:51.514+0000] {dag.py:4180} INFO - Setting next_dagrun for dataset_with_extra_from_classic_operator to 2025-02-10 00:00:00+00:00, run_after=2025-02-11 00:00:00+00:00
[2025-02-11T15:02:51.595+0000] {processor.py:208} INFO - Processing /home/airflow/.local/lib/python3.12/site-packages/airflow/example_dags/example_outlet_event_extra.py took 4.422 seconds
