[2025-02-11T14:58:33.059+0000] {processor.py:186} INFO - Started process (PID=84) to work on /home/airflow/.local/lib/python3.12/site-packages/airflow/example_dags/example_task_group.py
[2025-02-11T14:58:33.074+0000] {processor.py:914} INFO - Processing file /home/airflow/.local/lib/python3.12/site-packages/airflow/example_dags/example_task_group.py for tasks to queue
[2025-02-11T14:58:33.095+0000] {logging_mixin.py:190} INFO - [2025-02-11T14:58:33.093+0000] {dagbag.py:588} INFO - Filling up the DagBag from /home/airflow/.local/lib/python3.12/site-packages/airflow/example_dags/example_task_group.py
[2025-02-11T14:58:33.404+0000] {processor.py:925} INFO - DAG(s) 'example_task_group' retrieved from /home/airflow/.local/lib/python3.12/site-packages/airflow/example_dags/example_task_group.py
[2025-02-11T14:58:33.996+0000] {logging_mixin.py:190} INFO - [2025-02-11T14:58:33.994+0000] {override.py:1911} INFO - Created Permission View: can edit on DAG:example_task_group
[2025-02-11T14:58:34.089+0000] {logging_mixin.py:190} INFO - [2025-02-11T14:58:34.084+0000] {override.py:1911} INFO - Created Permission View: can read on DAG:example_task_group
[2025-02-11T14:58:34.147+0000] {logging_mixin.py:190} INFO - [2025-02-11T14:58:34.147+0000] {override.py:1911} INFO - Created Permission View: can delete on DAG:example_task_group
[2025-02-11T14:58:34.243+0000] {logging_mixin.py:190} INFO - [2025-02-11T14:58:34.242+0000] {override.py:1911} INFO - Created Permission View: can create on DAG Run:example_task_group
[2025-02-11T14:58:34.300+0000] {logging_mixin.py:190} INFO - [2025-02-11T14:58:34.296+0000] {override.py:1911} INFO - Created Permission View: menu access on DAG Run:example_task_group
[2025-02-11T14:58:34.371+0000] {logging_mixin.py:190} INFO - [2025-02-11T14:58:34.370+0000] {override.py:1911} INFO - Created Permission View: can read on DAG Run:example_task_group
[2025-02-11T14:58:34.425+0000] {logging_mixin.py:190} INFO - [2025-02-11T14:58:34.424+0000] {override.py:1911} INFO - Created Permission View: can delete on DAG Run:example_task_group
[2025-02-11T14:58:34.430+0000] {logging_mixin.py:190} INFO - [2025-02-11T14:58:34.428+0000] {dag.py:3239} INFO - Sync 1 DAGs
[2025-02-11T14:58:34.493+0000] {logging_mixin.py:190} INFO - [2025-02-11T14:58:34.492+0000] {dag.py:3262} INFO - Creating ORM DAG for example_task_group
[2025-02-11T14:58:34.499+0000] {logging_mixin.py:190} INFO - [2025-02-11T14:58:34.499+0000] {dag.py:4180} INFO - Setting next_dagrun for example_task_group to None, run_after=None
[2025-02-11T14:58:34.546+0000] {processor.py:208} INFO - Processing /home/airflow/.local/lib/python3.12/site-packages/airflow/example_dags/example_task_group.py took 1.520 seconds
[2025-02-11T14:59:07.419+0000] {processor.py:186} INFO - Started process (PID=148) to work on /home/airflow/.local/lib/python3.12/site-packages/airflow/example_dags/example_task_group.py
[2025-02-11T14:59:07.424+0000] {processor.py:914} INFO - Processing file /home/airflow/.local/lib/python3.12/site-packages/airflow/example_dags/example_task_group.py for tasks to queue
[2025-02-11T14:59:07.432+0000] {logging_mixin.py:190} INFO - [2025-02-11T14:59:07.431+0000] {dagbag.py:588} INFO - Filling up the DagBag from /home/airflow/.local/lib/python3.12/site-packages/airflow/example_dags/example_task_group.py
[2025-02-11T14:59:07.463+0000] {processor.py:925} INFO - DAG(s) 'example_task_group' retrieved from /home/airflow/.local/lib/python3.12/site-packages/airflow/example_dags/example_task_group.py
[2025-02-11T14:59:07.523+0000] {logging_mixin.py:190} INFO - [2025-02-11T14:59:07.522+0000] {dag.py:3239} INFO - Sync 1 DAGs
[2025-02-11T14:59:07.567+0000] {logging_mixin.py:190} INFO - [2025-02-11T14:59:07.566+0000] {dag.py:4180} INFO - Setting next_dagrun for example_task_group to None, run_after=None
[2025-02-11T14:59:07.615+0000] {processor.py:208} INFO - Processing /home/airflow/.local/lib/python3.12/site-packages/airflow/example_dags/example_task_group.py took 0.220 seconds
[2025-02-11T14:59:38.741+0000] {processor.py:186} INFO - Started process (PID=211) to work on /home/airflow/.local/lib/python3.12/site-packages/airflow/example_dags/example_task_group.py
[2025-02-11T14:59:38.745+0000] {processor.py:914} INFO - Processing file /home/airflow/.local/lib/python3.12/site-packages/airflow/example_dags/example_task_group.py for tasks to queue
[2025-02-11T14:59:38.752+0000] {logging_mixin.py:190} INFO - [2025-02-11T14:59:38.751+0000] {dagbag.py:588} INFO - Filling up the DagBag from /home/airflow/.local/lib/python3.12/site-packages/airflow/example_dags/example_task_group.py
[2025-02-11T14:59:38.774+0000] {processor.py:925} INFO - DAG(s) 'example_task_group' retrieved from /home/airflow/.local/lib/python3.12/site-packages/airflow/example_dags/example_task_group.py
[2025-02-11T14:59:38.833+0000] {logging_mixin.py:190} INFO - [2025-02-11T14:59:38.832+0000] {dag.py:3239} INFO - Sync 1 DAGs
[2025-02-11T14:59:38.871+0000] {logging_mixin.py:190} INFO - [2025-02-11T14:59:38.870+0000] {dag.py:4180} INFO - Setting next_dagrun for example_task_group to None, run_after=None
[2025-02-11T14:59:38.919+0000] {processor.py:208} INFO - Processing /home/airflow/.local/lib/python3.12/site-packages/airflow/example_dags/example_task_group.py took 0.192 seconds
[2025-02-11T15:00:14.865+0000] {processor.py:186} INFO - Started process (PID=275) to work on /home/airflow/.local/lib/python3.12/site-packages/airflow/example_dags/example_task_group.py
[2025-02-11T15:00:14.870+0000] {processor.py:914} INFO - Processing file /home/airflow/.local/lib/python3.12/site-packages/airflow/example_dags/example_task_group.py for tasks to queue
[2025-02-11T15:00:14.876+0000] {logging_mixin.py:190} INFO - [2025-02-11T15:00:14.876+0000] {dagbag.py:588} INFO - Filling up the DagBag from /home/airflow/.local/lib/python3.12/site-packages/airflow/example_dags/example_task_group.py
[2025-02-11T15:00:14.902+0000] {processor.py:925} INFO - DAG(s) 'example_task_group' retrieved from /home/airflow/.local/lib/python3.12/site-packages/airflow/example_dags/example_task_group.py
[2025-02-11T15:00:14.970+0000] {logging_mixin.py:190} INFO - [2025-02-11T15:00:14.970+0000] {dag.py:3239} INFO - Sync 1 DAGs
[2025-02-11T15:00:15.018+0000] {logging_mixin.py:190} INFO - [2025-02-11T15:00:15.018+0000] {dag.py:4180} INFO - Setting next_dagrun for example_task_group to None, run_after=None
[2025-02-11T15:00:15.067+0000] {processor.py:208} INFO - Processing /home/airflow/.local/lib/python3.12/site-packages/airflow/example_dags/example_task_group.py took 0.231 seconds
[2025-02-11T15:00:46.538+0000] {processor.py:186} INFO - Started process (PID=338) to work on /home/airflow/.local/lib/python3.12/site-packages/airflow/example_dags/example_task_group.py
[2025-02-11T15:00:46.542+0000] {processor.py:914} INFO - Processing file /home/airflow/.local/lib/python3.12/site-packages/airflow/example_dags/example_task_group.py for tasks to queue
[2025-02-11T15:00:46.552+0000] {logging_mixin.py:190} INFO - [2025-02-11T15:00:46.551+0000] {dagbag.py:588} INFO - Filling up the DagBag from /home/airflow/.local/lib/python3.12/site-packages/airflow/example_dags/example_task_group.py
[2025-02-11T15:00:46.583+0000] {processor.py:925} INFO - DAG(s) 'example_task_group' retrieved from /home/airflow/.local/lib/python3.12/site-packages/airflow/example_dags/example_task_group.py
[2025-02-11T15:00:46.667+0000] {logging_mixin.py:190} INFO - [2025-02-11T15:00:46.666+0000] {dag.py:3239} INFO - Sync 1 DAGs
[2025-02-11T15:00:46.731+0000] {logging_mixin.py:190} INFO - [2025-02-11T15:00:46.730+0000] {dag.py:4180} INFO - Setting next_dagrun for example_task_group to None, run_after=None
[2025-02-11T15:00:46.804+0000] {processor.py:208} INFO - Processing /home/airflow/.local/lib/python3.12/site-packages/airflow/example_dags/example_task_group.py took 0.282 seconds
[2025-02-11T15:01:18.838+0000] {processor.py:186} INFO - Started process (PID=401) to work on /home/airflow/.local/lib/python3.12/site-packages/airflow/example_dags/example_task_group.py
[2025-02-11T15:01:18.843+0000] {processor.py:914} INFO - Processing file /home/airflow/.local/lib/python3.12/site-packages/airflow/example_dags/example_task_group.py for tasks to queue
[2025-02-11T15:01:18.866+0000] {logging_mixin.py:190} INFO - [2025-02-11T15:01:18.862+0000] {dagbag.py:588} INFO - Filling up the DagBag from /home/airflow/.local/lib/python3.12/site-packages/airflow/example_dags/example_task_group.py
[2025-02-11T15:01:18.902+0000] {processor.py:925} INFO - DAG(s) 'example_task_group' retrieved from /home/airflow/.local/lib/python3.12/site-packages/airflow/example_dags/example_task_group.py
[2025-02-11T15:01:18.956+0000] {logging_mixin.py:190} INFO - [2025-02-11T15:01:18.955+0000] {dag.py:3239} INFO - Sync 1 DAGs
[2025-02-11T15:01:18.993+0000] {logging_mixin.py:190} INFO - [2025-02-11T15:01:18.993+0000] {dag.py:4180} INFO - Setting next_dagrun for example_task_group to None, run_after=None
[2025-02-11T15:01:19.062+0000] {processor.py:208} INFO - Processing /home/airflow/.local/lib/python3.12/site-packages/airflow/example_dags/example_task_group.py took 0.243 seconds
[2025-02-11T15:01:52.933+0000] {processor.py:186} INFO - Started process (PID=472) to work on /home/airflow/.local/lib/python3.12/site-packages/airflow/example_dags/example_task_group.py
[2025-02-11T15:01:52.948+0000] {processor.py:914} INFO - Processing file /home/airflow/.local/lib/python3.12/site-packages/airflow/example_dags/example_task_group.py for tasks to queue
[2025-02-11T15:01:52.981+0000] {logging_mixin.py:190} INFO - [2025-02-11T15:01:52.975+0000] {dagbag.py:588} INFO - Filling up the DagBag from /home/airflow/.local/lib/python3.12/site-packages/airflow/example_dags/example_task_group.py
[2025-02-11T15:01:53.138+0000] {processor.py:925} INFO - DAG(s) 'example_task_group' retrieved from /home/airflow/.local/lib/python3.12/site-packages/airflow/example_dags/example_task_group.py
[2025-02-11T15:01:53.247+0000] {logging_mixin.py:190} INFO - [2025-02-11T15:01:53.241+0000] {dag.py:3239} INFO - Sync 1 DAGs
[2025-02-11T15:01:53.332+0000] {logging_mixin.py:190} INFO - [2025-02-11T15:01:53.329+0000] {dag.py:4180} INFO - Setting next_dagrun for example_task_group to None, run_after=None
[2025-02-11T15:01:53.478+0000] {processor.py:208} INFO - Processing /home/airflow/.local/lib/python3.12/site-packages/airflow/example_dags/example_task_group.py took 0.628 seconds
[2025-02-11T15:02:37.272+0000] {processor.py:186} INFO - Started process (PID=537) to work on /home/airflow/.local/lib/python3.12/site-packages/airflow/example_dags/example_task_group.py
[2025-02-11T15:02:37.286+0000] {processor.py:914} INFO - Processing file /home/airflow/.local/lib/python3.12/site-packages/airflow/example_dags/example_task_group.py for tasks to queue
[2025-02-11T15:02:37.341+0000] {logging_mixin.py:190} INFO - [2025-02-11T15:02:37.338+0000] {dagbag.py:588} INFO - Filling up the DagBag from /home/airflow/.local/lib/python3.12/site-packages/airflow/example_dags/example_task_group.py
[2025-02-11T15:02:37.557+0000] {processor.py:925} INFO - DAG(s) 'example_task_group' retrieved from /home/airflow/.local/lib/python3.12/site-packages/airflow/example_dags/example_task_group.py
[2025-02-11T15:02:37.792+0000] {logging_mixin.py:190} INFO - [2025-02-11T15:02:37.791+0000] {dag.py:3239} INFO - Sync 1 DAGs
[2025-02-11T15:02:37.902+0000] {logging_mixin.py:190} INFO - [2025-02-11T15:02:37.902+0000] {dag.py:4180} INFO - Setting next_dagrun for example_task_group to None, run_after=None
[2025-02-11T15:02:37.963+0000] {processor.py:208} INFO - Processing /home/airflow/.local/lib/python3.12/site-packages/airflow/example_dags/example_task_group.py took 0.811 seconds
[2025-02-11T15:03:10.287+0000] {processor.py:186} INFO - Started process (PID=602) to work on /home/airflow/.local/lib/python3.12/site-packages/airflow/example_dags/example_task_group.py
[2025-02-11T15:03:10.299+0000] {processor.py:914} INFO - Processing file /home/airflow/.local/lib/python3.12/site-packages/airflow/example_dags/example_task_group.py for tasks to queue
[2025-02-11T15:03:10.359+0000] {logging_mixin.py:190} INFO - [2025-02-11T15:03:10.325+0000] {dagbag.py:588} INFO - Filling up the DagBag from /home/airflow/.local/lib/python3.12/site-packages/airflow/example_dags/example_task_group.py
[2025-02-11T15:03:10.416+0000] {processor.py:925} INFO - DAG(s) 'example_task_group' retrieved from /home/airflow/.local/lib/python3.12/site-packages/airflow/example_dags/example_task_group.py
[2025-02-11T15:03:10.518+0000] {logging_mixin.py:190} INFO - [2025-02-11T15:03:10.517+0000] {dag.py:3239} INFO - Sync 1 DAGs
[2025-02-11T15:03:10.613+0000] {logging_mixin.py:190} INFO - [2025-02-11T15:03:10.611+0000] {dag.py:4180} INFO - Setting next_dagrun for example_task_group to None, run_after=None
[2025-02-11T15:03:10.719+0000] {processor.py:208} INFO - Processing /home/airflow/.local/lib/python3.12/site-packages/airflow/example_dags/example_task_group.py took 0.452 seconds
