[2025-02-11T14:58:52.397+0000] {processor.py:186} INFO - Started process (PID=108) to work on /home/airflow/.local/lib/python3.12/site-packages/airflow/example_dags/example_local_kubernetes_executor.py
[2025-02-11T14:58:52.402+0000] {processor.py:914} INFO - Processing file /home/airflow/.local/lib/python3.12/site-packages/airflow/example_dags/example_local_kubernetes_executor.py for tasks to queue
[2025-02-11T14:58:52.420+0000] {logging_mixin.py:190} INFO - [2025-02-11T14:58:52.419+0000] {dagbag.py:588} INFO - Filling up the DagBag from /home/airflow/.local/lib/python3.12/site-packages/airflow/example_dags/example_local_kubernetes_executor.py
[2025-02-11T14:58:52.478+0000] {processor.py:925} INFO - DAG(s) 'example_local_kubernetes_executor' retrieved from /home/airflow/.local/lib/python3.12/site-packages/airflow/example_dags/example_local_kubernetes_executor.py
[2025-02-11T14:58:53.356+0000] {logging_mixin.py:190} INFO - [2025-02-11T14:58:53.355+0000] {override.py:1911} INFO - Created Permission View: can edit on DAG:example_local_kubernetes_executor
[2025-02-11T14:58:53.407+0000] {logging_mixin.py:190} INFO - [2025-02-11T14:58:53.406+0000] {override.py:1911} INFO - Created Permission View: can read on DAG:example_local_kubernetes_executor
[2025-02-11T14:58:53.430+0000] {logging_mixin.py:190} INFO - [2025-02-11T14:58:53.429+0000] {override.py:1911} INFO - Created Permission View: can delete on DAG:example_local_kubernetes_executor
[2025-02-11T14:58:53.448+0000] {logging_mixin.py:190} INFO - [2025-02-11T14:58:53.447+0000] {override.py:1911} INFO - Created Permission View: can create on DAG Run:example_local_kubernetes_executor
[2025-02-11T14:58:53.464+0000] {logging_mixin.py:190} INFO - [2025-02-11T14:58:53.463+0000] {override.py:1911} INFO - Created Permission View: menu access on DAG Run:example_local_kubernetes_executor
[2025-02-11T14:58:53.487+0000] {logging_mixin.py:190} INFO - [2025-02-11T14:58:53.487+0000] {override.py:1911} INFO - Created Permission View: can read on DAG Run:example_local_kubernetes_executor
[2025-02-11T14:58:53.510+0000] {logging_mixin.py:190} INFO - [2025-02-11T14:58:53.509+0000] {override.py:1911} INFO - Created Permission View: can delete on DAG Run:example_local_kubernetes_executor
[2025-02-11T14:58:53.513+0000] {logging_mixin.py:190} INFO - [2025-02-11T14:58:53.513+0000] {dag.py:3239} INFO - Sync 1 DAGs
[2025-02-11T14:58:53.563+0000] {logging_mixin.py:190} INFO - [2025-02-11T14:58:53.562+0000] {dag.py:3262} INFO - Creating ORM DAG for example_local_kubernetes_executor
[2025-02-11T14:58:53.589+0000] {logging_mixin.py:190} INFO - [2025-02-11T14:58:53.589+0000] {dag.py:4180} INFO - Setting next_dagrun for example_local_kubernetes_executor to None, run_after=None
[2025-02-11T14:58:53.649+0000] {processor.py:208} INFO - Processing /home/airflow/.local/lib/python3.12/site-packages/airflow/example_dags/example_local_kubernetes_executor.py took 1.282 seconds
[2025-02-11T14:59:24.566+0000] {processor.py:186} INFO - Started process (PID=171) to work on /home/airflow/.local/lib/python3.12/site-packages/airflow/example_dags/example_local_kubernetes_executor.py
[2025-02-11T14:59:24.619+0000] {processor.py:914} INFO - Processing file /home/airflow/.local/lib/python3.12/site-packages/airflow/example_dags/example_local_kubernetes_executor.py for tasks to queue
[2025-02-11T14:59:24.676+0000] {logging_mixin.py:190} INFO - [2025-02-11T14:59:24.675+0000] {dagbag.py:588} INFO - Filling up the DagBag from /home/airflow/.local/lib/python3.12/site-packages/airflow/example_dags/example_local_kubernetes_executor.py
[2025-02-11T14:59:24.781+0000] {processor.py:925} INFO - DAG(s) 'example_local_kubernetes_executor' retrieved from /home/airflow/.local/lib/python3.12/site-packages/airflow/example_dags/example_local_kubernetes_executor.py
[2025-02-11T14:59:24.891+0000] {logging_mixin.py:190} INFO - [2025-02-11T14:59:24.890+0000] {dag.py:3239} INFO - Sync 1 DAGs
[2025-02-11T14:59:24.977+0000] {logging_mixin.py:190} INFO - [2025-02-11T14:59:24.977+0000] {dag.py:4180} INFO - Setting next_dagrun for example_local_kubernetes_executor to None, run_after=None
[2025-02-11T14:59:25.059+0000] {processor.py:208} INFO - Processing /home/airflow/.local/lib/python3.12/site-packages/airflow/example_dags/example_local_kubernetes_executor.py took 0.539 seconds
[2025-02-11T14:59:55.584+0000] {processor.py:186} INFO - Started process (PID=235) to work on /home/airflow/.local/lib/python3.12/site-packages/airflow/example_dags/example_local_kubernetes_executor.py
[2025-02-11T14:59:55.602+0000] {processor.py:914} INFO - Processing file /home/airflow/.local/lib/python3.12/site-packages/airflow/example_dags/example_local_kubernetes_executor.py for tasks to queue
[2025-02-11T14:59:55.613+0000] {logging_mixin.py:190} INFO - [2025-02-11T14:59:55.613+0000] {dagbag.py:588} INFO - Filling up the DagBag from /home/airflow/.local/lib/python3.12/site-packages/airflow/example_dags/example_local_kubernetes_executor.py
[2025-02-11T14:59:55.943+0000] {processor.py:925} INFO - DAG(s) 'example_local_kubernetes_executor' retrieved from /home/airflow/.local/lib/python3.12/site-packages/airflow/example_dags/example_local_kubernetes_executor.py
[2025-02-11T14:59:56.207+0000] {logging_mixin.py:190} INFO - [2025-02-11T14:59:56.206+0000] {dag.py:3239} INFO - Sync 1 DAGs
[2025-02-11T14:59:56.292+0000] {logging_mixin.py:190} INFO - [2025-02-11T14:59:56.291+0000] {dag.py:4180} INFO - Setting next_dagrun for example_local_kubernetes_executor to None, run_after=None
[2025-02-11T14:59:56.376+0000] {processor.py:208} INFO - Processing /home/airflow/.local/lib/python3.12/site-packages/airflow/example_dags/example_local_kubernetes_executor.py took 0.811 seconds
[2025-02-11T15:00:27.045+0000] {processor.py:186} INFO - Started process (PID=297) to work on /home/airflow/.local/lib/python3.12/site-packages/airflow/example_dags/example_local_kubernetes_executor.py
[2025-02-11T15:00:27.048+0000] {processor.py:914} INFO - Processing file /home/airflow/.local/lib/python3.12/site-packages/airflow/example_dags/example_local_kubernetes_executor.py for tasks to queue
[2025-02-11T15:00:27.055+0000] {logging_mixin.py:190} INFO - [2025-02-11T15:00:27.054+0000] {dagbag.py:588} INFO - Filling up the DagBag from /home/airflow/.local/lib/python3.12/site-packages/airflow/example_dags/example_local_kubernetes_executor.py
[2025-02-11T15:00:27.078+0000] {processor.py:925} INFO - DAG(s) 'example_local_kubernetes_executor' retrieved from /home/airflow/.local/lib/python3.12/site-packages/airflow/example_dags/example_local_kubernetes_executor.py
[2025-02-11T15:00:27.127+0000] {logging_mixin.py:190} INFO - [2025-02-11T15:00:27.126+0000] {dag.py:3239} INFO - Sync 1 DAGs
[2025-02-11T15:00:27.163+0000] {logging_mixin.py:190} INFO - [2025-02-11T15:00:27.162+0000] {dag.py:4180} INFO - Setting next_dagrun for example_local_kubernetes_executor to None, run_after=None
[2025-02-11T15:00:27.201+0000] {processor.py:208} INFO - Processing /home/airflow/.local/lib/python3.12/site-packages/airflow/example_dags/example_local_kubernetes_executor.py took 0.168 seconds
[2025-02-11T15:00:57.349+0000] {processor.py:186} INFO - Started process (PID=360) to work on /home/airflow/.local/lib/python3.12/site-packages/airflow/example_dags/example_local_kubernetes_executor.py
[2025-02-11T15:00:57.354+0000] {processor.py:914} INFO - Processing file /home/airflow/.local/lib/python3.12/site-packages/airflow/example_dags/example_local_kubernetes_executor.py for tasks to queue
[2025-02-11T15:00:57.363+0000] {logging_mixin.py:190} INFO - [2025-02-11T15:00:57.362+0000] {dagbag.py:588} INFO - Filling up the DagBag from /home/airflow/.local/lib/python3.12/site-packages/airflow/example_dags/example_local_kubernetes_executor.py
[2025-02-11T15:00:57.389+0000] {processor.py:925} INFO - DAG(s) 'example_local_kubernetes_executor' retrieved from /home/airflow/.local/lib/python3.12/site-packages/airflow/example_dags/example_local_kubernetes_executor.py
[2025-02-11T15:00:57.439+0000] {logging_mixin.py:190} INFO - [2025-02-11T15:00:57.439+0000] {dag.py:3239} INFO - Sync 1 DAGs
[2025-02-11T15:00:57.479+0000] {logging_mixin.py:190} INFO - [2025-02-11T15:00:57.479+0000] {dag.py:4180} INFO - Setting next_dagrun for example_local_kubernetes_executor to None, run_after=None
[2025-02-11T15:00:57.523+0000] {processor.py:208} INFO - Processing /home/airflow/.local/lib/python3.12/site-packages/airflow/example_dags/example_local_kubernetes_executor.py took 0.187 seconds
[2025-02-11T15:01:27.806+0000] {processor.py:186} INFO - Started process (PID=424) to work on /home/airflow/.local/lib/python3.12/site-packages/airflow/example_dags/example_local_kubernetes_executor.py
[2025-02-11T15:01:27.811+0000] {processor.py:914} INFO - Processing file /home/airflow/.local/lib/python3.12/site-packages/airflow/example_dags/example_local_kubernetes_executor.py for tasks to queue
[2025-02-11T15:01:27.829+0000] {logging_mixin.py:190} INFO - [2025-02-11T15:01:27.826+0000] {dagbag.py:588} INFO - Filling up the DagBag from /home/airflow/.local/lib/python3.12/site-packages/airflow/example_dags/example_local_kubernetes_executor.py
[2025-02-11T15:01:27.853+0000] {processor.py:925} INFO - DAG(s) 'example_local_kubernetes_executor' retrieved from /home/airflow/.local/lib/python3.12/site-packages/airflow/example_dags/example_local_kubernetes_executor.py
[2025-02-11T15:01:27.904+0000] {logging_mixin.py:190} INFO - [2025-02-11T15:01:27.904+0000] {dag.py:3239} INFO - Sync 1 DAGs
[2025-02-11T15:01:27.945+0000] {logging_mixin.py:190} INFO - [2025-02-11T15:01:27.945+0000] {dag.py:4180} INFO - Setting next_dagrun for example_local_kubernetes_executor to None, run_after=None
[2025-02-11T15:01:27.996+0000] {processor.py:208} INFO - Processing /home/airflow/.local/lib/python3.12/site-packages/airflow/example_dags/example_local_kubernetes_executor.py took 0.212 seconds
[2025-02-11T15:02:00.340+0000] {processor.py:186} INFO - Started process (PID=487) to work on /home/airflow/.local/lib/python3.12/site-packages/airflow/example_dags/example_local_kubernetes_executor.py
[2025-02-11T15:02:00.373+0000] {processor.py:914} INFO - Processing file /home/airflow/.local/lib/python3.12/site-packages/airflow/example_dags/example_local_kubernetes_executor.py for tasks to queue
[2025-02-11T15:02:00.447+0000] {logging_mixin.py:190} INFO - [2025-02-11T15:02:00.416+0000] {dagbag.py:588} INFO - Filling up the DagBag from /home/airflow/.local/lib/python3.12/site-packages/airflow/example_dags/example_local_kubernetes_executor.py
[2025-02-11T15:02:00.616+0000] {processor.py:925} INFO - DAG(s) 'example_local_kubernetes_executor' retrieved from /home/airflow/.local/lib/python3.12/site-packages/airflow/example_dags/example_local_kubernetes_executor.py
[2025-02-11T15:02:00.832+0000] {logging_mixin.py:190} INFO - [2025-02-11T15:02:00.829+0000] {dag.py:3239} INFO - Sync 1 DAGs
[2025-02-11T15:02:00.897+0000] {logging_mixin.py:190} INFO - [2025-02-11T15:02:00.896+0000] {dag.py:4180} INFO - Setting next_dagrun for example_local_kubernetes_executor to None, run_after=None
[2025-02-11T15:02:01.067+0000] {processor.py:208} INFO - Processing /home/airflow/.local/lib/python3.12/site-packages/airflow/example_dags/example_local_kubernetes_executor.py took 0.794 seconds
[2025-02-11T15:02:53.265+0000] {processor.py:186} INFO - Started process (PID=569) to work on /home/airflow/.local/lib/python3.12/site-packages/airflow/example_dags/example_local_kubernetes_executor.py
[2025-02-11T15:02:53.275+0000] {processor.py:914} INFO - Processing file /home/airflow/.local/lib/python3.12/site-packages/airflow/example_dags/example_local_kubernetes_executor.py for tasks to queue
[2025-02-11T15:02:53.279+0000] {logging_mixin.py:190} INFO - [2025-02-11T15:02:53.278+0000] {dagbag.py:588} INFO - Filling up the DagBag from /home/airflow/.local/lib/python3.12/site-packages/airflow/example_dags/example_local_kubernetes_executor.py
[2025-02-11T15:02:53.310+0000] {processor.py:925} INFO - DAG(s) 'example_local_kubernetes_executor' retrieved from /home/airflow/.local/lib/python3.12/site-packages/airflow/example_dags/example_local_kubernetes_executor.py
[2025-02-11T15:02:53.521+0000] {logging_mixin.py:190} INFO - [2025-02-11T15:02:53.521+0000] {dag.py:3239} INFO - Sync 1 DAGs
[2025-02-11T15:02:53.610+0000] {logging_mixin.py:190} INFO - [2025-02-11T15:02:53.609+0000] {dag.py:4180} INFO - Setting next_dagrun for example_local_kubernetes_executor to None, run_after=None
[2025-02-11T15:02:53.654+0000] {processor.py:208} INFO - Processing /home/airflow/.local/lib/python3.12/site-packages/airflow/example_dags/example_local_kubernetes_executor.py took 0.414 seconds
