[2025-02-11T14:58:28.346+0000] {processor.py:186} INFO - Started process (PID=76) to work on /home/airflow/.local/lib/python3.12/site-packages/airflow/example_dags/example_workday_timetable.py
[2025-02-11T14:58:28.385+0000] {processor.py:914} INFO - Processing file /home/airflow/.local/lib/python3.12/site-packages/airflow/example_dags/example_workday_timetable.py for tasks to queue
[2025-02-11T14:58:28.424+0000] {logging_mixin.py:190} INFO - [2025-02-11T14:58:28.422+0000] {dagbag.py:588} INFO - Filling up the DagBag from /home/airflow/.local/lib/python3.12/site-packages/airflow/example_dags/example_workday_timetable.py
[2025-02-11T14:58:28.537+0000] {processor.py:925} INFO - DAG(s) 'example_workday_timetable' retrieved from /home/airflow/.local/lib/python3.12/site-packages/airflow/example_dags/example_workday_timetable.py
[2025-02-11T14:58:28.998+0000] {logging_mixin.py:190} INFO - [2025-02-11T14:58:28.996+0000] {override.py:1911} INFO - Created Permission View: can edit on DAG:example_workday_timetable
[2025-02-11T14:58:29.026+0000] {logging_mixin.py:190} INFO - [2025-02-11T14:58:29.025+0000] {override.py:1911} INFO - Created Permission View: can read on DAG:example_workday_timetable
[2025-02-11T14:58:29.047+0000] {logging_mixin.py:190} INFO - [2025-02-11T14:58:29.047+0000] {override.py:1911} INFO - Created Permission View: can delete on DAG:example_workday_timetable
[2025-02-11T14:58:29.077+0000] {logging_mixin.py:190} INFO - [2025-02-11T14:58:29.076+0000] {override.py:1911} INFO - Created Permission View: can create on DAG Run:example_workday_timetable
[2025-02-11T14:58:29.104+0000] {logging_mixin.py:190} INFO - [2025-02-11T14:58:29.104+0000] {override.py:1911} INFO - Created Permission View: menu access on DAG Run:example_workday_timetable
[2025-02-11T14:58:29.125+0000] {logging_mixin.py:190} INFO - [2025-02-11T14:58:29.124+0000] {override.py:1911} INFO - Created Permission View: can read on DAG Run:example_workday_timetable
[2025-02-11T14:58:29.143+0000] {logging_mixin.py:190} INFO - [2025-02-11T14:58:29.142+0000] {override.py:1911} INFO - Created Permission View: can delete on DAG Run:example_workday_timetable
[2025-02-11T14:58:29.145+0000] {logging_mixin.py:190} INFO - [2025-02-11T14:58:29.145+0000] {dag.py:3239} INFO - Sync 1 DAGs
[2025-02-11T14:58:29.184+0000] {logging_mixin.py:190} INFO - [2025-02-11T14:58:29.183+0000] {dag.py:3262} INFO - Creating ORM DAG for example_workday_timetable
[2025-02-11T14:58:29.502+0000] {logging_mixin.py:190} INFO - [2025-02-11T14:58:29.502+0000] {dag.py:4180} INFO - Setting next_dagrun for example_workday_timetable to 2021-01-04 00:00:00+00:00, run_after=2021-01-05 00:00:00+00:00
[2025-02-11T14:58:29.562+0000] {processor.py:208} INFO - Processing /home/airflow/.local/lib/python3.12/site-packages/airflow/example_dags/example_workday_timetable.py took 1.283 seconds
[2025-02-11T14:59:05.286+0000] {processor.py:186} INFO - Started process (PID=140) to work on /home/airflow/.local/lib/python3.12/site-packages/airflow/example_dags/example_workday_timetable.py
[2025-02-11T14:59:05.289+0000] {processor.py:914} INFO - Processing file /home/airflow/.local/lib/python3.12/site-packages/airflow/example_dags/example_workday_timetable.py for tasks to queue
[2025-02-11T14:59:05.296+0000] {logging_mixin.py:190} INFO - [2025-02-11T14:59:05.296+0000] {dagbag.py:588} INFO - Filling up the DagBag from /home/airflow/.local/lib/python3.12/site-packages/airflow/example_dags/example_workday_timetable.py
[2025-02-11T14:59:05.312+0000] {processor.py:925} INFO - DAG(s) 'example_workday_timetable' retrieved from /home/airflow/.local/lib/python3.12/site-packages/airflow/example_dags/example_workday_timetable.py
[2025-02-11T14:59:05.410+0000] {logging_mixin.py:190} INFO - [2025-02-11T14:59:05.409+0000] {dag.py:3239} INFO - Sync 1 DAGs
[2025-02-11T14:59:05.630+0000] {logging_mixin.py:190} INFO - [2025-02-11T14:59:05.629+0000] {dag.py:4180} INFO - Setting next_dagrun for example_workday_timetable to 2021-01-04 00:00:00+00:00, run_after=2021-01-05 00:00:00+00:00
[2025-02-11T14:59:05.691+0000] {processor.py:208} INFO - Processing /home/airflow/.local/lib/python3.12/site-packages/airflow/example_dags/example_workday_timetable.py took 0.421 seconds
[2025-02-11T14:59:37.226+0000] {processor.py:186} INFO - Started process (PID=203) to work on /home/airflow/.local/lib/python3.12/site-packages/airflow/example_dags/example_workday_timetable.py
[2025-02-11T14:59:37.230+0000] {processor.py:914} INFO - Processing file /home/airflow/.local/lib/python3.12/site-packages/airflow/example_dags/example_workday_timetable.py for tasks to queue
[2025-02-11T14:59:37.239+0000] {logging_mixin.py:190} INFO - [2025-02-11T14:59:37.238+0000] {dagbag.py:588} INFO - Filling up the DagBag from /home/airflow/.local/lib/python3.12/site-packages/airflow/example_dags/example_workday_timetable.py
[2025-02-11T14:59:37.252+0000] {processor.py:925} INFO - DAG(s) 'example_workday_timetable' retrieved from /home/airflow/.local/lib/python3.12/site-packages/airflow/example_dags/example_workday_timetable.py
[2025-02-11T14:59:37.300+0000] {logging_mixin.py:190} INFO - [2025-02-11T14:59:37.300+0000] {dag.py:3239} INFO - Sync 1 DAGs
[2025-02-11T14:59:37.465+0000] {logging_mixin.py:190} INFO - [2025-02-11T14:59:37.464+0000] {dag.py:4180} INFO - Setting next_dagrun for example_workday_timetable to 2021-01-04 00:00:00+00:00, run_after=2021-01-05 00:00:00+00:00
[2025-02-11T14:59:37.510+0000] {processor.py:208} INFO - Processing /home/airflow/.local/lib/python3.12/site-packages/airflow/example_dags/example_workday_timetable.py took 0.307 seconds
[2025-02-11T15:00:12.615+0000] {processor.py:186} INFO - Started process (PID=267) to work on /home/airflow/.local/lib/python3.12/site-packages/airflow/example_dags/example_workday_timetable.py
[2025-02-11T15:00:12.621+0000] {processor.py:914} INFO - Processing file /home/airflow/.local/lib/python3.12/site-packages/airflow/example_dags/example_workday_timetable.py for tasks to queue
[2025-02-11T15:00:12.637+0000] {logging_mixin.py:190} INFO - [2025-02-11T15:00:12.637+0000] {dagbag.py:588} INFO - Filling up the DagBag from /home/airflow/.local/lib/python3.12/site-packages/airflow/example_dags/example_workday_timetable.py
[2025-02-11T15:00:12.660+0000] {processor.py:925} INFO - DAG(s) 'example_workday_timetable' retrieved from /home/airflow/.local/lib/python3.12/site-packages/airflow/example_dags/example_workday_timetable.py
[2025-02-11T15:00:12.772+0000] {logging_mixin.py:190} INFO - [2025-02-11T15:00:12.771+0000] {dag.py:3239} INFO - Sync 1 DAGs
[2025-02-11T15:00:13.186+0000] {logging_mixin.py:190} INFO - [2025-02-11T15:00:13.171+0000] {dag.py:4180} INFO - Setting next_dagrun for example_workday_timetable to 2021-01-04 00:00:00+00:00, run_after=2021-01-05 00:00:00+00:00
[2025-02-11T15:00:13.317+0000] {processor.py:208} INFO - Processing /home/airflow/.local/lib/python3.12/site-packages/airflow/example_dags/example_workday_timetable.py took 0.716 seconds
[2025-02-11T15:00:44.664+0000] {processor.py:186} INFO - Started process (PID=330) to work on /home/airflow/.local/lib/python3.12/site-packages/airflow/example_dags/example_workday_timetable.py
[2025-02-11T15:00:44.667+0000] {processor.py:914} INFO - Processing file /home/airflow/.local/lib/python3.12/site-packages/airflow/example_dags/example_workday_timetable.py for tasks to queue
[2025-02-11T15:00:44.673+0000] {logging_mixin.py:190} INFO - [2025-02-11T15:00:44.672+0000] {dagbag.py:588} INFO - Filling up the DagBag from /home/airflow/.local/lib/python3.12/site-packages/airflow/example_dags/example_workday_timetable.py
[2025-02-11T15:00:44.689+0000] {processor.py:925} INFO - DAG(s) 'example_workday_timetable' retrieved from /home/airflow/.local/lib/python3.12/site-packages/airflow/example_dags/example_workday_timetable.py
[2025-02-11T15:00:44.732+0000] {logging_mixin.py:190} INFO - [2025-02-11T15:00:44.732+0000] {dag.py:3239} INFO - Sync 1 DAGs
[2025-02-11T15:00:44.905+0000] {logging_mixin.py:190} INFO - [2025-02-11T15:00:44.904+0000] {dag.py:4180} INFO - Setting next_dagrun for example_workday_timetable to 2021-01-04 00:00:00+00:00, run_after=2021-01-05 00:00:00+00:00
[2025-02-11T15:00:44.945+0000] {processor.py:208} INFO - Processing /home/airflow/.local/lib/python3.12/site-packages/airflow/example_dags/example_workday_timetable.py took 0.296 seconds
[2025-02-11T15:01:17.399+0000] {processor.py:186} INFO - Started process (PID=393) to work on /home/airflow/.local/lib/python3.12/site-packages/airflow/example_dags/example_workday_timetable.py
[2025-02-11T15:01:17.405+0000] {processor.py:914} INFO - Processing file /home/airflow/.local/lib/python3.12/site-packages/airflow/example_dags/example_workday_timetable.py for tasks to queue
[2025-02-11T15:01:17.414+0000] {logging_mixin.py:190} INFO - [2025-02-11T15:01:17.413+0000] {dagbag.py:588} INFO - Filling up the DagBag from /home/airflow/.local/lib/python3.12/site-packages/airflow/example_dags/example_workday_timetable.py
[2025-02-11T15:01:17.432+0000] {processor.py:925} INFO - DAG(s) 'example_workday_timetable' retrieved from /home/airflow/.local/lib/python3.12/site-packages/airflow/example_dags/example_workday_timetable.py
[2025-02-11T15:01:17.477+0000] {logging_mixin.py:190} INFO - [2025-02-11T15:01:17.477+0000] {dag.py:3239} INFO - Sync 1 DAGs
[2025-02-11T15:01:17.668+0000] {logging_mixin.py:190} INFO - [2025-02-11T15:01:17.667+0000] {dag.py:4180} INFO - Setting next_dagrun for example_workday_timetable to 2021-01-04 00:00:00+00:00, run_after=2021-01-05 00:00:00+00:00
[2025-02-11T15:01:17.716+0000] {processor.py:208} INFO - Processing /home/airflow/.local/lib/python3.12/site-packages/airflow/example_dags/example_workday_timetable.py took 0.357 seconds
[2025-02-11T15:01:49.824+0000] {processor.py:186} INFO - Started process (PID=457) to work on /home/airflow/.local/lib/python3.12/site-packages/airflow/example_dags/example_workday_timetable.py
[2025-02-11T15:01:49.839+0000] {processor.py:914} INFO - Processing file /home/airflow/.local/lib/python3.12/site-packages/airflow/example_dags/example_workday_timetable.py for tasks to queue
[2025-02-11T15:01:49.855+0000] {logging_mixin.py:190} INFO - [2025-02-11T15:01:49.854+0000] {dagbag.py:588} INFO - Filling up the DagBag from /home/airflow/.local/lib/python3.12/site-packages/airflow/example_dags/example_workday_timetable.py
[2025-02-11T15:01:49.883+0000] {processor.py:925} INFO - DAG(s) 'example_workday_timetable' retrieved from /home/airflow/.local/lib/python3.12/site-packages/airflow/example_dags/example_workday_timetable.py
[2025-02-11T15:01:49.954+0000] {logging_mixin.py:190} INFO - [2025-02-11T15:01:49.954+0000] {dag.py:3239} INFO - Sync 1 DAGs
[2025-02-11T15:01:50.308+0000] {logging_mixin.py:190} INFO - [2025-02-11T15:01:50.307+0000] {dag.py:4180} INFO - Setting next_dagrun for example_workday_timetable to 2021-01-04 00:00:00+00:00, run_after=2021-01-05 00:00:00+00:00
[2025-02-11T15:01:50.363+0000] {processor.py:208} INFO - Processing /home/airflow/.local/lib/python3.12/site-packages/airflow/example_dags/example_workday_timetable.py took 0.589 seconds
[2025-02-11T15:02:29.085+0000] {processor.py:186} INFO - Started process (PID=529) to work on /home/airflow/.local/lib/python3.12/site-packages/airflow/example_dags/example_workday_timetable.py
[2025-02-11T15:02:29.090+0000] {processor.py:914} INFO - Processing file /home/airflow/.local/lib/python3.12/site-packages/airflow/example_dags/example_workday_timetable.py for tasks to queue
[2025-02-11T15:02:29.110+0000] {logging_mixin.py:190} INFO - [2025-02-11T15:02:29.107+0000] {dagbag.py:588} INFO - Filling up the DagBag from /home/airflow/.local/lib/python3.12/site-packages/airflow/example_dags/example_workday_timetable.py
[2025-02-11T15:02:29.138+0000] {processor.py:925} INFO - DAG(s) 'example_workday_timetable' retrieved from /home/airflow/.local/lib/python3.12/site-packages/airflow/example_dags/example_workday_timetable.py
[2025-02-11T15:02:29.230+0000] {logging_mixin.py:190} INFO - [2025-02-11T15:02:29.228+0000] {dag.py:3239} INFO - Sync 1 DAGs
[2025-02-11T15:02:29.811+0000] {logging_mixin.py:190} INFO - [2025-02-11T15:02:29.810+0000] {dag.py:4180} INFO - Setting next_dagrun for example_workday_timetable to 2021-01-04 00:00:00+00:00, run_after=2021-01-05 00:00:00+00:00
[2025-02-11T15:02:29.880+0000] {processor.py:208} INFO - Processing /home/airflow/.local/lib/python3.12/site-packages/airflow/example_dags/example_workday_timetable.py took 0.812 seconds
[2025-02-11T15:03:06.218+0000] {processor.py:186} INFO - Started process (PID=593) to work on /home/airflow/.local/lib/python3.12/site-packages/airflow/example_dags/example_workday_timetable.py
[2025-02-11T15:03:06.224+0000] {processor.py:914} INFO - Processing file /home/airflow/.local/lib/python3.12/site-packages/airflow/example_dags/example_workday_timetable.py for tasks to queue
[2025-02-11T15:03:06.242+0000] {logging_mixin.py:190} INFO - [2025-02-11T15:03:06.233+0000] {dagbag.py:588} INFO - Filling up the DagBag from /home/airflow/.local/lib/python3.12/site-packages/airflow/example_dags/example_workday_timetable.py
[2025-02-11T15:03:06.264+0000] {processor.py:925} INFO - DAG(s) 'example_workday_timetable' retrieved from /home/airflow/.local/lib/python3.12/site-packages/airflow/example_dags/example_workday_timetable.py
[2025-02-11T15:03:06.364+0000] {logging_mixin.py:190} INFO - [2025-02-11T15:03:06.364+0000] {dag.py:3239} INFO - Sync 1 DAGs
[2025-02-11T15:03:06.589+0000] {logging_mixin.py:190} INFO - [2025-02-11T15:03:06.588+0000] {dag.py:4180} INFO - Setting next_dagrun for example_workday_timetable to 2021-01-04 00:00:00+00:00, run_after=2021-01-05 00:00:00+00:00
[2025-02-11T15:03:06.627+0000] {processor.py:208} INFO - Processing /home/airflow/.local/lib/python3.12/site-packages/airflow/example_dags/example_workday_timetable.py took 0.457 seconds
