[2025-02-11T14:58:15.446+0000] {processor.py:186} INFO - Started process (PID=64) to work on /home/airflow/.local/lib/python3.12/site-packages/airflow/example_dags/example_task_group_decorator.py
[2025-02-11T14:58:15.452+0000] {processor.py:914} INFO - Processing file /home/airflow/.local/lib/python3.12/site-packages/airflow/example_dags/example_task_group_decorator.py for tasks to queue
[2025-02-11T14:58:15.471+0000] {logging_mixin.py:190} INFO - [2025-02-11T14:58:15.467+0000] {dagbag.py:588} INFO - Filling up the DagBag from /home/airflow/.local/lib/python3.12/site-packages/airflow/example_dags/example_task_group_decorator.py
[2025-02-11T14:58:15.534+0000] {processor.py:925} INFO - DAG(s) 'example_task_group_decorator' retrieved from /home/airflow/.local/lib/python3.12/site-packages/airflow/example_dags/example_task_group_decorator.py
[2025-02-11T14:58:16.283+0000] {logging_mixin.py:190} INFO - [2025-02-11T14:58:16.281+0000] {override.py:1911} INFO - Created Permission View: can edit on DAG:example_task_group_decorator
[2025-02-11T14:58:16.329+0000] {logging_mixin.py:190} INFO - [2025-02-11T14:58:16.328+0000] {override.py:1911} INFO - Created Permission View: can read on DAG:example_task_group_decorator
[2025-02-11T14:58:16.356+0000] {logging_mixin.py:190} INFO - [2025-02-11T14:58:16.355+0000] {override.py:1911} INFO - Created Permission View: can delete on DAG:example_task_group_decorator
[2025-02-11T14:58:16.476+0000] {logging_mixin.py:190} INFO - [2025-02-11T14:58:16.475+0000] {override.py:1911} INFO - Created Permission View: can create on DAG Run:example_task_group_decorator
[2025-02-11T14:58:16.575+0000] {logging_mixin.py:190} INFO - [2025-02-11T14:58:16.574+0000] {override.py:1911} INFO - Created Permission View: menu access on DAG Run:example_task_group_decorator
[2025-02-11T14:58:16.620+0000] {logging_mixin.py:190} INFO - [2025-02-11T14:58:16.618+0000] {override.py:1911} INFO - Created Permission View: can read on DAG Run:example_task_group_decorator
[2025-02-11T14:58:16.675+0000] {logging_mixin.py:190} INFO - [2025-02-11T14:58:16.668+0000] {override.py:1911} INFO - Created Permission View: can delete on DAG Run:example_task_group_decorator
[2025-02-11T14:58:16.679+0000] {logging_mixin.py:190} INFO - [2025-02-11T14:58:16.678+0000] {dag.py:3239} INFO - Sync 1 DAGs
[2025-02-11T14:58:16.720+0000] {logging_mixin.py:190} INFO - [2025-02-11T14:58:16.719+0000] {dag.py:3262} INFO - Creating ORM DAG for example_task_group_decorator
[2025-02-11T14:58:16.725+0000] {logging_mixin.py:190} INFO - [2025-02-11T14:58:16.724+0000] {dag.py:4180} INFO - Setting next_dagrun for example_task_group_decorator to None, run_after=None
[2025-02-11T14:58:16.777+0000] {processor.py:208} INFO - Processing /home/airflow/.local/lib/python3.12/site-packages/airflow/example_dags/example_task_group_decorator.py took 1.361 seconds
[2025-02-11T14:59:02.206+0000] {processor.py:186} INFO - Started process (PID=128) to work on /home/airflow/.local/lib/python3.12/site-packages/airflow/example_dags/example_task_group_decorator.py
[2025-02-11T14:59:02.210+0000] {processor.py:914} INFO - Processing file /home/airflow/.local/lib/python3.12/site-packages/airflow/example_dags/example_task_group_decorator.py for tasks to queue
[2025-02-11T14:59:02.225+0000] {logging_mixin.py:190} INFO - [2025-02-11T14:59:02.218+0000] {dagbag.py:588} INFO - Filling up the DagBag from /home/airflow/.local/lib/python3.12/site-packages/airflow/example_dags/example_task_group_decorator.py
[2025-02-11T14:59:02.418+0000] {processor.py:925} INFO - DAG(s) 'example_task_group_decorator' retrieved from /home/airflow/.local/lib/python3.12/site-packages/airflow/example_dags/example_task_group_decorator.py
[2025-02-11T14:59:02.602+0000] {logging_mixin.py:190} INFO - [2025-02-11T14:59:02.601+0000] {dag.py:3239} INFO - Sync 1 DAGs
[2025-02-11T14:59:02.668+0000] {logging_mixin.py:190} INFO - [2025-02-11T14:59:02.667+0000] {dag.py:4180} INFO - Setting next_dagrun for example_task_group_decorator to None, run_after=None
[2025-02-11T14:59:02.735+0000] {processor.py:208} INFO - Processing /home/airflow/.local/lib/python3.12/site-packages/airflow/example_dags/example_task_group_decorator.py took 0.542 seconds
[2025-02-11T14:59:34.613+0000] {processor.py:186} INFO - Started process (PID=191) to work on /home/airflow/.local/lib/python3.12/site-packages/airflow/example_dags/example_task_group_decorator.py
[2025-02-11T14:59:34.627+0000] {processor.py:914} INFO - Processing file /home/airflow/.local/lib/python3.12/site-packages/airflow/example_dags/example_task_group_decorator.py for tasks to queue
[2025-02-11T14:59:34.639+0000] {logging_mixin.py:190} INFO - [2025-02-11T14:59:34.637+0000] {dagbag.py:588} INFO - Filling up the DagBag from /home/airflow/.local/lib/python3.12/site-packages/airflow/example_dags/example_task_group_decorator.py
[2025-02-11T14:59:34.684+0000] {processor.py:925} INFO - DAG(s) 'example_task_group_decorator' retrieved from /home/airflow/.local/lib/python3.12/site-packages/airflow/example_dags/example_task_group_decorator.py
[2025-02-11T14:59:34.744+0000] {logging_mixin.py:190} INFO - [2025-02-11T14:59:34.743+0000] {dag.py:3239} INFO - Sync 1 DAGs
[2025-02-11T14:59:34.784+0000] {logging_mixin.py:190} INFO - [2025-02-11T14:59:34.784+0000] {dag.py:4180} INFO - Setting next_dagrun for example_task_group_decorator to None, run_after=None
[2025-02-11T14:59:34.848+0000] {processor.py:208} INFO - Processing /home/airflow/.local/lib/python3.12/site-packages/airflow/example_dags/example_task_group_decorator.py took 0.251 seconds
[2025-02-11T15:00:05.043+0000] {processor.py:186} INFO - Started process (PID=254) to work on /home/airflow/.local/lib/python3.12/site-packages/airflow/example_dags/example_task_group_decorator.py
[2025-02-11T15:00:05.047+0000] {processor.py:914} INFO - Processing file /home/airflow/.local/lib/python3.12/site-packages/airflow/example_dags/example_task_group_decorator.py for tasks to queue
[2025-02-11T15:00:05.068+0000] {logging_mixin.py:190} INFO - [2025-02-11T15:00:05.067+0000] {dagbag.py:588} INFO - Filling up the DagBag from /home/airflow/.local/lib/python3.12/site-packages/airflow/example_dags/example_task_group_decorator.py
[2025-02-11T15:00:05.127+0000] {processor.py:925} INFO - DAG(s) 'example_task_group_decorator' retrieved from /home/airflow/.local/lib/python3.12/site-packages/airflow/example_dags/example_task_group_decorator.py
[2025-02-11T15:00:05.244+0000] {logging_mixin.py:190} INFO - [2025-02-11T15:00:05.244+0000] {dag.py:3239} INFO - Sync 1 DAGs
[2025-02-11T15:00:05.288+0000] {logging_mixin.py:190} INFO - [2025-02-11T15:00:05.288+0000] {dag.py:4180} INFO - Setting next_dagrun for example_task_group_decorator to None, run_after=None
[2025-02-11T15:00:05.347+0000] {processor.py:208} INFO - Processing /home/airflow/.local/lib/python3.12/site-packages/airflow/example_dags/example_task_group_decorator.py took 0.333 seconds
[2025-02-11T15:00:36.154+0000] {processor.py:186} INFO - Started process (PID=316) to work on /home/airflow/.local/lib/python3.12/site-packages/airflow/example_dags/example_task_group_decorator.py
[2025-02-11T15:00:36.160+0000] {processor.py:914} INFO - Processing file /home/airflow/.local/lib/python3.12/site-packages/airflow/example_dags/example_task_group_decorator.py for tasks to queue
[2025-02-11T15:00:36.175+0000] {logging_mixin.py:190} INFO - [2025-02-11T15:00:36.172+0000] {dagbag.py:588} INFO - Filling up the DagBag from /home/airflow/.local/lib/python3.12/site-packages/airflow/example_dags/example_task_group_decorator.py
[2025-02-11T15:00:36.242+0000] {processor.py:925} INFO - DAG(s) 'example_task_group_decorator' retrieved from /home/airflow/.local/lib/python3.12/site-packages/airflow/example_dags/example_task_group_decorator.py
[2025-02-11T15:00:36.323+0000] {logging_mixin.py:190} INFO - [2025-02-11T15:00:36.323+0000] {dag.py:3239} INFO - Sync 1 DAGs
[2025-02-11T15:00:36.363+0000] {logging_mixin.py:190} INFO - [2025-02-11T15:00:36.362+0000] {dag.py:4180} INFO - Setting next_dagrun for example_task_group_decorator to None, run_after=None
[2025-02-11T15:00:36.426+0000] {processor.py:208} INFO - Processing /home/airflow/.local/lib/python3.12/site-packages/airflow/example_dags/example_task_group_decorator.py took 0.291 seconds
[2025-02-11T15:01:06.632+0000] {processor.py:186} INFO - Started process (PID=379) to work on /home/airflow/.local/lib/python3.12/site-packages/airflow/example_dags/example_task_group_decorator.py
[2025-02-11T15:01:06.637+0000] {processor.py:914} INFO - Processing file /home/airflow/.local/lib/python3.12/site-packages/airflow/example_dags/example_task_group_decorator.py for tasks to queue
[2025-02-11T15:01:06.646+0000] {logging_mixin.py:190} INFO - [2025-02-11T15:01:06.645+0000] {dagbag.py:588} INFO - Filling up the DagBag from /home/airflow/.local/lib/python3.12/site-packages/airflow/example_dags/example_task_group_decorator.py
[2025-02-11T15:01:06.697+0000] {processor.py:925} INFO - DAG(s) 'example_task_group_decorator' retrieved from /home/airflow/.local/lib/python3.12/site-packages/airflow/example_dags/example_task_group_decorator.py
[2025-02-11T15:01:06.800+0000] {logging_mixin.py:190} INFO - [2025-02-11T15:01:06.799+0000] {dag.py:3239} INFO - Sync 1 DAGs
[2025-02-11T15:01:06.859+0000] {logging_mixin.py:190} INFO - [2025-02-11T15:01:06.858+0000] {dag.py:4180} INFO - Setting next_dagrun for example_task_group_decorator to None, run_after=None
[2025-02-11T15:01:06.923+0000] {processor.py:208} INFO - Processing /home/airflow/.local/lib/python3.12/site-packages/airflow/example_dags/example_task_group_decorator.py took 0.308 seconds
[2025-02-11T15:01:37.313+0000] {processor.py:186} INFO - Started process (PID=442) to work on /home/airflow/.local/lib/python3.12/site-packages/airflow/example_dags/example_task_group_decorator.py
[2025-02-11T15:01:37.318+0000] {processor.py:914} INFO - Processing file /home/airflow/.local/lib/python3.12/site-packages/airflow/example_dags/example_task_group_decorator.py for tasks to queue
[2025-02-11T15:01:37.372+0000] {logging_mixin.py:190} INFO - [2025-02-11T15:01:37.371+0000] {dagbag.py:588} INFO - Filling up the DagBag from /home/airflow/.local/lib/python3.12/site-packages/airflow/example_dags/example_task_group_decorator.py
[2025-02-11T15:01:37.454+0000] {processor.py:925} INFO - DAG(s) 'example_task_group_decorator' retrieved from /home/airflow/.local/lib/python3.12/site-packages/airflow/example_dags/example_task_group_decorator.py
[2025-02-11T15:01:37.728+0000] {logging_mixin.py:190} INFO - [2025-02-11T15:01:37.727+0000] {dag.py:3239} INFO - Sync 1 DAGs
[2025-02-11T15:01:38.094+0000] {logging_mixin.py:190} INFO - [2025-02-11T15:01:38.092+0000] {dag.py:4180} INFO - Setting next_dagrun for example_task_group_decorator to None, run_after=None
[2025-02-11T15:01:38.328+0000] {processor.py:208} INFO - Processing /home/airflow/.local/lib/python3.12/site-packages/airflow/example_dags/example_task_group_decorator.py took 1.032 seconds
[2025-02-11T15:02:10.677+0000] {processor.py:186} INFO - Started process (PID=505) to work on /home/airflow/.local/lib/python3.12/site-packages/airflow/example_dags/example_task_group_decorator.py
[2025-02-11T15:02:10.695+0000] {processor.py:914} INFO - Processing file /home/airflow/.local/lib/python3.12/site-packages/airflow/example_dags/example_task_group_decorator.py for tasks to queue
[2025-02-11T15:02:10.734+0000] {logging_mixin.py:190} INFO - [2025-02-11T15:02:10.731+0000] {dagbag.py:588} INFO - Filling up the DagBag from /home/airflow/.local/lib/python3.12/site-packages/airflow/example_dags/example_task_group_decorator.py
[2025-02-11T15:02:10.868+0000] {processor.py:925} INFO - DAG(s) 'example_task_group_decorator' retrieved from /home/airflow/.local/lib/python3.12/site-packages/airflow/example_dags/example_task_group_decorator.py
[2025-02-11T15:02:11.119+0000] {logging_mixin.py:190} INFO - [2025-02-11T15:02:11.117+0000] {dag.py:3239} INFO - Sync 1 DAGs
[2025-02-11T15:02:11.171+0000] {logging_mixin.py:190} INFO - [2025-02-11T15:02:11.170+0000] {dag.py:4180} INFO - Setting next_dagrun for example_task_group_decorator to None, run_after=None
[2025-02-11T15:02:11.273+0000] {processor.py:208} INFO - Processing /home/airflow/.local/lib/python3.12/site-packages/airflow/example_dags/example_task_group_decorator.py took 0.666 seconds
[2025-02-11T15:02:56.463+0000] {processor.py:186} INFO - Started process (PID=579) to work on /home/airflow/.local/lib/python3.12/site-packages/airflow/example_dags/example_task_group_decorator.py
[2025-02-11T15:02:56.470+0000] {processor.py:914} INFO - Processing file /home/airflow/.local/lib/python3.12/site-packages/airflow/example_dags/example_task_group_decorator.py for tasks to queue
[2025-02-11T15:02:56.479+0000] {logging_mixin.py:190} INFO - [2025-02-11T15:02:56.477+0000] {dagbag.py:588} INFO - Filling up the DagBag from /home/airflow/.local/lib/python3.12/site-packages/airflow/example_dags/example_task_group_decorator.py
[2025-02-11T15:02:56.663+0000] {processor.py:925} INFO - DAG(s) 'example_task_group_decorator' retrieved from /home/airflow/.local/lib/python3.12/site-packages/airflow/example_dags/example_task_group_decorator.py
[2025-02-11T15:02:56.767+0000] {logging_mixin.py:190} INFO - [2025-02-11T15:02:56.767+0000] {dag.py:3239} INFO - Sync 1 DAGs
[2025-02-11T15:02:56.843+0000] {logging_mixin.py:190} INFO - [2025-02-11T15:02:56.840+0000] {dag.py:4180} INFO - Setting next_dagrun for example_task_group_decorator to None, run_after=None
[2025-02-11T15:02:56.942+0000] {processor.py:208} INFO - Processing /home/airflow/.local/lib/python3.12/site-packages/airflow/example_dags/example_task_group_decorator.py took 0.513 seconds
