[2025-02-11T14:58:34.693+0000] {processor.py:186} INFO - Started process (PID=86) to work on /home/airflow/.local/lib/python3.12/site-packages/airflow/example_dags/example_sensors.py
[2025-02-11T14:58:34.697+0000] {processor.py:914} INFO - Processing file /home/airflow/.local/lib/python3.12/site-packages/airflow/example_dags/example_sensors.py for tasks to queue
[2025-02-11T14:58:34.713+0000] {logging_mixin.py:190} INFO - [2025-02-11T14:58:34.711+0000] {dagbag.py:588} INFO - Filling up the DagBag from /home/airflow/.local/lib/python3.12/site-packages/airflow/example_dags/example_sensors.py
[2025-02-11T14:58:34.806+0000] {processor.py:925} INFO - DAG(s) 'example_sensors' retrieved from /home/airflow/.local/lib/python3.12/site-packages/airflow/example_dags/example_sensors.py
[2025-02-11T14:58:35.185+0000] {logging_mixin.py:190} INFO - [2025-02-11T14:58:35.183+0000] {override.py:1911} INFO - Created Permission View: can edit on DAG:example_sensors
[2025-02-11T14:58:35.245+0000] {logging_mixin.py:190} INFO - [2025-02-11T14:58:35.244+0000] {override.py:1911} INFO - Created Permission View: can read on DAG:example_sensors
[2025-02-11T14:58:35.261+0000] {logging_mixin.py:190} INFO - [2025-02-11T14:58:35.261+0000] {override.py:1911} INFO - Created Permission View: can delete on DAG:example_sensors
[2025-02-11T14:58:35.278+0000] {logging_mixin.py:190} INFO - [2025-02-11T14:58:35.278+0000] {override.py:1911} INFO - Created Permission View: can create on DAG Run:example_sensors
[2025-02-11T14:58:35.309+0000] {logging_mixin.py:190} INFO - [2025-02-11T14:58:35.308+0000] {override.py:1911} INFO - Created Permission View: menu access on DAG Run:example_sensors
[2025-02-11T14:58:35.325+0000] {logging_mixin.py:190} INFO - [2025-02-11T14:58:35.324+0000] {override.py:1911} INFO - Created Permission View: can read on DAG Run:example_sensors
[2025-02-11T14:58:35.347+0000] {logging_mixin.py:190} INFO - [2025-02-11T14:58:35.346+0000] {override.py:1911} INFO - Created Permission View: can delete on DAG Run:example_sensors
[2025-02-11T14:58:35.352+0000] {logging_mixin.py:190} INFO - [2025-02-11T14:58:35.351+0000] {dag.py:3239} INFO - Sync 1 DAGs
[2025-02-11T14:58:35.396+0000] {logging_mixin.py:190} INFO - [2025-02-11T14:58:35.395+0000] {dag.py:3262} INFO - Creating ORM DAG for example_sensors
[2025-02-11T14:58:35.406+0000] {logging_mixin.py:190} INFO - [2025-02-11T14:58:35.405+0000] {dag.py:4180} INFO - Setting next_dagrun for example_sensors to None, run_after=None
[2025-02-11T14:58:35.472+0000] {processor.py:208} INFO - Processing /home/airflow/.local/lib/python3.12/site-packages/airflow/example_dags/example_sensors.py took 0.800 seconds
[2025-02-11T14:59:07.741+0000] {processor.py:186} INFO - Started process (PID=150) to work on /home/airflow/.local/lib/python3.12/site-packages/airflow/example_dags/example_sensors.py
[2025-02-11T14:59:07.747+0000] {processor.py:914} INFO - Processing file /home/airflow/.local/lib/python3.12/site-packages/airflow/example_dags/example_sensors.py for tasks to queue
[2025-02-11T14:59:07.754+0000] {logging_mixin.py:190} INFO - [2025-02-11T14:59:07.754+0000] {dagbag.py:588} INFO - Filling up the DagBag from /home/airflow/.local/lib/python3.12/site-packages/airflow/example_dags/example_sensors.py
[2025-02-11T14:59:07.794+0000] {processor.py:925} INFO - DAG(s) 'example_sensors' retrieved from /home/airflow/.local/lib/python3.12/site-packages/airflow/example_dags/example_sensors.py
[2025-02-11T14:59:07.874+0000] {logging_mixin.py:190} INFO - [2025-02-11T14:59:07.873+0000] {dag.py:3239} INFO - Sync 1 DAGs
[2025-02-11T14:59:07.922+0000] {logging_mixin.py:190} INFO - [2025-02-11T14:59:07.922+0000] {dag.py:4180} INFO - Setting next_dagrun for example_sensors to None, run_after=None
[2025-02-11T14:59:07.972+0000] {processor.py:208} INFO - Processing /home/airflow/.local/lib/python3.12/site-packages/airflow/example_dags/example_sensors.py took 0.249 seconds
[2025-02-11T14:59:39.014+0000] {processor.py:186} INFO - Started process (PID=213) to work on /home/airflow/.local/lib/python3.12/site-packages/airflow/example_dags/example_sensors.py
[2025-02-11T14:59:39.018+0000] {processor.py:914} INFO - Processing file /home/airflow/.local/lib/python3.12/site-packages/airflow/example_dags/example_sensors.py for tasks to queue
[2025-02-11T14:59:39.025+0000] {logging_mixin.py:190} INFO - [2025-02-11T14:59:39.024+0000] {dagbag.py:588} INFO - Filling up the DagBag from /home/airflow/.local/lib/python3.12/site-packages/airflow/example_dags/example_sensors.py
[2025-02-11T14:59:39.055+0000] {processor.py:925} INFO - DAG(s) 'example_sensors' retrieved from /home/airflow/.local/lib/python3.12/site-packages/airflow/example_dags/example_sensors.py
[2025-02-11T14:59:39.124+0000] {logging_mixin.py:190} INFO - [2025-02-11T14:59:39.124+0000] {dag.py:3239} INFO - Sync 1 DAGs
[2025-02-11T14:59:39.157+0000] {logging_mixin.py:190} INFO - [2025-02-11T14:59:39.156+0000] {dag.py:4180} INFO - Setting next_dagrun for example_sensors to None, run_after=None
[2025-02-11T14:59:39.207+0000] {processor.py:208} INFO - Processing /home/airflow/.local/lib/python3.12/site-packages/airflow/example_dags/example_sensors.py took 0.209 seconds
[2025-02-11T15:00:15.155+0000] {processor.py:186} INFO - Started process (PID=277) to work on /home/airflow/.local/lib/python3.12/site-packages/airflow/example_dags/example_sensors.py
[2025-02-11T15:00:15.159+0000] {processor.py:914} INFO - Processing file /home/airflow/.local/lib/python3.12/site-packages/airflow/example_dags/example_sensors.py for tasks to queue
[2025-02-11T15:00:15.166+0000] {logging_mixin.py:190} INFO - [2025-02-11T15:00:15.165+0000] {dagbag.py:588} INFO - Filling up the DagBag from /home/airflow/.local/lib/python3.12/site-packages/airflow/example_dags/example_sensors.py
[2025-02-11T15:00:15.206+0000] {processor.py:925} INFO - DAG(s) 'example_sensors' retrieved from /home/airflow/.local/lib/python3.12/site-packages/airflow/example_dags/example_sensors.py
[2025-02-11T15:00:15.422+0000] {logging_mixin.py:190} INFO - [2025-02-11T15:00:15.420+0000] {dag.py:3239} INFO - Sync 1 DAGs
[2025-02-11T15:00:15.613+0000] {logging_mixin.py:190} INFO - [2025-02-11T15:00:15.612+0000] {dag.py:4180} INFO - Setting next_dagrun for example_sensors to None, run_after=None
[2025-02-11T15:00:15.793+0000] {processor.py:208} INFO - Processing /home/airflow/.local/lib/python3.12/site-packages/airflow/example_dags/example_sensors.py took 0.658 seconds
[2025-02-11T15:00:46.934+0000] {processor.py:186} INFO - Started process (PID=340) to work on /home/airflow/.local/lib/python3.12/site-packages/airflow/example_dags/example_sensors.py
[2025-02-11T15:00:46.937+0000] {processor.py:914} INFO - Processing file /home/airflow/.local/lib/python3.12/site-packages/airflow/example_dags/example_sensors.py for tasks to queue
[2025-02-11T15:00:46.943+0000] {logging_mixin.py:190} INFO - [2025-02-11T15:00:46.942+0000] {dagbag.py:588} INFO - Filling up the DagBag from /home/airflow/.local/lib/python3.12/site-packages/airflow/example_dags/example_sensors.py
[2025-02-11T15:00:46.972+0000] {processor.py:925} INFO - DAG(s) 'example_sensors' retrieved from /home/airflow/.local/lib/python3.12/site-packages/airflow/example_dags/example_sensors.py
[2025-02-11T15:00:47.038+0000] {logging_mixin.py:190} INFO - [2025-02-11T15:00:47.037+0000] {dag.py:3239} INFO - Sync 1 DAGs
[2025-02-11T15:00:47.083+0000] {logging_mixin.py:190} INFO - [2025-02-11T15:00:47.083+0000] {dag.py:4180} INFO - Setting next_dagrun for example_sensors to None, run_after=None
[2025-02-11T15:00:47.140+0000] {processor.py:208} INFO - Processing /home/airflow/.local/lib/python3.12/site-packages/airflow/example_dags/example_sensors.py took 0.221 seconds
[2025-02-11T15:01:19.166+0000] {processor.py:186} INFO - Started process (PID=403) to work on /home/airflow/.local/lib/python3.12/site-packages/airflow/example_dags/example_sensors.py
[2025-02-11T15:01:19.169+0000] {processor.py:914} INFO - Processing file /home/airflow/.local/lib/python3.12/site-packages/airflow/example_dags/example_sensors.py for tasks to queue
[2025-02-11T15:01:19.186+0000] {logging_mixin.py:190} INFO - [2025-02-11T15:01:19.183+0000] {dagbag.py:588} INFO - Filling up the DagBag from /home/airflow/.local/lib/python3.12/site-packages/airflow/example_dags/example_sensors.py
[2025-02-11T15:01:19.307+0000] {processor.py:925} INFO - DAG(s) 'example_sensors' retrieved from /home/airflow/.local/lib/python3.12/site-packages/airflow/example_dags/example_sensors.py
[2025-02-11T15:01:19.434+0000] {logging_mixin.py:190} INFO - [2025-02-11T15:01:19.433+0000] {dag.py:3239} INFO - Sync 1 DAGs
[2025-02-11T15:01:19.505+0000] {logging_mixin.py:190} INFO - [2025-02-11T15:01:19.505+0000] {dag.py:4180} INFO - Setting next_dagrun for example_sensors to None, run_after=None
[2025-02-11T15:01:19.588+0000] {processor.py:208} INFO - Processing /home/airflow/.local/lib/python3.12/site-packages/airflow/example_dags/example_sensors.py took 0.439 seconds
[2025-02-11T15:01:53.665+0000] {processor.py:186} INFO - Started process (PID=474) to work on /home/airflow/.local/lib/python3.12/site-packages/airflow/example_dags/example_sensors.py
[2025-02-11T15:01:53.675+0000] {processor.py:914} INFO - Processing file /home/airflow/.local/lib/python3.12/site-packages/airflow/example_dags/example_sensors.py for tasks to queue
[2025-02-11T15:01:53.695+0000] {logging_mixin.py:190} INFO - [2025-02-11T15:01:53.689+0000] {dagbag.py:588} INFO - Filling up the DagBag from /home/airflow/.local/lib/python3.12/site-packages/airflow/example_dags/example_sensors.py
[2025-02-11T15:01:53.806+0000] {processor.py:925} INFO - DAG(s) 'example_sensors' retrieved from /home/airflow/.local/lib/python3.12/site-packages/airflow/example_dags/example_sensors.py
[2025-02-11T15:01:54.082+0000] {logging_mixin.py:190} INFO - [2025-02-11T15:01:54.080+0000] {dag.py:3239} INFO - Sync 1 DAGs
[2025-02-11T15:01:54.345+0000] {logging_mixin.py:190} INFO - [2025-02-11T15:01:54.344+0000] {dag.py:4180} INFO - Setting next_dagrun for example_sensors to None, run_after=None
[2025-02-11T15:01:54.471+0000] {processor.py:208} INFO - Processing /home/airflow/.local/lib/python3.12/site-packages/airflow/example_dags/example_sensors.py took 0.863 seconds
[2025-02-11T15:02:38.188+0000] {processor.py:186} INFO - Started process (PID=539) to work on /home/airflow/.local/lib/python3.12/site-packages/airflow/example_dags/example_sensors.py
[2025-02-11T15:02:38.195+0000] {processor.py:914} INFO - Processing file /home/airflow/.local/lib/python3.12/site-packages/airflow/example_dags/example_sensors.py for tasks to queue
[2025-02-11T15:02:38.209+0000] {logging_mixin.py:190} INFO - [2025-02-11T15:02:38.207+0000] {dagbag.py:588} INFO - Filling up the DagBag from /home/airflow/.local/lib/python3.12/site-packages/airflow/example_dags/example_sensors.py
[2025-02-11T15:02:38.305+0000] {processor.py:925} INFO - DAG(s) 'example_sensors' retrieved from /home/airflow/.local/lib/python3.12/site-packages/airflow/example_dags/example_sensors.py
[2025-02-11T15:02:38.534+0000] {logging_mixin.py:190} INFO - [2025-02-11T15:02:38.527+0000] {dag.py:3239} INFO - Sync 1 DAGs
[2025-02-11T15:02:38.717+0000] {logging_mixin.py:190} INFO - [2025-02-11T15:02:38.715+0000] {dag.py:4180} INFO - Setting next_dagrun for example_sensors to None, run_after=None
[2025-02-11T15:02:38.906+0000] {processor.py:208} INFO - Processing /home/airflow/.local/lib/python3.12/site-packages/airflow/example_dags/example_sensors.py took 0.758 seconds
[2025-02-11T15:03:10.947+0000] {processor.py:186} INFO - Started process (PID=604) to work on /home/airflow/.local/lib/python3.12/site-packages/airflow/example_dags/example_sensors.py
[2025-02-11T15:03:10.991+0000] {processor.py:914} INFO - Processing file /home/airflow/.local/lib/python3.12/site-packages/airflow/example_dags/example_sensors.py for tasks to queue
[2025-02-11T15:03:10.998+0000] {logging_mixin.py:190} INFO - [2025-02-11T15:03:10.997+0000] {dagbag.py:588} INFO - Filling up the DagBag from /home/airflow/.local/lib/python3.12/site-packages/airflow/example_dags/example_sensors.py
[2025-02-11T15:03:11.067+0000] {processor.py:925} INFO - DAG(s) 'example_sensors' retrieved from /home/airflow/.local/lib/python3.12/site-packages/airflow/example_dags/example_sensors.py
[2025-02-11T15:03:11.158+0000] {logging_mixin.py:190} INFO - [2025-02-11T15:03:11.157+0000] {dag.py:3239} INFO - Sync 1 DAGs
[2025-02-11T15:03:11.209+0000] {logging_mixin.py:190} INFO - [2025-02-11T15:03:11.208+0000] {dag.py:4180} INFO - Setting next_dagrun for example_sensors to None, run_after=None
[2025-02-11T15:03:11.376+0000] {processor.py:208} INFO - Processing /home/airflow/.local/lib/python3.12/site-packages/airflow/example_dags/example_sensors.py took 0.506 seconds
