[2025-02-11T14:58:22.179+0000] {processor.py:186} INFO - Started process (PID=67) to work on /home/airflow/.local/lib/python3.12/site-packages/airflow/example_dags/example_dag_decorator.py
[2025-02-11T14:58:22.184+0000] {processor.py:914} INFO - Processing file /home/airflow/.local/lib/python3.12/site-packages/airflow/example_dags/example_dag_decorator.py for tasks to queue
[2025-02-11T14:58:22.191+0000] {logging_mixin.py:190} INFO - [2025-02-11T14:58:22.191+0000] {dagbag.py:588} INFO - Filling up the DagBag from /home/airflow/.local/lib/python3.12/site-packages/airflow/example_dags/example_dag_decorator.py
[2025-02-11T14:58:22.241+0000] {processor.py:925} INFO - DAG(s) 'example_dag_decorator' retrieved from /home/airflow/.local/lib/python3.12/site-packages/airflow/example_dags/example_dag_decorator.py
[2025-02-11T14:58:22.664+0000] {logging_mixin.py:190} INFO - [2025-02-11T14:58:22.663+0000] {override.py:1911} INFO - Created Permission View: can edit on DAG:example_dag_decorator
[2025-02-11T14:58:22.688+0000] {logging_mixin.py:190} INFO - [2025-02-11T14:58:22.687+0000] {override.py:1911} INFO - Created Permission View: can read on DAG:example_dag_decorator
[2025-02-11T14:58:22.713+0000] {logging_mixin.py:190} INFO - [2025-02-11T14:58:22.713+0000] {override.py:1911} INFO - Created Permission View: can delete on DAG:example_dag_decorator
[2025-02-11T14:58:22.732+0000] {logging_mixin.py:190} INFO - [2025-02-11T14:58:22.731+0000] {override.py:1911} INFO - Created Permission View: can create on DAG Run:example_dag_decorator
[2025-02-11T14:58:22.750+0000] {logging_mixin.py:190} INFO - [2025-02-11T14:58:22.748+0000] {override.py:1911} INFO - Created Permission View: menu access on DAG Run:example_dag_decorator
[2025-02-11T14:58:22.773+0000] {logging_mixin.py:190} INFO - [2025-02-11T14:58:22.772+0000] {override.py:1911} INFO - Created Permission View: can read on DAG Run:example_dag_decorator
[2025-02-11T14:58:22.795+0000] {logging_mixin.py:190} INFO - [2025-02-11T14:58:22.795+0000] {override.py:1911} INFO - Created Permission View: can delete on DAG Run:example_dag_decorator
[2025-02-11T14:58:22.798+0000] {logging_mixin.py:190} INFO - [2025-02-11T14:58:22.798+0000] {dag.py:3239} INFO - Sync 1 DAGs
[2025-02-11T14:58:22.832+0000] {logging_mixin.py:190} INFO - [2025-02-11T14:58:22.832+0000] {dag.py:3262} INFO - Creating ORM DAG for example_dag_decorator
[2025-02-11T14:58:22.853+0000] {logging_mixin.py:190} INFO - [2025-02-11T14:58:22.850+0000] {dag.py:4180} INFO - Setting next_dagrun for example_dag_decorator to None, run_after=None
[2025-02-11T14:58:22.907+0000] {processor.py:208} INFO - Processing /home/airflow/.local/lib/python3.12/site-packages/airflow/example_dags/example_dag_decorator.py took 0.747 seconds
[2025-02-11T14:59:03.064+0000] {processor.py:186} INFO - Started process (PID=131) to work on /home/airflow/.local/lib/python3.12/site-packages/airflow/example_dags/example_dag_decorator.py
[2025-02-11T14:59:03.070+0000] {processor.py:914} INFO - Processing file /home/airflow/.local/lib/python3.12/site-packages/airflow/example_dags/example_dag_decorator.py for tasks to queue
[2025-02-11T14:59:03.078+0000] {logging_mixin.py:190} INFO - [2025-02-11T14:59:03.077+0000] {dagbag.py:588} INFO - Filling up the DagBag from /home/airflow/.local/lib/python3.12/site-packages/airflow/example_dags/example_dag_decorator.py
[2025-02-11T14:59:03.118+0000] {processor.py:925} INFO - DAG(s) 'example_dag_decorator' retrieved from /home/airflow/.local/lib/python3.12/site-packages/airflow/example_dags/example_dag_decorator.py
[2025-02-11T14:59:03.544+0000] {logging_mixin.py:190} INFO - [2025-02-11T14:59:03.543+0000] {dag.py:3239} INFO - Sync 1 DAGs
[2025-02-11T14:59:03.596+0000] {logging_mixin.py:190} INFO - [2025-02-11T14:59:03.596+0000] {dag.py:4180} INFO - Setting next_dagrun for example_dag_decorator to None, run_after=None
[2025-02-11T14:59:03.672+0000] {processor.py:208} INFO - Processing /home/airflow/.local/lib/python3.12/site-packages/airflow/example_dags/example_dag_decorator.py took 0.626 seconds
[2025-02-11T14:59:35.560+0000] {processor.py:186} INFO - Started process (PID=194) to work on /home/airflow/.local/lib/python3.12/site-packages/airflow/example_dags/example_dag_decorator.py
[2025-02-11T14:59:35.564+0000] {processor.py:914} INFO - Processing file /home/airflow/.local/lib/python3.12/site-packages/airflow/example_dags/example_dag_decorator.py for tasks to queue
[2025-02-11T14:59:35.571+0000] {logging_mixin.py:190} INFO - [2025-02-11T14:59:35.570+0000] {dagbag.py:588} INFO - Filling up the DagBag from /home/airflow/.local/lib/python3.12/site-packages/airflow/example_dags/example_dag_decorator.py
[2025-02-11T14:59:35.600+0000] {processor.py:925} INFO - DAG(s) 'example_dag_decorator' retrieved from /home/airflow/.local/lib/python3.12/site-packages/airflow/example_dags/example_dag_decorator.py
[2025-02-11T14:59:35.947+0000] {logging_mixin.py:190} INFO - [2025-02-11T14:59:35.946+0000] {dag.py:3239} INFO - Sync 1 DAGs
[2025-02-11T14:59:35.991+0000] {logging_mixin.py:190} INFO - [2025-02-11T14:59:35.990+0000] {dag.py:4180} INFO - Setting next_dagrun for example_dag_decorator to None, run_after=None
[2025-02-11T14:59:36.049+0000] {processor.py:208} INFO - Processing /home/airflow/.local/lib/python3.12/site-packages/airflow/example_dags/example_dag_decorator.py took 0.503 seconds
[2025-02-11T15:00:10.098+0000] {processor.py:186} INFO - Started process (PID=258) to work on /home/airflow/.local/lib/python3.12/site-packages/airflow/example_dags/example_dag_decorator.py
[2025-02-11T15:00:10.102+0000] {processor.py:914} INFO - Processing file /home/airflow/.local/lib/python3.12/site-packages/airflow/example_dags/example_dag_decorator.py for tasks to queue
[2025-02-11T15:00:10.110+0000] {logging_mixin.py:190} INFO - [2025-02-11T15:00:10.109+0000] {dagbag.py:588} INFO - Filling up the DagBag from /home/airflow/.local/lib/python3.12/site-packages/airflow/example_dags/example_dag_decorator.py
[2025-02-11T15:00:10.206+0000] {processor.py:925} INFO - DAG(s) 'example_dag_decorator' retrieved from /home/airflow/.local/lib/python3.12/site-packages/airflow/example_dags/example_dag_decorator.py
[2025-02-11T15:00:11.012+0000] {logging_mixin.py:190} INFO - [2025-02-11T15:00:11.011+0000] {dag.py:3239} INFO - Sync 1 DAGs
[2025-02-11T15:00:11.043+0000] {logging_mixin.py:190} INFO - [2025-02-11T15:00:11.042+0000] {dag.py:4180} INFO - Setting next_dagrun for example_dag_decorator to None, run_after=None
[2025-02-11T15:00:11.093+0000] {processor.py:208} INFO - Processing /home/airflow/.local/lib/python3.12/site-packages/airflow/example_dags/example_dag_decorator.py took 1.013 seconds
[2025-02-11T15:00:42.538+0000] {processor.py:186} INFO - Started process (PID=321) to work on /home/airflow/.local/lib/python3.12/site-packages/airflow/example_dags/example_dag_decorator.py
[2025-02-11T15:00:42.543+0000] {processor.py:914} INFO - Processing file /home/airflow/.local/lib/python3.12/site-packages/airflow/example_dags/example_dag_decorator.py for tasks to queue
[2025-02-11T15:00:42.550+0000] {logging_mixin.py:190} INFO - [2025-02-11T15:00:42.549+0000] {dagbag.py:588} INFO - Filling up the DagBag from /home/airflow/.local/lib/python3.12/site-packages/airflow/example_dags/example_dag_decorator.py
[2025-02-11T15:00:42.631+0000] {processor.py:925} INFO - DAG(s) 'example_dag_decorator' retrieved from /home/airflow/.local/lib/python3.12/site-packages/airflow/example_dags/example_dag_decorator.py
[2025-02-11T15:00:43.038+0000] {logging_mixin.py:190} INFO - [2025-02-11T15:00:43.037+0000] {dag.py:3239} INFO - Sync 1 DAGs
[2025-02-11T15:00:43.073+0000] {logging_mixin.py:190} INFO - [2025-02-11T15:00:43.072+0000] {dag.py:4180} INFO - Setting next_dagrun for example_dag_decorator to None, run_after=None
[2025-02-11T15:00:43.132+0000] {processor.py:208} INFO - Processing /home/airflow/.local/lib/python3.12/site-packages/airflow/example_dags/example_dag_decorator.py took 0.611 seconds
[2025-02-11T15:01:13.228+0000] {processor.py:186} INFO - Started process (PID=383) to work on /home/airflow/.local/lib/python3.12/site-packages/airflow/example_dags/example_dag_decorator.py
[2025-02-11T15:01:13.232+0000] {processor.py:914} INFO - Processing file /home/airflow/.local/lib/python3.12/site-packages/airflow/example_dags/example_dag_decorator.py for tasks to queue
[2025-02-11T15:01:13.246+0000] {logging_mixin.py:190} INFO - [2025-02-11T15:01:13.244+0000] {dagbag.py:588} INFO - Filling up the DagBag from /home/airflow/.local/lib/python3.12/site-packages/airflow/example_dags/example_dag_decorator.py
[2025-02-11T15:01:13.253+0000] {processor.py:925} INFO - DAG(s) 'example_dag_decorator' retrieved from /home/airflow/.local/lib/python3.12/site-packages/airflow/example_dags/example_dag_decorator.py
[2025-02-11T15:01:13.338+0000] {logging_mixin.py:190} INFO - [2025-02-11T15:01:13.336+0000] {dag.py:3239} INFO - Sync 1 DAGs
[2025-02-11T15:01:13.371+0000] {logging_mixin.py:190} INFO - [2025-02-11T15:01:13.370+0000] {dag.py:4180} INFO - Setting next_dagrun for example_dag_decorator to None, run_after=None
[2025-02-11T15:01:13.423+0000] {processor.py:208} INFO - Processing /home/airflow/.local/lib/python3.12/site-packages/airflow/example_dags/example_dag_decorator.py took 0.248 seconds
[2025-02-11T15:01:43.650+0000] {processor.py:186} INFO - Started process (PID=446) to work on /home/airflow/.local/lib/python3.12/site-packages/airflow/example_dags/example_dag_decorator.py
[2025-02-11T15:01:43.655+0000] {processor.py:914} INFO - Processing file /home/airflow/.local/lib/python3.12/site-packages/airflow/example_dags/example_dag_decorator.py for tasks to queue
[2025-02-11T15:01:43.664+0000] {logging_mixin.py:190} INFO - [2025-02-11T15:01:43.663+0000] {dagbag.py:588} INFO - Filling up the DagBag from /home/airflow/.local/lib/python3.12/site-packages/airflow/example_dags/example_dag_decorator.py
[2025-02-11T15:01:43.699+0000] {processor.py:925} INFO - DAG(s) 'example_dag_decorator' retrieved from /home/airflow/.local/lib/python3.12/site-packages/airflow/example_dags/example_dag_decorator.py
[2025-02-11T15:01:44.341+0000] {logging_mixin.py:190} INFO - [2025-02-11T15:01:44.339+0000] {dag.py:3239} INFO - Sync 1 DAGs
[2025-02-11T15:01:44.403+0000] {logging_mixin.py:190} INFO - [2025-02-11T15:01:44.402+0000] {dag.py:4180} INFO - Setting next_dagrun for example_dag_decorator to None, run_after=None
[2025-02-11T15:01:44.465+0000] {processor.py:208} INFO - Processing /home/airflow/.local/lib/python3.12/site-packages/airflow/example_dags/example_dag_decorator.py took 0.840 seconds
[2025-02-11T15:02:16.272+0000] {processor.py:186} INFO - Started process (PID=510) to work on /home/airflow/.local/lib/python3.12/site-packages/airflow/example_dags/example_dag_decorator.py
[2025-02-11T15:02:16.284+0000] {processor.py:914} INFO - Processing file /home/airflow/.local/lib/python3.12/site-packages/airflow/example_dags/example_dag_decorator.py for tasks to queue
[2025-02-11T15:02:16.307+0000] {logging_mixin.py:190} INFO - [2025-02-11T15:02:16.306+0000] {dagbag.py:588} INFO - Filling up the DagBag from /home/airflow/.local/lib/python3.12/site-packages/airflow/example_dags/example_dag_decorator.py
[2025-02-11T15:02:16.430+0000] {processor.py:925} INFO - DAG(s) 'example_dag_decorator' retrieved from /home/airflow/.local/lib/python3.12/site-packages/airflow/example_dags/example_dag_decorator.py
[2025-02-11T15:02:18.175+0000] {logging_mixin.py:190} INFO - [2025-02-11T15:02:18.174+0000] {dag.py:3239} INFO - Sync 1 DAGs
[2025-02-11T15:02:18.355+0000] {logging_mixin.py:190} INFO - [2025-02-11T15:02:18.354+0000] {dag.py:4180} INFO - Setting next_dagrun for example_dag_decorator to None, run_after=None
[2025-02-11T15:02:18.512+0000] {processor.py:208} INFO - Processing /home/airflow/.local/lib/python3.12/site-packages/airflow/example_dags/example_dag_decorator.py took 2.338 seconds
[2025-02-11T15:02:58.213+0000] {processor.py:186} INFO - Started process (PID=582) to work on /home/airflow/.local/lib/python3.12/site-packages/airflow/example_dags/example_dag_decorator.py
[2025-02-11T15:02:58.221+0000] {processor.py:914} INFO - Processing file /home/airflow/.local/lib/python3.12/site-packages/airflow/example_dags/example_dag_decorator.py for tasks to queue
[2025-02-11T15:02:58.241+0000] {logging_mixin.py:190} INFO - [2025-02-11T15:02:58.238+0000] {dagbag.py:588} INFO - Filling up the DagBag from /home/airflow/.local/lib/python3.12/site-packages/airflow/example_dags/example_dag_decorator.py
[2025-02-11T15:02:58.311+0000] {processor.py:925} INFO - DAG(s) 'example_dag_decorator' retrieved from /home/airflow/.local/lib/python3.12/site-packages/airflow/example_dags/example_dag_decorator.py
[2025-02-11T15:02:58.381+0000] {logging_mixin.py:190} INFO - [2025-02-11T15:02:58.381+0000] {dag.py:3239} INFO - Sync 1 DAGs
[2025-02-11T15:02:58.447+0000] {logging_mixin.py:190} INFO - [2025-02-11T15:02:58.446+0000] {dag.py:4180} INFO - Setting next_dagrun for example_dag_decorator to None, run_after=None
[2025-02-11T15:02:58.574+0000] {processor.py:208} INFO - Processing /home/airflow/.local/lib/python3.12/site-packages/airflow/example_dags/example_dag_decorator.py took 0.431 seconds
