[2025-02-11T14:58:49.941+0000] {processor.py:186} INFO - Started process (PID=105) to work on /home/airflow/.local/lib/python3.12/site-packages/airflow/example_dags/example_latest_only_with_trigger.py
[2025-02-11T14:58:49.948+0000] {processor.py:914} INFO - Processing file /home/airflow/.local/lib/python3.12/site-packages/airflow/example_dags/example_latest_only_with_trigger.py for tasks to queue
[2025-02-11T14:58:49.966+0000] {logging_mixin.py:190} INFO - [2025-02-11T14:58:49.964+0000] {dagbag.py:588} INFO - Filling up the DagBag from /home/airflow/.local/lib/python3.12/site-packages/airflow/example_dags/example_latest_only_with_trigger.py
[2025-02-11T14:58:49.993+0000] {processor.py:925} INFO - DAG(s) 'latest_only_with_trigger' retrieved from /home/airflow/.local/lib/python3.12/site-packages/airflow/example_dags/example_latest_only_with_trigger.py
[2025-02-11T14:58:50.369+0000] {logging_mixin.py:190} INFO - [2025-02-11T14:58:50.368+0000] {override.py:1911} INFO - Created Permission View: can edit on DAG:latest_only_with_trigger
[2025-02-11T14:58:50.398+0000] {logging_mixin.py:190} INFO - [2025-02-11T14:58:50.398+0000] {override.py:1911} INFO - Created Permission View: can read on DAG:latest_only_with_trigger
[2025-02-11T14:58:50.445+0000] {logging_mixin.py:190} INFO - [2025-02-11T14:58:50.437+0000] {override.py:1911} INFO - Created Permission View: can delete on DAG:latest_only_with_trigger
[2025-02-11T14:58:50.676+0000] {logging_mixin.py:190} INFO - [2025-02-11T14:58:50.675+0000] {override.py:1911} INFO - Created Permission View: can create on DAG Run:latest_only_with_trigger
[2025-02-11T14:58:50.757+0000] {logging_mixin.py:190} INFO - [2025-02-11T14:58:50.756+0000] {override.py:1911} INFO - Created Permission View: menu access on DAG Run:latest_only_with_trigger
[2025-02-11T14:58:50.798+0000] {logging_mixin.py:190} INFO - [2025-02-11T14:58:50.797+0000] {override.py:1911} INFO - Created Permission View: can read on DAG Run:latest_only_with_trigger
[2025-02-11T14:58:50.818+0000] {logging_mixin.py:190} INFO - [2025-02-11T14:58:50.818+0000] {override.py:1911} INFO - Created Permission View: can delete on DAG Run:latest_only_with_trigger
[2025-02-11T14:58:50.822+0000] {logging_mixin.py:190} INFO - [2025-02-11T14:58:50.821+0000] {dag.py:3239} INFO - Sync 1 DAGs
[2025-02-11T14:58:50.863+0000] {logging_mixin.py:190} INFO - [2025-02-11T14:58:50.863+0000] {dag.py:3262} INFO - Creating ORM DAG for latest_only_with_trigger
[2025-02-11T14:58:50.904+0000] {logging_mixin.py:190} INFO - [2025-02-11T14:58:50.904+0000] {dag.py:4180} INFO - Setting next_dagrun for latest_only_with_trigger to 2025-02-11 08:00:00+00:00, run_after=2025-02-11 12:00:00+00:00
[2025-02-11T14:58:50.963+0000] {processor.py:208} INFO - Processing /home/airflow/.local/lib/python3.12/site-packages/airflow/example_dags/example_latest_only_with_trigger.py took 1.041 seconds
[2025-02-11T14:59:22.110+0000] {processor.py:186} INFO - Started process (PID=167) to work on /home/airflow/.local/lib/python3.12/site-packages/airflow/example_dags/example_latest_only_with_trigger.py
[2025-02-11T14:59:22.126+0000] {processor.py:914} INFO - Processing file /home/airflow/.local/lib/python3.12/site-packages/airflow/example_dags/example_latest_only_with_trigger.py for tasks to queue
[2025-02-11T14:59:22.181+0000] {logging_mixin.py:190} INFO - [2025-02-11T14:59:22.177+0000] {dagbag.py:588} INFO - Filling up the DagBag from /home/airflow/.local/lib/python3.12/site-packages/airflow/example_dags/example_latest_only_with_trigger.py
[2025-02-11T14:59:22.292+0000] {processor.py:925} INFO - DAG(s) 'latest_only_with_trigger' retrieved from /home/airflow/.local/lib/python3.12/site-packages/airflow/example_dags/example_latest_only_with_trigger.py
[2025-02-11T14:59:22.380+0000] {logging_mixin.py:190} INFO - [2025-02-11T14:59:22.379+0000] {dag.py:3239} INFO - Sync 1 DAGs
[2025-02-11T14:59:22.483+0000] {logging_mixin.py:190} INFO - [2025-02-11T14:59:22.482+0000] {dag.py:4180} INFO - Setting next_dagrun for latest_only_with_trigger to 2025-02-11 08:00:00+00:00, run_after=2025-02-11 12:00:00+00:00
[2025-02-11T14:59:22.572+0000] {processor.py:208} INFO - Processing /home/airflow/.local/lib/python3.12/site-packages/airflow/example_dags/example_latest_only_with_trigger.py took 0.494 seconds
[2025-02-11T14:59:53.601+0000] {processor.py:186} INFO - Started process (PID=231) to work on /home/airflow/.local/lib/python3.12/site-packages/airflow/example_dags/example_latest_only_with_trigger.py
[2025-02-11T14:59:53.610+0000] {processor.py:914} INFO - Processing file /home/airflow/.local/lib/python3.12/site-packages/airflow/example_dags/example_latest_only_with_trigger.py for tasks to queue
[2025-02-11T14:59:53.646+0000] {logging_mixin.py:190} INFO - [2025-02-11T14:59:53.645+0000] {dagbag.py:588} INFO - Filling up the DagBag from /home/airflow/.local/lib/python3.12/site-packages/airflow/example_dags/example_latest_only_with_trigger.py
[2025-02-11T14:59:53.684+0000] {processor.py:925} INFO - DAG(s) 'latest_only_with_trigger' retrieved from /home/airflow/.local/lib/python3.12/site-packages/airflow/example_dags/example_latest_only_with_trigger.py
[2025-02-11T14:59:53.820+0000] {logging_mixin.py:190} INFO - [2025-02-11T14:59:53.819+0000] {dag.py:3239} INFO - Sync 1 DAGs
[2025-02-11T14:59:54.004+0000] {logging_mixin.py:190} INFO - [2025-02-11T14:59:54.004+0000] {dag.py:4180} INFO - Setting next_dagrun for latest_only_with_trigger to 2025-02-11 08:00:00+00:00, run_after=2025-02-11 12:00:00+00:00
[2025-02-11T14:59:54.072+0000] {processor.py:208} INFO - Processing /home/airflow/.local/lib/python3.12/site-packages/airflow/example_dags/example_latest_only_with_trigger.py took 0.555 seconds
[2025-02-11T15:00:24.649+0000] {processor.py:186} INFO - Started process (PID=294) to work on /home/airflow/.local/lib/python3.12/site-packages/airflow/example_dags/example_latest_only_with_trigger.py
[2025-02-11T15:00:24.654+0000] {processor.py:914} INFO - Processing file /home/airflow/.local/lib/python3.12/site-packages/airflow/example_dags/example_latest_only_with_trigger.py for tasks to queue
[2025-02-11T15:00:24.664+0000] {logging_mixin.py:190} INFO - [2025-02-11T15:00:24.663+0000] {dagbag.py:588} INFO - Filling up the DagBag from /home/airflow/.local/lib/python3.12/site-packages/airflow/example_dags/example_latest_only_with_trigger.py
[2025-02-11T15:00:24.690+0000] {processor.py:925} INFO - DAG(s) 'latest_only_with_trigger' retrieved from /home/airflow/.local/lib/python3.12/site-packages/airflow/example_dags/example_latest_only_with_trigger.py
[2025-02-11T15:00:24.756+0000] {logging_mixin.py:190} INFO - [2025-02-11T15:00:24.756+0000] {dag.py:3239} INFO - Sync 1 DAGs
[2025-02-11T15:00:24.836+0000] {logging_mixin.py:190} INFO - [2025-02-11T15:00:24.835+0000] {dag.py:4180} INFO - Setting next_dagrun for latest_only_with_trigger to 2025-02-11 08:00:00+00:00, run_after=2025-02-11 12:00:00+00:00
[2025-02-11T15:00:24.898+0000] {processor.py:208} INFO - Processing /home/airflow/.local/lib/python3.12/site-packages/airflow/example_dags/example_latest_only_with_trigger.py took 0.268 seconds
[2025-02-11T15:00:55.447+0000] {processor.py:186} INFO - Started process (PID=357) to work on /home/airflow/.local/lib/python3.12/site-packages/airflow/example_dags/example_latest_only_with_trigger.py
[2025-02-11T15:00:55.451+0000] {processor.py:914} INFO - Processing file /home/airflow/.local/lib/python3.12/site-packages/airflow/example_dags/example_latest_only_with_trigger.py for tasks to queue
[2025-02-11T15:00:55.466+0000] {logging_mixin.py:190} INFO - [2025-02-11T15:00:55.465+0000] {dagbag.py:588} INFO - Filling up the DagBag from /home/airflow/.local/lib/python3.12/site-packages/airflow/example_dags/example_latest_only_with_trigger.py
[2025-02-11T15:00:55.493+0000] {processor.py:925} INFO - DAG(s) 'latest_only_with_trigger' retrieved from /home/airflow/.local/lib/python3.12/site-packages/airflow/example_dags/example_latest_only_with_trigger.py
[2025-02-11T15:00:55.558+0000] {logging_mixin.py:190} INFO - [2025-02-11T15:00:55.558+0000] {dag.py:3239} INFO - Sync 1 DAGs
[2025-02-11T15:00:55.617+0000] {logging_mixin.py:190} INFO - [2025-02-11T15:00:55.617+0000] {dag.py:4180} INFO - Setting next_dagrun for latest_only_with_trigger to 2025-02-11 08:00:00+00:00, run_after=2025-02-11 12:00:00+00:00
[2025-02-11T15:00:55.662+0000] {processor.py:208} INFO - Processing /home/airflow/.local/lib/python3.12/site-packages/airflow/example_dags/example_latest_only_with_trigger.py took 0.232 seconds
[2025-02-11T15:01:26.078+0000] {processor.py:186} INFO - Started process (PID=420) to work on /home/airflow/.local/lib/python3.12/site-packages/airflow/example_dags/example_latest_only_with_trigger.py
[2025-02-11T15:01:26.083+0000] {processor.py:914} INFO - Processing file /home/airflow/.local/lib/python3.12/site-packages/airflow/example_dags/example_latest_only_with_trigger.py for tasks to queue
[2025-02-11T15:01:26.093+0000] {logging_mixin.py:190} INFO - [2025-02-11T15:01:26.092+0000] {dagbag.py:588} INFO - Filling up the DagBag from /home/airflow/.local/lib/python3.12/site-packages/airflow/example_dags/example_latest_only_with_trigger.py
[2025-02-11T15:01:26.121+0000] {processor.py:925} INFO - DAG(s) 'latest_only_with_trigger' retrieved from /home/airflow/.local/lib/python3.12/site-packages/airflow/example_dags/example_latest_only_with_trigger.py
[2025-02-11T15:01:26.213+0000] {logging_mixin.py:190} INFO - [2025-02-11T15:01:26.213+0000] {dag.py:3239} INFO - Sync 1 DAGs
[2025-02-11T15:01:26.400+0000] {logging_mixin.py:190} INFO - [2025-02-11T15:01:26.400+0000] {dag.py:4180} INFO - Setting next_dagrun for latest_only_with_trigger to 2025-02-11 08:00:00+00:00, run_after=2025-02-11 12:00:00+00:00
[2025-02-11T15:01:26.468+0000] {processor.py:208} INFO - Processing /home/airflow/.local/lib/python3.12/site-packages/airflow/example_dags/example_latest_only_with_trigger.py took 0.422 seconds
[2025-02-11T15:01:58.870+0000] {processor.py:186} INFO - Started process (PID=484) to work on /home/airflow/.local/lib/python3.12/site-packages/airflow/example_dags/example_latest_only_with_trigger.py
[2025-02-11T15:01:58.884+0000] {processor.py:914} INFO - Processing file /home/airflow/.local/lib/python3.12/site-packages/airflow/example_dags/example_latest_only_with_trigger.py for tasks to queue
[2025-02-11T15:01:58.943+0000] {logging_mixin.py:190} INFO - [2025-02-11T15:01:58.934+0000] {dagbag.py:588} INFO - Filling up the DagBag from /home/airflow/.local/lib/python3.12/site-packages/airflow/example_dags/example_latest_only_with_trigger.py
[2025-02-11T15:01:59.033+0000] {processor.py:925} INFO - DAG(s) 'latest_only_with_trigger' retrieved from /home/airflow/.local/lib/python3.12/site-packages/airflow/example_dags/example_latest_only_with_trigger.py
[2025-02-11T15:01:59.133+0000] {logging_mixin.py:190} INFO - [2025-02-11T15:01:59.132+0000] {dag.py:3239} INFO - Sync 1 DAGs
[2025-02-11T15:01:59.274+0000] {logging_mixin.py:190} INFO - [2025-02-11T15:01:59.272+0000] {dag.py:4180} INFO - Setting next_dagrun for latest_only_with_trigger to 2025-02-11 08:00:00+00:00, run_after=2025-02-11 12:00:00+00:00
[2025-02-11T15:01:59.391+0000] {processor.py:208} INFO - Processing /home/airflow/.local/lib/python3.12/site-packages/airflow/example_dags/example_latest_only_with_trigger.py took 0.646 seconds
[2025-02-11T15:02:52.240+0000] {processor.py:186} INFO - Started process (PID=566) to work on /home/airflow/.local/lib/python3.12/site-packages/airflow/example_dags/example_latest_only_with_trigger.py
[2025-02-11T15:02:52.259+0000] {processor.py:914} INFO - Processing file /home/airflow/.local/lib/python3.12/site-packages/airflow/example_dags/example_latest_only_with_trigger.py for tasks to queue
[2025-02-11T15:02:52.277+0000] {logging_mixin.py:190} INFO - [2025-02-11T15:02:52.276+0000] {dagbag.py:588} INFO - Filling up the DagBag from /home/airflow/.local/lib/python3.12/site-packages/airflow/example_dags/example_latest_only_with_trigger.py
[2025-02-11T15:02:52.355+0000] {processor.py:925} INFO - DAG(s) 'latest_only_with_trigger' retrieved from /home/airflow/.local/lib/python3.12/site-packages/airflow/example_dags/example_latest_only_with_trigger.py
[2025-02-11T15:02:52.450+0000] {logging_mixin.py:190} INFO - [2025-02-11T15:02:52.448+0000] {dag.py:3239} INFO - Sync 1 DAGs
[2025-02-11T15:02:52.528+0000] {logging_mixin.py:190} INFO - [2025-02-11T15:02:52.527+0000] {dag.py:4180} INFO - Setting next_dagrun for latest_only_with_trigger to 2025-02-11 08:00:00+00:00, run_after=2025-02-11 12:00:00+00:00
[2025-02-11T15:02:52.587+0000] {processor.py:208} INFO - Processing /home/airflow/.local/lib/python3.12/site-packages/airflow/example_dags/example_latest_only_with_trigger.py took 0.405 seconds
