[2025-02-11T14:58:46.628+0000] {processor.py:186} INFO - Started process (PID=103) to work on /home/airflow/.local/lib/python3.12/site-packages/airflow/example_dags/example_dataset_alias_with_no_taskflow.py
[2025-02-11T14:58:46.652+0000] {processor.py:914} INFO - Processing file /home/airflow/.local/lib/python3.12/site-packages/airflow/example_dags/example_dataset_alias_with_no_taskflow.py for tasks to queue
[2025-02-11T14:58:46.675+0000] {logging_mixin.py:190} INFO - [2025-02-11T14:58:46.673+0000] {dagbag.py:588} INFO - Filling up the DagBag from /home/airflow/.local/lib/python3.12/site-packages/airflow/example_dags/example_dataset_alias_with_no_taskflow.py
[2025-02-11T14:58:49.848+0000] {processor.py:925} INFO - DAG(s) 'dataset_alias_example_alias_producer_with_no_taskflow', 'dataset_s3_bucket_consumer_with_no_taskflow', 'dataset_s3_bucket_producer_with_no_taskflow', 'dataset_alias_example_alias_consumer_with_no_taskflow' retrieved from /home/airflow/.local/lib/python3.12/site-packages/airflow/example_dags/example_dataset_alias_with_no_taskflow.py
[2025-02-11T14:58:50.176+0000] {logging_mixin.py:190} INFO - [2025-02-11T14:58:50.174+0000] {override.py:1911} INFO - Created Permission View: can edit on DAG:dataset_alias_example_alias_producer_with_no_taskflow
[2025-02-11T14:58:50.214+0000] {logging_mixin.py:190} INFO - [2025-02-11T14:58:50.213+0000] {override.py:1911} INFO - Created Permission View: can read on DAG:dataset_alias_example_alias_producer_with_no_taskflow
[2025-02-11T14:58:50.236+0000] {logging_mixin.py:190} INFO - [2025-02-11T14:58:50.235+0000] {override.py:1911} INFO - Created Permission View: can delete on DAG:dataset_alias_example_alias_producer_with_no_taskflow
[2025-02-11T14:58:50.259+0000] {logging_mixin.py:190} INFO - [2025-02-11T14:58:50.258+0000] {override.py:1911} INFO - Created Permission View: can create on DAG Run:dataset_alias_example_alias_producer_with_no_taskflow
[2025-02-11T14:58:50.279+0000] {logging_mixin.py:190} INFO - [2025-02-11T14:58:50.279+0000] {override.py:1911} INFO - Created Permission View: menu access on DAG Run:dataset_alias_example_alias_producer_with_no_taskflow
[2025-02-11T14:58:50.302+0000] {logging_mixin.py:190} INFO - [2025-02-11T14:58:50.301+0000] {override.py:1911} INFO - Created Permission View: can read on DAG Run:dataset_alias_example_alias_producer_with_no_taskflow
[2025-02-11T14:58:50.332+0000] {logging_mixin.py:190} INFO - [2025-02-11T14:58:50.331+0000] {override.py:1911} INFO - Created Permission View: can delete on DAG Run:dataset_alias_example_alias_producer_with_no_taskflow
[2025-02-11T14:58:50.398+0000] {logging_mixin.py:190} INFO - [2025-02-11T14:58:50.398+0000] {override.py:1911} INFO - Created Permission View: can edit on DAG:dataset_s3_bucket_consumer_with_no_taskflow
[2025-02-11T14:58:50.650+0000] {logging_mixin.py:190} INFO - [2025-02-11T14:58:50.647+0000] {override.py:1911} INFO - Created Permission View: can read on DAG:dataset_s3_bucket_consumer_with_no_taskflow
[2025-02-11T14:58:50.719+0000] {logging_mixin.py:190} INFO - [2025-02-11T14:58:50.719+0000] {override.py:1911} INFO - Created Permission View: can delete on DAG:dataset_s3_bucket_consumer_with_no_taskflow
[2025-02-11T14:58:50.768+0000] {logging_mixin.py:190} INFO - [2025-02-11T14:58:50.766+0000] {override.py:1911} INFO - Created Permission View: can create on DAG Run:dataset_s3_bucket_consumer_with_no_taskflow
[2025-02-11T14:58:50.799+0000] {logging_mixin.py:190} INFO - [2025-02-11T14:58:50.798+0000] {override.py:1911} INFO - Created Permission View: menu access on DAG Run:dataset_s3_bucket_consumer_with_no_taskflow
[2025-02-11T14:58:50.825+0000] {logging_mixin.py:190} INFO - [2025-02-11T14:58:50.824+0000] {override.py:1911} INFO - Created Permission View: can read on DAG Run:dataset_s3_bucket_consumer_with_no_taskflow
[2025-02-11T14:58:50.848+0000] {logging_mixin.py:190} INFO - [2025-02-11T14:58:50.847+0000] {override.py:1911} INFO - Created Permission View: can delete on DAG Run:dataset_s3_bucket_consumer_with_no_taskflow
[2025-02-11T14:58:50.890+0000] {logging_mixin.py:190} INFO - [2025-02-11T14:58:50.889+0000] {override.py:1911} INFO - Created Permission View: can edit on DAG:dataset_s3_bucket_producer_with_no_taskflow
[2025-02-11T14:58:50.921+0000] {logging_mixin.py:190} INFO - [2025-02-11T14:58:50.920+0000] {override.py:1911} INFO - Created Permission View: can read on DAG:dataset_s3_bucket_producer_with_no_taskflow
[2025-02-11T14:58:50.945+0000] {logging_mixin.py:190} INFO - [2025-02-11T14:58:50.943+0000] {override.py:1911} INFO - Created Permission View: can delete on DAG:dataset_s3_bucket_producer_with_no_taskflow
[2025-02-11T14:58:50.994+0000] {logging_mixin.py:190} INFO - [2025-02-11T14:58:50.993+0000] {override.py:1911} INFO - Created Permission View: can create on DAG Run:dataset_s3_bucket_producer_with_no_taskflow
[2025-02-11T14:58:51.045+0000] {logging_mixin.py:190} INFO - [2025-02-11T14:58:51.045+0000] {override.py:1911} INFO - Created Permission View: menu access on DAG Run:dataset_s3_bucket_producer_with_no_taskflow
[2025-02-11T14:58:51.127+0000] {logging_mixin.py:190} INFO - [2025-02-11T14:58:51.125+0000] {override.py:1911} INFO - Created Permission View: can read on DAG Run:dataset_s3_bucket_producer_with_no_taskflow
[2025-02-11T14:58:51.156+0000] {logging_mixin.py:190} INFO - [2025-02-11T14:58:51.155+0000] {override.py:1911} INFO - Created Permission View: can delete on DAG Run:dataset_s3_bucket_producer_with_no_taskflow
[2025-02-11T14:58:51.199+0000] {logging_mixin.py:190} INFO - [2025-02-11T14:58:51.198+0000] {override.py:1911} INFO - Created Permission View: can edit on DAG:dataset_alias_example_alias_consumer_with_no_taskflow
[2025-02-11T14:58:51.222+0000] {logging_mixin.py:190} INFO - [2025-02-11T14:58:51.221+0000] {override.py:1911} INFO - Created Permission View: can read on DAG:dataset_alias_example_alias_consumer_with_no_taskflow
[2025-02-11T14:58:51.289+0000] {logging_mixin.py:190} INFO - [2025-02-11T14:58:51.288+0000] {override.py:1911} INFO - Created Permission View: can delete on DAG:dataset_alias_example_alias_consumer_with_no_taskflow
[2025-02-11T14:58:51.325+0000] {logging_mixin.py:190} INFO - [2025-02-11T14:58:51.324+0000] {override.py:1911} INFO - Created Permission View: can create on DAG Run:dataset_alias_example_alias_consumer_with_no_taskflow
[2025-02-11T14:58:51.365+0000] {logging_mixin.py:190} INFO - [2025-02-11T14:58:51.365+0000] {override.py:1911} INFO - Created Permission View: menu access on DAG Run:dataset_alias_example_alias_consumer_with_no_taskflow
[2025-02-11T14:58:51.420+0000] {logging_mixin.py:190} INFO - [2025-02-11T14:58:51.420+0000] {override.py:1911} INFO - Created Permission View: can read on DAG Run:dataset_alias_example_alias_consumer_with_no_taskflow
[2025-02-11T14:58:51.455+0000] {logging_mixin.py:190} INFO - [2025-02-11T14:58:51.454+0000] {override.py:1911} INFO - Created Permission View: can delete on DAG Run:dataset_alias_example_alias_consumer_with_no_taskflow
[2025-02-11T14:58:51.463+0000] {logging_mixin.py:190} INFO - [2025-02-11T14:58:51.460+0000] {dag.py:3239} INFO - Sync 4 DAGs
[2025-02-11T14:58:51.517+0000] {logging_mixin.py:190} INFO - [2025-02-11T14:58:51.516+0000] {dag.py:3262} INFO - Creating ORM DAG for dataset_s3_bucket_consumer_with_no_taskflow
[2025-02-11T14:58:51.523+0000] {logging_mixin.py:190} INFO - [2025-02-11T14:58:51.522+0000] {dag.py:3262} INFO - Creating ORM DAG for dataset_alias_example_alias_producer_with_no_taskflow
[2025-02-11T14:58:51.529+0000] {logging_mixin.py:190} INFO - [2025-02-11T14:58:51.529+0000] {dag.py:3262} INFO - Creating ORM DAG for dataset_s3_bucket_producer_with_no_taskflow
[2025-02-11T14:58:51.535+0000] {logging_mixin.py:190} INFO - [2025-02-11T14:58:51.535+0000] {dag.py:3262} INFO - Creating ORM DAG for dataset_alias_example_alias_consumer_with_no_taskflow
[2025-02-11T14:58:51.569+0000] {logging_mixin.py:190} INFO - [2025-02-11T14:58:51.568+0000] {dag.py:4180} INFO - Setting next_dagrun for dataset_alias_example_alias_consumer_with_no_taskflow to None, run_after=None
[2025-02-11T14:58:51.575+0000] {logging_mixin.py:190} INFO - [2025-02-11T14:58:51.574+0000] {dag.py:4180} INFO - Setting next_dagrun for dataset_alias_example_alias_producer_with_no_taskflow to None, run_after=None
[2025-02-11T14:58:51.580+0000] {logging_mixin.py:190} INFO - [2025-02-11T14:58:51.579+0000] {dag.py:4180} INFO - Setting next_dagrun for dataset_s3_bucket_consumer_with_no_taskflow to None, run_after=None
[2025-02-11T14:58:51.585+0000] {logging_mixin.py:190} INFO - [2025-02-11T14:58:51.584+0000] {dag.py:4180} INFO - Setting next_dagrun for dataset_s3_bucket_producer_with_no_taskflow to None, run_after=None
[2025-02-11T14:58:51.699+0000] {processor.py:208} INFO - Processing /home/airflow/.local/lib/python3.12/site-packages/airflow/example_dags/example_dataset_alias_with_no_taskflow.py took 5.092 seconds
[2025-02-11T14:59:22.247+0000] {processor.py:186} INFO - Started process (PID=168) to work on /home/airflow/.local/lib/python3.12/site-packages/airflow/example_dags/example_dataset_alias_with_no_taskflow.py
[2025-02-11T14:59:22.267+0000] {processor.py:914} INFO - Processing file /home/airflow/.local/lib/python3.12/site-packages/airflow/example_dags/example_dataset_alias_with_no_taskflow.py for tasks to queue
[2025-02-11T14:59:22.279+0000] {logging_mixin.py:190} INFO - [2025-02-11T14:59:22.278+0000] {dagbag.py:588} INFO - Filling up the DagBag from /home/airflow/.local/lib/python3.12/site-packages/airflow/example_dags/example_dataset_alias_with_no_taskflow.py
[2025-02-11T14:59:23.967+0000] {processor.py:925} INFO - DAG(s) 'dataset_alias_example_alias_consumer_with_no_taskflow', 'dataset_s3_bucket_producer_with_no_taskflow', 'dataset_s3_bucket_consumer_with_no_taskflow', 'dataset_alias_example_alias_producer_with_no_taskflow' retrieved from /home/airflow/.local/lib/python3.12/site-packages/airflow/example_dags/example_dataset_alias_with_no_taskflow.py
[2025-02-11T14:59:24.119+0000] {logging_mixin.py:190} INFO - [2025-02-11T14:59:24.109+0000] {dag.py:3239} INFO - Sync 4 DAGs
[2025-02-11T14:59:24.356+0000] {logging_mixin.py:190} INFO - [2025-02-11T14:59:24.355+0000] {dag.py:4180} INFO - Setting next_dagrun for dataset_alias_example_alias_consumer_with_no_taskflow to None, run_after=None
[2025-02-11T14:59:24.377+0000] {logging_mixin.py:190} INFO - [2025-02-11T14:59:24.377+0000] {dag.py:4180} INFO - Setting next_dagrun for dataset_alias_example_alias_producer_with_no_taskflow to None, run_after=None
[2025-02-11T14:59:24.393+0000] {logging_mixin.py:190} INFO - [2025-02-11T14:59:24.393+0000] {dag.py:4180} INFO - Setting next_dagrun for dataset_s3_bucket_consumer_with_no_taskflow to None, run_after=None
[2025-02-11T14:59:24.417+0000] {logging_mixin.py:190} INFO - [2025-02-11T14:59:24.417+0000] {dag.py:4180} INFO - Setting next_dagrun for dataset_s3_bucket_producer_with_no_taskflow to None, run_after=None
[2025-02-11T14:59:24.646+0000] {processor.py:208} INFO - Processing /home/airflow/.local/lib/python3.12/site-packages/airflow/example_dags/example_dataset_alias_with_no_taskflow.py took 2.498 seconds
[2025-02-11T14:59:55.213+0000] {processor.py:186} INFO - Started process (PID=233) to work on /home/airflow/.local/lib/python3.12/site-packages/airflow/example_dags/example_dataset_alias_with_no_taskflow.py
[2025-02-11T14:59:55.218+0000] {processor.py:914} INFO - Processing file /home/airflow/.local/lib/python3.12/site-packages/airflow/example_dags/example_dataset_alias_with_no_taskflow.py for tasks to queue
[2025-02-11T14:59:55.226+0000] {logging_mixin.py:190} INFO - [2025-02-11T14:59:55.225+0000] {dagbag.py:588} INFO - Filling up the DagBag from /home/airflow/.local/lib/python3.12/site-packages/airflow/example_dags/example_dataset_alias_with_no_taskflow.py
[2025-02-11T14:59:58.004+0000] {processor.py:925} INFO - DAG(s) 'dataset_alias_example_alias_consumer_with_no_taskflow', 'dataset_s3_bucket_consumer_with_no_taskflow', 'dataset_s3_bucket_producer_with_no_taskflow', 'dataset_alias_example_alias_producer_with_no_taskflow' retrieved from /home/airflow/.local/lib/python3.12/site-packages/airflow/example_dags/example_dataset_alias_with_no_taskflow.py
[2025-02-11T14:59:58.073+0000] {logging_mixin.py:190} INFO - [2025-02-11T14:59:58.072+0000] {dag.py:3239} INFO - Sync 4 DAGs
[2025-02-11T14:59:58.136+0000] {logging_mixin.py:190} INFO - [2025-02-11T14:59:58.136+0000] {dag.py:4180} INFO - Setting next_dagrun for dataset_alias_example_alias_consumer_with_no_taskflow to None, run_after=None
[2025-02-11T14:59:58.144+0000] {logging_mixin.py:190} INFO - [2025-02-11T14:59:58.144+0000] {dag.py:4180} INFO - Setting next_dagrun for dataset_alias_example_alias_producer_with_no_taskflow to None, run_after=None
[2025-02-11T14:59:58.152+0000] {logging_mixin.py:190} INFO - [2025-02-11T14:59:58.151+0000] {dag.py:4180} INFO - Setting next_dagrun for dataset_s3_bucket_consumer_with_no_taskflow to None, run_after=None
[2025-02-11T14:59:58.158+0000] {logging_mixin.py:190} INFO - [2025-02-11T14:59:58.158+0000] {dag.py:4180} INFO - Setting next_dagrun for dataset_s3_bucket_producer_with_no_taskflow to None, run_after=None
[2025-02-11T14:59:58.213+0000] {processor.py:208} INFO - Processing /home/airflow/.local/lib/python3.12/site-packages/airflow/example_dags/example_dataset_alias_with_no_taskflow.py took 3.014 seconds
[2025-02-11T15:00:28.421+0000] {processor.py:186} INFO - Started process (PID=302) to work on /home/airflow/.local/lib/python3.12/site-packages/airflow/example_dags/example_dataset_alias_with_no_taskflow.py
[2025-02-11T15:00:28.428+0000] {processor.py:914} INFO - Processing file /home/airflow/.local/lib/python3.12/site-packages/airflow/example_dags/example_dataset_alias_with_no_taskflow.py for tasks to queue
[2025-02-11T15:00:28.444+0000] {logging_mixin.py:190} INFO - [2025-02-11T15:00:28.442+0000] {dagbag.py:588} INFO - Filling up the DagBag from /home/airflow/.local/lib/python3.12/site-packages/airflow/example_dags/example_dataset_alias_with_no_taskflow.py
[2025-02-11T15:00:30.273+0000] {processor.py:925} INFO - DAG(s) 'dataset_alias_example_alias_consumer_with_no_taskflow', 'dataset_s3_bucket_consumer_with_no_taskflow', 'dataset_s3_bucket_producer_with_no_taskflow', 'dataset_alias_example_alias_producer_with_no_taskflow' retrieved from /home/airflow/.local/lib/python3.12/site-packages/airflow/example_dags/example_dataset_alias_with_no_taskflow.py
[2025-02-11T15:00:30.311+0000] {logging_mixin.py:190} INFO - [2025-02-11T15:00:30.311+0000] {dag.py:3239} INFO - Sync 4 DAGs
[2025-02-11T15:00:30.370+0000] {logging_mixin.py:190} INFO - [2025-02-11T15:00:30.369+0000] {dag.py:4180} INFO - Setting next_dagrun for dataset_alias_example_alias_consumer_with_no_taskflow to None, run_after=None
[2025-02-11T15:00:30.377+0000] {logging_mixin.py:190} INFO - [2025-02-11T15:00:30.376+0000] {dag.py:4180} INFO - Setting next_dagrun for dataset_alias_example_alias_producer_with_no_taskflow to None, run_after=None
[2025-02-11T15:00:30.382+0000] {logging_mixin.py:190} INFO - [2025-02-11T15:00:30.381+0000] {dag.py:4180} INFO - Setting next_dagrun for dataset_s3_bucket_consumer_with_no_taskflow to None, run_after=None
[2025-02-11T15:00:30.389+0000] {logging_mixin.py:190} INFO - [2025-02-11T15:00:30.388+0000] {dag.py:4180} INFO - Setting next_dagrun for dataset_s3_bucket_producer_with_no_taskflow to None, run_after=None
[2025-02-11T15:00:30.437+0000] {processor.py:208} INFO - Processing /home/airflow/.local/lib/python3.12/site-packages/airflow/example_dags/example_dataset_alias_with_no_taskflow.py took 2.038 seconds
[2025-02-11T15:01:01.491+0000] {processor.py:186} INFO - Started process (PID=373) to work on /home/airflow/.local/lib/python3.12/site-packages/airflow/example_dags/example_dataset_alias_with_no_taskflow.py
[2025-02-11T15:01:01.494+0000] {processor.py:914} INFO - Processing file /home/airflow/.local/lib/python3.12/site-packages/airflow/example_dags/example_dataset_alias_with_no_taskflow.py for tasks to queue
[2025-02-11T15:01:01.501+0000] {logging_mixin.py:190} INFO - [2025-02-11T15:01:01.500+0000] {dagbag.py:588} INFO - Filling up the DagBag from /home/airflow/.local/lib/python3.12/site-packages/airflow/example_dags/example_dataset_alias_with_no_taskflow.py
[2025-02-11T15:01:03.201+0000] {processor.py:925} INFO - DAG(s) 'dataset_s3_bucket_producer_with_no_taskflow', 'dataset_alias_example_alias_consumer_with_no_taskflow', 'dataset_alias_example_alias_producer_with_no_taskflow', 'dataset_s3_bucket_consumer_with_no_taskflow' retrieved from /home/airflow/.local/lib/python3.12/site-packages/airflow/example_dags/example_dataset_alias_with_no_taskflow.py
[2025-02-11T15:01:03.318+0000] {logging_mixin.py:190} INFO - [2025-02-11T15:01:03.317+0000] {dag.py:3239} INFO - Sync 4 DAGs
[2025-02-11T15:01:03.391+0000] {logging_mixin.py:190} INFO - [2025-02-11T15:01:03.390+0000] {dag.py:4180} INFO - Setting next_dagrun for dataset_alias_example_alias_consumer_with_no_taskflow to None, run_after=None
[2025-02-11T15:01:03.404+0000] {logging_mixin.py:190} INFO - [2025-02-11T15:01:03.404+0000] {dag.py:4180} INFO - Setting next_dagrun for dataset_alias_example_alias_producer_with_no_taskflow to None, run_after=None
[2025-02-11T15:01:03.410+0000] {logging_mixin.py:190} INFO - [2025-02-11T15:01:03.409+0000] {dag.py:4180} INFO - Setting next_dagrun for dataset_s3_bucket_consumer_with_no_taskflow to None, run_after=None
[2025-02-11T15:01:03.416+0000] {logging_mixin.py:190} INFO - [2025-02-11T15:01:03.415+0000] {dag.py:4180} INFO - Setting next_dagrun for dataset_s3_bucket_producer_with_no_taskflow to None, run_after=None
[2025-02-11T15:01:03.478+0000] {processor.py:208} INFO - Processing /home/airflow/.local/lib/python3.12/site-packages/airflow/example_dags/example_dataset_alias_with_no_taskflow.py took 2.001 seconds
[2025-02-11T15:01:34.303+0000] {processor.py:186} INFO - Started process (PID=441) to work on /home/airflow/.local/lib/python3.12/site-packages/airflow/example_dags/example_dataset_alias_with_no_taskflow.py
[2025-02-11T15:01:34.308+0000] {processor.py:914} INFO - Processing file /home/airflow/.local/lib/python3.12/site-packages/airflow/example_dags/example_dataset_alias_with_no_taskflow.py for tasks to queue
[2025-02-11T15:01:34.320+0000] {logging_mixin.py:190} INFO - [2025-02-11T15:01:34.317+0000] {dagbag.py:588} INFO - Filling up the DagBag from /home/airflow/.local/lib/python3.12/site-packages/airflow/example_dags/example_dataset_alias_with_no_taskflow.py
[2025-02-11T15:01:37.352+0000] {processor.py:925} INFO - DAG(s) 'dataset_alias_example_alias_consumer_with_no_taskflow', 'dataset_s3_bucket_consumer_with_no_taskflow', 'dataset_s3_bucket_producer_with_no_taskflow', 'dataset_alias_example_alias_producer_with_no_taskflow' retrieved from /home/airflow/.local/lib/python3.12/site-packages/airflow/example_dags/example_dataset_alias_with_no_taskflow.py
[2025-02-11T15:01:37.427+0000] {logging_mixin.py:190} INFO - [2025-02-11T15:01:37.426+0000] {dag.py:3239} INFO - Sync 4 DAGs
[2025-02-11T15:01:37.518+0000] {logging_mixin.py:190} INFO - [2025-02-11T15:01:37.517+0000] {dag.py:4180} INFO - Setting next_dagrun for dataset_alias_example_alias_consumer_with_no_taskflow to None, run_after=None
[2025-02-11T15:01:37.811+0000] {logging_mixin.py:190} INFO - [2025-02-11T15:01:37.810+0000] {dag.py:4180} INFO - Setting next_dagrun for dataset_alias_example_alias_producer_with_no_taskflow to None, run_after=None
[2025-02-11T15:01:37.928+0000] {logging_mixin.py:190} INFO - [2025-02-11T15:01:37.927+0000] {dag.py:4180} INFO - Setting next_dagrun for dataset_s3_bucket_consumer_with_no_taskflow to None, run_after=None
[2025-02-11T15:01:37.939+0000] {logging_mixin.py:190} INFO - [2025-02-11T15:01:37.938+0000] {dag.py:4180} INFO - Setting next_dagrun for dataset_s3_bucket_producer_with_no_taskflow to None, run_after=None
[2025-02-11T15:01:38.162+0000] {processor.py:208} INFO - Processing /home/airflow/.local/lib/python3.12/site-packages/airflow/example_dags/example_dataset_alias_with_no_taskflow.py took 3.885 seconds
[2025-02-11T15:02:10.994+0000] {processor.py:186} INFO - Started process (PID=506) to work on /home/airflow/.local/lib/python3.12/site-packages/airflow/example_dags/example_dataset_alias_with_no_taskflow.py
[2025-02-11T15:02:10.998+0000] {processor.py:914} INFO - Processing file /home/airflow/.local/lib/python3.12/site-packages/airflow/example_dags/example_dataset_alias_with_no_taskflow.py for tasks to queue
[2025-02-11T15:02:11.013+0000] {logging_mixin.py:190} INFO - [2025-02-11T15:02:11.012+0000] {dagbag.py:588} INFO - Filling up the DagBag from /home/airflow/.local/lib/python3.12/site-packages/airflow/example_dags/example_dataset_alias_with_no_taskflow.py
[2025-02-11T15:02:13.684+0000] {processor.py:925} INFO - DAG(s) 'dataset_s3_bucket_consumer_with_no_taskflow', 'dataset_alias_example_alias_consumer_with_no_taskflow', 'dataset_alias_example_alias_producer_with_no_taskflow', 'dataset_s3_bucket_producer_with_no_taskflow' retrieved from /home/airflow/.local/lib/python3.12/site-packages/airflow/example_dags/example_dataset_alias_with_no_taskflow.py
[2025-02-11T15:02:13.812+0000] {logging_mixin.py:190} INFO - [2025-02-11T15:02:13.810+0000] {dag.py:3239} INFO - Sync 4 DAGs
[2025-02-11T15:02:13.906+0000] {logging_mixin.py:190} INFO - [2025-02-11T15:02:13.905+0000] {dag.py:4180} INFO - Setting next_dagrun for dataset_alias_example_alias_consumer_with_no_taskflow to None, run_after=None
[2025-02-11T15:02:13.920+0000] {logging_mixin.py:190} INFO - [2025-02-11T15:02:13.919+0000] {dag.py:4180} INFO - Setting next_dagrun for dataset_alias_example_alias_producer_with_no_taskflow to None, run_after=None
[2025-02-11T15:02:13.929+0000] {logging_mixin.py:190} INFO - [2025-02-11T15:02:13.928+0000] {dag.py:4180} INFO - Setting next_dagrun for dataset_s3_bucket_consumer_with_no_taskflow to None, run_after=None
[2025-02-11T15:02:13.935+0000] {logging_mixin.py:190} INFO - [2025-02-11T15:02:13.935+0000] {dag.py:4180} INFO - Setting next_dagrun for dataset_s3_bucket_producer_with_no_taskflow to None, run_after=None
[2025-02-11T15:02:14.031+0000] {processor.py:208} INFO - Processing /home/airflow/.local/lib/python3.12/site-packages/airflow/example_dags/example_dataset_alias_with_no_taskflow.py took 3.105 seconds
[2025-02-11T15:03:01.696+0000] {processor.py:186} INFO - Started process (PID=588) to work on /home/airflow/.local/lib/python3.12/site-packages/airflow/example_dags/example_dataset_alias_with_no_taskflow.py
[2025-02-11T15:03:01.703+0000] {processor.py:914} INFO - Processing file /home/airflow/.local/lib/python3.12/site-packages/airflow/example_dags/example_dataset_alias_with_no_taskflow.py for tasks to queue
[2025-02-11T15:03:01.715+0000] {logging_mixin.py:190} INFO - [2025-02-11T15:03:01.712+0000] {dagbag.py:588} INFO - Filling up the DagBag from /home/airflow/.local/lib/python3.12/site-packages/airflow/example_dags/example_dataset_alias_with_no_taskflow.py
[2025-02-11T15:03:04.517+0000] {processor.py:925} INFO - DAG(s) 'dataset_alias_example_alias_producer_with_no_taskflow', 'dataset_s3_bucket_consumer_with_no_taskflow', 'dataset_alias_example_alias_consumer_with_no_taskflow', 'dataset_s3_bucket_producer_with_no_taskflow' retrieved from /home/airflow/.local/lib/python3.12/site-packages/airflow/example_dags/example_dataset_alias_with_no_taskflow.py
[2025-02-11T15:03:04.581+0000] {logging_mixin.py:190} INFO - [2025-02-11T15:03:04.580+0000] {dag.py:3239} INFO - Sync 4 DAGs
[2025-02-11T15:03:04.642+0000] {logging_mixin.py:190} INFO - [2025-02-11T15:03:04.641+0000] {dag.py:4180} INFO - Setting next_dagrun for dataset_alias_example_alias_consumer_with_no_taskflow to None, run_after=None
[2025-02-11T15:03:04.653+0000] {logging_mixin.py:190} INFO - [2025-02-11T15:03:04.653+0000] {dag.py:4180} INFO - Setting next_dagrun for dataset_alias_example_alias_producer_with_no_taskflow to None, run_after=None
[2025-02-11T15:03:04.660+0000] {logging_mixin.py:190} INFO - [2025-02-11T15:03:04.659+0000] {dag.py:4180} INFO - Setting next_dagrun for dataset_s3_bucket_consumer_with_no_taskflow to None, run_after=None
[2025-02-11T15:03:04.666+0000] {logging_mixin.py:190} INFO - [2025-02-11T15:03:04.665+0000] {dag.py:4180} INFO - Setting next_dagrun for dataset_s3_bucket_producer_with_no_taskflow to None, run_after=None
[2025-02-11T15:03:04.755+0000] {processor.py:208} INFO - Processing /home/airflow/.local/lib/python3.12/site-packages/airflow/example_dags/example_dataset_alias_with_no_taskflow.py took 3.123 seconds
