[2025-02-11T14:58:26.503+0000] {processor.py:186} INFO - Started process (PID=74) to work on /home/airflow/.local/lib/python3.12/site-packages/airflow/example_dags/example_xcomargs.py
[2025-02-11T14:58:26.509+0000] {processor.py:914} INFO - Processing file /home/airflow/.local/lib/python3.12/site-packages/airflow/example_dags/example_xcomargs.py for tasks to queue
[2025-02-11T14:58:26.536+0000] {logging_mixin.py:190} INFO - [2025-02-11T14:58:26.536+0000] {dagbag.py:588} INFO - Filling up the DagBag from /home/airflow/.local/lib/python3.12/site-packages/airflow/example_dags/example_xcomargs.py
[2025-02-11T14:58:26.596+0000] {processor.py:925} INFO - DAG(s) 'example_xcom_args_with_operators', 'example_xcom_args' retrieved from /home/airflow/.local/lib/python3.12/site-packages/airflow/example_dags/example_xcomargs.py
[2025-02-11T14:58:27.110+0000] {logging_mixin.py:190} INFO - [2025-02-11T14:58:27.109+0000] {override.py:1911} INFO - Created Permission View: can edit on DAG:example_xcom_args_with_operators
[2025-02-11T14:58:27.135+0000] {logging_mixin.py:190} INFO - [2025-02-11T14:58:27.135+0000] {override.py:1911} INFO - Created Permission View: can read on DAG:example_xcom_args_with_operators
[2025-02-11T14:58:27.155+0000] {logging_mixin.py:190} INFO - [2025-02-11T14:58:27.154+0000] {override.py:1911} INFO - Created Permission View: can delete on DAG:example_xcom_args_with_operators
[2025-02-11T14:58:27.177+0000] {logging_mixin.py:190} INFO - [2025-02-11T14:58:27.176+0000] {override.py:1911} INFO - Created Permission View: can create on DAG Run:example_xcom_args_with_operators
[2025-02-11T14:58:27.196+0000] {logging_mixin.py:190} INFO - [2025-02-11T14:58:27.196+0000] {override.py:1911} INFO - Created Permission View: menu access on DAG Run:example_xcom_args_with_operators
[2025-02-11T14:58:27.225+0000] {logging_mixin.py:190} INFO - [2025-02-11T14:58:27.223+0000] {override.py:1911} INFO - Created Permission View: can read on DAG Run:example_xcom_args_with_operators
[2025-02-11T14:58:27.260+0000] {logging_mixin.py:190} INFO - [2025-02-11T14:58:27.258+0000] {override.py:1911} INFO - Created Permission View: can delete on DAG Run:example_xcom_args_with_operators
[2025-02-11T14:58:27.315+0000] {logging_mixin.py:190} INFO - [2025-02-11T14:58:27.314+0000] {override.py:1911} INFO - Created Permission View: can edit on DAG:example_xcom_args
[2025-02-11T14:58:27.342+0000] {logging_mixin.py:190} INFO - [2025-02-11T14:58:27.342+0000] {override.py:1911} INFO - Created Permission View: can read on DAG:example_xcom_args
[2025-02-11T14:58:27.369+0000] {logging_mixin.py:190} INFO - [2025-02-11T14:58:27.368+0000] {override.py:1911} INFO - Created Permission View: can delete on DAG:example_xcom_args
[2025-02-11T14:58:27.397+0000] {logging_mixin.py:190} INFO - [2025-02-11T14:58:27.396+0000] {override.py:1911} INFO - Created Permission View: can create on DAG Run:example_xcom_args
[2025-02-11T14:58:27.424+0000] {logging_mixin.py:190} INFO - [2025-02-11T14:58:27.423+0000] {override.py:1911} INFO - Created Permission View: menu access on DAG Run:example_xcom_args
[2025-02-11T14:58:27.446+0000] {logging_mixin.py:190} INFO - [2025-02-11T14:58:27.445+0000] {override.py:1911} INFO - Created Permission View: can read on DAG Run:example_xcom_args
[2025-02-11T14:58:27.461+0000] {logging_mixin.py:190} INFO - [2025-02-11T14:58:27.460+0000] {override.py:1911} INFO - Created Permission View: can delete on DAG Run:example_xcom_args
[2025-02-11T14:58:27.464+0000] {logging_mixin.py:190} INFO - [2025-02-11T14:58:27.464+0000] {dag.py:3239} INFO - Sync 2 DAGs
[2025-02-11T14:58:27.506+0000] {logging_mixin.py:190} INFO - [2025-02-11T14:58:27.506+0000] {dag.py:3262} INFO - Creating ORM DAG for example_xcom_args_with_operators
[2025-02-11T14:58:27.510+0000] {logging_mixin.py:190} INFO - [2025-02-11T14:58:27.509+0000] {dag.py:3262} INFO - Creating ORM DAG for example_xcom_args
[2025-02-11T14:58:27.523+0000] {logging_mixin.py:190} INFO - [2025-02-11T14:58:27.518+0000] {dag.py:4180} INFO - Setting next_dagrun for example_xcom_args to None, run_after=None
[2025-02-11T14:58:27.531+0000] {logging_mixin.py:190} INFO - [2025-02-11T14:58:27.529+0000] {dag.py:4180} INFO - Setting next_dagrun for example_xcom_args_with_operators to None, run_after=None
[2025-02-11T14:58:27.593+0000] {processor.py:208} INFO - Processing /home/airflow/.local/lib/python3.12/site-packages/airflow/example_dags/example_xcomargs.py took 1.110 seconds
[2025-02-11T14:59:04.976+0000] {processor.py:186} INFO - Started process (PID=138) to work on /home/airflow/.local/lib/python3.12/site-packages/airflow/example_dags/example_xcomargs.py
[2025-02-11T14:59:04.980+0000] {processor.py:914} INFO - Processing file /home/airflow/.local/lib/python3.12/site-packages/airflow/example_dags/example_xcomargs.py for tasks to queue
[2025-02-11T14:59:04.989+0000] {logging_mixin.py:190} INFO - [2025-02-11T14:59:04.987+0000] {dagbag.py:588} INFO - Filling up the DagBag from /home/airflow/.local/lib/python3.12/site-packages/airflow/example_dags/example_xcomargs.py
[2025-02-11T14:59:05.020+0000] {processor.py:925} INFO - DAG(s) 'example_xcom_args', 'example_xcom_args_with_operators' retrieved from /home/airflow/.local/lib/python3.12/site-packages/airflow/example_dags/example_xcomargs.py
[2025-02-11T14:59:05.091+0000] {logging_mixin.py:190} INFO - [2025-02-11T14:59:05.091+0000] {dag.py:3239} INFO - Sync 2 DAGs
[2025-02-11T14:59:05.134+0000] {logging_mixin.py:190} INFO - [2025-02-11T14:59:05.134+0000] {dag.py:4180} INFO - Setting next_dagrun for example_xcom_args to None, run_after=None
[2025-02-11T14:59:05.147+0000] {logging_mixin.py:190} INFO - [2025-02-11T14:59:05.146+0000] {dag.py:4180} INFO - Setting next_dagrun for example_xcom_args_with_operators to None, run_after=None
[2025-02-11T14:59:05.201+0000] {processor.py:208} INFO - Processing /home/airflow/.local/lib/python3.12/site-packages/airflow/example_dags/example_xcomargs.py took 0.259 seconds
[2025-02-11T14:59:36.924+0000] {processor.py:186} INFO - Started process (PID=201) to work on /home/airflow/.local/lib/python3.12/site-packages/airflow/example_dags/example_xcomargs.py
[2025-02-11T14:59:36.927+0000] {processor.py:914} INFO - Processing file /home/airflow/.local/lib/python3.12/site-packages/airflow/example_dags/example_xcomargs.py for tasks to queue
[2025-02-11T14:59:36.933+0000] {logging_mixin.py:190} INFO - [2025-02-11T14:59:36.932+0000] {dagbag.py:588} INFO - Filling up the DagBag from /home/airflow/.local/lib/python3.12/site-packages/airflow/example_dags/example_xcomargs.py
[2025-02-11T14:59:36.962+0000] {processor.py:925} INFO - DAG(s) 'example_xcom_args', 'example_xcom_args_with_operators' retrieved from /home/airflow/.local/lib/python3.12/site-packages/airflow/example_dags/example_xcomargs.py
[2025-02-11T14:59:37.028+0000] {logging_mixin.py:190} INFO - [2025-02-11T14:59:37.027+0000] {dag.py:3239} INFO - Sync 2 DAGs
[2025-02-11T14:59:37.073+0000] {logging_mixin.py:190} INFO - [2025-02-11T14:59:37.072+0000] {dag.py:4180} INFO - Setting next_dagrun for example_xcom_args to None, run_after=None
[2025-02-11T14:59:37.083+0000] {logging_mixin.py:190} INFO - [2025-02-11T14:59:37.083+0000] {dag.py:4180} INFO - Setting next_dagrun for example_xcom_args_with_operators to None, run_after=None
[2025-02-11T14:59:37.129+0000] {processor.py:208} INFO - Processing /home/airflow/.local/lib/python3.12/site-packages/airflow/example_dags/example_xcomargs.py took 0.223 seconds
[2025-02-11T15:00:12.239+0000] {processor.py:186} INFO - Started process (PID=265) to work on /home/airflow/.local/lib/python3.12/site-packages/airflow/example_dags/example_xcomargs.py
[2025-02-11T15:00:12.244+0000] {processor.py:914} INFO - Processing file /home/airflow/.local/lib/python3.12/site-packages/airflow/example_dags/example_xcomargs.py for tasks to queue
[2025-02-11T15:00:12.250+0000] {logging_mixin.py:190} INFO - [2025-02-11T15:00:12.249+0000] {dagbag.py:588} INFO - Filling up the DagBag from /home/airflow/.local/lib/python3.12/site-packages/airflow/example_dags/example_xcomargs.py
[2025-02-11T15:00:12.278+0000] {processor.py:925} INFO - DAG(s) 'example_xcom_args_with_operators', 'example_xcom_args' retrieved from /home/airflow/.local/lib/python3.12/site-packages/airflow/example_dags/example_xcomargs.py
[2025-02-11T15:00:12.354+0000] {logging_mixin.py:190} INFO - [2025-02-11T15:00:12.353+0000] {dag.py:3239} INFO - Sync 2 DAGs
[2025-02-11T15:00:12.449+0000] {logging_mixin.py:190} INFO - [2025-02-11T15:00:12.449+0000] {dag.py:4180} INFO - Setting next_dagrun for example_xcom_args to None, run_after=None
[2025-02-11T15:00:12.463+0000] {logging_mixin.py:190} INFO - [2025-02-11T15:00:12.462+0000] {dag.py:4180} INFO - Setting next_dagrun for example_xcom_args_with_operators to None, run_after=None
[2025-02-11T15:00:12.529+0000] {processor.py:208} INFO - Processing /home/airflow/.local/lib/python3.12/site-packages/airflow/example_dags/example_xcomargs.py took 0.308 seconds
[2025-02-11T15:00:44.306+0000] {processor.py:186} INFO - Started process (PID=328) to work on /home/airflow/.local/lib/python3.12/site-packages/airflow/example_dags/example_xcomargs.py
[2025-02-11T15:00:44.311+0000] {processor.py:914} INFO - Processing file /home/airflow/.local/lib/python3.12/site-packages/airflow/example_dags/example_xcomargs.py for tasks to queue
[2025-02-11T15:00:44.318+0000] {logging_mixin.py:190} INFO - [2025-02-11T15:00:44.317+0000] {dagbag.py:588} INFO - Filling up the DagBag from /home/airflow/.local/lib/python3.12/site-packages/airflow/example_dags/example_xcomargs.py
[2025-02-11T15:00:44.358+0000] {processor.py:925} INFO - DAG(s) 'example_xcom_args_with_operators', 'example_xcom_args' retrieved from /home/airflow/.local/lib/python3.12/site-packages/airflow/example_dags/example_xcomargs.py
[2025-02-11T15:00:44.438+0000] {logging_mixin.py:190} INFO - [2025-02-11T15:00:44.437+0000] {dag.py:3239} INFO - Sync 2 DAGs
[2025-02-11T15:00:44.507+0000] {logging_mixin.py:190} INFO - [2025-02-11T15:00:44.506+0000] {dag.py:4180} INFO - Setting next_dagrun for example_xcom_args to None, run_after=None
[2025-02-11T15:00:44.523+0000] {logging_mixin.py:190} INFO - [2025-02-11T15:00:44.523+0000] {dag.py:4180} INFO - Setting next_dagrun for example_xcom_args_with_operators to None, run_after=None
[2025-02-11T15:00:44.578+0000] {processor.py:208} INFO - Processing /home/airflow/.local/lib/python3.12/site-packages/airflow/example_dags/example_xcomargs.py took 0.288 seconds
[2025-02-11T15:01:16.862+0000] {processor.py:186} INFO - Started process (PID=391) to work on /home/airflow/.local/lib/python3.12/site-packages/airflow/example_dags/example_xcomargs.py
[2025-02-11T15:01:16.866+0000] {processor.py:914} INFO - Processing file /home/airflow/.local/lib/python3.12/site-packages/airflow/example_dags/example_xcomargs.py for tasks to queue
[2025-02-11T15:01:16.878+0000] {logging_mixin.py:190} INFO - [2025-02-11T15:01:16.877+0000] {dagbag.py:588} INFO - Filling up the DagBag from /home/airflow/.local/lib/python3.12/site-packages/airflow/example_dags/example_xcomargs.py
[2025-02-11T15:01:16.932+0000] {processor.py:925} INFO - DAG(s) 'example_xcom_args_with_operators', 'example_xcom_args' retrieved from /home/airflow/.local/lib/python3.12/site-packages/airflow/example_dags/example_xcomargs.py
[2025-02-11T15:01:17.044+0000] {logging_mixin.py:190} INFO - [2025-02-11T15:01:17.043+0000] {dag.py:3239} INFO - Sync 2 DAGs
[2025-02-11T15:01:17.122+0000] {logging_mixin.py:190} INFO - [2025-02-11T15:01:17.121+0000] {dag.py:4180} INFO - Setting next_dagrun for example_xcom_args to None, run_after=None
[2025-02-11T15:01:17.145+0000] {logging_mixin.py:190} INFO - [2025-02-11T15:01:17.145+0000] {dag.py:4180} INFO - Setting next_dagrun for example_xcom_args_with_operators to None, run_after=None
[2025-02-11T15:01:17.230+0000] {processor.py:208} INFO - Processing /home/airflow/.local/lib/python3.12/site-packages/airflow/example_dags/example_xcomargs.py took 0.396 seconds
[2025-02-11T15:01:48.810+0000] {processor.py:186} INFO - Started process (PID=455) to work on /home/airflow/.local/lib/python3.12/site-packages/airflow/example_dags/example_xcomargs.py
[2025-02-11T15:01:48.819+0000] {processor.py:914} INFO - Processing file /home/airflow/.local/lib/python3.12/site-packages/airflow/example_dags/example_xcomargs.py for tasks to queue
[2025-02-11T15:01:48.836+0000] {logging_mixin.py:190} INFO - [2025-02-11T15:01:48.835+0000] {dagbag.py:588} INFO - Filling up the DagBag from /home/airflow/.local/lib/python3.12/site-packages/airflow/example_dags/example_xcomargs.py
[2025-02-11T15:01:48.889+0000] {processor.py:925} INFO - DAG(s) 'example_xcom_args', 'example_xcom_args_with_operators' retrieved from /home/airflow/.local/lib/python3.12/site-packages/airflow/example_dags/example_xcomargs.py
[2025-02-11T15:01:49.054+0000] {logging_mixin.py:190} INFO - [2025-02-11T15:01:49.054+0000] {dag.py:3239} INFO - Sync 2 DAGs
[2025-02-11T15:01:49.123+0000] {logging_mixin.py:190} INFO - [2025-02-11T15:01:49.123+0000] {dag.py:4180} INFO - Setting next_dagrun for example_xcom_args to None, run_after=None
[2025-02-11T15:01:49.135+0000] {logging_mixin.py:190} INFO - [2025-02-11T15:01:49.135+0000] {dag.py:4180} INFO - Setting next_dagrun for example_xcom_args_with_operators to None, run_after=None
[2025-02-11T15:01:49.175+0000] {processor.py:208} INFO - Processing /home/airflow/.local/lib/python3.12/site-packages/airflow/example_dags/example_xcomargs.py took 0.435 seconds
[2025-02-11T15:02:26.875+0000] {processor.py:186} INFO - Started process (PID=526) to work on /home/airflow/.local/lib/python3.12/site-packages/airflow/example_dags/example_xcomargs.py
[2025-02-11T15:02:26.883+0000] {processor.py:914} INFO - Processing file /home/airflow/.local/lib/python3.12/site-packages/airflow/example_dags/example_xcomargs.py for tasks to queue
[2025-02-11T15:02:26.907+0000] {logging_mixin.py:190} INFO - [2025-02-11T15:02:26.904+0000] {dagbag.py:588} INFO - Filling up the DagBag from /home/airflow/.local/lib/python3.12/site-packages/airflow/example_dags/example_xcomargs.py
[2025-02-11T15:02:26.960+0000] {processor.py:925} INFO - DAG(s) 'example_xcom_args', 'example_xcom_args_with_operators' retrieved from /home/airflow/.local/lib/python3.12/site-packages/airflow/example_dags/example_xcomargs.py
[2025-02-11T15:02:27.090+0000] {logging_mixin.py:190} INFO - [2025-02-11T15:02:27.088+0000] {dag.py:3239} INFO - Sync 2 DAGs
[2025-02-11T15:02:27.368+0000] {logging_mixin.py:190} INFO - [2025-02-11T15:02:27.367+0000] {dag.py:4180} INFO - Setting next_dagrun for example_xcom_args to None, run_after=None
[2025-02-11T15:02:27.434+0000] {logging_mixin.py:190} INFO - [2025-02-11T15:02:27.434+0000] {dag.py:4180} INFO - Setting next_dagrun for example_xcom_args_with_operators to None, run_after=None
[2025-02-11T15:02:27.677+0000] {processor.py:208} INFO - Processing /home/airflow/.local/lib/python3.12/site-packages/airflow/example_dags/example_xcomargs.py took 0.831 seconds
[2025-02-11T15:03:05.742+0000] {processor.py:186} INFO - Started process (PID=591) to work on /home/airflow/.local/lib/python3.12/site-packages/airflow/example_dags/example_xcomargs.py
[2025-02-11T15:03:05.746+0000] {processor.py:914} INFO - Processing file /home/airflow/.local/lib/python3.12/site-packages/airflow/example_dags/example_xcomargs.py for tasks to queue
[2025-02-11T15:03:05.751+0000] {logging_mixin.py:190} INFO - [2025-02-11T15:03:05.750+0000] {dagbag.py:588} INFO - Filling up the DagBag from /home/airflow/.local/lib/python3.12/site-packages/airflow/example_dags/example_xcomargs.py
[2025-02-11T15:03:05.778+0000] {processor.py:925} INFO - DAG(s) 'example_xcom_args_with_operators', 'example_xcom_args' retrieved from /home/airflow/.local/lib/python3.12/site-packages/airflow/example_dags/example_xcomargs.py
[2025-02-11T15:03:05.892+0000] {logging_mixin.py:190} INFO - [2025-02-11T15:03:05.891+0000] {dag.py:3239} INFO - Sync 2 DAGs
[2025-02-11T15:03:05.991+0000] {logging_mixin.py:190} INFO - [2025-02-11T15:03:05.991+0000] {dag.py:4180} INFO - Setting next_dagrun for example_xcom_args to None, run_after=None
[2025-02-11T15:03:06.010+0000] {logging_mixin.py:190} INFO - [2025-02-11T15:03:06.010+0000] {dag.py:4180} INFO - Setting next_dagrun for example_xcom_args_with_operators to None, run_after=None
[2025-02-11T15:03:06.055+0000] {processor.py:208} INFO - Processing /home/airflow/.local/lib/python3.12/site-packages/airflow/example_dags/example_xcomargs.py took 0.328 seconds
