[2025-02-11T14:58:30.329+0000] {processor.py:186} INFO - Started process (PID=80) to work on /home/airflow/.local/lib/python3.12/site-packages/airflow/example_dags/tutorial.py
[2025-02-11T14:58:30.333+0000] {processor.py:914} INFO - Processing file /home/airflow/.local/lib/python3.12/site-packages/airflow/example_dags/tutorial.py for tasks to queue
[2025-02-11T14:58:30.340+0000] {logging_mixin.py:190} INFO - [2025-02-11T14:58:30.339+0000] {dagbag.py:588} INFO - Filling up the DagBag from /home/airflow/.local/lib/python3.12/site-packages/airflow/example_dags/tutorial.py
[2025-02-11T14:58:30.371+0000] {processor.py:925} INFO - DAG(s) 'tutorial' retrieved from /home/airflow/.local/lib/python3.12/site-packages/airflow/example_dags/tutorial.py
[2025-02-11T14:58:31.058+0000] {logging_mixin.py:190} INFO - [2025-02-11T14:58:31.056+0000] {override.py:1911} INFO - Created Permission View: can edit on DAG:tutorial
[2025-02-11T14:58:31.088+0000] {logging_mixin.py:190} INFO - [2025-02-11T14:58:31.088+0000] {override.py:1911} INFO - Created Permission View: can read on DAG:tutorial
[2025-02-11T14:58:31.111+0000] {logging_mixin.py:190} INFO - [2025-02-11T14:58:31.110+0000] {override.py:1911} INFO - Created Permission View: can delete on DAG:tutorial
[2025-02-11T14:58:31.136+0000] {logging_mixin.py:190} INFO - [2025-02-11T14:58:31.135+0000] {override.py:1911} INFO - Created Permission View: can create on DAG Run:tutorial
[2025-02-11T14:58:31.158+0000] {logging_mixin.py:190} INFO - [2025-02-11T14:58:31.158+0000] {override.py:1911} INFO - Created Permission View: menu access on DAG Run:tutorial
[2025-02-11T14:58:31.183+0000] {logging_mixin.py:190} INFO - [2025-02-11T14:58:31.183+0000] {override.py:1911} INFO - Created Permission View: can read on DAG Run:tutorial
[2025-02-11T14:58:31.207+0000] {logging_mixin.py:190} INFO - [2025-02-11T14:58:31.207+0000] {override.py:1911} INFO - Created Permission View: can delete on DAG Run:tutorial
[2025-02-11T14:58:31.212+0000] {logging_mixin.py:190} INFO - [2025-02-11T14:58:31.211+0000] {dag.py:3239} INFO - Sync 1 DAGs
[2025-02-11T14:58:31.262+0000] {logging_mixin.py:190} INFO - [2025-02-11T14:58:31.261+0000] {dag.py:3262} INFO - Creating ORM DAG for tutorial
[2025-02-11T14:58:31.294+0000] {logging_mixin.py:190} INFO - [2025-02-11T14:58:31.293+0000] {dag.py:4180} INFO - Setting next_dagrun for tutorial to 2025-02-10 00:00:00+00:00, run_after=2025-02-11 00:00:00+00:00
[2025-02-11T14:58:31.350+0000] {processor.py:208} INFO - Processing /home/airflow/.local/lib/python3.12/site-packages/airflow/example_dags/tutorial.py took 1.038 seconds
[2025-02-11T14:59:06.183+0000] {processor.py:186} INFO - Started process (PID=144) to work on /home/airflow/.local/lib/python3.12/site-packages/airflow/example_dags/tutorial.py
[2025-02-11T14:59:06.187+0000] {processor.py:914} INFO - Processing file /home/airflow/.local/lib/python3.12/site-packages/airflow/example_dags/tutorial.py for tasks to queue
[2025-02-11T14:59:06.195+0000] {logging_mixin.py:190} INFO - [2025-02-11T14:59:06.194+0000] {dagbag.py:588} INFO - Filling up the DagBag from /home/airflow/.local/lib/python3.12/site-packages/airflow/example_dags/tutorial.py
[2025-02-11T14:59:06.219+0000] {processor.py:925} INFO - DAG(s) 'tutorial' retrieved from /home/airflow/.local/lib/python3.12/site-packages/airflow/example_dags/tutorial.py
[2025-02-11T14:59:06.317+0000] {logging_mixin.py:190} INFO - [2025-02-11T14:59:06.316+0000] {dag.py:3239} INFO - Sync 1 DAGs
[2025-02-11T14:59:06.408+0000] {logging_mixin.py:190} INFO - [2025-02-11T14:59:06.407+0000] {dag.py:4180} INFO - Setting next_dagrun for tutorial to 2025-02-10 00:00:00+00:00, run_after=2025-02-11 00:00:00+00:00
[2025-02-11T14:59:06.515+0000] {processor.py:208} INFO - Processing /home/airflow/.local/lib/python3.12/site-packages/airflow/example_dags/tutorial.py took 0.350 seconds
[2025-02-11T14:59:37.834+0000] {processor.py:186} INFO - Started process (PID=207) to work on /home/airflow/.local/lib/python3.12/site-packages/airflow/example_dags/tutorial.py
[2025-02-11T14:59:37.837+0000] {processor.py:914} INFO - Processing file /home/airflow/.local/lib/python3.12/site-packages/airflow/example_dags/tutorial.py for tasks to queue
[2025-02-11T14:59:37.845+0000] {logging_mixin.py:190} INFO - [2025-02-11T14:59:37.844+0000] {dagbag.py:588} INFO - Filling up the DagBag from /home/airflow/.local/lib/python3.12/site-packages/airflow/example_dags/tutorial.py
[2025-02-11T14:59:37.868+0000] {processor.py:925} INFO - DAG(s) 'tutorial' retrieved from /home/airflow/.local/lib/python3.12/site-packages/airflow/example_dags/tutorial.py
[2025-02-11T14:59:37.921+0000] {logging_mixin.py:190} INFO - [2025-02-11T14:59:37.920+0000] {dag.py:3239} INFO - Sync 1 DAGs
[2025-02-11T14:59:37.971+0000] {logging_mixin.py:190} INFO - [2025-02-11T14:59:37.971+0000] {dag.py:4180} INFO - Setting next_dagrun for tutorial to 2025-02-10 00:00:00+00:00, run_after=2025-02-11 00:00:00+00:00
[2025-02-11T14:59:38.017+0000] {processor.py:208} INFO - Processing /home/airflow/.local/lib/python3.12/site-packages/airflow/example_dags/tutorial.py took 0.200 seconds
[2025-02-11T15:00:13.764+0000] {processor.py:186} INFO - Started process (PID=271) to work on /home/airflow/.local/lib/python3.12/site-packages/airflow/example_dags/tutorial.py
[2025-02-11T15:00:13.767+0000] {processor.py:914} INFO - Processing file /home/airflow/.local/lib/python3.12/site-packages/airflow/example_dags/tutorial.py for tasks to queue
[2025-02-11T15:00:13.774+0000] {logging_mixin.py:190} INFO - [2025-02-11T15:00:13.774+0000] {dagbag.py:588} INFO - Filling up the DagBag from /home/airflow/.local/lib/python3.12/site-packages/airflow/example_dags/tutorial.py
[2025-02-11T15:00:13.831+0000] {processor.py:925} INFO - DAG(s) 'tutorial' retrieved from /home/airflow/.local/lib/python3.12/site-packages/airflow/example_dags/tutorial.py
[2025-02-11T15:00:13.934+0000] {logging_mixin.py:190} INFO - [2025-02-11T15:00:13.934+0000] {dag.py:3239} INFO - Sync 1 DAGs
[2025-02-11T15:00:14.095+0000] {logging_mixin.py:190} INFO - [2025-02-11T15:00:14.094+0000] {dag.py:4180} INFO - Setting next_dagrun for tutorial to 2025-02-10 00:00:00+00:00, run_after=2025-02-11 00:00:00+00:00
[2025-02-11T15:00:14.188+0000] {processor.py:208} INFO - Processing /home/airflow/.local/lib/python3.12/site-packages/airflow/example_dags/tutorial.py took 0.447 seconds
[2025-02-11T15:00:45.287+0000] {processor.py:186} INFO - Started process (PID=334) to work on /home/airflow/.local/lib/python3.12/site-packages/airflow/example_dags/tutorial.py
[2025-02-11T15:00:45.291+0000] {processor.py:914} INFO - Processing file /home/airflow/.local/lib/python3.12/site-packages/airflow/example_dags/tutorial.py for tasks to queue
[2025-02-11T15:00:45.297+0000] {logging_mixin.py:190} INFO - [2025-02-11T15:00:45.296+0000] {dagbag.py:588} INFO - Filling up the DagBag from /home/airflow/.local/lib/python3.12/site-packages/airflow/example_dags/tutorial.py
[2025-02-11T15:00:45.319+0000] {processor.py:925} INFO - DAG(s) 'tutorial' retrieved from /home/airflow/.local/lib/python3.12/site-packages/airflow/example_dags/tutorial.py
[2025-02-11T15:00:45.367+0000] {logging_mixin.py:190} INFO - [2025-02-11T15:00:45.367+0000] {dag.py:3239} INFO - Sync 1 DAGs
[2025-02-11T15:00:45.422+0000] {logging_mixin.py:190} INFO - [2025-02-11T15:00:45.421+0000] {dag.py:4180} INFO - Setting next_dagrun for tutorial to 2025-02-10 00:00:00+00:00, run_after=2025-02-11 00:00:00+00:00
[2025-02-11T15:00:45.472+0000] {processor.py:208} INFO - Processing /home/airflow/.local/lib/python3.12/site-packages/airflow/example_dags/tutorial.py took 0.199 seconds
[2025-02-11T15:01:18.154+0000] {processor.py:186} INFO - Started process (PID=397) to work on /home/airflow/.local/lib/python3.12/site-packages/airflow/example_dags/tutorial.py
[2025-02-11T15:01:18.160+0000] {processor.py:914} INFO - Processing file /home/airflow/.local/lib/python3.12/site-packages/airflow/example_dags/tutorial.py for tasks to queue
[2025-02-11T15:01:18.174+0000] {logging_mixin.py:190} INFO - [2025-02-11T15:01:18.172+0000] {dagbag.py:588} INFO - Filling up the DagBag from /home/airflow/.local/lib/python3.12/site-packages/airflow/example_dags/tutorial.py
[2025-02-11T15:01:18.204+0000] {processor.py:925} INFO - DAG(s) 'tutorial' retrieved from /home/airflow/.local/lib/python3.12/site-packages/airflow/example_dags/tutorial.py
[2025-02-11T15:01:18.273+0000] {logging_mixin.py:190} INFO - [2025-02-11T15:01:18.273+0000] {dag.py:3239} INFO - Sync 1 DAGs
[2025-02-11T15:01:18.350+0000] {logging_mixin.py:190} INFO - [2025-02-11T15:01:18.349+0000] {dag.py:4180} INFO - Setting next_dagrun for tutorial to 2025-02-10 00:00:00+00:00, run_after=2025-02-11 00:00:00+00:00
[2025-02-11T15:01:18.395+0000] {processor.py:208} INFO - Processing /home/airflow/.local/lib/python3.12/site-packages/airflow/example_dags/tutorial.py took 0.268 seconds
[2025-02-11T15:01:51.355+0000] {processor.py:186} INFO - Started process (PID=468) to work on /home/airflow/.local/lib/python3.12/site-packages/airflow/example_dags/tutorial.py
[2025-02-11T15:01:51.360+0000] {processor.py:914} INFO - Processing file /home/airflow/.local/lib/python3.12/site-packages/airflow/example_dags/tutorial.py for tasks to queue
[2025-02-11T15:01:51.388+0000] {logging_mixin.py:190} INFO - [2025-02-11T15:01:51.387+0000] {dagbag.py:588} INFO - Filling up the DagBag from /home/airflow/.local/lib/python3.12/site-packages/airflow/example_dags/tutorial.py
[2025-02-11T15:01:51.451+0000] {processor.py:925} INFO - DAG(s) 'tutorial' retrieved from /home/airflow/.local/lib/python3.12/site-packages/airflow/example_dags/tutorial.py
[2025-02-11T15:01:51.569+0000] {logging_mixin.py:190} INFO - [2025-02-11T15:01:51.569+0000] {dag.py:3239} INFO - Sync 1 DAGs
[2025-02-11T15:01:51.640+0000] {logging_mixin.py:190} INFO - [2025-02-11T15:01:51.640+0000] {dag.py:4180} INFO - Setting next_dagrun for tutorial to 2025-02-10 00:00:00+00:00, run_after=2025-02-11 00:00:00+00:00
[2025-02-11T15:01:51.913+0000] {processor.py:208} INFO - Processing /home/airflow/.local/lib/python3.12/site-packages/airflow/example_dags/tutorial.py took 0.580 seconds
[2025-02-11T15:02:34.155+0000] {processor.py:186} INFO - Started process (PID=533) to work on /home/airflow/.local/lib/python3.12/site-packages/airflow/example_dags/tutorial.py
[2025-02-11T15:02:34.176+0000] {processor.py:914} INFO - Processing file /home/airflow/.local/lib/python3.12/site-packages/airflow/example_dags/tutorial.py for tasks to queue
[2025-02-11T15:02:34.259+0000] {logging_mixin.py:190} INFO - [2025-02-11T15:02:34.257+0000] {dagbag.py:588} INFO - Filling up the DagBag from /home/airflow/.local/lib/python3.12/site-packages/airflow/example_dags/tutorial.py
[2025-02-11T15:02:34.399+0000] {processor.py:925} INFO - DAG(s) 'tutorial' retrieved from /home/airflow/.local/lib/python3.12/site-packages/airflow/example_dags/tutorial.py
[2025-02-11T15:02:34.968+0000] {logging_mixin.py:190} INFO - [2025-02-11T15:02:34.968+0000] {dag.py:3239} INFO - Sync 1 DAGs
[2025-02-11T15:02:35.381+0000] {logging_mixin.py:190} INFO - [2025-02-11T15:02:35.366+0000] {dag.py:4180} INFO - Setting next_dagrun for tutorial to 2025-02-10 00:00:00+00:00, run_after=2025-02-11 00:00:00+00:00
[2025-02-11T15:02:35.527+0000] {processor.py:208} INFO - Processing /home/airflow/.local/lib/python3.12/site-packages/airflow/example_dags/tutorial.py took 1.455 seconds
[2025-02-11T15:03:07.984+0000] {processor.py:186} INFO - Started process (PID=598) to work on /home/airflow/.local/lib/python3.12/site-packages/airflow/example_dags/tutorial.py
[2025-02-11T15:03:07.991+0000] {processor.py:914} INFO - Processing file /home/airflow/.local/lib/python3.12/site-packages/airflow/example_dags/tutorial.py for tasks to queue
[2025-02-11T15:03:07.998+0000] {logging_mixin.py:190} INFO - [2025-02-11T15:03:07.997+0000] {dagbag.py:588} INFO - Filling up the DagBag from /home/airflow/.local/lib/python3.12/site-packages/airflow/example_dags/tutorial.py
[2025-02-11T15:03:08.032+0000] {processor.py:925} INFO - DAG(s) 'tutorial' retrieved from /home/airflow/.local/lib/python3.12/site-packages/airflow/example_dags/tutorial.py
[2025-02-11T15:03:08.076+0000] {logging_mixin.py:190} INFO - [2025-02-11T15:03:08.076+0000] {dag.py:3239} INFO - Sync 1 DAGs
[2025-02-11T15:03:08.226+0000] {logging_mixin.py:190} INFO - [2025-02-11T15:03:08.226+0000] {dag.py:4180} INFO - Setting next_dagrun for tutorial to 2025-02-10 00:00:00+00:00, run_after=2025-02-11 00:00:00+00:00
[2025-02-11T15:03:08.310+0000] {processor.py:208} INFO - Processing /home/airflow/.local/lib/python3.12/site-packages/airflow/example_dags/tutorial.py took 0.361 seconds
