[2025-02-11T14:58:20.273+0000] {processor.py:186} INFO - Started process (PID=66) to work on /home/airflow/.local/lib/python3.12/site-packages/airflow/example_dags/tutorial_taskflow_api.py
[2025-02-11T14:58:20.284+0000] {processor.py:914} INFO - Processing file /home/airflow/.local/lib/python3.12/site-packages/airflow/example_dags/tutorial_taskflow_api.py for tasks to queue
[2025-02-11T14:58:20.338+0000] {logging_mixin.py:190} INFO - [2025-02-11T14:58:20.336+0000] {dagbag.py:588} INFO - Filling up the DagBag from /home/airflow/.local/lib/python3.12/site-packages/airflow/example_dags/tutorial_taskflow_api.py
[2025-02-11T14:58:20.387+0000] {processor.py:925} INFO - DAG(s) 'tutorial_taskflow_api' retrieved from /home/airflow/.local/lib/python3.12/site-packages/airflow/example_dags/tutorial_taskflow_api.py
[2025-02-11T14:58:21.724+0000] {logging_mixin.py:190} INFO - [2025-02-11T14:58:21.722+0000] {override.py:1911} INFO - Created Permission View: can edit on DAG:tutorial_taskflow_api
[2025-02-11T14:58:21.761+0000] {logging_mixin.py:190} INFO - [2025-02-11T14:58:21.761+0000] {override.py:1911} INFO - Created Permission View: can read on DAG:tutorial_taskflow_api
[2025-02-11T14:58:21.783+0000] {logging_mixin.py:190} INFO - [2025-02-11T14:58:21.782+0000] {override.py:1911} INFO - Created Permission View: can delete on DAG:tutorial_taskflow_api
[2025-02-11T14:58:21.801+0000] {logging_mixin.py:190} INFO - [2025-02-11T14:58:21.800+0000] {override.py:1911} INFO - Created Permission View: can create on DAG Run:tutorial_taskflow_api
[2025-02-11T14:58:21.818+0000] {logging_mixin.py:190} INFO - [2025-02-11T14:58:21.817+0000] {override.py:1911} INFO - Created Permission View: menu access on DAG Run:tutorial_taskflow_api
[2025-02-11T14:58:21.836+0000] {logging_mixin.py:190} INFO - [2025-02-11T14:58:21.835+0000] {override.py:1911} INFO - Created Permission View: can read on DAG Run:tutorial_taskflow_api
[2025-02-11T14:58:21.861+0000] {logging_mixin.py:190} INFO - [2025-02-11T14:58:21.860+0000] {override.py:1911} INFO - Created Permission View: can delete on DAG Run:tutorial_taskflow_api
[2025-02-11T14:58:21.867+0000] {logging_mixin.py:190} INFO - [2025-02-11T14:58:21.866+0000] {dag.py:3239} INFO - Sync 1 DAGs
[2025-02-11T14:58:21.949+0000] {logging_mixin.py:190} INFO - [2025-02-11T14:58:21.949+0000] {dag.py:3262} INFO - Creating ORM DAG for tutorial_taskflow_api
[2025-02-11T14:58:21.956+0000] {logging_mixin.py:190} INFO - [2025-02-11T14:58:21.955+0000] {dag.py:4180} INFO - Setting next_dagrun for tutorial_taskflow_api to None, run_after=None
[2025-02-11T14:58:22.015+0000] {processor.py:208} INFO - Processing /home/airflow/.local/lib/python3.12/site-packages/airflow/example_dags/tutorial_taskflow_api.py took 1.875 seconds
[2025-02-11T14:59:02.843+0000] {processor.py:186} INFO - Started process (PID=130) to work on /home/airflow/.local/lib/python3.12/site-packages/airflow/example_dags/tutorial_taskflow_api.py
[2025-02-11T14:59:02.847+0000] {processor.py:914} INFO - Processing file /home/airflow/.local/lib/python3.12/site-packages/airflow/example_dags/tutorial_taskflow_api.py for tasks to queue
[2025-02-11T14:59:02.854+0000] {logging_mixin.py:190} INFO - [2025-02-11T14:59:02.853+0000] {dagbag.py:588} INFO - Filling up the DagBag from /home/airflow/.local/lib/python3.12/site-packages/airflow/example_dags/tutorial_taskflow_api.py
[2025-02-11T14:59:02.878+0000] {processor.py:925} INFO - DAG(s) 'tutorial_taskflow_api' retrieved from /home/airflow/.local/lib/python3.12/site-packages/airflow/example_dags/tutorial_taskflow_api.py
[2025-02-11T14:59:02.935+0000] {logging_mixin.py:190} INFO - [2025-02-11T14:59:02.933+0000] {dag.py:3239} INFO - Sync 1 DAGs
[2025-02-11T14:59:02.983+0000] {logging_mixin.py:190} INFO - [2025-02-11T14:59:02.982+0000] {dag.py:4180} INFO - Setting next_dagrun for tutorial_taskflow_api to None, run_after=None
[2025-02-11T14:59:03.039+0000] {processor.py:208} INFO - Processing /home/airflow/.local/lib/python3.12/site-packages/airflow/example_dags/tutorial_taskflow_api.py took 0.211 seconds
[2025-02-11T14:59:35.318+0000] {processor.py:186} INFO - Started process (PID=193) to work on /home/airflow/.local/lib/python3.12/site-packages/airflow/example_dags/tutorial_taskflow_api.py
[2025-02-11T14:59:35.326+0000] {processor.py:914} INFO - Processing file /home/airflow/.local/lib/python3.12/site-packages/airflow/example_dags/tutorial_taskflow_api.py for tasks to queue
[2025-02-11T14:59:35.344+0000] {logging_mixin.py:190} INFO - [2025-02-11T14:59:35.341+0000] {dagbag.py:588} INFO - Filling up the DagBag from /home/airflow/.local/lib/python3.12/site-packages/airflow/example_dags/tutorial_taskflow_api.py
[2025-02-11T14:59:35.374+0000] {processor.py:925} INFO - DAG(s) 'tutorial_taskflow_api' retrieved from /home/airflow/.local/lib/python3.12/site-packages/airflow/example_dags/tutorial_taskflow_api.py
[2025-02-11T14:59:35.429+0000] {logging_mixin.py:190} INFO - [2025-02-11T14:59:35.428+0000] {dag.py:3239} INFO - Sync 1 DAGs
[2025-02-11T14:59:35.458+0000] {logging_mixin.py:190} INFO - [2025-02-11T14:59:35.457+0000] {dag.py:4180} INFO - Setting next_dagrun for tutorial_taskflow_api to None, run_after=None
[2025-02-11T14:59:35.498+0000] {processor.py:208} INFO - Processing /home/airflow/.local/lib/python3.12/site-packages/airflow/example_dags/tutorial_taskflow_api.py took 0.194 seconds
[2025-02-11T15:00:09.579+0000] {processor.py:186} INFO - Started process (PID=257) to work on /home/airflow/.local/lib/python3.12/site-packages/airflow/example_dags/tutorial_taskflow_api.py
[2025-02-11T15:00:09.584+0000] {processor.py:914} INFO - Processing file /home/airflow/.local/lib/python3.12/site-packages/airflow/example_dags/tutorial_taskflow_api.py for tasks to queue
[2025-02-11T15:00:09.598+0000] {logging_mixin.py:190} INFO - [2025-02-11T15:00:09.597+0000] {dagbag.py:588} INFO - Filling up the DagBag from /home/airflow/.local/lib/python3.12/site-packages/airflow/example_dags/tutorial_taskflow_api.py
[2025-02-11T15:00:09.633+0000] {processor.py:925} INFO - DAG(s) 'tutorial_taskflow_api' retrieved from /home/airflow/.local/lib/python3.12/site-packages/airflow/example_dags/tutorial_taskflow_api.py
[2025-02-11T15:00:09.732+0000] {logging_mixin.py:190} INFO - [2025-02-11T15:00:09.730+0000] {dag.py:3239} INFO - Sync 1 DAGs
[2025-02-11T15:00:09.815+0000] {logging_mixin.py:190} INFO - [2025-02-11T15:00:09.814+0000] {dag.py:4180} INFO - Setting next_dagrun for tutorial_taskflow_api to None, run_after=None
[2025-02-11T15:00:09.989+0000] {processor.py:208} INFO - Processing /home/airflow/.local/lib/python3.12/site-packages/airflow/example_dags/tutorial_taskflow_api.py took 0.477 seconds
[2025-02-11T15:00:40.429+0000] {processor.py:186} INFO - Started process (PID=319) to work on /home/airflow/.local/lib/python3.12/site-packages/airflow/example_dags/tutorial_taskflow_api.py
[2025-02-11T15:00:40.448+0000] {processor.py:914} INFO - Processing file /home/airflow/.local/lib/python3.12/site-packages/airflow/example_dags/tutorial_taskflow_api.py for tasks to queue
[2025-02-11T15:00:40.469+0000] {logging_mixin.py:190} INFO - [2025-02-11T15:00:40.466+0000] {dagbag.py:588} INFO - Filling up the DagBag from /home/airflow/.local/lib/python3.12/site-packages/airflow/example_dags/tutorial_taskflow_api.py
[2025-02-11T15:00:40.504+0000] {processor.py:925} INFO - DAG(s) 'tutorial_taskflow_api' retrieved from /home/airflow/.local/lib/python3.12/site-packages/airflow/example_dags/tutorial_taskflow_api.py
[2025-02-11T15:00:40.565+0000] {logging_mixin.py:190} INFO - [2025-02-11T15:00:40.564+0000] {dag.py:3239} INFO - Sync 1 DAGs
[2025-02-11T15:00:40.610+0000] {logging_mixin.py:190} INFO - [2025-02-11T15:00:40.609+0000] {dag.py:4180} INFO - Setting next_dagrun for tutorial_taskflow_api to None, run_after=None
[2025-02-11T15:00:40.661+0000] {processor.py:208} INFO - Processing /home/airflow/.local/lib/python3.12/site-packages/airflow/example_dags/tutorial_taskflow_api.py took 0.268 seconds
[2025-02-11T15:01:10.916+0000] {processor.py:186} INFO - Started process (PID=381) to work on /home/airflow/.local/lib/python3.12/site-packages/airflow/example_dags/tutorial_taskflow_api.py
[2025-02-11T15:01:10.919+0000] {processor.py:914} INFO - Processing file /home/airflow/.local/lib/python3.12/site-packages/airflow/example_dags/tutorial_taskflow_api.py for tasks to queue
[2025-02-11T15:01:10.929+0000] {logging_mixin.py:190} INFO - [2025-02-11T15:01:10.928+0000] {dagbag.py:588} INFO - Filling up the DagBag from /home/airflow/.local/lib/python3.12/site-packages/airflow/example_dags/tutorial_taskflow_api.py
[2025-02-11T15:01:10.947+0000] {processor.py:925} INFO - DAG(s) 'tutorial_taskflow_api' retrieved from /home/airflow/.local/lib/python3.12/site-packages/airflow/example_dags/tutorial_taskflow_api.py
[2025-02-11T15:01:10.996+0000] {logging_mixin.py:190} INFO - [2025-02-11T15:01:10.996+0000] {dag.py:3239} INFO - Sync 1 DAGs
[2025-02-11T15:01:11.024+0000] {logging_mixin.py:190} INFO - [2025-02-11T15:01:11.024+0000] {dag.py:4180} INFO - Setting next_dagrun for tutorial_taskflow_api to None, run_after=None
[2025-02-11T15:01:11.076+0000] {processor.py:208} INFO - Processing /home/airflow/.local/lib/python3.12/site-packages/airflow/example_dags/tutorial_taskflow_api.py took 0.176 seconds
[2025-02-11T15:01:42.437+0000] {processor.py:186} INFO - Started process (PID=445) to work on /home/airflow/.local/lib/python3.12/site-packages/airflow/example_dags/tutorial_taskflow_api.py
[2025-02-11T15:01:42.442+0000] {processor.py:914} INFO - Processing file /home/airflow/.local/lib/python3.12/site-packages/airflow/example_dags/tutorial_taskflow_api.py for tasks to queue
[2025-02-11T15:01:42.450+0000] {logging_mixin.py:190} INFO - [2025-02-11T15:01:42.450+0000] {dagbag.py:588} INFO - Filling up the DagBag from /home/airflow/.local/lib/python3.12/site-packages/airflow/example_dags/tutorial_taskflow_api.py
[2025-02-11T15:01:42.507+0000] {processor.py:925} INFO - DAG(s) 'tutorial_taskflow_api' retrieved from /home/airflow/.local/lib/python3.12/site-packages/airflow/example_dags/tutorial_taskflow_api.py
[2025-02-11T15:01:42.621+0000] {logging_mixin.py:190} INFO - [2025-02-11T15:01:42.621+0000] {dag.py:3239} INFO - Sync 1 DAGs
[2025-02-11T15:01:42.662+0000] {logging_mixin.py:190} INFO - [2025-02-11T15:01:42.662+0000] {dag.py:4180} INFO - Setting next_dagrun for tutorial_taskflow_api to None, run_after=None
[2025-02-11T15:01:42.733+0000] {processor.py:208} INFO - Processing /home/airflow/.local/lib/python3.12/site-packages/airflow/example_dags/tutorial_taskflow_api.py took 0.314 seconds
[2025-02-11T15:02:15.183+0000] {processor.py:186} INFO - Started process (PID=509) to work on /home/airflow/.local/lib/python3.12/site-packages/airflow/example_dags/tutorial_taskflow_api.py
[2025-02-11T15:02:15.219+0000] {processor.py:914} INFO - Processing file /home/airflow/.local/lib/python3.12/site-packages/airflow/example_dags/tutorial_taskflow_api.py for tasks to queue
[2025-02-11T15:02:15.288+0000] {logging_mixin.py:190} INFO - [2025-02-11T15:02:15.285+0000] {dagbag.py:588} INFO - Filling up the DagBag from /home/airflow/.local/lib/python3.12/site-packages/airflow/example_dags/tutorial_taskflow_api.py
[2025-02-11T15:02:15.399+0000] {processor.py:925} INFO - DAG(s) 'tutorial_taskflow_api' retrieved from /home/airflow/.local/lib/python3.12/site-packages/airflow/example_dags/tutorial_taskflow_api.py
[2025-02-11T15:02:15.528+0000] {logging_mixin.py:190} INFO - [2025-02-11T15:02:15.520+0000] {dag.py:3239} INFO - Sync 1 DAGs
[2025-02-11T15:02:15.645+0000] {logging_mixin.py:190} INFO - [2025-02-11T15:02:15.643+0000] {dag.py:4180} INFO - Setting next_dagrun for tutorial_taskflow_api to None, run_after=None
[2025-02-11T15:02:15.739+0000] {processor.py:208} INFO - Processing /home/airflow/.local/lib/python3.12/site-packages/airflow/example_dags/tutorial_taskflow_api.py took 0.607 seconds
[2025-02-11T15:02:57.511+0000] {processor.py:186} INFO - Started process (PID=581) to work on /home/airflow/.local/lib/python3.12/site-packages/airflow/example_dags/tutorial_taskflow_api.py
[2025-02-11T15:02:57.521+0000] {processor.py:914} INFO - Processing file /home/airflow/.local/lib/python3.12/site-packages/airflow/example_dags/tutorial_taskflow_api.py for tasks to queue
[2025-02-11T15:02:57.534+0000] {logging_mixin.py:190} INFO - [2025-02-11T15:02:57.531+0000] {dagbag.py:588} INFO - Filling up the DagBag from /home/airflow/.local/lib/python3.12/site-packages/airflow/example_dags/tutorial_taskflow_api.py
[2025-02-11T15:02:57.634+0000] {processor.py:925} INFO - DAG(s) 'tutorial_taskflow_api' retrieved from /home/airflow/.local/lib/python3.12/site-packages/airflow/example_dags/tutorial_taskflow_api.py
[2025-02-11T15:02:57.693+0000] {logging_mixin.py:190} INFO - [2025-02-11T15:02:57.693+0000] {dag.py:3239} INFO - Sync 1 DAGs
[2025-02-11T15:02:57.757+0000] {logging_mixin.py:190} INFO - [2025-02-11T15:02:57.756+0000] {dag.py:4180} INFO - Setting next_dagrun for tutorial_taskflow_api to None, run_after=None
[2025-02-11T15:02:57.946+0000] {processor.py:208} INFO - Processing /home/airflow/.local/lib/python3.12/site-packages/airflow/example_dags/tutorial_taskflow_api.py took 0.458 seconds
