[2025-02-11T14:57:49.437+0000] {processor.py:186} INFO - Started process (PID=51) to work on /home/airflow/.local/lib/python3.12/site-packages/airflow/example_dags/tutorial_objectstorage.py
[2025-02-11T14:57:49.442+0000] {processor.py:914} INFO - Processing file /home/airflow/.local/lib/python3.12/site-packages/airflow/example_dags/tutorial_objectstorage.py for tasks to queue
[2025-02-11T14:57:49.510+0000] {logging_mixin.py:190} INFO - [2025-02-11T14:57:49.509+0000] {dagbag.py:588} INFO - Filling up the DagBag from /home/airflow/.local/lib/python3.12/site-packages/airflow/example_dags/tutorial_objectstorage.py
[2025-02-11T14:57:49.749+0000] {processor.py:925} INFO - DAG(s) 'tutorial_objectstorage' retrieved from /home/airflow/.local/lib/python3.12/site-packages/airflow/example_dags/tutorial_objectstorage.py
[2025-02-11T14:57:50.693+0000] {logging_mixin.py:190} INFO - [2025-02-11T14:57:50.691+0000] {override.py:1911} INFO - Created Permission View: can edit on DAG:tutorial_objectstorage
[2025-02-11T14:57:50.727+0000] {logging_mixin.py:190} INFO - [2025-02-11T14:57:50.726+0000] {override.py:1911} INFO - Created Permission View: can read on DAG:tutorial_objectstorage
[2025-02-11T14:57:50.754+0000] {logging_mixin.py:190} INFO - [2025-02-11T14:57:50.754+0000] {override.py:1911} INFO - Created Permission View: can delete on DAG:tutorial_objectstorage
[2025-02-11T14:57:50.792+0000] {logging_mixin.py:190} INFO - [2025-02-11T14:57:50.791+0000] {override.py:1911} INFO - Created Permission View: can create on DAG Run:tutorial_objectstorage
[2025-02-11T14:57:50.898+0000] {logging_mixin.py:190} INFO - [2025-02-11T14:57:50.897+0000] {override.py:1911} INFO - Created Permission View: menu access on DAG Run:tutorial_objectstorage
[2025-02-11T14:57:50.926+0000] {logging_mixin.py:190} INFO - [2025-02-11T14:57:50.926+0000] {override.py:1911} INFO - Created Permission View: can read on DAG Run:tutorial_objectstorage
[2025-02-11T14:57:50.948+0000] {logging_mixin.py:190} INFO - [2025-02-11T14:57:50.948+0000] {override.py:1911} INFO - Created Permission View: can delete on DAG Run:tutorial_objectstorage
[2025-02-11T14:57:50.952+0000] {logging_mixin.py:190} INFO - [2025-02-11T14:57:50.951+0000] {dag.py:3239} INFO - Sync 1 DAGs
[2025-02-11T14:57:51.002+0000] {logging_mixin.py:190} INFO - [2025-02-11T14:57:51.002+0000] {dag.py:3262} INFO - Creating ORM DAG for tutorial_objectstorage
[2025-02-11T14:57:51.013+0000] {logging_mixin.py:190} INFO - [2025-02-11T14:57:51.011+0000] {dag.py:4180} INFO - Setting next_dagrun for tutorial_objectstorage to None, run_after=None
[2025-02-11T14:57:51.102+0000] {processor.py:208} INFO - Processing /home/airflow/.local/lib/python3.12/site-packages/airflow/example_dags/tutorial_objectstorage.py took 1.684 seconds
[2025-02-11T14:58:56.596+0000] {processor.py:186} INFO - Started process (PID=121) to work on /home/airflow/.local/lib/python3.12/site-packages/airflow/example_dags/tutorial_objectstorage.py
[2025-02-11T14:58:56.600+0000] {processor.py:914} INFO - Processing file /home/airflow/.local/lib/python3.12/site-packages/airflow/example_dags/tutorial_objectstorage.py for tasks to queue
[2025-02-11T14:58:56.608+0000] {logging_mixin.py:190} INFO - [2025-02-11T14:58:56.607+0000] {dagbag.py:588} INFO - Filling up the DagBag from /home/airflow/.local/lib/python3.12/site-packages/airflow/example_dags/tutorial_objectstorage.py
[2025-02-11T14:58:56.650+0000] {processor.py:925} INFO - DAG(s) 'tutorial_objectstorage' retrieved from /home/airflow/.local/lib/python3.12/site-packages/airflow/example_dags/tutorial_objectstorage.py
[2025-02-11T14:58:56.706+0000] {logging_mixin.py:190} INFO - [2025-02-11T14:58:56.706+0000] {dag.py:3239} INFO - Sync 1 DAGs
[2025-02-11T14:58:56.757+0000] {logging_mixin.py:190} INFO - [2025-02-11T14:58:56.756+0000] {dag.py:4180} INFO - Setting next_dagrun for tutorial_objectstorage to None, run_after=None
[2025-02-11T14:58:56.832+0000] {processor.py:208} INFO - Processing /home/airflow/.local/lib/python3.12/site-packages/airflow/example_dags/tutorial_objectstorage.py took 0.251 seconds
[2025-02-11T14:59:27.479+0000] {processor.py:186} INFO - Started process (PID=183) to work on /home/airflow/.local/lib/python3.12/site-packages/airflow/example_dags/tutorial_objectstorage.py
[2025-02-11T14:59:27.528+0000] {processor.py:914} INFO - Processing file /home/airflow/.local/lib/python3.12/site-packages/airflow/example_dags/tutorial_objectstorage.py for tasks to queue
[2025-02-11T14:59:27.584+0000] {logging_mixin.py:190} INFO - [2025-02-11T14:59:27.582+0000] {dagbag.py:588} INFO - Filling up the DagBag from /home/airflow/.local/lib/python3.12/site-packages/airflow/example_dags/tutorial_objectstorage.py
[2025-02-11T14:59:27.622+0000] {processor.py:925} INFO - DAG(s) 'tutorial_objectstorage' retrieved from /home/airflow/.local/lib/python3.12/site-packages/airflow/example_dags/tutorial_objectstorage.py
[2025-02-11T14:59:27.673+0000] {logging_mixin.py:190} INFO - [2025-02-11T14:59:27.672+0000] {dag.py:3239} INFO - Sync 1 DAGs
[2025-02-11T14:59:27.712+0000] {logging_mixin.py:190} INFO - [2025-02-11T14:59:27.712+0000] {dag.py:4180} INFO - Setting next_dagrun for tutorial_objectstorage to None, run_after=None
[2025-02-11T14:59:27.787+0000] {processor.py:208} INFO - Processing /home/airflow/.local/lib/python3.12/site-packages/airflow/example_dags/tutorial_objectstorage.py took 0.342 seconds
[2025-02-11T14:59:58.859+0000] {processor.py:186} INFO - Started process (PID=245) to work on /home/airflow/.local/lib/python3.12/site-packages/airflow/example_dags/tutorial_objectstorage.py
[2025-02-11T14:59:58.863+0000] {processor.py:914} INFO - Processing file /home/airflow/.local/lib/python3.12/site-packages/airflow/example_dags/tutorial_objectstorage.py for tasks to queue
[2025-02-11T14:59:58.882+0000] {logging_mixin.py:190} INFO - [2025-02-11T14:59:58.882+0000] {dagbag.py:588} INFO - Filling up the DagBag from /home/airflow/.local/lib/python3.12/site-packages/airflow/example_dags/tutorial_objectstorage.py
[2025-02-11T14:59:58.923+0000] {processor.py:925} INFO - DAG(s) 'tutorial_objectstorage' retrieved from /home/airflow/.local/lib/python3.12/site-packages/airflow/example_dags/tutorial_objectstorage.py
[2025-02-11T14:59:59.128+0000] {logging_mixin.py:190} INFO - [2025-02-11T14:59:59.127+0000] {dag.py:3239} INFO - Sync 1 DAGs
[2025-02-11T14:59:59.237+0000] {logging_mixin.py:190} INFO - [2025-02-11T14:59:59.237+0000] {dag.py:4180} INFO - Setting next_dagrun for tutorial_objectstorage to None, run_after=None
[2025-02-11T14:59:59.300+0000] {processor.py:208} INFO - Processing /home/airflow/.local/lib/python3.12/site-packages/airflow/example_dags/tutorial_objectstorage.py took 0.466 seconds
[2025-02-11T15:00:29.638+0000] {processor.py:186} INFO - Started process (PID=308) to work on /home/airflow/.local/lib/python3.12/site-packages/airflow/example_dags/tutorial_objectstorage.py
[2025-02-11T15:00:29.642+0000] {processor.py:914} INFO - Processing file /home/airflow/.local/lib/python3.12/site-packages/airflow/example_dags/tutorial_objectstorage.py for tasks to queue
[2025-02-11T15:00:29.650+0000] {logging_mixin.py:190} INFO - [2025-02-11T15:00:29.649+0000] {dagbag.py:588} INFO - Filling up the DagBag from /home/airflow/.local/lib/python3.12/site-packages/airflow/example_dags/tutorial_objectstorage.py
[2025-02-11T15:00:29.678+0000] {processor.py:925} INFO - DAG(s) 'tutorial_objectstorage' retrieved from /home/airflow/.local/lib/python3.12/site-packages/airflow/example_dags/tutorial_objectstorage.py
[2025-02-11T15:00:29.771+0000] {logging_mixin.py:190} INFO - [2025-02-11T15:00:29.771+0000] {dag.py:3239} INFO - Sync 1 DAGs
[2025-02-11T15:00:29.849+0000] {logging_mixin.py:190} INFO - [2025-02-11T15:00:29.848+0000] {dag.py:4180} INFO - Setting next_dagrun for tutorial_objectstorage to None, run_after=None
[2025-02-11T15:00:30.035+0000] {processor.py:208} INFO - Processing /home/airflow/.local/lib/python3.12/site-packages/airflow/example_dags/tutorial_objectstorage.py took 0.411 seconds
[2025-02-11T15:01:01.112+0000] {processor.py:186} INFO - Started process (PID=370) to work on /home/airflow/.local/lib/python3.12/site-packages/airflow/example_dags/tutorial_objectstorage.py
[2025-02-11T15:01:01.120+0000] {processor.py:914} INFO - Processing file /home/airflow/.local/lib/python3.12/site-packages/airflow/example_dags/tutorial_objectstorage.py for tasks to queue
[2025-02-11T15:01:01.129+0000] {logging_mixin.py:190} INFO - [2025-02-11T15:01:01.128+0000] {dagbag.py:588} INFO - Filling up the DagBag from /home/airflow/.local/lib/python3.12/site-packages/airflow/example_dags/tutorial_objectstorage.py
[2025-02-11T15:01:01.172+0000] {processor.py:925} INFO - DAG(s) 'tutorial_objectstorage' retrieved from /home/airflow/.local/lib/python3.12/site-packages/airflow/example_dags/tutorial_objectstorage.py
[2025-02-11T15:01:01.255+0000] {logging_mixin.py:190} INFO - [2025-02-11T15:01:01.254+0000] {dag.py:3239} INFO - Sync 1 DAGs
[2025-02-11T15:01:01.297+0000] {logging_mixin.py:190} INFO - [2025-02-11T15:01:01.296+0000] {dag.py:4180} INFO - Setting next_dagrun for tutorial_objectstorage to None, run_after=None
[2025-02-11T15:01:01.358+0000] {processor.py:208} INFO - Processing /home/airflow/.local/lib/python3.12/site-packages/airflow/example_dags/tutorial_objectstorage.py took 0.365 seconds
[2025-02-11T15:01:32.242+0000] {processor.py:186} INFO - Started process (PID=434) to work on /home/airflow/.local/lib/python3.12/site-packages/airflow/example_dags/tutorial_objectstorage.py
[2025-02-11T15:01:32.245+0000] {processor.py:914} INFO - Processing file /home/airflow/.local/lib/python3.12/site-packages/airflow/example_dags/tutorial_objectstorage.py for tasks to queue
[2025-02-11T15:01:32.261+0000] {logging_mixin.py:190} INFO - [2025-02-11T15:01:32.256+0000] {dagbag.py:588} INFO - Filling up the DagBag from /home/airflow/.local/lib/python3.12/site-packages/airflow/example_dags/tutorial_objectstorage.py
[2025-02-11T15:01:32.334+0000] {processor.py:925} INFO - DAG(s) 'tutorial_objectstorage' retrieved from /home/airflow/.local/lib/python3.12/site-packages/airflow/example_dags/tutorial_objectstorage.py
[2025-02-11T15:01:32.427+0000] {logging_mixin.py:190} INFO - [2025-02-11T15:01:32.425+0000] {dag.py:3239} INFO - Sync 1 DAGs
[2025-02-11T15:01:32.484+0000] {logging_mixin.py:190} INFO - [2025-02-11T15:01:32.483+0000] {dag.py:4180} INFO - Setting next_dagrun for tutorial_objectstorage to None, run_after=None
[2025-02-11T15:01:32.592+0000] {processor.py:208} INFO - Processing /home/airflow/.local/lib/python3.12/site-packages/airflow/example_dags/tutorial_objectstorage.py took 0.370 seconds
[2025-02-11T15:02:07.830+0000] {processor.py:186} INFO - Started process (PID=498) to work on /home/airflow/.local/lib/python3.12/site-packages/airflow/example_dags/tutorial_objectstorage.py
[2025-02-11T15:02:07.836+0000] {processor.py:914} INFO - Processing file /home/airflow/.local/lib/python3.12/site-packages/airflow/example_dags/tutorial_objectstorage.py for tasks to queue
[2025-02-11T15:02:07.848+0000] {logging_mixin.py:190} INFO - [2025-02-11T15:02:07.847+0000] {dagbag.py:588} INFO - Filling up the DagBag from /home/airflow/.local/lib/python3.12/site-packages/airflow/example_dags/tutorial_objectstorage.py
[2025-02-11T15:02:07.933+0000] {processor.py:925} INFO - DAG(s) 'tutorial_objectstorage' retrieved from /home/airflow/.local/lib/python3.12/site-packages/airflow/example_dags/tutorial_objectstorage.py
[2025-02-11T15:02:08.115+0000] {logging_mixin.py:190} INFO - [2025-02-11T15:02:08.113+0000] {dag.py:3239} INFO - Sync 1 DAGs
[2025-02-11T15:02:08.359+0000] {logging_mixin.py:190} INFO - [2025-02-11T15:02:08.359+0000] {dag.py:4180} INFO - Setting next_dagrun for tutorial_objectstorage to None, run_after=None
[2025-02-11T15:02:08.540+0000] {processor.py:208} INFO - Processing /home/airflow/.local/lib/python3.12/site-packages/airflow/example_dags/tutorial_objectstorage.py took 0.745 seconds
[2025-02-11T15:02:43.336+0000] {processor.py:186} INFO - Started process (PID=547) to work on /home/airflow/.local/lib/python3.12/site-packages/airflow/example_dags/tutorial_objectstorage.py
[2025-02-11T15:02:43.346+0000] {processor.py:914} INFO - Processing file /home/airflow/.local/lib/python3.12/site-packages/airflow/example_dags/tutorial_objectstorage.py for tasks to queue
[2025-02-11T15:02:43.390+0000] {logging_mixin.py:190} INFO - [2025-02-11T15:02:43.388+0000] {dagbag.py:588} INFO - Filling up the DagBag from /home/airflow/.local/lib/python3.12/site-packages/airflow/example_dags/tutorial_objectstorage.py
[2025-02-11T15:02:43.575+0000] {processor.py:925} INFO - DAG(s) 'tutorial_objectstorage' retrieved from /home/airflow/.local/lib/python3.12/site-packages/airflow/example_dags/tutorial_objectstorage.py
[2025-02-11T15:02:43.804+0000] {logging_mixin.py:190} INFO - [2025-02-11T15:02:43.804+0000] {dag.py:3239} INFO - Sync 1 DAGs
[2025-02-11T15:02:43.966+0000] {logging_mixin.py:190} INFO - [2025-02-11T15:02:43.966+0000] {dag.py:4180} INFO - Setting next_dagrun for tutorial_objectstorage to None, run_after=None
[2025-02-11T15:02:44.222+0000] {processor.py:208} INFO - Processing /home/airflow/.local/lib/python3.12/site-packages/airflow/example_dags/tutorial_objectstorage.py took 0.921 seconds
[2025-02-11T15:03:16.065+0000] {processor.py:186} INFO - Started process (PID=612) to work on /home/airflow/.local/lib/python3.12/site-packages/airflow/example_dags/tutorial_objectstorage.py
[2025-02-11T15:03:16.078+0000] {processor.py:914} INFO - Processing file /home/airflow/.local/lib/python3.12/site-packages/airflow/example_dags/tutorial_objectstorage.py for tasks to queue
[2025-02-11T15:03:16.103+0000] {logging_mixin.py:190} INFO - [2025-02-11T15:03:16.102+0000] {dagbag.py:588} INFO - Filling up the DagBag from /home/airflow/.local/lib/python3.12/site-packages/airflow/example_dags/tutorial_objectstorage.py
[2025-02-11T15:03:16.267+0000] {processor.py:925} INFO - DAG(s) 'tutorial_objectstorage' retrieved from /home/airflow/.local/lib/python3.12/site-packages/airflow/example_dags/tutorial_objectstorage.py
[2025-02-11T15:03:16.505+0000] {logging_mixin.py:190} INFO - [2025-02-11T15:03:16.504+0000] {dag.py:3239} INFO - Sync 1 DAGs
[2025-02-11T15:03:17.288+0000] {logging_mixin.py:190} INFO - [2025-02-11T15:03:17.281+0000] {dag.py:4180} INFO - Setting next_dagrun for tutorial_objectstorage to None, run_after=None
[2025-02-11T15:03:20.356+0000] {processor.py:208} INFO - Processing /home/airflow/.local/lib/python3.12/site-packages/airflow/example_dags/tutorial_objectstorage.py took 4.562 seconds
