[2025-02-11T14:58:31.465+0000] {processor.py:186} INFO - Started process (PID=82) to work on /home/airflow/.local/lib/python3.12/site-packages/airflow/example_dags/tutorial_dag.py
[2025-02-11T14:58:31.469+0000] {processor.py:914} INFO - Processing file /home/airflow/.local/lib/python3.12/site-packages/airflow/example_dags/tutorial_dag.py for tasks to queue
[2025-02-11T14:58:31.480+0000] {logging_mixin.py:190} INFO - [2025-02-11T14:58:31.479+0000] {dagbag.py:588} INFO - Filling up the DagBag from /home/airflow/.local/lib/python3.12/site-packages/airflow/example_dags/tutorial_dag.py
[2025-02-11T14:58:31.507+0000] {processor.py:925} INFO - DAG(s) 'tutorial_dag' retrieved from /home/airflow/.local/lib/python3.12/site-packages/airflow/example_dags/tutorial_dag.py
[2025-02-11T14:58:32.243+0000] {logging_mixin.py:190} INFO - [2025-02-11T14:58:32.242+0000] {override.py:1911} INFO - Created Permission View: can edit on DAG:tutorial_dag
[2025-02-11T14:58:32.353+0000] {logging_mixin.py:190} INFO - [2025-02-11T14:58:32.351+0000] {override.py:1911} INFO - Created Permission View: can read on DAG:tutorial_dag
[2025-02-11T14:58:32.610+0000] {logging_mixin.py:190} INFO - [2025-02-11T14:58:32.609+0000] {override.py:1911} INFO - Created Permission View: can delete on DAG:tutorial_dag
[2025-02-11T14:58:32.636+0000] {logging_mixin.py:190} INFO - [2025-02-11T14:58:32.635+0000] {override.py:1911} INFO - Created Permission View: can create on DAG Run:tutorial_dag
[2025-02-11T14:58:32.716+0000] {logging_mixin.py:190} INFO - [2025-02-11T14:58:32.715+0000] {override.py:1911} INFO - Created Permission View: menu access on DAG Run:tutorial_dag
[2025-02-11T14:58:32.735+0000] {logging_mixin.py:190} INFO - [2025-02-11T14:58:32.734+0000] {override.py:1911} INFO - Created Permission View: can read on DAG Run:tutorial_dag
[2025-02-11T14:58:32.764+0000] {logging_mixin.py:190} INFO - [2025-02-11T14:58:32.763+0000] {override.py:1911} INFO - Created Permission View: can delete on DAG Run:tutorial_dag
[2025-02-11T14:58:32.768+0000] {logging_mixin.py:190} INFO - [2025-02-11T14:58:32.767+0000] {dag.py:3239} INFO - Sync 1 DAGs
[2025-02-11T14:58:32.833+0000] {logging_mixin.py:190} INFO - [2025-02-11T14:58:32.832+0000] {dag.py:3262} INFO - Creating ORM DAG for tutorial_dag
[2025-02-11T14:58:32.839+0000] {logging_mixin.py:190} INFO - [2025-02-11T14:58:32.838+0000] {dag.py:4180} INFO - Setting next_dagrun for tutorial_dag to None, run_after=None
[2025-02-11T14:58:32.896+0000] {processor.py:208} INFO - Processing /home/airflow/.local/lib/python3.12/site-packages/airflow/example_dags/tutorial_dag.py took 1.449 seconds
[2025-02-11T14:59:06.617+0000] {processor.py:186} INFO - Started process (PID=146) to work on /home/airflow/.local/lib/python3.12/site-packages/airflow/example_dags/tutorial_dag.py
[2025-02-11T14:59:06.621+0000] {processor.py:914} INFO - Processing file /home/airflow/.local/lib/python3.12/site-packages/airflow/example_dags/tutorial_dag.py for tasks to queue
[2025-02-11T14:59:06.629+0000] {logging_mixin.py:190} INFO - [2025-02-11T14:59:06.628+0000] {dagbag.py:588} INFO - Filling up the DagBag from /home/airflow/.local/lib/python3.12/site-packages/airflow/example_dags/tutorial_dag.py
[2025-02-11T14:59:06.651+0000] {processor.py:925} INFO - DAG(s) 'tutorial_dag' retrieved from /home/airflow/.local/lib/python3.12/site-packages/airflow/example_dags/tutorial_dag.py
[2025-02-11T14:59:06.709+0000] {logging_mixin.py:190} INFO - [2025-02-11T14:59:06.709+0000] {dag.py:3239} INFO - Sync 1 DAGs
[2025-02-11T14:59:06.752+0000] {logging_mixin.py:190} INFO - [2025-02-11T14:59:06.752+0000] {dag.py:4180} INFO - Setting next_dagrun for tutorial_dag to None, run_after=None
[2025-02-11T14:59:06.809+0000] {processor.py:208} INFO - Processing /home/airflow/.local/lib/python3.12/site-packages/airflow/example_dags/tutorial_dag.py took 0.208 seconds
[2025-02-11T14:59:38.466+0000] {processor.py:186} INFO - Started process (PID=209) to work on /home/airflow/.local/lib/python3.12/site-packages/airflow/example_dags/tutorial_dag.py
[2025-02-11T14:59:38.471+0000] {processor.py:914} INFO - Processing file /home/airflow/.local/lib/python3.12/site-packages/airflow/example_dags/tutorial_dag.py for tasks to queue
[2025-02-11T14:59:38.483+0000] {logging_mixin.py:190} INFO - [2025-02-11T14:59:38.481+0000] {dagbag.py:588} INFO - Filling up the DagBag from /home/airflow/.local/lib/python3.12/site-packages/airflow/example_dags/tutorial_dag.py
[2025-02-11T14:59:38.515+0000] {processor.py:925} INFO - DAG(s) 'tutorial_dag' retrieved from /home/airflow/.local/lib/python3.12/site-packages/airflow/example_dags/tutorial_dag.py
[2025-02-11T14:59:38.571+0000] {logging_mixin.py:190} INFO - [2025-02-11T14:59:38.570+0000] {dag.py:3239} INFO - Sync 1 DAGs
[2025-02-11T14:59:38.623+0000] {logging_mixin.py:190} INFO - [2025-02-11T14:59:38.623+0000] {dag.py:4180} INFO - Setting next_dagrun for tutorial_dag to None, run_after=None
[2025-02-11T14:59:38.669+0000] {processor.py:208} INFO - Processing /home/airflow/.local/lib/python3.12/site-packages/airflow/example_dags/tutorial_dag.py took 0.218 seconds
[2025-02-11T15:00:14.307+0000] {processor.py:186} INFO - Started process (PID=273) to work on /home/airflow/.local/lib/python3.12/site-packages/airflow/example_dags/tutorial_dag.py
[2025-02-11T15:00:14.312+0000] {processor.py:914} INFO - Processing file /home/airflow/.local/lib/python3.12/site-packages/airflow/example_dags/tutorial_dag.py for tasks to queue
[2025-02-11T15:00:14.319+0000] {logging_mixin.py:190} INFO - [2025-02-11T15:00:14.318+0000] {dagbag.py:588} INFO - Filling up the DagBag from /home/airflow/.local/lib/python3.12/site-packages/airflow/example_dags/tutorial_dag.py
[2025-02-11T15:00:14.337+0000] {processor.py:925} INFO - DAG(s) 'tutorial_dag' retrieved from /home/airflow/.local/lib/python3.12/site-packages/airflow/example_dags/tutorial_dag.py
[2025-02-11T15:00:14.388+0000] {logging_mixin.py:190} INFO - [2025-02-11T15:00:14.388+0000] {dag.py:3239} INFO - Sync 1 DAGs
[2025-02-11T15:00:14.434+0000] {logging_mixin.py:190} INFO - [2025-02-11T15:00:14.434+0000] {dag.py:4180} INFO - Setting next_dagrun for tutorial_dag to None, run_after=None
[2025-02-11T15:00:14.497+0000] {processor.py:208} INFO - Processing /home/airflow/.local/lib/python3.12/site-packages/airflow/example_dags/tutorial_dag.py took 0.206 seconds
[2025-02-11T15:00:45.585+0000] {processor.py:186} INFO - Started process (PID=336) to work on /home/airflow/.local/lib/python3.12/site-packages/airflow/example_dags/tutorial_dag.py
[2025-02-11T15:00:45.722+0000] {processor.py:914} INFO - Processing file /home/airflow/.local/lib/python3.12/site-packages/airflow/example_dags/tutorial_dag.py for tasks to queue
[2025-02-11T15:00:45.749+0000] {logging_mixin.py:190} INFO - [2025-02-11T15:00:45.748+0000] {dagbag.py:588} INFO - Filling up the DagBag from /home/airflow/.local/lib/python3.12/site-packages/airflow/example_dags/tutorial_dag.py
[2025-02-11T15:00:45.856+0000] {processor.py:925} INFO - DAG(s) 'tutorial_dag' retrieved from /home/airflow/.local/lib/python3.12/site-packages/airflow/example_dags/tutorial_dag.py
[2025-02-11T15:00:45.939+0000] {logging_mixin.py:190} INFO - [2025-02-11T15:00:45.939+0000] {dag.py:3239} INFO - Sync 1 DAGs
[2025-02-11T15:00:45.987+0000] {logging_mixin.py:190} INFO - [2025-02-11T15:00:45.986+0000] {dag.py:4180} INFO - Setting next_dagrun for tutorial_dag to None, run_after=None
[2025-02-11T15:00:46.066+0000] {processor.py:208} INFO - Processing /home/airflow/.local/lib/python3.12/site-packages/airflow/example_dags/tutorial_dag.py took 0.505 seconds
[2025-02-11T15:01:18.521+0000] {processor.py:186} INFO - Started process (PID=399) to work on /home/airflow/.local/lib/python3.12/site-packages/airflow/example_dags/tutorial_dag.py
[2025-02-11T15:01:18.524+0000] {processor.py:914} INFO - Processing file /home/airflow/.local/lib/python3.12/site-packages/airflow/example_dags/tutorial_dag.py for tasks to queue
[2025-02-11T15:01:18.529+0000] {logging_mixin.py:190} INFO - [2025-02-11T15:01:18.528+0000] {dagbag.py:588} INFO - Filling up the DagBag from /home/airflow/.local/lib/python3.12/site-packages/airflow/example_dags/tutorial_dag.py
[2025-02-11T15:01:18.547+0000] {processor.py:925} INFO - DAG(s) 'tutorial_dag' retrieved from /home/airflow/.local/lib/python3.12/site-packages/airflow/example_dags/tutorial_dag.py
[2025-02-11T15:01:18.607+0000] {logging_mixin.py:190} INFO - [2025-02-11T15:01:18.606+0000] {dag.py:3239} INFO - Sync 1 DAGs
[2025-02-11T15:01:18.649+0000] {logging_mixin.py:190} INFO - [2025-02-11T15:01:18.649+0000] {dag.py:4180} INFO - Setting next_dagrun for tutorial_dag to None, run_after=None
[2025-02-11T15:01:18.699+0000] {processor.py:208} INFO - Processing /home/airflow/.local/lib/python3.12/site-packages/airflow/example_dags/tutorial_dag.py took 0.193 seconds
[2025-02-11T15:01:52.126+0000] {processor.py:186} INFO - Started process (PID=470) to work on /home/airflow/.local/lib/python3.12/site-packages/airflow/example_dags/tutorial_dag.py
[2025-02-11T15:01:52.132+0000] {processor.py:914} INFO - Processing file /home/airflow/.local/lib/python3.12/site-packages/airflow/example_dags/tutorial_dag.py for tasks to queue
[2025-02-11T15:01:52.147+0000] {logging_mixin.py:190} INFO - [2025-02-11T15:01:52.146+0000] {dagbag.py:588} INFO - Filling up the DagBag from /home/airflow/.local/lib/python3.12/site-packages/airflow/example_dags/tutorial_dag.py
[2025-02-11T15:01:52.178+0000] {processor.py:925} INFO - DAG(s) 'tutorial_dag' retrieved from /home/airflow/.local/lib/python3.12/site-packages/airflow/example_dags/tutorial_dag.py
[2025-02-11T15:01:52.251+0000] {logging_mixin.py:190} INFO - [2025-02-11T15:01:52.250+0000] {dag.py:3239} INFO - Sync 1 DAGs
[2025-02-11T15:01:52.318+0000] {logging_mixin.py:190} INFO - [2025-02-11T15:01:52.315+0000] {dag.py:4180} INFO - Setting next_dagrun for tutorial_dag to None, run_after=None
[2025-02-11T15:01:52.457+0000] {processor.py:208} INFO - Processing /home/airflow/.local/lib/python3.12/site-packages/airflow/example_dags/tutorial_dag.py took 0.382 seconds
[2025-02-11T15:02:35.654+0000] {processor.py:186} INFO - Started process (PID=535) to work on /home/airflow/.local/lib/python3.12/site-packages/airflow/example_dags/tutorial_dag.py
[2025-02-11T15:02:35.663+0000] {processor.py:914} INFO - Processing file /home/airflow/.local/lib/python3.12/site-packages/airflow/example_dags/tutorial_dag.py for tasks to queue
[2025-02-11T15:02:35.725+0000] {logging_mixin.py:190} INFO - [2025-02-11T15:02:35.724+0000] {dagbag.py:588} INFO - Filling up the DagBag from /home/airflow/.local/lib/python3.12/site-packages/airflow/example_dags/tutorial_dag.py
[2025-02-11T15:02:35.915+0000] {processor.py:925} INFO - DAG(s) 'tutorial_dag' retrieved from /home/airflow/.local/lib/python3.12/site-packages/airflow/example_dags/tutorial_dag.py
[2025-02-11T15:02:36.200+0000] {logging_mixin.py:190} INFO - [2025-02-11T15:02:36.186+0000] {dag.py:3239} INFO - Sync 1 DAGs
[2025-02-11T15:02:36.423+0000] {logging_mixin.py:190} INFO - [2025-02-11T15:02:36.422+0000] {dag.py:4180} INFO - Setting next_dagrun for tutorial_dag to None, run_after=None
[2025-02-11T15:02:36.676+0000] {processor.py:208} INFO - Processing /home/airflow/.local/lib/python3.12/site-packages/airflow/example_dags/tutorial_dag.py took 1.053 seconds
[2025-02-11T15:03:08.939+0000] {processor.py:186} INFO - Started process (PID=600) to work on /home/airflow/.local/lib/python3.12/site-packages/airflow/example_dags/tutorial_dag.py
[2025-02-11T15:03:08.942+0000] {processor.py:914} INFO - Processing file /home/airflow/.local/lib/python3.12/site-packages/airflow/example_dags/tutorial_dag.py for tasks to queue
[2025-02-11T15:03:08.953+0000] {logging_mixin.py:190} INFO - [2025-02-11T15:03:08.950+0000] {dagbag.py:588} INFO - Filling up the DagBag from /home/airflow/.local/lib/python3.12/site-packages/airflow/example_dags/tutorial_dag.py
[2025-02-11T15:03:08.995+0000] {processor.py:925} INFO - DAG(s) 'tutorial_dag' retrieved from /home/airflow/.local/lib/python3.12/site-packages/airflow/example_dags/tutorial_dag.py
[2025-02-11T15:03:09.094+0000] {logging_mixin.py:190} INFO - [2025-02-11T15:03:09.092+0000] {dag.py:3239} INFO - Sync 1 DAGs
[2025-02-11T15:03:09.144+0000] {logging_mixin.py:190} INFO - [2025-02-11T15:03:09.143+0000] {dag.py:4180} INFO - Setting next_dagrun for tutorial_dag to None, run_after=None
[2025-02-11T15:03:09.239+0000] {processor.py:208} INFO - Processing /home/airflow/.local/lib/python3.12/site-packages/airflow/example_dags/tutorial_dag.py took 0.317 seconds
