[2025-02-11T14:58:25.522+0000] {processor.py:186} INFO - Started process (PID=72) to work on /home/airflow/.local/lib/python3.12/site-packages/airflow/example_dags/tutorial_taskflow_templates.py
[2025-02-11T14:58:25.526+0000] {processor.py:914} INFO - Processing file /home/airflow/.local/lib/python3.12/site-packages/airflow/example_dags/tutorial_taskflow_templates.py for tasks to queue
[2025-02-11T14:58:25.534+0000] {logging_mixin.py:190} INFO - [2025-02-11T14:58:25.533+0000] {dagbag.py:588} INFO - Filling up the DagBag from /home/airflow/.local/lib/python3.12/site-packages/airflow/example_dags/tutorial_taskflow_templates.py
[2025-02-11T14:58:25.593+0000] {processor.py:925} INFO - DAG(s) 'tutorial_taskflow_templates' retrieved from /home/airflow/.local/lib/python3.12/site-packages/airflow/example_dags/tutorial_taskflow_templates.py
[2025-02-11T14:58:26.122+0000] {logging_mixin.py:190} INFO - [2025-02-11T14:58:26.120+0000] {override.py:1911} INFO - Created Permission View: can edit on DAG:tutorial_taskflow_templates
[2025-02-11T14:58:26.167+0000] {logging_mixin.py:190} INFO - [2025-02-11T14:58:26.165+0000] {override.py:1911} INFO - Created Permission View: can read on DAG:tutorial_taskflow_templates
[2025-02-11T14:58:26.190+0000] {logging_mixin.py:190} INFO - [2025-02-11T14:58:26.189+0000] {override.py:1911} INFO - Created Permission View: can delete on DAG:tutorial_taskflow_templates
[2025-02-11T14:58:26.212+0000] {logging_mixin.py:190} INFO - [2025-02-11T14:58:26.212+0000] {override.py:1911} INFO - Created Permission View: can create on DAG Run:tutorial_taskflow_templates
[2025-02-11T14:58:26.231+0000] {logging_mixin.py:190} INFO - [2025-02-11T14:58:26.230+0000] {override.py:1911} INFO - Created Permission View: menu access on DAG Run:tutorial_taskflow_templates
[2025-02-11T14:58:26.252+0000] {logging_mixin.py:190} INFO - [2025-02-11T14:58:26.251+0000] {override.py:1911} INFO - Created Permission View: can read on DAG Run:tutorial_taskflow_templates
[2025-02-11T14:58:26.273+0000] {logging_mixin.py:190} INFO - [2025-02-11T14:58:26.272+0000] {override.py:1911} INFO - Created Permission View: can delete on DAG Run:tutorial_taskflow_templates
[2025-02-11T14:58:26.276+0000] {logging_mixin.py:190} INFO - [2025-02-11T14:58:26.275+0000] {dag.py:3239} INFO - Sync 1 DAGs
[2025-02-11T14:58:26.315+0000] {logging_mixin.py:190} INFO - [2025-02-11T14:58:26.314+0000] {dag.py:3262} INFO - Creating ORM DAG for tutorial_taskflow_templates
[2025-02-11T14:58:26.347+0000] {logging_mixin.py:190} INFO - [2025-02-11T14:58:26.346+0000] {dag.py:4180} INFO - Setting next_dagrun for tutorial_taskflow_templates to 2025-02-10 00:00:00+00:00, run_after=2025-02-11 00:00:00+00:00
[2025-02-11T14:58:26.397+0000] {processor.py:208} INFO - Processing /home/airflow/.local/lib/python3.12/site-packages/airflow/example_dags/tutorial_taskflow_templates.py took 0.892 seconds
[2025-02-11T14:59:04.221+0000] {processor.py:186} INFO - Started process (PID=136) to work on /home/airflow/.local/lib/python3.12/site-packages/airflow/example_dags/tutorial_taskflow_templates.py
[2025-02-11T14:59:04.233+0000] {processor.py:914} INFO - Processing file /home/airflow/.local/lib/python3.12/site-packages/airflow/example_dags/tutorial_taskflow_templates.py for tasks to queue
[2025-02-11T14:59:04.244+0000] {logging_mixin.py:190} INFO - [2025-02-11T14:59:04.241+0000] {dagbag.py:588} INFO - Filling up the DagBag from /home/airflow/.local/lib/python3.12/site-packages/airflow/example_dags/tutorial_taskflow_templates.py
[2025-02-11T14:59:04.290+0000] {processor.py:925} INFO - DAG(s) 'tutorial_taskflow_templates' retrieved from /home/airflow/.local/lib/python3.12/site-packages/airflow/example_dags/tutorial_taskflow_templates.py
[2025-02-11T14:59:04.369+0000] {logging_mixin.py:190} INFO - [2025-02-11T14:59:04.367+0000] {dag.py:3239} INFO - Sync 1 DAGs
[2025-02-11T14:59:04.461+0000] {logging_mixin.py:190} INFO - [2025-02-11T14:59:04.459+0000] {dag.py:4180} INFO - Setting next_dagrun for tutorial_taskflow_templates to 2025-02-10 00:00:00+00:00, run_after=2025-02-11 00:00:00+00:00
[2025-02-11T14:59:04.519+0000] {processor.py:208} INFO - Processing /home/airflow/.local/lib/python3.12/site-packages/airflow/example_dags/tutorial_taskflow_templates.py took 0.320 seconds
[2025-02-11T14:59:36.399+0000] {processor.py:186} INFO - Started process (PID=199) to work on /home/airflow/.local/lib/python3.12/site-packages/airflow/example_dags/tutorial_taskflow_templates.py
[2025-02-11T14:59:36.402+0000] {processor.py:914} INFO - Processing file /home/airflow/.local/lib/python3.12/site-packages/airflow/example_dags/tutorial_taskflow_templates.py for tasks to queue
[2025-02-11T14:59:36.408+0000] {logging_mixin.py:190} INFO - [2025-02-11T14:59:36.407+0000] {dagbag.py:588} INFO - Filling up the DagBag from /home/airflow/.local/lib/python3.12/site-packages/airflow/example_dags/tutorial_taskflow_templates.py
[2025-02-11T14:59:36.445+0000] {processor.py:925} INFO - DAG(s) 'tutorial_taskflow_templates' retrieved from /home/airflow/.local/lib/python3.12/site-packages/airflow/example_dags/tutorial_taskflow_templates.py
[2025-02-11T14:59:36.497+0000] {logging_mixin.py:190} INFO - [2025-02-11T14:59:36.497+0000] {dag.py:3239} INFO - Sync 1 DAGs
[2025-02-11T14:59:36.559+0000] {logging_mixin.py:190} INFO - [2025-02-11T14:59:36.559+0000] {dag.py:4180} INFO - Setting next_dagrun for tutorial_taskflow_templates to 2025-02-10 00:00:00+00:00, run_after=2025-02-11 00:00:00+00:00
[2025-02-11T14:59:36.603+0000] {processor.py:208} INFO - Processing /home/airflow/.local/lib/python3.12/site-packages/airflow/example_dags/tutorial_taskflow_templates.py took 0.221 seconds
[2025-02-11T15:00:11.831+0000] {processor.py:186} INFO - Started process (PID=263) to work on /home/airflow/.local/lib/python3.12/site-packages/airflow/example_dags/tutorial_taskflow_templates.py
[2025-02-11T15:00:11.837+0000] {processor.py:914} INFO - Processing file /home/airflow/.local/lib/python3.12/site-packages/airflow/example_dags/tutorial_taskflow_templates.py for tasks to queue
[2025-02-11T15:00:11.853+0000] {logging_mixin.py:190} INFO - [2025-02-11T15:00:11.853+0000] {dagbag.py:588} INFO - Filling up the DagBag from /home/airflow/.local/lib/python3.12/site-packages/airflow/example_dags/tutorial_taskflow_templates.py
[2025-02-11T15:00:11.889+0000] {processor.py:925} INFO - DAG(s) 'tutorial_taskflow_templates' retrieved from /home/airflow/.local/lib/python3.12/site-packages/airflow/example_dags/tutorial_taskflow_templates.py
[2025-02-11T15:00:11.967+0000] {logging_mixin.py:190} INFO - [2025-02-11T15:00:11.967+0000] {dag.py:3239} INFO - Sync 1 DAGs
[2025-02-11T15:00:12.089+0000] {logging_mixin.py:190} INFO - [2025-02-11T15:00:12.088+0000] {dag.py:4180} INFO - Setting next_dagrun for tutorial_taskflow_templates to 2025-02-10 00:00:00+00:00, run_after=2025-02-11 00:00:00+00:00
[2025-02-11T15:00:12.145+0000] {processor.py:208} INFO - Processing /home/airflow/.local/lib/python3.12/site-packages/airflow/example_dags/tutorial_taskflow_templates.py took 0.335 seconds
[2025-02-11T15:00:44.003+0000] {processor.py:186} INFO - Started process (PID=326) to work on /home/airflow/.local/lib/python3.12/site-packages/airflow/example_dags/tutorial_taskflow_templates.py
[2025-02-11T15:00:44.006+0000] {processor.py:914} INFO - Processing file /home/airflow/.local/lib/python3.12/site-packages/airflow/example_dags/tutorial_taskflow_templates.py for tasks to queue
[2025-02-11T15:00:44.012+0000] {logging_mixin.py:190} INFO - [2025-02-11T15:00:44.012+0000] {dagbag.py:588} INFO - Filling up the DagBag from /home/airflow/.local/lib/python3.12/site-packages/airflow/example_dags/tutorial_taskflow_templates.py
[2025-02-11T15:00:44.045+0000] {processor.py:925} INFO - DAG(s) 'tutorial_taskflow_templates' retrieved from /home/airflow/.local/lib/python3.12/site-packages/airflow/example_dags/tutorial_taskflow_templates.py
[2025-02-11T15:00:44.095+0000] {logging_mixin.py:190} INFO - [2025-02-11T15:00:44.094+0000] {dag.py:3239} INFO - Sync 1 DAGs
[2025-02-11T15:00:44.164+0000] {logging_mixin.py:190} INFO - [2025-02-11T15:00:44.163+0000] {dag.py:4180} INFO - Setting next_dagrun for tutorial_taskflow_templates to 2025-02-10 00:00:00+00:00, run_after=2025-02-11 00:00:00+00:00
[2025-02-11T15:00:44.215+0000] {processor.py:208} INFO - Processing /home/airflow/.local/lib/python3.12/site-packages/airflow/example_dags/tutorial_taskflow_templates.py took 0.226 seconds
[2025-02-11T15:01:16.414+0000] {processor.py:186} INFO - Started process (PID=389) to work on /home/airflow/.local/lib/python3.12/site-packages/airflow/example_dags/tutorial_taskflow_templates.py
[2025-02-11T15:01:16.422+0000] {processor.py:914} INFO - Processing file /home/airflow/.local/lib/python3.12/site-packages/airflow/example_dags/tutorial_taskflow_templates.py for tasks to queue
[2025-02-11T15:01:16.456+0000] {logging_mixin.py:190} INFO - [2025-02-11T15:01:16.455+0000] {dagbag.py:588} INFO - Filling up the DagBag from /home/airflow/.local/lib/python3.12/site-packages/airflow/example_dags/tutorial_taskflow_templates.py
[2025-02-11T15:01:16.522+0000] {processor.py:925} INFO - DAG(s) 'tutorial_taskflow_templates' retrieved from /home/airflow/.local/lib/python3.12/site-packages/airflow/example_dags/tutorial_taskflow_templates.py
[2025-02-11T15:01:16.629+0000] {logging_mixin.py:190} INFO - [2025-02-11T15:01:16.628+0000] {dag.py:3239} INFO - Sync 1 DAGs
[2025-02-11T15:01:16.693+0000] {logging_mixin.py:190} INFO - [2025-02-11T15:01:16.692+0000] {dag.py:4180} INFO - Setting next_dagrun for tutorial_taskflow_templates to 2025-02-10 00:00:00+00:00, run_after=2025-02-11 00:00:00+00:00
[2025-02-11T15:01:16.735+0000] {processor.py:208} INFO - Processing /home/airflow/.local/lib/python3.12/site-packages/airflow/example_dags/tutorial_taskflow_templates.py took 0.361 seconds
[2025-02-11T15:01:47.750+0000] {processor.py:186} INFO - Started process (PID=453) to work on /home/airflow/.local/lib/python3.12/site-packages/airflow/example_dags/tutorial_taskflow_templates.py
[2025-02-11T15:01:47.756+0000] {processor.py:914} INFO - Processing file /home/airflow/.local/lib/python3.12/site-packages/airflow/example_dags/tutorial_taskflow_templates.py for tasks to queue
[2025-02-11T15:01:47.764+0000] {logging_mixin.py:190} INFO - [2025-02-11T15:01:47.763+0000] {dagbag.py:588} INFO - Filling up the DagBag from /home/airflow/.local/lib/python3.12/site-packages/airflow/example_dags/tutorial_taskflow_templates.py
[2025-02-11T15:01:47.851+0000] {processor.py:925} INFO - DAG(s) 'tutorial_taskflow_templates' retrieved from /home/airflow/.local/lib/python3.12/site-packages/airflow/example_dags/tutorial_taskflow_templates.py
[2025-02-11T15:01:47.915+0000] {logging_mixin.py:190} INFO - [2025-02-11T15:01:47.915+0000] {dag.py:3239} INFO - Sync 1 DAGs
[2025-02-11T15:01:48.006+0000] {logging_mixin.py:190} INFO - [2025-02-11T15:01:48.005+0000] {dag.py:4180} INFO - Setting next_dagrun for tutorial_taskflow_templates to 2025-02-10 00:00:00+00:00, run_after=2025-02-11 00:00:00+00:00
[2025-02-11T15:01:48.068+0000] {processor.py:208} INFO - Processing /home/airflow/.local/lib/python3.12/site-packages/airflow/example_dags/tutorial_taskflow_templates.py took 0.347 seconds
[2025-02-11T15:02:25.020+0000] {processor.py:186} INFO - Started process (PID=524) to work on /home/airflow/.local/lib/python3.12/site-packages/airflow/example_dags/tutorial_taskflow_templates.py
[2025-02-11T15:02:25.043+0000] {processor.py:914} INFO - Processing file /home/airflow/.local/lib/python3.12/site-packages/airflow/example_dags/tutorial_taskflow_templates.py for tasks to queue
[2025-02-11T15:02:25.142+0000] {logging_mixin.py:190} INFO - [2025-02-11T15:02:25.141+0000] {dagbag.py:588} INFO - Filling up the DagBag from /home/airflow/.local/lib/python3.12/site-packages/airflow/example_dags/tutorial_taskflow_templates.py
[2025-02-11T15:02:25.288+0000] {processor.py:925} INFO - DAG(s) 'tutorial_taskflow_templates' retrieved from /home/airflow/.local/lib/python3.12/site-packages/airflow/example_dags/tutorial_taskflow_templates.py
[2025-02-11T15:02:25.378+0000] {logging_mixin.py:190} INFO - [2025-02-11T15:02:25.378+0000] {dag.py:3239} INFO - Sync 1 DAGs
[2025-02-11T15:02:25.548+0000] {logging_mixin.py:190} INFO - [2025-02-11T15:02:25.547+0000] {dag.py:4180} INFO - Setting next_dagrun for tutorial_taskflow_templates to 2025-02-10 00:00:00+00:00, run_after=2025-02-11 00:00:00+00:00
[2025-02-11T15:02:25.626+0000] {processor.py:208} INFO - Processing /home/airflow/.local/lib/python3.12/site-packages/airflow/example_dags/tutorial_taskflow_templates.py took 0.840 seconds
[2025-02-11T15:03:00.931+0000] {processor.py:186} INFO - Started process (PID=587) to work on /home/airflow/.local/lib/python3.12/site-packages/airflow/example_dags/tutorial_taskflow_templates.py
[2025-02-11T15:03:00.952+0000] {processor.py:914} INFO - Processing file /home/airflow/.local/lib/python3.12/site-packages/airflow/example_dags/tutorial_taskflow_templates.py for tasks to queue
[2025-02-11T15:03:00.967+0000] {logging_mixin.py:190} INFO - [2025-02-11T15:03:00.964+0000] {dagbag.py:588} INFO - Filling up the DagBag from /home/airflow/.local/lib/python3.12/site-packages/airflow/example_dags/tutorial_taskflow_templates.py
[2025-02-11T15:03:01.089+0000] {processor.py:925} INFO - DAG(s) 'tutorial_taskflow_templates' retrieved from /home/airflow/.local/lib/python3.12/site-packages/airflow/example_dags/tutorial_taskflow_templates.py
[2025-02-11T15:03:01.349+0000] {logging_mixin.py:190} INFO - [2025-02-11T15:03:01.348+0000] {dag.py:3239} INFO - Sync 1 DAGs
[2025-02-11T15:03:01.421+0000] {logging_mixin.py:190} INFO - [2025-02-11T15:03:01.421+0000] {dag.py:4180} INFO - Setting next_dagrun for tutorial_taskflow_templates to 2025-02-10 00:00:00+00:00, run_after=2025-02-11 00:00:00+00:00
[2025-02-11T15:03:01.490+0000] {processor.py:208} INFO - Processing /home/airflow/.local/lib/python3.12/site-packages/airflow/example_dags/tutorial_taskflow_templates.py took 0.788 seconds
