[2025-02-11T15:35:10.447+0000] {local_task_job_runner.py:123} INFO - ::group::Pre task execution logs
[2025-02-11T15:35:10.592+0000] {taskinstance.py:2613} INFO - Dependencies all met for dep_context=non-requeueable deps ti=<TaskInstance: weather_dag.is_weather_api_ready scheduled__2025-02-10T00:00:00+00:00 [queued]>
[2025-02-11T15:35:10.618+0000] {taskinstance.py:2613} INFO - Dependencies all met for dep_context=requeueable deps ti=<TaskInstance: weather_dag.is_weather_api_ready scheduled__2025-02-10T00:00:00+00:00 [queued]>
[2025-02-11T15:35:10.624+0000] {taskinstance.py:2866} INFO - Starting attempt 1 of 1
[2025-02-11T15:35:10.825+0000] {taskinstance.py:2889} INFO - Executing <Task(HttpSensor): is_weather_api_ready> on 2025-02-10 00:00:00+00:00
[2025-02-11T15:35:10.866+0000] {warnings.py:112} WARNING - /home/***/.local/lib/python3.12/site-packages/***/task/task_runner/standard_task_runner.py:70: DeprecationWarning: This process (pid=190) is multi-threaded, use of fork() may lead to deadlocks in the child.
  pid = os.fork()

[2025-02-11T15:35:10.900+0000] {standard_task_runner.py:72} INFO - Started process 191 to run task
[2025-02-11T15:35:10.959+0000] {standard_task_runner.py:104} INFO - Running: ['***', 'tasks', 'run', 'weather_dag', 'is_weather_api_ready', 'scheduled__2025-02-10T00:00:00+00:00', '--job-id', '8', '--raw', '--subdir', 'DAGS_FOLDER/weather_dag.py', '--cfg-path', '/tmp/tmp0_czbbqy']
[2025-02-11T15:35:10.975+0000] {standard_task_runner.py:105} INFO - Job 8: Subtask is_weather_api_ready
[2025-02-11T15:35:11.169+0000] {task_command.py:467} INFO - Running <TaskInstance: weather_dag.is_weather_api_ready scheduled__2025-02-10T00:00:00+00:00 [running]> on host 78b4170648b8
[2025-02-11T15:35:11.644+0000] {taskinstance.py:3132} INFO - Exporting env vars: AIRFLOW_CTX_DAG_OWNER='aida' AIRFLOW_CTX_DAG_ID='weather_dag' AIRFLOW_CTX_TASK_ID='is_weather_api_ready' AIRFLOW_CTX_EXECUTION_DATE='2025-02-10T00:00:00+00:00' AIRFLOW_CTX_TRY_NUMBER='1' AIRFLOW_CTX_DAG_RUN_ID='scheduled__2025-02-10T00:00:00+00:00'
[2025-02-11T15:35:11.654+0000] {taskinstance.py:731} INFO - ::endgroup::
[2025-02-11T15:35:11.751+0000] {baseoperator.py:421} WARNING - HttpSensor.execute cannot be called outside TaskInstance!
[2025-02-11T15:35:11.757+0000] {http.py:139} INFO - Poking: /data/2.5/weather?q=Portland&appid=be4f9bb349abd9d54fc5e2328b0b21ca
[2025-02-11T15:35:11.848+0000] {taskinstance.py:3311} ERROR - Task failed with exception
Traceback (most recent call last):
  File "/home/airflow/.local/lib/python3.12/site-packages/airflow/models/taskinstance.py", line 767, in _execute_task
    result = _execute_callable(context=context, **execute_callable_kwargs)
             ^^^^^^^^^^^^^^^^^^^^^^^^^^^^^^^^^^^^^^^^^^^^^^^^^^^^^^^^^^^^^
  File "/home/airflow/.local/lib/python3.12/site-packages/airflow/models/taskinstance.py", line 733, in _execute_callable
    return ExecutionCallableRunner(
           ^^^^^^^^^^^^^^^^^^^^^^^^
  File "/home/airflow/.local/lib/python3.12/site-packages/airflow/utils/operator_helpers.py", line 252, in run
    return self.func(*args, **kwargs)
           ^^^^^^^^^^^^^^^^^^^^^^^^^^
  File "/home/airflow/.local/lib/python3.12/site-packages/airflow/models/baseoperator.py", line 422, in wrapper
    return func(self, *args, **kwargs)
           ^^^^^^^^^^^^^^^^^^^^^^^^^^^
  File "/home/airflow/.local/lib/python3.12/site-packages/airflow/providers/http/sensors/http.py", line 163, in execute
    super().execute(context=context)
  File "/home/airflow/.local/lib/python3.12/site-packages/airflow/models/baseoperator.py", line 422, in wrapper
    return func(self, *args, **kwargs)
           ^^^^^^^^^^^^^^^^^^^^^^^^^^^
  File "/home/airflow/.local/lib/python3.12/site-packages/airflow/sensors/base.py", line 306, in execute
    raise e
  File "/home/airflow/.local/lib/python3.12/site-packages/airflow/sensors/base.py", line 286, in execute
    poke_return = self.poke(context)
                  ^^^^^^^^^^^^^^^^^^
  File "/home/airflow/.local/lib/python3.12/site-packages/airflow/providers/http/sensors/http.py", line 157, in poke
    raise exc
  File "/home/airflow/.local/lib/python3.12/site-packages/airflow/providers/http/sensors/http.py", line 141, in poke
    response = hook.run(
               ^^^^^^^^^
  File "/home/airflow/.local/lib/python3.12/site-packages/airflow/providers/http/hooks/http.py", line 170, in run
    session = self.get_conn(headers)
              ^^^^^^^^^^^^^^^^^^^^^^
  File "/home/airflow/.local/lib/python3.12/site-packages/airflow/providers/http/hooks/http.py", line 110, in get_conn
    conn = self.get_connection(self.http_conn_id)
           ^^^^^^^^^^^^^^^^^^^^^^^^^^^^^^^^^^^^^^
  File "/home/airflow/.local/lib/python3.12/site-packages/airflow/hooks/base.py", line 83, in get_connection
    conn = Connection.get_connection_from_secrets(conn_id)
           ^^^^^^^^^^^^^^^^^^^^^^^^^^^^^^^^^^^^^^^^^^^^^^^
  File "/home/airflow/.local/lib/python3.12/site-packages/airflow/models/connection.py", line 537, in get_connection_from_secrets
    raise AirflowNotFoundException(f"The conn_id `{conn_id}` isn't defined")
airflow.exceptions.AirflowNotFoundException: The conn_id `weathermap_api` isn't defined
[2025-02-11T15:35:11.909+0000] {taskinstance.py:1225} INFO - Marking task as FAILED. dag_id=weather_dag, task_id=is_weather_api_ready, run_id=scheduled__2025-02-10T00:00:00+00:00, execution_date=20250210T000000, start_date=20250211T153510, end_date=20250211T153511
[2025-02-11T15:35:11.955+0000] {taskinstance.py:340} INFO - ::group::Post task execution logs
[2025-02-11T15:35:11.959+0000] {standard_task_runner.py:124} ERROR - Failed to execute job 8 for task is_weather_api_ready (The conn_id `weathermap_api` isn't defined; 191)
Traceback (most recent call last):
  File "/home/airflow/.local/lib/python3.12/site-packages/airflow/task/task_runner/standard_task_runner.py", line 117, in _start_by_fork
    ret = args.func(args, dag=self.dag)
          ^^^^^^^^^^^^^^^^^^^^^^^^^^^^^
  File "/home/airflow/.local/lib/python3.12/site-packages/airflow/cli/cli_config.py", line 49, in command
    return func(*args, **kwargs)
           ^^^^^^^^^^^^^^^^^^^^^
  File "/home/airflow/.local/lib/python3.12/site-packages/airflow/utils/cli.py", line 116, in wrapper
    return f(*args, **kwargs)
           ^^^^^^^^^^^^^^^^^^
  File "/home/airflow/.local/lib/python3.12/site-packages/airflow/cli/commands/task_command.py", line 483, in task_run
    task_return_code = _run_task_by_selected_method(args, _dag, ti)
                       ^^^^^^^^^^^^^^^^^^^^^^^^^^^^^^^^^^^^^^^^^^^^
  File "/home/airflow/.local/lib/python3.12/site-packages/airflow/cli/commands/task_command.py", line 256, in _run_task_by_selected_method
    return _run_raw_task(args, ti)
           ^^^^^^^^^^^^^^^^^^^^^^^
  File "/home/airflow/.local/lib/python3.12/site-packages/airflow/cli/commands/task_command.py", line 341, in _run_raw_task
    return ti._run_raw_task(
           ^^^^^^^^^^^^^^^^^
  File "/home/airflow/.local/lib/python3.12/site-packages/airflow/utils/session.py", line 97, in wrapper
    return func(*args, session=session, **kwargs)
           ^^^^^^^^^^^^^^^^^^^^^^^^^^^^^^^^^^^^^^
  File "/home/airflow/.local/lib/python3.12/site-packages/airflow/models/taskinstance.py", line 3005, in _run_raw_task
    return _run_raw_task(
           ^^^^^^^^^^^^^^
  File "/home/airflow/.local/lib/python3.12/site-packages/airflow/models/taskinstance.py", line 273, in _run_raw_task
    TaskInstance._execute_task_with_callbacks(
  File "/home/airflow/.local/lib/python3.12/site-packages/airflow/models/taskinstance.py", line 3159, in _execute_task_with_callbacks
    result = self._execute_task(context, task_orig)
             ^^^^^^^^^^^^^^^^^^^^^^^^^^^^^^^^^^^^^^
  File "/home/airflow/.local/lib/python3.12/site-packages/airflow/models/taskinstance.py", line 3183, in _execute_task
    return _execute_task(self, context, task_orig)
           ^^^^^^^^^^^^^^^^^^^^^^^^^^^^^^^^^^^^^^^
  File "/home/airflow/.local/lib/python3.12/site-packages/airflow/models/taskinstance.py", line 767, in _execute_task
    result = _execute_callable(context=context, **execute_callable_kwargs)
             ^^^^^^^^^^^^^^^^^^^^^^^^^^^^^^^^^^^^^^^^^^^^^^^^^^^^^^^^^^^^^
  File "/home/airflow/.local/lib/python3.12/site-packages/airflow/models/taskinstance.py", line 733, in _execute_callable
    return ExecutionCallableRunner(
           ^^^^^^^^^^^^^^^^^^^^^^^^
  File "/home/airflow/.local/lib/python3.12/site-packages/airflow/utils/operator_helpers.py", line 252, in run
    return self.func(*args, **kwargs)
           ^^^^^^^^^^^^^^^^^^^^^^^^^^
  File "/home/airflow/.local/lib/python3.12/site-packages/airflow/models/baseoperator.py", line 422, in wrapper
    return func(self, *args, **kwargs)
           ^^^^^^^^^^^^^^^^^^^^^^^^^^^
  File "/home/airflow/.local/lib/python3.12/site-packages/airflow/providers/http/sensors/http.py", line 163, in execute
    super().execute(context=context)
  File "/home/airflow/.local/lib/python3.12/site-packages/airflow/models/baseoperator.py", line 422, in wrapper
    return func(self, *args, **kwargs)
           ^^^^^^^^^^^^^^^^^^^^^^^^^^^
  File "/home/airflow/.local/lib/python3.12/site-packages/airflow/sensors/base.py", line 306, in execute
    raise e
  File "/home/airflow/.local/lib/python3.12/site-packages/airflow/sensors/base.py", line 286, in execute
    poke_return = self.poke(context)
                  ^^^^^^^^^^^^^^^^^^
  File "/home/airflow/.local/lib/python3.12/site-packages/airflow/providers/http/sensors/http.py", line 157, in poke
    raise exc
  File "/home/airflow/.local/lib/python3.12/site-packages/airflow/providers/http/sensors/http.py", line 141, in poke
    response = hook.run(
               ^^^^^^^^^
  File "/home/airflow/.local/lib/python3.12/site-packages/airflow/providers/http/hooks/http.py", line 170, in run
    session = self.get_conn(headers)
              ^^^^^^^^^^^^^^^^^^^^^^
  File "/home/airflow/.local/lib/python3.12/site-packages/airflow/providers/http/hooks/http.py", line 110, in get_conn
    conn = self.get_connection(self.http_conn_id)
           ^^^^^^^^^^^^^^^^^^^^^^^^^^^^^^^^^^^^^^
  File "/home/airflow/.local/lib/python3.12/site-packages/airflow/hooks/base.py", line 83, in get_connection
    conn = Connection.get_connection_from_secrets(conn_id)
           ^^^^^^^^^^^^^^^^^^^^^^^^^^^^^^^^^^^^^^^^^^^^^^^
  File "/home/airflow/.local/lib/python3.12/site-packages/airflow/models/connection.py", line 537, in get_connection_from_secrets
    raise AirflowNotFoundException(f"The conn_id `{conn_id}` isn't defined")
airflow.exceptions.AirflowNotFoundException: The conn_id `weathermap_api` isn't defined
[2025-02-11T15:35:12.038+0000] {local_task_job_runner.py:266} INFO - Task exited with return code 1
[2025-02-11T15:35:12.098+0000] {taskinstance.py:3895} INFO - 0 downstream tasks scheduled from follow-on schedule check
[2025-02-11T15:35:12.103+0000] {local_task_job_runner.py:245} INFO - ::endgroup::
[2025-02-11T23:32:26.869+0000] {local_task_job_runner.py:123} INFO - ::group::Pre task execution logs
[2025-02-11T23:32:26.913+0000] {taskinstance.py:2613} INFO - Dependencies all met for dep_context=non-requeueable deps ti=<TaskInstance: weather_dag.is_weather_api_ready scheduled__2025-02-10T00:00:00+00:00 [queued]>
[2025-02-11T23:32:26.930+0000] {taskinstance.py:2613} INFO - Dependencies all met for dep_context=requeueable deps ti=<TaskInstance: weather_dag.is_weather_api_ready scheduled__2025-02-10T00:00:00+00:00 [queued]>
[2025-02-11T23:32:26.932+0000] {taskinstance.py:2866} INFO - Starting attempt 1 of 1
[2025-02-11T23:32:26.964+0000] {taskinstance.py:2889} INFO - Executing <Task(HttpSensor): is_weather_api_ready> on 2025-02-10 00:00:00+00:00
[2025-02-11T23:32:26.978+0000] {warnings.py:112} WARNING - /home/***/.local/lib/python3.12/site-packages/***/task/task_runner/standard_task_runner.py:70: DeprecationWarning: This process (pid=1671) is multi-threaded, use of fork() may lead to deadlocks in the child.
  pid = os.fork()

[2025-02-11T23:32:26.982+0000] {standard_task_runner.py:72} INFO - Started process 1680 to run task
[2025-02-11T23:32:26.983+0000] {standard_task_runner.py:104} INFO - Running: ['***', 'tasks', 'run', 'weather_dag', 'is_weather_api_ready', 'scheduled__2025-02-10T00:00:00+00:00', '--job-id', '90', '--raw', '--subdir', 'DAGS_FOLDER/weather_dag.py', '--cfg-path', '/tmp/tmph7slwd_m']
[2025-02-11T23:32:26.991+0000] {standard_task_runner.py:105} INFO - Job 90: Subtask is_weather_api_ready
[2025-02-11T23:32:27.113+0000] {task_command.py:467} INFO - Running <TaskInstance: weather_dag.is_weather_api_ready scheduled__2025-02-10T00:00:00+00:00 [running]> on host dbef5e540f20
[2025-02-11T23:32:27.294+0000] {taskinstance.py:3132} INFO - Exporting env vars: AIRFLOW_CTX_DAG_OWNER='aida' AIRFLOW_CTX_DAG_ID='weather_dag' AIRFLOW_CTX_TASK_ID='is_weather_api_ready' AIRFLOW_CTX_EXECUTION_DATE='2025-02-10T00:00:00+00:00' AIRFLOW_CTX_TRY_NUMBER='1' AIRFLOW_CTX_DAG_RUN_ID='scheduled__2025-02-10T00:00:00+00:00'
[2025-02-11T23:32:27.304+0000] {taskinstance.py:731} INFO - ::endgroup::
[2025-02-11T23:32:27.339+0000] {baseoperator.py:421} WARNING - HttpSensor.execute cannot be called outside TaskInstance!
[2025-02-11T23:32:27.342+0000] {http.py:139} INFO - Poking: /data/2.5/weather?q=Portland&appid=be4f9bb349abd9d54fc5e2328b0b21ca
[2025-02-11T23:32:27.365+0000] {base.py:84} INFO - Retrieving connection 'weathermap_api'
[2025-02-11T23:32:27.607+0000] {base.py:336} INFO - Success criteria met. Exiting.
[2025-02-11T23:32:27.627+0000] {taskinstance.py:340} INFO - ::group::Post task execution logs
[2025-02-11T23:32:27.628+0000] {taskinstance.py:352} INFO - Marking task as SUCCESS. dag_id=weather_dag, task_id=is_weather_api_ready, run_id=scheduled__2025-02-10T00:00:00+00:00, execution_date=20250210T000000, start_date=20250211T233226, end_date=20250211T233227
[2025-02-11T23:32:27.692+0000] {local_task_job_runner.py:266} INFO - Task exited with return code 0
[2025-02-11T23:32:27.760+0000] {taskinstance.py:3895} INFO - 1 downstream tasks scheduled from follow-on schedule check
[2025-02-11T23:32:27.764+0000] {local_task_job_runner.py:245} INFO - ::endgroup::
