[2025-04-18T18:08:38.672+0000] {local_task_job_runner.py:123} INFO - ::group::Pre task execution logs
[2025-04-18T18:08:38.691+0000] {taskinstance.py:2613} INFO - Dependencies all met for dep_context=non-requeueable deps ti=<TaskInstance: weather_api_to_snowflake.dbt_tasks.dbt_debug manual__2025-04-18T18:08:20.694803+00:00 [queued]>
[2025-04-18T18:08:38.704+0000] {taskinstance.py:2613} INFO - Dependencies all met for dep_context=requeueable deps ti=<TaskInstance: weather_api_to_snowflake.dbt_tasks.dbt_debug manual__2025-04-18T18:08:20.694803+00:00 [queued]>
[2025-04-18T18:08:38.706+0000] {taskinstance.py:2866} INFO - Starting attempt 1 of 2
[2025-04-18T18:08:38.734+0000] {taskinstance.py:2889} INFO - Executing <Task(BashOperator): dbt_tasks.dbt_debug> on 2025-04-18 18:08:20.694803+00:00
[2025-04-18T18:08:38.745+0000] {standard_task_runner.py:72} INFO - Started process 2045 to run task
[2025-04-18T18:08:38.751+0000] {standard_task_runner.py:104} INFO - Running: ['***', 'tasks', 'run', 'weather_api_to_snowflake', 'dbt_tasks.dbt_debug', 'manual__2025-04-18T18:08:20.694803+00:00', '--job-id', '265', '--raw', '--subdir', 'DAGS_FOLDER/dbt_snowflake_pipeline.py', '--cfg-path', '/tmp/tmpq8b26tr9']
[2025-04-18T18:08:38.762+0000] {standard_task_runner.py:105} INFO - Job 265: Subtask dbt_tasks.dbt_debug
[2025-04-18T18:08:38.836+0000] {task_command.py:467} INFO - Running <TaskInstance: weather_api_to_snowflake.dbt_tasks.dbt_debug manual__2025-04-18T18:08:20.694803+00:00 [running]> on host b322df8cb9fb
[2025-04-18T18:08:38.961+0000] {taskinstance.py:3132} INFO - Exporting env vars: AIRFLOW_CTX_DAG_OWNER='***' AIRFLOW_CTX_DAG_ID='weather_api_to_snowflake' AIRFLOW_CTX_TASK_ID='dbt_tasks.dbt_debug' AIRFLOW_CTX_EXECUTION_DATE='2025-04-18T18:08:20.694803+00:00' AIRFLOW_CTX_TRY_NUMBER='1' AIRFLOW_CTX_DAG_RUN_ID='manual__2025-04-18T18:08:20.694803+00:00'
[2025-04-18T18:08:38.964+0000] {taskinstance.py:731} INFO - ::endgroup::
[2025-04-18T18:08:38.988+0000] {subprocess.py:78} INFO - Tmp dir root location: /tmp
[2025-04-18T18:08:38.991+0000] {subprocess.py:88} INFO - Running command: ['/usr/bin/bash', '-c', '/home/***/.local/bin/dbt debug --project-dir /opt/dbt --profiles-dir /opt/dbt || true']
[2025-04-18T18:08:39.018+0000] {subprocess.py:99} INFO - Output:
[2025-04-18T18:08:43.014+0000] {subprocess.py:106} INFO - [0m18:08:43  Running with dbt=1.9.4
[2025-04-18T18:08:43.045+0000] {subprocess.py:106} INFO - [0m18:08:43  dbt version: 1.9.4
[2025-04-18T18:08:43.050+0000] {subprocess.py:106} INFO - [0m18:08:43  python version: 3.11.11
[2025-04-18T18:08:43.053+0000] {subprocess.py:106} INFO - [0m18:08:43  python path: /home/***/.local/bin/python
[2025-04-18T18:08:43.057+0000] {subprocess.py:106} INFO - [0m18:08:43  os info: Linux-5.10.76-linuxkit-x86_64-with-glibc2.36
[2025-04-18T18:08:44.329+0000] {subprocess.py:106} INFO - [0m18:08:44  Using profiles dir at /opt/dbt
[2025-04-18T18:08:44.332+0000] {subprocess.py:106} INFO - [0m18:08:44  Using profiles.yml file at /opt/dbt/profiles.yml
[2025-04-18T18:08:44.336+0000] {subprocess.py:106} INFO - [0m18:08:44  Using dbt_project.yml file at /opt/dbt/dbt_project.yml
[2025-04-18T18:08:44.340+0000] {subprocess.py:106} INFO - [0m18:08:44  adapter type: snowflake
[2025-04-18T18:08:44.343+0000] {subprocess.py:106} INFO - [0m18:08:44  adapter version: 1.9.2
[2025-04-18T18:08:44.507+0000] {subprocess.py:106} INFO - [0m18:08:44  Configuration:
[2025-04-18T18:08:44.511+0000] {subprocess.py:106} INFO - [0m18:08:44    profiles.yml file [[32mOK found and valid[0m]
[2025-04-18T18:08:44.514+0000] {subprocess.py:106} INFO - [0m18:08:44    dbt_project.yml file [[32mOK found and valid[0m]
[2025-04-18T18:08:44.517+0000] {subprocess.py:106} INFO - [0m18:08:44  Required dependencies:
[2025-04-18T18:08:44.521+0000] {subprocess.py:106} INFO - [0m18:08:44   - git [[31mERROR[0m]
[2025-04-18T18:08:44.524+0000] {subprocess.py:106} INFO - 
[2025-04-18T18:08:44.526+0000] {subprocess.py:106} INFO - [0m18:08:44  Connection:
[2025-04-18T18:08:44.531+0000] {subprocess.py:106} INFO - [0m18:08:44    account: dbjbmjn-gb63301
[2025-04-18T18:08:44.535+0000] {subprocess.py:106} INFO - [0m18:08:44    user: AIDASOW73
[2025-04-18T18:08:44.538+0000] {subprocess.py:106} INFO - [0m18:08:44    database: DBT_DOCKER_DEMO
[2025-04-18T18:08:44.542+0000] {subprocess.py:106} INFO - [0m18:08:44    warehouse: COMPUTE_WH
[2025-04-18T18:08:44.545+0000] {subprocess.py:106} INFO - [0m18:08:44    role: ACCOUNTADMIN
[2025-04-18T18:08:44.548+0000] {subprocess.py:106} INFO - [0m18:08:44    schema: BASE
[2025-04-18T18:08:44.550+0000] {subprocess.py:106} INFO - [0m18:08:44    authenticator: None
[2025-04-18T18:08:44.552+0000] {subprocess.py:106} INFO - [0m18:08:44    oauth_client_id: None
[2025-04-18T18:08:44.554+0000] {subprocess.py:106} INFO - [0m18:08:44    query_tag: None
[2025-04-18T18:08:44.556+0000] {subprocess.py:106} INFO - [0m18:08:44    client_session_keep_alive: False
[2025-04-18T18:08:44.559+0000] {subprocess.py:106} INFO - [0m18:08:44    host: None
[2025-04-18T18:08:44.564+0000] {subprocess.py:106} INFO - [0m18:08:44    port: None
[2025-04-18T18:08:44.567+0000] {subprocess.py:106} INFO - [0m18:08:44    proxy_host: None
[2025-04-18T18:08:44.570+0000] {subprocess.py:106} INFO - [0m18:08:44    proxy_port: None
[2025-04-18T18:08:44.573+0000] {subprocess.py:106} INFO - [0m18:08:44    protocol: None
[2025-04-18T18:08:44.575+0000] {subprocess.py:106} INFO - [0m18:08:44    connect_retries: 1
[2025-04-18T18:08:44.577+0000] {subprocess.py:106} INFO - [0m18:08:44    connect_timeout: None
[2025-04-18T18:08:44.580+0000] {subprocess.py:106} INFO - [0m18:08:44    retry_on_database_errors: False
[2025-04-18T18:08:44.582+0000] {subprocess.py:106} INFO - [0m18:08:44    retry_all: False
[2025-04-18T18:08:44.585+0000] {subprocess.py:106} INFO - [0m18:08:44    insecure_mode: False
[2025-04-18T18:08:44.587+0000] {subprocess.py:106} INFO - [0m18:08:44    reuse_connections: True
[2025-04-18T18:08:44.591+0000] {subprocess.py:106} INFO - [0m18:08:44  Registered adapter: snowflake=1.9.2
[2025-04-18T18:08:45.470+0000] {subprocess.py:106} INFO - [0m18:08:45    Connection test: [[32mOK connection ok[0m]
[2025-04-18T18:08:45.473+0000] {subprocess.py:106} INFO - 
[2025-04-18T18:08:45.475+0000] {subprocess.py:106} INFO - [0m18:08:45  [31m1 check failed:[0m
[2025-04-18T18:08:45.477+0000] {subprocess.py:106} INFO - [0m18:08:45  Error from git --help: Could not find command, ensure it is in the user's PATH: "git"
[2025-04-18T18:08:45.479+0000] {subprocess.py:106} INFO - 
[2025-04-18T18:08:46.555+0000] {subprocess.py:110} INFO - Command exited with return code 0
[2025-04-18T18:08:46.610+0000] {taskinstance.py:340} INFO - ::group::Post task execution logs
[2025-04-18T18:08:46.613+0000] {taskinstance.py:352} INFO - Marking task as SUCCESS. dag_id=weather_api_to_snowflake, task_id=dbt_tasks.dbt_debug, run_id=manual__2025-04-18T18:08:20.694803+00:00, execution_date=20250418T180820, start_date=20250418T180838, end_date=20250418T180846
[2025-04-18T18:08:46.668+0000] {local_task_job_runner.py:266} INFO - Task exited with return code 0
[2025-04-18T18:08:46.707+0000] {taskinstance.py:3895} INFO - 1 downstream tasks scheduled from follow-on schedule check
[2025-04-18T18:08:46.710+0000] {local_task_job_runner.py:245} INFO - ::endgroup::
