[2025-04-18T17:58:59.138+0000] {local_task_job_runner.py:123} INFO - ::group::Pre task execution logs
[2025-04-18T17:58:59.160+0000] {taskinstance.py:2613} INFO - Dependencies all met for dep_context=non-requeueable deps ti=<TaskInstance: weather_api_to_snowflake.dbt_tasks.dbt_debug manual__2025-04-18T17:58:44.444673+00:00 [queued]>
[2025-04-18T17:58:59.173+0000] {taskinstance.py:2613} INFO - Dependencies all met for dep_context=requeueable deps ti=<TaskInstance: weather_api_to_snowflake.dbt_tasks.dbt_debug manual__2025-04-18T17:58:44.444673+00:00 [queued]>
[2025-04-18T17:58:59.176+0000] {taskinstance.py:2866} INFO - Starting attempt 1 of 2
[2025-04-18T17:58:59.192+0000] {taskinstance.py:2889} INFO - Executing <Task(BashOperator): dbt_tasks.dbt_debug> on 2025-04-18 17:58:44.444673+00:00
[2025-04-18T17:58:59.201+0000] {standard_task_runner.py:72} INFO - Started process 1836 to run task
[2025-04-18T17:58:59.206+0000] {standard_task_runner.py:104} INFO - Running: ['***', 'tasks', 'run', 'weather_api_to_snowflake', 'dbt_tasks.dbt_debug', 'manual__2025-04-18T17:58:44.444673+00:00', '--job-id', '257', '--raw', '--subdir', 'DAGS_FOLDER/dbt_snowflake_pipeline.py', '--cfg-path', '/tmp/tmp3n44ygma']
[2025-04-18T17:58:59.212+0000] {standard_task_runner.py:105} INFO - Job 257: Subtask dbt_tasks.dbt_debug
[2025-04-18T17:58:59.278+0000] {task_command.py:467} INFO - Running <TaskInstance: weather_api_to_snowflake.dbt_tasks.dbt_debug manual__2025-04-18T17:58:44.444673+00:00 [running]> on host b322df8cb9fb
[2025-04-18T17:58:59.397+0000] {taskinstance.py:3132} INFO - Exporting env vars: AIRFLOW_CTX_DAG_OWNER='***' AIRFLOW_CTX_DAG_ID='weather_api_to_snowflake' AIRFLOW_CTX_TASK_ID='dbt_tasks.dbt_debug' AIRFLOW_CTX_EXECUTION_DATE='2025-04-18T17:58:44.444673+00:00' AIRFLOW_CTX_TRY_NUMBER='1' AIRFLOW_CTX_DAG_RUN_ID='manual__2025-04-18T17:58:44.444673+00:00'
[2025-04-18T17:58:59.401+0000] {taskinstance.py:731} INFO - ::endgroup::
[2025-04-18T17:58:59.447+0000] {subprocess.py:78} INFO - Tmp dir root location: /tmp
[2025-04-18T17:58:59.451+0000] {subprocess.py:88} INFO - Running command: ['/usr/bin/bash', '-c', '/home/***/.local/bin/dbt debug --project-dir /opt/dbt --profiles-dir /opt/dbt || true']
[2025-04-18T17:58:59.475+0000] {subprocess.py:99} INFO - Output:
[2025-04-18T17:59:03.818+0000] {subprocess.py:106} INFO - [0m17:59:03  Running with dbt=1.9.4
[2025-04-18T17:59:03.857+0000] {subprocess.py:106} INFO - [0m17:59:03  dbt version: 1.9.4
[2025-04-18T17:59:03.861+0000] {subprocess.py:106} INFO - [0m17:59:03  python version: 3.11.11
[2025-04-18T17:59:03.865+0000] {subprocess.py:106} INFO - [0m17:59:03  python path: /home/***/.local/bin/python
[2025-04-18T17:59:03.870+0000] {subprocess.py:106} INFO - [0m17:59:03  os info: Linux-5.10.76-linuxkit-x86_64-with-glibc2.36
[2025-04-18T17:59:05.423+0000] {subprocess.py:106} INFO - [0m17:59:05  Using profiles dir at /opt/dbt
[2025-04-18T17:59:05.428+0000] {subprocess.py:106} INFO - [0m17:59:05  Using profiles.yml file at /opt/dbt/profiles.yml
[2025-04-18T17:59:05.430+0000] {subprocess.py:106} INFO - [0m17:59:05  Using dbt_project.yml file at /opt/dbt/dbt_project.yml
[2025-04-18T17:59:05.433+0000] {subprocess.py:106} INFO - [0m17:59:05  adapter type: snowflake
[2025-04-18T17:59:05.437+0000] {subprocess.py:106} INFO - [0m17:59:05  adapter version: 1.9.2
[2025-04-18T17:59:05.598+0000] {subprocess.py:106} INFO - [0m17:59:05  Configuration:
[2025-04-18T17:59:05.600+0000] {subprocess.py:106} INFO - [0m17:59:05    profiles.yml file [[32mOK found and valid[0m]
[2025-04-18T17:59:05.602+0000] {subprocess.py:106} INFO - [0m17:59:05    dbt_project.yml file [[32mOK found and valid[0m]
[2025-04-18T17:59:05.605+0000] {subprocess.py:106} INFO - [0m17:59:05  Required dependencies:
[2025-04-18T17:59:05.610+0000] {subprocess.py:106} INFO - [0m17:59:05   - git [[31mERROR[0m]
[2025-04-18T17:59:05.612+0000] {subprocess.py:106} INFO - 
[2025-04-18T17:59:05.615+0000] {subprocess.py:106} INFO - [0m17:59:05  Connection:
[2025-04-18T17:59:05.617+0000] {subprocess.py:106} INFO - [0m17:59:05    account: dbjbmjn-gb63301
[2025-04-18T17:59:05.620+0000] {subprocess.py:106} INFO - [0m17:59:05    user: AIDASOW73
[2025-04-18T17:59:05.623+0000] {subprocess.py:106} INFO - [0m17:59:05    database: DBT_DOCKER_DEMO
[2025-04-18T17:59:05.625+0000] {subprocess.py:106} INFO - [0m17:59:05    warehouse: COMPUTE_WH
[2025-04-18T17:59:05.627+0000] {subprocess.py:106} INFO - [0m17:59:05    role: ACCOUNTADMIN
[2025-04-18T17:59:05.629+0000] {subprocess.py:106} INFO - [0m17:59:05    schema: BASE
[2025-04-18T17:59:05.632+0000] {subprocess.py:106} INFO - [0m17:59:05    authenticator: None
[2025-04-18T17:59:05.634+0000] {subprocess.py:106} INFO - [0m17:59:05    oauth_client_id: None
[2025-04-18T17:59:05.638+0000] {subprocess.py:106} INFO - [0m17:59:05    query_tag: None
[2025-04-18T17:59:05.641+0000] {subprocess.py:106} INFO - [0m17:59:05    client_session_keep_alive: False
[2025-04-18T17:59:05.645+0000] {subprocess.py:106} INFO - [0m17:59:05    host: None
[2025-04-18T17:59:05.647+0000] {subprocess.py:106} INFO - [0m17:59:05    port: None
[2025-04-18T17:59:05.650+0000] {subprocess.py:106} INFO - [0m17:59:05    proxy_host: None
[2025-04-18T17:59:05.652+0000] {subprocess.py:106} INFO - [0m17:59:05    proxy_port: None
[2025-04-18T17:59:05.654+0000] {subprocess.py:106} INFO - [0m17:59:05    protocol: None
[2025-04-18T17:59:05.656+0000] {subprocess.py:106} INFO - [0m17:59:05    connect_retries: 1
[2025-04-18T17:59:05.658+0000] {subprocess.py:106} INFO - [0m17:59:05    connect_timeout: None
[2025-04-18T17:59:05.660+0000] {subprocess.py:106} INFO - [0m17:59:05    retry_on_database_errors: False
[2025-04-18T17:59:05.663+0000] {subprocess.py:106} INFO - [0m17:59:05    retry_all: False
[2025-04-18T17:59:05.665+0000] {subprocess.py:106} INFO - [0m17:59:05    insecure_mode: False
[2025-04-18T17:59:05.667+0000] {subprocess.py:106} INFO - [0m17:59:05    reuse_connections: True
[2025-04-18T17:59:05.669+0000] {subprocess.py:106} INFO - [0m17:59:05  Registered adapter: snowflake=1.9.2
[2025-04-18T17:59:06.611+0000] {subprocess.py:106} INFO - [0m17:59:06    Connection test: [[32mOK connection ok[0m]
[2025-04-18T17:59:06.614+0000] {subprocess.py:106} INFO - 
[2025-04-18T17:59:06.616+0000] {subprocess.py:106} INFO - [0m17:59:06  [31m1 check failed:[0m
[2025-04-18T17:59:06.620+0000] {subprocess.py:106} INFO - [0m17:59:06  Error from git --help: Could not find command, ensure it is in the user's PATH: "git"
[2025-04-18T17:59:06.622+0000] {subprocess.py:106} INFO - 
[2025-04-18T17:59:07.820+0000] {subprocess.py:110} INFO - Command exited with return code 0
[2025-04-18T17:59:07.869+0000] {taskinstance.py:340} INFO - ::group::Post task execution logs
[2025-04-18T17:59:07.872+0000] {taskinstance.py:352} INFO - Marking task as SUCCESS. dag_id=weather_api_to_snowflake, task_id=dbt_tasks.dbt_debug, run_id=manual__2025-04-18T17:58:44.444673+00:00, execution_date=20250418T175844, start_date=20250418T175859, end_date=20250418T175907
[2025-04-18T17:59:07.937+0000] {local_task_job_runner.py:266} INFO - Task exited with return code 0
[2025-04-18T17:59:07.977+0000] {taskinstance.py:3895} INFO - 1 downstream tasks scheduled from follow-on schedule check
[2025-04-18T17:59:07.981+0000] {local_task_job_runner.py:245} INFO - ::endgroup::
