[2025-02-11T23:32:30.386+0000] {local_task_job_runner.py:123} INFO - ::group::Pre task execution logs
[2025-02-11T23:32:30.433+0000] {taskinstance.py:2613} INFO - Dependencies all met for dep_context=non-requeueable deps ti=<TaskInstance: weather_dag.extract_weather_data scheduled__2025-02-10T00:00:00+00:00 [queued]>
[2025-02-11T23:32:30.458+0000] {taskinstance.py:2613} INFO - Dependencies all met for dep_context=requeueable deps ti=<TaskInstance: weather_dag.extract_weather_data scheduled__2025-02-10T00:00:00+00:00 [queued]>
[2025-02-11T23:32:30.460+0000] {taskinstance.py:2866} INFO - Starting attempt 1 of 1
[2025-02-11T23:32:30.484+0000] {taskinstance.py:2889} INFO - Executing <Task(SimpleHttpOperator): extract_weather_data> on 2025-02-10 00:00:00+00:00
[2025-02-11T23:32:30.500+0000] {warnings.py:112} WARNING - /home/***/.local/lib/python3.12/site-packages/***/task/task_runner/standard_task_runner.py:70: DeprecationWarning: This process (pid=1690) is multi-threaded, use of fork() may lead to deadlocks in the child.
  pid = os.fork()

[2025-02-11T23:32:30.505+0000] {standard_task_runner.py:72} INFO - Started process 1692 to run task
[2025-02-11T23:32:30.506+0000] {standard_task_runner.py:104} INFO - Running: ['***', 'tasks', 'run', 'weather_dag', 'extract_weather_data', 'scheduled__2025-02-10T00:00:00+00:00', '--job-id', '91', '--raw', '--subdir', 'DAGS_FOLDER/weather_dag.py', '--cfg-path', '/tmp/tmp9v1n6ut6']
[2025-02-11T23:32:30.514+0000] {standard_task_runner.py:105} INFO - Job 91: Subtask extract_weather_data
[2025-02-11T23:32:30.624+0000] {task_command.py:467} INFO - Running <TaskInstance: weather_dag.extract_weather_data scheduled__2025-02-10T00:00:00+00:00 [running]> on host dbef5e540f20
[2025-02-11T23:32:30.806+0000] {taskinstance.py:3132} INFO - Exporting env vars: AIRFLOW_CTX_DAG_OWNER='aida' AIRFLOW_CTX_DAG_ID='weather_dag' AIRFLOW_CTX_TASK_ID='extract_weather_data' AIRFLOW_CTX_EXECUTION_DATE='2025-02-10T00:00:00+00:00' AIRFLOW_CTX_TRY_NUMBER='1' AIRFLOW_CTX_DAG_RUN_ID='scheduled__2025-02-10T00:00:00+00:00'
[2025-02-11T23:32:30.810+0000] {taskinstance.py:731} INFO - ::endgroup::
[2025-02-11T23:32:30.842+0000] {http.py:175} INFO - Calling HTTP method
[2025-02-11T23:32:30.867+0000] {base.py:84} INFO - Retrieving connection 'weathermap_api'
[2025-02-11T23:32:30.889+0000] {base.py:84} INFO - Retrieving connection 'weathermap_api'
[2025-02-11T23:32:31.023+0000] {http.py:236} INFO - {"coord":{"lon":-122.6762,"lat":45.5234},"weather":[{"id":801,"main":"Clouds","description":"few clouds","icon":"02d"}],"base":"stations","main":{"temp":276.88,"feels_like":273.7,"temp_min":275.29,"temp_max":278.12,"pressure":1021,"humidity":44,"sea_level":1021,"grnd_level":1010},"visibility":10000,"wind":{"speed":3.6,"deg":80},"clouds":{"all":20},"dt":1739316689,"sys":{"type":2,"id":2008548,"country":"US","sunrise":1739287090,"sunset":1739323913},"timezone":-28800,"id":5746545,"name":"Portland","cod":200}
[2025-02-11T23:32:31.069+0000] {taskinstance.py:340} INFO - ::group::Post task execution logs
[2025-02-11T23:32:31.071+0000] {taskinstance.py:352} INFO - Marking task as SUCCESS. dag_id=weather_dag, task_id=extract_weather_data, run_id=scheduled__2025-02-10T00:00:00+00:00, execution_date=20250210T000000, start_date=20250211T233230, end_date=20250211T233231
[2025-02-11T23:32:31.130+0000] {local_task_job_runner.py:266} INFO - Task exited with return code 0
[2025-02-11T23:32:31.178+0000] {taskinstance.py:3895} INFO - 1 downstream tasks scheduled from follow-on schedule check
[2025-02-11T23:32:31.187+0000] {local_task_job_runner.py:245} INFO - ::endgroup::
