[2025-02-12T21:07:08.257+0000] {local_task_job_runner.py:123} INFO - ::group::Pre task execution logs
[2025-02-12T21:07:08.300+0000] {taskinstance.py:2613} INFO - Dependencies all met for dep_context=non-requeueable deps ti=<TaskInstance: weather_pipeline.extract_weather_data manual__2025-02-12T21:06:58.007749+00:00 [queued]>
[2025-02-12T21:07:08.325+0000] {taskinstance.py:2613} INFO - Dependencies all met for dep_context=requeueable deps ti=<TaskInstance: weather_pipeline.extract_weather_data manual__2025-02-12T21:06:58.007749+00:00 [queued]>
[2025-02-12T21:07:08.328+0000] {taskinstance.py:2866} INFO - Starting attempt 1 of 1
[2025-02-12T21:07:08.363+0000] {taskinstance.py:2889} INFO - Executing <Task(SimpleHttpOperator): extract_weather_data> on 2025-02-12 21:06:58.007749+00:00
[2025-02-12T21:07:08.382+0000] {warnings.py:112} WARNING - /home/***/.local/lib/python3.12/site-packages/***/task/task_runner/standard_task_runner.py:70: DeprecationWarning: This process (pid=272) is multi-threaded, use of fork() may lead to deadlocks in the child.
  pid = os.fork()

[2025-02-12T21:07:08.386+0000] {standard_task_runner.py:72} INFO - Started process 274 to run task
[2025-02-12T21:07:08.387+0000] {standard_task_runner.py:104} INFO - Running: ['***', 'tasks', 'run', 'weather_pipeline', 'extract_weather_data', 'manual__2025-02-12T21:06:58.007749+00:00', '--job-id', '101', '--raw', '--subdir', 'DAGS_FOLDER/weather_dag.py', '--cfg-path', '/tmp/tmpvfr5np9a']
[2025-02-12T21:07:08.393+0000] {standard_task_runner.py:105} INFO - Job 101: Subtask extract_weather_data
[2025-02-12T21:07:08.483+0000] {task_command.py:467} INFO - Running <TaskInstance: weather_pipeline.extract_weather_data manual__2025-02-12T21:06:58.007749+00:00 [running]> on host 46a30c5a81ce
[2025-02-12T21:07:08.702+0000] {taskinstance.py:3132} INFO - Exporting env vars: AIRFLOW_CTX_DAG_OWNER='***' AIRFLOW_CTX_DAG_ID='weather_pipeline' AIRFLOW_CTX_TASK_ID='extract_weather_data' AIRFLOW_CTX_EXECUTION_DATE='2025-02-12T21:06:58.007749+00:00' AIRFLOW_CTX_TRY_NUMBER='1' AIRFLOW_CTX_DAG_RUN_ID='manual__2025-02-12T21:06:58.007749+00:00'
[2025-02-12T21:07:08.706+0000] {taskinstance.py:731} INFO - ::endgroup::
[2025-02-12T21:07:08.711+0000] {http.py:175} INFO - Calling HTTP method
[2025-02-12T21:07:08.727+0000] {base.py:84} INFO - Retrieving connection 'weathermap_api'
[2025-02-12T21:07:08.741+0000] {base.py:84} INFO - Retrieving connection 'weathermap_api'
[2025-02-12T21:07:08.854+0000] {http.py:236} INFO - {"coord":{"lon":-122.6762,"lat":45.5234},"weather":[{"id":801,"main":"Clouds","description":"few clouds","icon":"02d"}],"base":"stations","main":{"temp":276.56,"feels_like":271.35,"temp_min":274.81,"temp_max":278.56,"pressure":1014,"humidity":38,"sea_level":1014,"grnd_level":1003},"visibility":10000,"wind":{"speed":7.72,"deg":90,"gust":12.35},"clouds":{"all":20},"dt":1739393772,"sys":{"type":2,"id":2008548,"country":"US","sunrise":1739373402,"sunset":1739410401},"timezone":-28800,"id":5746545,"name":"Portland","cod":200}
[2025-02-12T21:07:08.906+0000] {taskinstance.py:340} INFO - ::group::Post task execution logs
[2025-02-12T21:07:08.912+0000] {taskinstance.py:352} INFO - Marking task as SUCCESS. dag_id=weather_pipeline, task_id=extract_weather_data, run_id=manual__2025-02-12T21:06:58.007749+00:00, execution_date=20250212T210658, start_date=20250212T210708, end_date=20250212T210708
[2025-02-12T21:07:08.990+0000] {local_task_job_runner.py:266} INFO - Task exited with return code 0
[2025-02-12T21:07:09.044+0000] {taskinstance.py:3895} INFO - 1 downstream tasks scheduled from follow-on schedule check
[2025-02-12T21:07:09.047+0000] {local_task_job_runner.py:245} INFO - ::endgroup::
