[2025-04-18T18:32:21.518+0000] {local_task_job_runner.py:123} INFO - ::group::Pre task execution logs
[2025-04-18T18:32:21.545+0000] {taskinstance.py:2613} INFO - Dependencies all met for dep_context=non-requeueable deps ti=<TaskInstance: weather_api_to_snowflake.dbt_tasks.dbt_docs_serve manual__2025-04-18T18:27:08.156311+00:00 [queued]>
[2025-04-18T18:32:21.567+0000] {taskinstance.py:2613} INFO - Dependencies all met for dep_context=requeueable deps ti=<TaskInstance: weather_api_to_snowflake.dbt_tasks.dbt_docs_serve manual__2025-04-18T18:27:08.156311+00:00 [queued]>
[2025-04-18T18:32:21.571+0000] {taskinstance.py:2866} INFO - Starting attempt 1 of 2
[2025-04-18T18:32:21.614+0000] {taskinstance.py:2889} INFO - Executing <Task(BashOperator): dbt_tasks.dbt_docs_serve> on 2025-04-18 18:27:08.156311+00:00
[2025-04-18T18:32:21.635+0000] {standard_task_runner.py:72} INFO - Started process 2542 to run task
[2025-04-18T18:32:21.649+0000] {standard_task_runner.py:104} INFO - Running: ['***', 'tasks', 'run', 'weather_api_to_snowflake', 'dbt_tasks.dbt_docs_serve', 'manual__2025-04-18T18:27:08.156311+00:00', '--job-id', '279', '--raw', '--subdir', 'DAGS_FOLDER/dbt_snowflake_pipeline.py', '--cfg-path', '/tmp/tmpi49_hu_7']
[2025-04-18T18:32:21.660+0000] {standard_task_runner.py:105} INFO - Job 279: Subtask dbt_tasks.dbt_docs_serve
[2025-04-18T18:32:22.003+0000] {task_command.py:467} INFO - Running <TaskInstance: weather_api_to_snowflake.dbt_tasks.dbt_docs_serve manual__2025-04-18T18:27:08.156311+00:00 [running]> on host b322df8cb9fb
[2025-04-18T18:32:22.357+0000] {taskinstance.py:3132} INFO - Exporting env vars: AIRFLOW_CTX_DAG_OWNER='***' AIRFLOW_CTX_DAG_ID='weather_api_to_snowflake' AIRFLOW_CTX_TASK_ID='dbt_tasks.dbt_docs_serve' AIRFLOW_CTX_EXECUTION_DATE='2025-04-18T18:27:08.156311+00:00' AIRFLOW_CTX_TRY_NUMBER='1' AIRFLOW_CTX_DAG_RUN_ID='manual__2025-04-18T18:27:08.156311+00:00'
[2025-04-18T18:32:22.364+0000] {taskinstance.py:731} INFO - ::endgroup::
[2025-04-18T18:32:22.411+0000] {subprocess.py:78} INFO - Tmp dir root location: /tmp
[2025-04-18T18:32:22.416+0000] {subprocess.py:88} INFO - Running command: ['/usr/bin/bash', '-c', '/home/***/.local/bin/dbt docs serve --port 8086 --project-dir /opt/dbt --profiles-dir /opt/dbt']
[2025-04-18T18:32:22.465+0000] {subprocess.py:99} INFO - Output:
[2025-04-18T18:32:30.991+0000] {subprocess.py:106} INFO - [0m18:32:30  Running with dbt=1.9.4
[2025-04-18T18:32:33.447+0000] {subprocess.py:106} INFO - Serving docs at 8086
[2025-04-18T18:32:33.450+0000] {subprocess.py:106} INFO - To access from your browser, navigate to: http://localhost:8086
[2025-04-18T18:32:33.453+0000] {subprocess.py:106} INFO - 
[2025-04-18T18:32:33.455+0000] {subprocess.py:106} INFO - 
[2025-04-18T18:32:33.458+0000] {subprocess.py:106} INFO - 
[2025-04-18T18:32:33.460+0000] {subprocess.py:106} INFO - Press Ctrl+C to exit.
