[2025-04-17T21:24:39.505+0000] {local_task_job_runner.py:123} INFO - ::group::Pre task execution logs
[2025-04-17T21:24:39.622+0000] {taskinstance.py:2613} INFO - Dependencies all met for dep_context=non-requeueable deps ti=<TaskInstance: weather_api_to_snowflake.load_weather_raw_to_snowflake scheduled__2025-04-17T21:00:00+00:00 [queued]>
[2025-04-17T21:24:39.655+0000] {taskinstance.py:2613} INFO - Dependencies all met for dep_context=requeueable deps ti=<TaskInstance: weather_api_to_snowflake.load_weather_raw_to_snowflake scheduled__2025-04-17T21:00:00+00:00 [queued]>
[2025-04-17T21:24:39.661+0000] {taskinstance.py:2866} INFO - Starting attempt 1 of 2
[2025-04-17T21:24:39.716+0000] {taskinstance.py:2889} INFO - Executing <Task(SnowflakeOperator): load_weather_raw_to_snowflake> on 2025-04-17 21:00:00+00:00
[2025-04-17T21:24:39.742+0000] {standard_task_runner.py:72} INFO - Started process 742 to run task
[2025-04-17T21:24:39.807+0000] {standard_task_runner.py:104} INFO - Running: ['***', 'tasks', 'run', 'weather_api_to_snowflake', 'load_weather_raw_to_snowflake', 'scheduled__2025-04-17T21:00:00+00:00', '--job-id', '141', '--raw', '--subdir', 'DAGS_FOLDER/dbt_snowflake_pipeline.py', '--cfg-path', '/tmp/tmppp4x5vxh']
[2025-04-17T21:24:39.863+0000] {standard_task_runner.py:105} INFO - Job 141: Subtask load_weather_raw_to_snowflake
[2025-04-17T21:24:40.199+0000] {task_command.py:467} INFO - Running <TaskInstance: weather_api_to_snowflake.load_weather_raw_to_snowflake scheduled__2025-04-17T21:00:00+00:00 [running]> on host b322df8cb9fb
[2025-04-17T21:24:40.861+0000] {taskinstance.py:3132} INFO - Exporting env vars: AIRFLOW_CTX_DAG_OWNER='***' AIRFLOW_CTX_DAG_ID='weather_api_to_snowflake' AIRFLOW_CTX_TASK_ID='load_weather_raw_to_snowflake' AIRFLOW_CTX_EXECUTION_DATE='2025-04-17T21:00:00+00:00' AIRFLOW_CTX_TRY_NUMBER='1' AIRFLOW_CTX_DAG_RUN_ID='scheduled__2025-04-17T21:00:00+00:00'
[2025-04-17T21:24:40.875+0000] {taskinstance.py:731} INFO - ::endgroup::
[2025-04-17T21:24:41.023+0000] {sql.py:278} INFO - Executing: 
            CREATE TABLE IF NOT EXISTS STAGING.WEATHER_RAW (
                    city STRING,
                    timestamp TIMESTAMP,
                    temperature FLOAT,
                    humidity FLOAT,
                    pressure FLOAT,
                    description STRING
            );
        

                INSERT INTO STAGING.WEATHER_RAW (
                    city, timestamp, temperature, humidity, pressure, description
                )
                VALUES (
                    'Paris',
                    CURRENT_TIMESTAMP,
                    10.77,
                    70,
                    1015,
                    'clear sky'
                );
            

                INSERT INTO STAGING.WEATHER_RAW (
                    city, timestamp, temperature, humidity, pressure, description
                )
                VALUES (
                    'London',
                    CURRENT_TIMESTAMP,
                    9.88,
                    64,
                    1013,
                    'few clouds'
                );
            

                INSERT INTO STAGING.WEATHER_RAW (
                    city, timestamp, temperature, humidity, pressure, description
                )
                VALUES (
                    'New York',
                    CURRENT_TIMESTAMP,
                    17.48,
                    21,
                    1018,
                    'clear sky'
                );
            
[2025-04-17T21:24:41.327+0000] {base.py:84} INFO - Retrieving connection 'snowflake_conn'
[2025-04-17T21:24:41.520+0000] {base.py:84} INFO - Retrieving connection 'snowflake_conn'
[2025-04-17T21:24:41.557+0000] {connection.py:423} INFO - Snowflake Connector for Python Version: 3.14.0, Python Version: 3.11.11, Platform: Linux-5.10.76-linuxkit-x86_64-with-glibc2.36
[2025-04-17T21:24:41.568+0000] {connection.py:1226} INFO - Connecting to GLOBAL Snowflake domain
[2025-04-17T21:24:41.578+0000] {connection.py:1315} INFO - This connection is in OCSP Fail Open Mode. TLS Certificates would be checked for validity and revocation status. Any other Certificate Revocation related exceptions or OCSP Responder failures would be disregarded in favor of connectivity.
