[2025-04-18T17:43:46.156+0000] {local_task_job_runner.py:123} INFO - ::group::Pre task execution logs
[2025-04-18T17:43:46.212+0000] {taskinstance.py:2613} INFO - Dependencies all met for dep_context=non-requeueable deps ti=<TaskInstance: weather_api_to_snowflake.dbt_tasks.dbt_debug manual__2025-04-18T17:43:32.034762+00:00 [queued]>
[2025-04-18T17:43:46.259+0000] {taskinstance.py:2613} INFO - Dependencies all met for dep_context=requeueable deps ti=<TaskInstance: weather_api_to_snowflake.dbt_tasks.dbt_debug manual__2025-04-18T17:43:32.034762+00:00 [queued]>
[2025-04-18T17:43:46.262+0000] {taskinstance.py:2866} INFO - Starting attempt 1 of 2
[2025-04-18T17:43:46.298+0000] {taskinstance.py:2889} INFO - Executing <Task(BashOperator): dbt_tasks.dbt_debug> on 2025-04-18 17:43:32.034762+00:00
[2025-04-18T17:43:46.324+0000] {standard_task_runner.py:72} INFO - Started process 1547 to run task
[2025-04-18T17:43:46.332+0000] {standard_task_runner.py:104} INFO - Running: ['***', 'tasks', 'run', 'weather_api_to_snowflake', 'dbt_tasks.dbt_debug', 'manual__2025-04-18T17:43:32.034762+00:00', '--job-id', '249', '--raw', '--subdir', 'DAGS_FOLDER/dbt_snowflake_pipeline.py', '--cfg-path', '/tmp/tmp8rse7zdx']
[2025-04-18T17:43:46.345+0000] {standard_task_runner.py:105} INFO - Job 249: Subtask dbt_tasks.dbt_debug
[2025-04-18T17:43:46.418+0000] {task_command.py:467} INFO - Running <TaskInstance: weather_api_to_snowflake.dbt_tasks.dbt_debug manual__2025-04-18T17:43:32.034762+00:00 [running]> on host b322df8cb9fb
[2025-04-18T17:43:46.525+0000] {taskinstance.py:3132} INFO - Exporting env vars: AIRFLOW_CTX_DAG_OWNER='***' AIRFLOW_CTX_DAG_ID='weather_api_to_snowflake' AIRFLOW_CTX_TASK_ID='dbt_tasks.dbt_debug' AIRFLOW_CTX_EXECUTION_DATE='2025-04-18T17:43:32.034762+00:00' AIRFLOW_CTX_TRY_NUMBER='1' AIRFLOW_CTX_DAG_RUN_ID='manual__2025-04-18T17:43:32.034762+00:00'
[2025-04-18T17:43:46.532+0000] {taskinstance.py:731} INFO - ::endgroup::
[2025-04-18T17:43:46.554+0000] {subprocess.py:78} INFO - Tmp dir root location: /tmp
[2025-04-18T17:43:46.556+0000] {subprocess.py:88} INFO - Running command: ['/usr/bin/bash', '-c', '/home/***/.local/bin/dbt debug --project-dir /opt/dbt --profiles-dir /opt/dbt || true']
[2025-04-18T17:43:46.579+0000] {subprocess.py:99} INFO - Output:
[2025-04-18T17:43:54.308+0000] {subprocess.py:106} INFO - [0m17:43:54  Running with dbt=1.9.4
[2025-04-18T17:43:54.360+0000] {subprocess.py:106} INFO - [0m17:43:54  dbt version: 1.9.4
[2025-04-18T17:43:54.363+0000] {subprocess.py:106} INFO - [0m17:43:54  python version: 3.11.11
[2025-04-18T17:43:54.367+0000] {subprocess.py:106} INFO - [0m17:43:54  python path: /home/***/.local/bin/python
[2025-04-18T17:43:54.371+0000] {subprocess.py:106} INFO - [0m17:43:54  os info: Linux-5.10.76-linuxkit-x86_64-with-glibc2.36
[2025-04-18T17:44:00.077+0000] {subprocess.py:106} INFO - [0m17:44:00  Using profiles dir at /opt/dbt
[2025-04-18T17:44:00.104+0000] {subprocess.py:106} INFO - [0m17:44:00  Using profiles.yml file at /opt/dbt/profiles.yml
[2025-04-18T17:44:00.108+0000] {subprocess.py:106} INFO - [0m17:44:00  Using dbt_project.yml file at /opt/dbt/dbt_project.yml
[2025-04-18T17:44:00.118+0000] {subprocess.py:106} INFO - [0m17:44:00  adapter type: snowflake
[2025-04-18T17:44:00.135+0000] {subprocess.py:106} INFO - [0m17:44:00  adapter version: 1.9.2
[2025-04-18T17:44:00.333+0000] {subprocess.py:106} INFO - [0m17:44:00  Configuration:
[2025-04-18T17:44:00.337+0000] {subprocess.py:106} INFO - [0m17:44:00    profiles.yml file [[32mOK found and valid[0m]
[2025-04-18T17:44:00.340+0000] {subprocess.py:106} INFO - [0m17:44:00    dbt_project.yml file [[32mOK found and valid[0m]
[2025-04-18T17:44:00.344+0000] {subprocess.py:106} INFO - [0m17:44:00  Required dependencies:
[2025-04-18T17:44:00.356+0000] {subprocess.py:106} INFO - [0m17:44:00   - git [[31mERROR[0m]
[2025-04-18T17:44:00.358+0000] {subprocess.py:106} INFO - 
[2025-04-18T17:44:00.360+0000] {subprocess.py:106} INFO - [0m17:44:00  Connection:
[2025-04-18T17:44:00.362+0000] {subprocess.py:106} INFO - [0m17:44:00    account: dbjbmjn-gb63301
[2025-04-18T17:44:00.365+0000] {subprocess.py:106} INFO - [0m17:44:00    user: AIDASOW73
[2025-04-18T17:44:00.367+0000] {subprocess.py:106} INFO - [0m17:44:00    database: DBT_DOCKER_DEMO
[2025-04-18T17:44:00.370+0000] {subprocess.py:106} INFO - [0m17:44:00    warehouse: COMPUTE_WH
[2025-04-18T17:44:00.373+0000] {subprocess.py:106} INFO - [0m17:44:00    role: ACCOUNTADMIN
[2025-04-18T17:44:00.376+0000] {subprocess.py:106} INFO - [0m17:44:00    schema: BASE
[2025-04-18T17:44:00.381+0000] {subprocess.py:106} INFO - [0m17:44:00    authenticator: None
[2025-04-18T17:44:00.384+0000] {subprocess.py:106} INFO - [0m17:44:00    oauth_client_id: None
[2025-04-18T17:44:00.388+0000] {subprocess.py:106} INFO - [0m17:44:00    query_tag: None
[2025-04-18T17:44:00.392+0000] {subprocess.py:106} INFO - [0m17:44:00    client_session_keep_alive: False
[2025-04-18T17:44:00.396+0000] {subprocess.py:106} INFO - [0m17:44:00    host: None
[2025-04-18T17:44:00.402+0000] {subprocess.py:106} INFO - [0m17:44:00    port: None
[2025-04-18T17:44:00.406+0000] {subprocess.py:106} INFO - [0m17:44:00    proxy_host: None
[2025-04-18T17:44:00.407+0000] {subprocess.py:106} INFO - [0m17:44:00    proxy_port: None
[2025-04-18T17:44:00.410+0000] {subprocess.py:106} INFO - [0m17:44:00    protocol: None
[2025-04-18T17:44:00.412+0000] {subprocess.py:106} INFO - [0m17:44:00    connect_retries: 1
[2025-04-18T17:44:00.413+0000] {subprocess.py:106} INFO - [0m17:44:00    connect_timeout: None
[2025-04-18T17:44:00.415+0000] {subprocess.py:106} INFO - [0m17:44:00    retry_on_database_errors: False
[2025-04-18T17:44:00.417+0000] {subprocess.py:106} INFO - [0m17:44:00    retry_all: False
[2025-04-18T17:44:00.420+0000] {subprocess.py:106} INFO - [0m17:44:00    insecure_mode: False
[2025-04-18T17:44:00.424+0000] {subprocess.py:106} INFO - [0m17:44:00    reuse_connections: True
[2025-04-18T17:44:00.428+0000] {subprocess.py:106} INFO - [0m17:44:00  Registered adapter: snowflake=1.9.2
[2025-04-18T17:44:01.740+0000] {subprocess.py:106} INFO - [0m17:44:01    Connection test: [[32mOK connection ok[0m]
[2025-04-18T17:44:01.743+0000] {subprocess.py:106} INFO - 
[2025-04-18T17:44:01.745+0000] {subprocess.py:106} INFO - [0m17:44:01  [31m1 check failed:[0m
[2025-04-18T17:44:01.747+0000] {subprocess.py:106} INFO - [0m17:44:01  Error from git --help: Could not find command, ensure it is in the user's PATH: "git"
[2025-04-18T17:44:01.750+0000] {subprocess.py:106} INFO - 
[2025-04-18T17:44:02.808+0000] {subprocess.py:110} INFO - Command exited with return code 0
[2025-04-18T17:44:02.885+0000] {taskinstance.py:340} INFO - ::group::Post task execution logs
[2025-04-18T17:44:02.888+0000] {taskinstance.py:352} INFO - Marking task as SUCCESS. dag_id=weather_api_to_snowflake, task_id=dbt_tasks.dbt_debug, run_id=manual__2025-04-18T17:43:32.034762+00:00, execution_date=20250418T174332, start_date=20250418T174346, end_date=20250418T174402
[2025-04-18T17:44:02.970+0000] {local_task_job_runner.py:266} INFO - Task exited with return code 0
[2025-04-18T17:44:03.034+0000] {taskinstance.py:3895} INFO - 1 downstream tasks scheduled from follow-on schedule check
[2025-04-18T17:44:03.043+0000] {local_task_job_runner.py:245} INFO - ::endgroup::
