[2025-04-16T21:28:19.044+0000] {local_task_job_runner.py:123} INFO - ::group::Pre task execution logs
[2025-04-16T21:28:22.250+0000] {taskinstance.py:2613} INFO - Dependencies all met for dep_context=non-requeueable deps ti=<TaskInstance: weather_api_to_snowflake.fetch_weather manual__2025-04-16T21:14:22.330684+00:00 [queued]>
[2025-04-16T21:28:23.161+0000] {taskinstance.py:2613} INFO - Dependencies all met for dep_context=requeueable deps ti=<TaskInstance: weather_api_to_snowflake.fetch_weather manual__2025-04-16T21:14:22.330684+00:00 [queued]>
[2025-04-16T21:28:23.182+0000] {taskinstance.py:2866} INFO - Starting attempt 2 of 2
[2025-04-16T21:28:25.088+0000] {taskinstance.py:2889} INFO - Executing <Task(PythonOperator): fetch_weather> on 2025-04-16 21:14:22.330684+00:00
[2025-04-16T21:28:25.719+0000] {standard_task_runner.py:72} INFO - Started process 2062 to run task
[2025-04-16T21:28:27.069+0000] {standard_task_runner.py:104} INFO - Running: ['***', 'tasks', 'run', 'weather_api_to_snowflake', 'fetch_weather', 'manual__2025-04-16T21:14:22.330684+00:00', '--job-id', '6', '--raw', '--subdir', 'DAGS_FOLDER/dbt_snowflake_pipeline.py', '--cfg-path', '/tmp/tmpf4s0rysr']
[2025-04-16T21:28:28.035+0000] {standard_task_runner.py:105} INFO - Job 6: Subtask fetch_weather
[2025-04-16T21:28:33.031+0000] {job.py:229} INFO - Heartbeat recovered after 280.61 seconds
[2025-04-16T21:28:41.601+0000] {task_command.py:467} INFO - Running <TaskInstance: weather_api_to_snowflake.fetch_weather manual__2025-04-16T21:14:22.330684+00:00 [running]> on host b322df8cb9fb
[2025-04-16T21:29:13.262+0000] {job.py:229} INFO - Heartbeat recovered after 40.44 seconds
[2025-04-16T21:29:24.852+0000] {taskinstance.py:3132} INFO - Exporting env vars: AIRFLOW_CTX_DAG_OWNER='***' AIRFLOW_CTX_DAG_ID='weather_api_to_snowflake' AIRFLOW_CTX_TASK_ID='fetch_weather' AIRFLOW_CTX_EXECUTION_DATE='2025-04-16T21:14:22.330684+00:00' AIRFLOW_CTX_TRY_NUMBER='2' AIRFLOW_CTX_DAG_RUN_ID='manual__2025-04-16T21:14:22.330684+00:00'
[2025-04-16T21:29:25.111+0000] {taskinstance.py:731} INFO - ::endgroup::
[2025-04-16T21:29:39.605+0000] {python.py:240} INFO - Done. Returned value was: None
[2025-04-16T21:29:40.756+0000] {job.py:229} INFO - Heartbeat recovered after 10.97 seconds
[2025-04-16T21:29:43.403+0000] {taskinstance.py:340} INFO - ::group::Post task execution logs
[2025-04-16T21:29:43.510+0000] {taskinstance.py:352} INFO - Marking task as SUCCESS. dag_id=weather_api_to_snowflake, task_id=fetch_weather, run_id=manual__2025-04-16T21:14:22.330684+00:00, execution_date=20250416T211422, start_date=20250416T212822, end_date=20250416T212943
[2025-04-16T21:29:46.726+0000] {local_task_job_runner.py:266} INFO - Task exited with return code 0
[2025-04-16T21:29:48.026+0000] {taskinstance.py:3895} INFO - 1 downstream tasks scheduled from follow-on schedule check
[2025-04-16T21:29:48.109+0000] {local_task_job_runner.py:245} INFO - ::endgroup::
