[2025-02-12T21:07:14.908+0000] {local_task_job_runner.py:123} INFO - ::group::Pre task execution logs
[2025-02-12T21:07:14.947+0000] {taskinstance.py:2613} INFO - Dependencies all met for dep_context=non-requeueable deps ti=<TaskInstance: weather_pipeline.load manual__2025-02-12T21:06:58.007749+00:00 [queued]>
[2025-02-12T21:07:14.964+0000] {taskinstance.py:2613} INFO - Dependencies all met for dep_context=requeueable deps ti=<TaskInstance: weather_pipeline.load manual__2025-02-12T21:06:58.007749+00:00 [queued]>
[2025-02-12T21:07:14.967+0000] {taskinstance.py:2866} INFO - Starting attempt 1 of 1
[2025-02-12T21:07:14.992+0000] {taskinstance.py:2889} INFO - Executing <Task(_PythonDecoratedOperator): load> on 2025-02-12 21:06:58.007749+00:00
[2025-02-12T21:07:15.004+0000] {warnings.py:112} WARNING - /home/***/.local/lib/python3.12/site-packages/***/task/task_runner/standard_task_runner.py:70: DeprecationWarning: This process (pid=280) is multi-threaded, use of fork() may lead to deadlocks in the child.
  pid = os.fork()

[2025-02-12T21:07:15.007+0000] {standard_task_runner.py:72} INFO - Started process 282 to run task
[2025-02-12T21:07:15.008+0000] {standard_task_runner.py:104} INFO - Running: ['***', 'tasks', 'run', 'weather_pipeline', 'load', 'manual__2025-02-12T21:06:58.007749+00:00', '--job-id', '103', '--raw', '--subdir', 'DAGS_FOLDER/weather_dag.py', '--cfg-path', '/tmp/tmpqf_2c48h']
[2025-02-12T21:07:15.014+0000] {standard_task_runner.py:105} INFO - Job 103: Subtask load
[2025-02-12T21:07:15.110+0000] {task_command.py:467} INFO - Running <TaskInstance: weather_pipeline.load manual__2025-02-12T21:06:58.007749+00:00 [running]> on host 46a30c5a81ce
[2025-02-12T21:07:15.433+0000] {taskinstance.py:3132} INFO - Exporting env vars: AIRFLOW_CTX_DAG_OWNER='***' AIRFLOW_CTX_DAG_ID='weather_pipeline' AIRFLOW_CTX_TASK_ID='load' AIRFLOW_CTX_EXECUTION_DATE='2025-02-12T21:06:58.007749+00:00' AIRFLOW_CTX_TRY_NUMBER='1' AIRFLOW_CTX_DAG_RUN_ID='manual__2025-02-12T21:06:58.007749+00:00'
[2025-02-12T21:07:15.440+0000] {taskinstance.py:731} INFO - ::endgroup::
[2025-02-12T21:07:15.679+0000] {logging_mixin.py:190} INFO - Bucket 'weather-data-bucket' créé.
[2025-02-12T21:07:15.718+0000] {logging_mixin.py:190} INFO - File uploaded successfully to MinIO!
[2025-02-12T21:07:15.720+0000] {python.py:240} INFO - Done. Returned value was: None
[2025-02-12T21:07:15.740+0000] {taskinstance.py:340} INFO - ::group::Post task execution logs
[2025-02-12T21:07:15.742+0000] {taskinstance.py:352} INFO - Marking task as SUCCESS. dag_id=weather_pipeline, task_id=load, run_id=manual__2025-02-12T21:06:58.007749+00:00, execution_date=20250212T210658, start_date=20250212T210714, end_date=20250212T210715
[2025-02-12T21:07:15.798+0000] {local_task_job_runner.py:266} INFO - Task exited with return code 0
[2025-02-12T21:07:15.836+0000] {taskinstance.py:3895} INFO - 0 downstream tasks scheduled from follow-on schedule check
[2025-02-12T21:07:15.843+0000] {local_task_job_runner.py:245} INFO - ::endgroup::
